[2.125s] Invoking command in '/home/aisd/ros2_ws/src/aisd-vahabbayat/aisd_motion': AMENT_PREFIX_PATH=/home/aisd/ros2_ws/install/aisd_interfaces:${AMENT_PREFIX_PATH} CMAKE_PREFIX_PATH=/home/aisd/ros2_ws/install/aisd_interfaces LD_LIBRARY_PATH=/home/aisd/ros2_ws/install/aisd_interfaces/lib:${LD_LIBRARY_PATH} PYTHONPATH=/home/aisd/ros2_ws/install/aisd_motion/lib/python3.8/site-packages:/home/aisd/ros2_ws/install/aisd_interfaces/lib/python3.8/site-packages:${PYTHONPATH} /usr/bin/python3 setup.py egg_info --egg-base ../../../build/aisd_motion build --build-base /home/aisd/ros2_ws/build/aisd_motion/build install --prefix /home/aisd/ros2_ws/install/aisd_motion --record /home/aisd/ros2_ws/build/aisd_motion/install.log --single-version-externally-managed
[2.305s] running egg_info
[2.307s] writing ../../../build/aisd_motion/aisd_motion.egg-info/PKG-INFO
[2.310s] writing dependency_links to ../../../build/aisd_motion/aisd_motion.egg-info/dependency_links.txt
[2.311s] writing entry points to ../../../build/aisd_motion/aisd_motion.egg-info/entry_points.txt
[2.332s] writing requirements to ../../../build/aisd_motion/aisd_motion.egg-info/requires.txt
[2.332s] writing top-level names to ../../../build/aisd_motion/aisd_motion.egg-info/top_level.txt
[2.401s] reading manifest file '../../../build/aisd_motion/aisd_motion.egg-info/SOURCES.txt'
[2.403s] writing manifest file '../../../build/aisd_motion/aisd_motion.egg-info/SOURCES.txt'
[2.405s] running build
[2.406s] running build_py
[2.407s] copying aisd_motion/move.py -> /home/aisd/ros2_ws/build/aisd_motion/build/lib/aisd_motion
[2.407s] running install
[2.409s] running install_lib
[2.411s] copying /home/aisd/ros2_ws/build/aisd_motion/build/lib/aisd_motion/move.py -> /home/aisd/ros2_ws/install/aisd_motion/lib/python3.8/site-packages/aisd_motion
[2.413s] byte-compiling /home/aisd/ros2_ws/install/aisd_motion/lib/python3.8/site-packages/aisd_motion/move.py to move.cpython-38.pyc
[2.417s] running install_data
[2.419s] running install_egg_info
[2.422s] removing '/home/aisd/ros2_ws/install/aisd_motion/lib/python3.8/site-packages/aisd_motion-0.0.0-py3.8.egg-info' (and everything under it)
[2.423s] Copying ../../../build/aisd_motion/aisd_motion.egg-info to /home/aisd/ros2_ws/install/aisd_motion/lib/python3.8/site-packages/aisd_motion-0.0.0-py3.8.egg-info
[2.425s] running install_scripts
[2.464s] Installing move script to /home/aisd/ros2_ws/install/aisd_motion/lib/aisd_motion
[2.468s] writing list of installed files to '/home/aisd/ros2_ws/build/aisd_motion/install.log'
[2.541s] Invoked command in '/home/aisd/ros2_ws/src/aisd-vahabbayat/aisd_motion' returned '0': AMENT_PREFIX_PATH=/home/aisd/ros2_ws/install/aisd_interfaces:${AMENT_PREFIX_PATH} CMAKE_PREFIX_PATH=/home/aisd/ros2_ws/install/aisd_interfaces LD_LIBRARY_PATH=/home/aisd/ros2_ws/install/aisd_interfaces/lib:${LD_LIBRARY_PATH} PYTHONPATH=/home/aisd/ros2_ws/install/aisd_motion/lib/python3.8/site-packages:/home/aisd/ros2_ws/install/aisd_interfaces/lib/python3.8/site-packages:${PYTHONPATH} /usr/bin/python3 setup.py egg_info --egg-base ../../../build/aisd_motion build --build-base /home/aisd/ros2_ws/build/aisd_motion/build install --prefix /home/aisd/ros2_ws/install/aisd_motion --record /home/aisd/ros2_ws/build/aisd_motion/install.log --single-version-externally-managed
