[0.020s] Invoking command in '/home/aisd/ros2_ws/build/turtlesim': CMAKE_PREFIX_PATH=/opt/ros/galactic /usr/bin/cmake --build /home/aisd/ros2_ws/build/turtlesim -- -j2 -l2
[0.135s] [  1%] Built target turtlesim__cpp
[0.139s] [ 11%] Built target turtlesim__rosidl_generator_c
[0.210s] [ 21%] Built target turtlesim__rosidl_typesupport_cpp
[0.221s] [ 31%] Built target turtlesim__rosidl_typesupport_introspection_cpp
[0.267s] [ 41%] Built target turtlesim__rosidl_typesupport_fastrtps_cpp
[0.283s] [ 51%] Built target turtlesim__rosidl_typesupport_introspection_c
[0.324s] [ 61%] Built target turtlesim__rosidl_typesupport_c
[0.344s] [ 71%] Built target turtlesim__rosidl_typesupport_fastrtps_c
[0.379s] [ 71%] Built target turtlesim
[0.436s] [ 73%] Built target mimic
[0.458s] [ 75%] Built target draw_square
[0.511s] [ 76%] Built target turtlesim__py
[0.546s] [ 78%] Built target turtle_teleop_key
[0.615s] [ 84%] Built target turtlesim_node
[0.627s] [ 93%] Built target turtlesim__python
[0.682s] [ 95%] Built target turtlesim__rosidl_typesupport_introspection_c__pyext
[0.708s] [ 97%] Built target turtlesim__rosidl_typesupport_fastrtps_c__pyext
[0.744s] [100%] Built target turtlesim__rosidl_typesupport_c__pyext
[0.771s] Invoked command in '/home/aisd/ros2_ws/build/turtlesim' returned '0': CMAKE_PREFIX_PATH=/opt/ros/galactic /usr/bin/cmake --build /home/aisd/ros2_ws/build/turtlesim -- -j2 -l2
[1.123s] Invoking command in '/home/aisd/ros2_ws/build/turtlesim': CMAKE_PREFIX_PATH=/opt/ros/galactic /usr/bin/cmake --install /home/aisd/ros2_ws/build/turtlesim
[1.138s] -- Install configuration: ""
[1.138s] -- Up-to-date: /home/aisd/ros2_ws/install/turtlesim/share/ament_index/resource_index/rosidl_interfaces/turtlesim
[1.138s] -- Up-to-date: /home/aisd/ros2_ws/install/turtlesim/include/turtlesim
[1.138s] -- Up-to-date: /home/aisd/ros2_ws/install/turtlesim/include/turtlesim/msg
[1.138s] -- Up-to-date: /home/aisd/ros2_ws/install/turtlesim/include/turtlesim/msg/color.h
[1.139s] -- Up-to-date: /home/aisd/ros2_ws/install/turtlesim/include/turtlesim/msg/rosidl_generator_c__visibility_control.h
[1.139s] -- Up-to-date: /home/aisd/ros2_ws/install/turtlesim/include/turtlesim/msg/pose.h
[1.139s] -- Up-to-date: /home/aisd/ros2_ws/install/turtlesim/include/turtlesim/msg/detail
[1.139s] -- Up-to-date: /home/aisd/ros2_ws/install/turtlesim/include/turtlesim/msg/detail/color__functions.c
[1.139s] -- Up-to-date: /home/aisd/ros2_ws/install/turtlesim/include/turtlesim/msg/detail/pose__functions.c
[1.139s] -- Up-to-date: /home/aisd/ros2_ws/install/turtlesim/include/turtlesim/msg/detail/pose__struct.h
[1.139s] -- Up-to-date: /home/aisd/ros2_ws/install/turtlesim/include/turtlesim/msg/detail/color__type_support.h
[1.139s] -- Up-to-date: /home/aisd/ros2_ws/install/turtlesim/include/turtlesim/msg/detail/pose__functions.h
[1.139s] -- Up-to-date: /home/aisd/ros2_ws/install/turtlesim/include/turtlesim/msg/detail/color__functions.h
[1.140s] -- Up-to-date: /home/aisd/ros2_ws/install/turtlesim/include/turtlesim/msg/detail/color__struct.h
[1.140s] -- Up-to-date: /home/aisd/ros2_ws/install/turtlesim/include/turtlesim/msg/detail/pose__type_support.h
[1.140s] -- Up-to-date: /home/aisd/ros2_ws/install/turtlesim/include/turtlesim/action
[1.140s] -- Up-to-date: /home/aisd/ros2_ws/install/turtlesim/include/turtlesim/action/rotate_absolute.h
[1.140s] -- Up-to-date: /home/aisd/ros2_ws/install/turtlesim/include/turtlesim/action/detail
[1.140s] -- Up-to-date: /home/aisd/ros2_ws/install/turtlesim/include/turtlesim/action/detail/rotate_absolute__type_support.h
[1.140s] -- Up-to-date: /home/aisd/ros2_ws/install/turtlesim/include/turtlesim/action/detail/rotate_absolute__functions.h
[1.140s] -- Up-to-date: /home/aisd/ros2_ws/install/turtlesim/include/turtlesim/action/detail/rotate_absolute__struct.h
[1.142s] -- Up-to-date: /home/aisd/ros2_ws/install/turtlesim/include/turtlesim/action/detail/rotate_absolute__functions.c
[1.142s] -- Up-to-date: /home/aisd/ros2_ws/install/turtlesim/include/turtlesim/srv
[1.142s] -- Up-to-date: /home/aisd/ros2_ws/install/turtlesim/include/turtlesim/srv/teleport_absolute.h
[1.142s] -- Up-to-date: /home/aisd/ros2_ws/install/turtlesim/include/turtlesim/srv/set_pen.h
[1.142s] -- Up-to-date: /home/aisd/ros2_ws/install/turtlesim/include/turtlesim/srv/teleport_relative.h
[1.142s] -- Up-to-date: /home/aisd/ros2_ws/install/turtlesim/include/turtlesim/srv/detail
[1.142s] -- Up-to-date: /home/aisd/ros2_ws/install/turtlesim/include/turtlesim/srv/detail/teleport_absolute__type_support.h
[1.142s] -- Up-to-date: /home/aisd/ros2_ws/install/turtlesim/include/turtlesim/srv/detail/teleport_absolute__functions.c
[1.142s] -- Up-to-date: /home/aisd/ros2_ws/install/turtlesim/include/turtlesim/srv/detail/kill__functions.h
[1.142s] -- Up-to-date: /home/aisd/ros2_ws/install/turtlesim/include/turtlesim/srv/detail/teleport_relative__functions.h
[1.142s] -- Up-to-date: /home/aisd/ros2_ws/install/turtlesim/include/turtlesim/srv/detail/teleport_relative__type_support.h
[1.142s] -- Up-to-date: /home/aisd/ros2_ws/install/turtlesim/include/turtlesim/srv/detail/set_pen__functions.c
[1.143s] -- Up-to-date: /home/aisd/ros2_ws/install/turtlesim/include/turtlesim/srv/detail/spawn__type_support.h
[1.143s] -- Up-to-date: /home/aisd/ros2_ws/install/turtlesim/include/turtlesim/srv/detail/teleport_absolute__functions.h
[1.143s] -- Up-to-date: /home/aisd/ros2_ws/install/turtlesim/include/turtlesim/srv/detail/spawn__functions.c
[1.143s] -- Up-to-date: /home/aisd/ros2_ws/install/turtlesim/include/turtlesim/srv/detail/set_pen__functions.h
[1.143s] -- Up-to-date: /home/aisd/ros2_ws/install/turtlesim/include/turtlesim/srv/detail/teleport_absolute__struct.h
[1.143s] -- Up-to-date: /home/aisd/ros2_ws/install/turtlesim/include/turtlesim/srv/detail/kill__type_support.h
[1.143s] -- Up-to-date: /home/aisd/ros2_ws/install/turtlesim/include/turtlesim/srv/detail/set_pen__struct.h
[1.143s] -- Up-to-date: /home/aisd/ros2_ws/install/turtlesim/include/turtlesim/srv/detail/spawn__functions.h
[1.143s] -- Up-to-date: /home/aisd/ros2_ws/install/turtlesim/include/turtlesim/srv/detail/kill__struct.h
[1.143s] -- Up-to-date: /home/aisd/ros2_ws/install/turtlesim/include/turtlesim/srv/detail/teleport_relative__functions.c
[1.144s] -- Up-to-date: /home/aisd/ros2_ws/install/turtlesim/include/turtlesim/srv/detail/set_pen__type_support.h
[1.144s] -- Up-to-date: /home/aisd/ros2_ws/install/turtlesim/include/turtlesim/srv/detail/spawn__struct.h
[1.144s] -- Up-to-date: /home/aisd/ros2_ws/install/turtlesim/include/turtlesim/srv/detail/kill__functions.c
[1.144s] -- Up-to-date: /home/aisd/ros2_ws/install/turtlesim/include/turtlesim/srv/detail/teleport_relative__struct.h
[1.144s] -- Up-to-date: /home/aisd/ros2_ws/install/turtlesim/include/turtlesim/srv/kill.h
[1.144s] -- Up-to-date: /home/aisd/ros2_ws/install/turtlesim/include/turtlesim/srv/spawn.h
[1.144s] -- Up-to-date: /home/aisd/ros2_ws/install/turtlesim/share/turtlesim/environment/library_path.sh
[1.144s] -- Up-to-date: /home/aisd/ros2_ws/install/turtlesim/share/turtlesim/environment/library_path.dsv
[1.145s] -- Up-to-date: /home/aisd/ros2_ws/install/turtlesim/lib/libturtlesim__rosidl_generator_c.so
[1.146s] -- Up-to-date: /home/aisd/ros2_ws/install/turtlesim/include/turtlesim
[1.146s] -- Up-to-date: /home/aisd/ros2_ws/install/turtlesim/include/turtlesim/msg
[1.146s] -- Up-to-date: /home/aisd/ros2_ws/install/turtlesim/include/turtlesim/msg/rosidl_typesupport_fastrtps_c__visibility_control.h
[1.146s] -- Up-to-date: /home/aisd/ros2_ws/install/turtlesim/include/turtlesim/msg/detail
[1.147s] -- Up-to-date: /home/aisd/ros2_ws/install/turtlesim/include/turtlesim/msg/detail/pose__rosidl_typesupport_fastrtps_c.h
[1.147s] -- Up-to-date: /home/aisd/ros2_ws/install/turtlesim/include/turtlesim/msg/detail/color__rosidl_typesupport_fastrtps_c.h
[1.147s] -- Up-to-date: /home/aisd/ros2_ws/install/turtlesim/include/turtlesim/action
[1.147s] -- Up-to-date: /home/aisd/ros2_ws/install/turtlesim/include/turtlesim/action/detail
[1.147s] -- Up-to-date: /home/aisd/ros2_ws/install/turtlesim/include/turtlesim/action/detail/rotate_absolute__rosidl_typesupport_fastrtps_c.h
[1.147s] -- Up-to-date: /home/aisd/ros2_ws/install/turtlesim/include/turtlesim/srv
[1.147s] -- Up-to-date: /home/aisd/ros2_ws/install/turtlesim/include/turtlesim/srv/detail
[1.148s] -- Up-to-date: /home/aisd/ros2_ws/install/turtlesim/include/turtlesim/srv/detail/spawn__rosidl_typesupport_fastrtps_c.h
[1.148s] -- Up-to-date: /home/aisd/ros2_ws/install/turtlesim/include/turtlesim/srv/detail/teleport_relative__rosidl_typesupport_fastrtps_c.h
[1.148s] -- Up-to-date: /home/aisd/ros2_ws/install/turtlesim/include/turtlesim/srv/detail/teleport_absolute__rosidl_typesupport_fastrtps_c.h
[1.148s] -- Up-to-date: /home/aisd/ros2_ws/install/turtlesim/include/turtlesim/srv/detail/set_pen__rosidl_typesupport_fastrtps_c.h
[1.148s] -- Up-to-date: /home/aisd/ros2_ws/install/turtlesim/include/turtlesim/srv/detail/kill__rosidl_typesupport_fastrtps_c.h
[1.149s] -- Up-to-date: /home/aisd/ros2_ws/install/turtlesim/lib/libturtlesim__rosidl_typesupport_fastrtps_c.so
[1.150s] -- Up-to-date: /home/aisd/ros2_ws/install/turtlesim/include/turtlesim
[1.150s] -- Up-to-date: /home/aisd/ros2_ws/install/turtlesim/include/turtlesim/msg
[1.150s] -- Up-to-date: /home/aisd/ros2_ws/install/turtlesim/include/turtlesim/msg/rosidl_typesupport_fastrtps_cpp__visibility_control.h
[1.150s] -- Up-to-date: /home/aisd/ros2_ws/install/turtlesim/include/turtlesim/msg/detail
[1.150s] -- Up-to-date: /home/aisd/ros2_ws/install/turtlesim/include/turtlesim/msg/detail/dds_fastrtps
[1.150s] -- Up-to-date: /home/aisd/ros2_ws/install/turtlesim/include/turtlesim/msg/detail/pose__rosidl_typesupport_fastrtps_cpp.hpp
[1.151s] -- Up-to-date: /home/aisd/ros2_ws/install/turtlesim/include/turtlesim/msg/detail/color__rosidl_typesupport_fastrtps_cpp.hpp
[1.151s] -- Up-to-date: /home/aisd/ros2_ws/install/turtlesim/include/turtlesim/action
[1.151s] -- Up-to-date: /home/aisd/ros2_ws/install/turtlesim/include/turtlesim/action/detail
[1.151s] -- Up-to-date: /home/aisd/ros2_ws/install/turtlesim/include/turtlesim/action/detail/dds_fastrtps
[1.151s] -- Up-to-date: /home/aisd/ros2_ws/install/turtlesim/include/turtlesim/action/detail/rotate_absolute__rosidl_typesupport_fastrtps_cpp.hpp
[1.151s] -- Up-to-date: /home/aisd/ros2_ws/install/turtlesim/include/turtlesim/srv
[1.152s] -- Up-to-date: /home/aisd/ros2_ws/install/turtlesim/include/turtlesim/srv/detail
[1.153s] -- Up-to-date: /home/aisd/ros2_ws/install/turtlesim/include/turtlesim/srv/detail/teleport_relative__rosidl_typesupport_fastrtps_cpp.hpp
[1.153s] -- Up-to-date: /home/aisd/ros2_ws/install/turtlesim/include/turtlesim/srv/detail/set_pen__rosidl_typesupport_fastrtps_cpp.hpp
[1.153s] -- Up-to-date: /home/aisd/ros2_ws/install/turtlesim/include/turtlesim/srv/detail/dds_fastrtps
[1.153s] -- Up-to-date: /home/aisd/ros2_ws/install/turtlesim/include/turtlesim/srv/detail/spawn__rosidl_typesupport_fastrtps_cpp.hpp
[1.153s] -- Up-to-date: /home/aisd/ros2_ws/install/turtlesim/include/turtlesim/srv/detail/teleport_absolute__rosidl_typesupport_fastrtps_cpp.hpp
[1.153s] -- Up-to-date: /home/aisd/ros2_ws/install/turtlesim/include/turtlesim/srv/detail/kill__rosidl_typesupport_fastrtps_cpp.hpp
[1.154s] -- Up-to-date: /home/aisd/ros2_ws/install/turtlesim/lib/libturtlesim__rosidl_typesupport_fastrtps_cpp.so
[1.155s] -- Up-to-date: /home/aisd/ros2_ws/install/turtlesim/include/turtlesim
[1.155s] -- Up-to-date: /home/aisd/ros2_ws/install/turtlesim/include/turtlesim/msg
[1.155s] -- Up-to-date: /home/aisd/ros2_ws/install/turtlesim/include/turtlesim/msg/rosidl_typesupport_introspection_c__visibility_control.h
[1.155s] -- Up-to-date: /home/aisd/ros2_ws/install/turtlesim/include/turtlesim/msg/detail
[1.155s] -- Up-to-date: /home/aisd/ros2_ws/install/turtlesim/include/turtlesim/msg/detail/color__rosidl_typesupport_introspection_c.h
[1.155s] -- Up-to-date: /home/aisd/ros2_ws/install/turtlesim/include/turtlesim/msg/detail/pose__rosidl_typesupport_introspection_c.h
[1.155s] -- Up-to-date: /home/aisd/ros2_ws/install/turtlesim/include/turtlesim/msg/detail/color__type_support.c
[1.155s] -- Up-to-date: /home/aisd/ros2_ws/install/turtlesim/include/turtlesim/msg/detail/pose__type_support.c
[1.155s] -- Up-to-date: /home/aisd/ros2_ws/install/turtlesim/include/turtlesim/action
[1.155s] -- Up-to-date: /home/aisd/ros2_ws/install/turtlesim/include/turtlesim/action/detail
[1.155s] -- Up-to-date: /home/aisd/ros2_ws/install/turtlesim/include/turtlesim/action/detail/rotate_absolute__type_support.c
[1.155s] -- Up-to-date: /home/aisd/ros2_ws/install/turtlesim/include/turtlesim/action/detail/rotate_absolute__rosidl_typesupport_introspection_c.h
[1.155s] -- Up-to-date: /home/aisd/ros2_ws/install/turtlesim/include/turtlesim/srv
[1.156s] -- Up-to-date: /home/aisd/ros2_ws/install/turtlesim/include/turtlesim/srv/detail
[1.156s] -- Up-to-date: /home/aisd/ros2_ws/install/turtlesim/include/turtlesim/srv/detail/kill__rosidl_typesupport_introspection_c.h
[1.156s] -- Up-to-date: /home/aisd/ros2_ws/install/turtlesim/include/turtlesim/srv/detail/kill__type_support.c
[1.156s] -- Up-to-date: /home/aisd/ros2_ws/install/turtlesim/include/turtlesim/srv/detail/spawn__rosidl_typesupport_introspection_c.h
[1.156s] -- Up-to-date: /home/aisd/ros2_ws/install/turtlesim/include/turtlesim/srv/detail/teleport_relative__rosidl_typesupport_introspection_c.h
[1.157s] -- Up-to-date: /home/aisd/ros2_ws/install/turtlesim/include/turtlesim/srv/detail/teleport_relative__type_support.c
[1.157s] -- Up-to-date: /home/aisd/ros2_ws/install/turtlesim/include/turtlesim/srv/detail/teleport_absolute__rosidl_typesupport_introspection_c.h
[1.157s] -- Up-to-date: /home/aisd/ros2_ws/install/turtlesim/include/turtlesim/srv/detail/set_pen__type_support.c
[1.157s] -- Up-to-date: /home/aisd/ros2_ws/install/turtlesim/include/turtlesim/srv/detail/teleport_absolute__type_support.c
[1.157s] -- Up-to-date: /home/aisd/ros2_ws/install/turtlesim/include/turtlesim/srv/detail/spawn__type_support.c
[1.157s] -- Up-to-date: /home/aisd/ros2_ws/install/turtlesim/include/turtlesim/srv/detail/set_pen__rosidl_typesupport_introspection_c.h
[1.157s] -- Up-to-date: /home/aisd/ros2_ws/install/turtlesim/lib/libturtlesim__rosidl_typesupport_introspection_c.so
[1.158s] -- Up-to-date: /home/aisd/ros2_ws/install/turtlesim/lib/libturtlesim__rosidl_typesupport_c.so
[1.159s] -- Up-to-date: /home/aisd/ros2_ws/install/turtlesim/include/turtlesim
[1.159s] -- Up-to-date: /home/aisd/ros2_ws/install/turtlesim/include/turtlesim/msg
[1.159s] -- Up-to-date: /home/aisd/ros2_ws/install/turtlesim/include/turtlesim/msg/color.hpp
[1.159s] -- Up-to-date: /home/aisd/ros2_ws/install/turtlesim/include/turtlesim/msg/detail
[1.159s] -- Up-to-date: /home/aisd/ros2_ws/install/turtlesim/include/turtlesim/msg/detail/pose__struct.hpp
[1.160s] -- Up-to-date: /home/aisd/ros2_ws/install/turtlesim/include/turtlesim/msg/detail/color__struct.hpp
[1.160s] -- Up-to-date: /home/aisd/ros2_ws/install/turtlesim/include/turtlesim/msg/detail/color__builder.hpp
[1.160s] -- Up-to-date: /home/aisd/ros2_ws/install/turtlesim/include/turtlesim/msg/detail/pose__traits.hpp
[1.160s] -- Up-to-date: /home/aisd/ros2_ws/install/turtlesim/include/turtlesim/msg/detail/pose__builder.hpp
[1.160s] -- Up-to-date: /home/aisd/ros2_ws/install/turtlesim/include/turtlesim/msg/detail/color__traits.hpp
[1.160s] -- Up-to-date: /home/aisd/ros2_ws/install/turtlesim/include/turtlesim/msg/pose.hpp
[1.160s] -- Up-to-date: /home/aisd/ros2_ws/install/turtlesim/include/turtlesim/action
[1.160s] -- Up-to-date: /home/aisd/ros2_ws/install/turtlesim/include/turtlesim/action/rotate_absolute.hpp
[1.160s] -- Up-to-date: /home/aisd/ros2_ws/install/turtlesim/include/turtlesim/action/detail
[1.160s] -- Up-to-date: /home/aisd/ros2_ws/install/turtlesim/include/turtlesim/action/detail/rotate_absolute__struct.hpp
[1.160s] -- Up-to-date: /home/aisd/ros2_ws/install/turtlesim/include/turtlesim/action/detail/rotate_absolute__builder.hpp
[1.160s] -- Up-to-date: /home/aisd/ros2_ws/install/turtlesim/include/turtlesim/action/detail/rotate_absolute__traits.hpp
[1.160s] -- Up-to-date: /home/aisd/ros2_ws/install/turtlesim/include/turtlesim/srv
[1.160s] -- Up-to-date: /home/aisd/ros2_ws/install/turtlesim/include/turtlesim/srv/teleport_absolute.hpp
[1.167s] -- Up-to-date: /home/aisd/ros2_ws/install/turtlesim/include/turtlesim/srv/set_pen.hpp
[1.167s] -- Up-to-date: /home/aisd/ros2_ws/install/turtlesim/include/turtlesim/srv/kill.hpp
[1.168s] -- Up-to-date: /home/aisd/ros2_ws/install/turtlesim/include/turtlesim/srv/spawn.hpp
[1.168s] -- Up-to-date: /home/aisd/ros2_ws/install/turtlesim/include/turtlesim/srv/teleport_relative.hpp
[1.168s] -- Up-to-date: /home/aisd/ros2_ws/install/turtlesim/include/turtlesim/srv/detail
[1.168s] -- Up-to-date: /home/aisd/ros2_ws/install/turtlesim/include/turtlesim/srv/detail/teleport_relative__struct.hpp
[1.168s] -- Up-to-date: /home/aisd/ros2_ws/install/turtlesim/include/turtlesim/srv/detail/teleport_relative__builder.hpp
[1.168s] -- Up-to-date: /home/aisd/ros2_ws/install/turtlesim/include/turtlesim/srv/detail/kill__struct.hpp
[1.168s] -- Up-to-date: /home/aisd/ros2_ws/install/turtlesim/include/turtlesim/srv/detail/teleport_absolute__struct.hpp
[1.168s] -- Up-to-date: /home/aisd/ros2_ws/install/turtlesim/include/turtlesim/srv/detail/spawn__traits.hpp
[1.168s] -- Up-to-date: /home/aisd/ros2_ws/install/turtlesim/include/turtlesim/srv/detail/teleport_relative__traits.hpp
[1.168s] -- Up-to-date: /home/aisd/ros2_ws/install/turtlesim/include/turtlesim/srv/detail/set_pen__struct.hpp
[1.168s] -- Up-to-date: /home/aisd/ros2_ws/install/turtlesim/include/turtlesim/srv/detail/teleport_absolute__builder.hpp
[1.168s] -- Up-to-date: /home/aisd/ros2_ws/install/turtlesim/include/turtlesim/srv/detail/kill__traits.hpp
[1.168s] -- Up-to-date: /home/aisd/ros2_ws/install/turtlesim/include/turtlesim/srv/detail/set_pen__traits.hpp
[1.168s] -- Up-to-date: /home/aisd/ros2_ws/install/turtlesim/include/turtlesim/srv/detail/spawn__builder.hpp
[1.168s] -- Up-to-date: /home/aisd/ros2_ws/install/turtlesim/include/turtlesim/srv/detail/kill__builder.hpp
[1.169s] -- Up-to-date: /home/aisd/ros2_ws/install/turtlesim/include/turtlesim/srv/detail/spawn__struct.hpp
[1.169s] -- Up-to-date: /home/aisd/ros2_ws/install/turtlesim/include/turtlesim/srv/detail/teleport_absolute__traits.hpp
[1.170s] -- Up-to-date: /home/aisd/ros2_ws/install/turtlesim/include/turtlesim/srv/detail/set_pen__builder.hpp
[1.170s] -- Up-to-date: /home/aisd/ros2_ws/install/turtlesim/include/turtlesim
[1.170s] -- Up-to-date: /home/aisd/ros2_ws/install/turtlesim/include/turtlesim/msg
[1.170s] -- Up-to-date: /home/aisd/ros2_ws/install/turtlesim/include/turtlesim/msg/detail
[1.170s] -- Up-to-date: /home/aisd/ros2_ws/install/turtlesim/include/turtlesim/msg/detail/color__rosidl_typesupport_introspection_cpp.hpp
[1.170s] -- Up-to-date: /home/aisd/ros2_ws/install/turtlesim/include/turtlesim/msg/detail/color__type_support.cpp
[1.170s] -- Up-to-date: /home/aisd/ros2_ws/install/turtlesim/include/turtlesim/msg/detail/pose__rosidl_typesupport_introspection_cpp.hpp
[1.170s] -- Up-to-date: /home/aisd/ros2_ws/install/turtlesim/include/turtlesim/msg/detail/pose__type_support.cpp
[1.170s] -- Up-to-date: /home/aisd/ros2_ws/install/turtlesim/include/turtlesim/action
[1.170s] -- Up-to-date: /home/aisd/ros2_ws/install/turtlesim/include/turtlesim/action/detail
[1.170s] -- Up-to-date: /home/aisd/ros2_ws/install/turtlesim/include/turtlesim/action/detail/rotate_absolute__type_support.cpp
[1.170s] -- Up-to-date: /home/aisd/ros2_ws/install/turtlesim/include/turtlesim/action/detail/rotate_absolute__rosidl_typesupport_introspection_cpp.hpp
[1.170s] -- Up-to-date: /home/aisd/ros2_ws/install/turtlesim/include/turtlesim/srv
[1.170s] -- Up-to-date: /home/aisd/ros2_ws/install/turtlesim/include/turtlesim/srv/detail
[1.170s] -- Up-to-date: /home/aisd/ros2_ws/install/turtlesim/include/turtlesim/srv/detail/spawn__rosidl_typesupport_introspection_cpp.hpp
[1.171s] -- Up-to-date: /home/aisd/ros2_ws/install/turtlesim/include/turtlesim/srv/detail/teleport_absolute__type_support.cpp
[1.171s] -- Up-to-date: /home/aisd/ros2_ws/install/turtlesim/include/turtlesim/srv/detail/kill__rosidl_typesupport_introspection_cpp.hpp
[1.171s] -- Up-to-date: /home/aisd/ros2_ws/install/turtlesim/include/turtlesim/srv/detail/set_pen__rosidl_typesupport_introspection_cpp.hpp
[1.171s] -- Up-to-date: /home/aisd/ros2_ws/install/turtlesim/include/turtlesim/srv/detail/spawn__type_support.cpp
[1.171s] -- Up-to-date: /home/aisd/ros2_ws/install/turtlesim/include/turtlesim/srv/detail/teleport_relative__rosidl_typesupport_introspection_cpp.hpp
[1.171s] -- Up-to-date: /home/aisd/ros2_ws/install/turtlesim/include/turtlesim/srv/detail/teleport_relative__type_support.cpp
[1.172s] -- Up-to-date: /home/aisd/ros2_ws/install/turtlesim/include/turtlesim/srv/detail/kill__type_support.cpp
[1.172s] -- Up-to-date: /home/aisd/ros2_ws/install/turtlesim/include/turtlesim/srv/detail/teleport_absolute__rosidl_typesupport_introspection_cpp.hpp
[1.172s] -- Up-to-date: /home/aisd/ros2_ws/install/turtlesim/include/turtlesim/srv/detail/set_pen__type_support.cpp
[1.172s] -- Up-to-date: /home/aisd/ros2_ws/install/turtlesim/lib/libturtlesim__rosidl_typesupport_introspection_cpp.so
[1.174s] -- Up-to-date: /home/aisd/ros2_ws/install/turtlesim/lib/libturtlesim__rosidl_typesupport_cpp.so
[1.174s] -- Up-to-date: /home/aisd/ros2_ws/install/turtlesim/share/turtlesim/environment/pythonpath.sh
[1.174s] -- Up-to-date: /home/aisd/ros2_ws/install/turtlesim/share/turtlesim/environment/pythonpath.dsv
[1.175s] -- Up-to-date: /home/aisd/ros2_ws/install/turtlesim/lib/python3.8/site-packages/turtlesim/__init__.py
[1.221s] -- Up-to-date: /home/aisd/ros2_ws/install/turtlesim/lib/python3.8/site-packages/turtlesim/action
[1.221s] -- Up-to-date: /home/aisd/ros2_ws/install/turtlesim/lib/python3.8/site-packages/turtlesim/action/_rotate_absolute.py
[1.222s] -- Up-to-date: /home/aisd/ros2_ws/install/turtlesim/lib/python3.8/site-packages/turtlesim/action/__init__.py
[1.222s] -- Up-to-date: /home/aisd/ros2_ws/install/turtlesim/lib/python3.8/site-packages/turtlesim/action/_rotate_absolute_s.c
[1.222s] -- Up-to-date: /home/aisd/ros2_ws/install/turtlesim/lib/python3.8/site-packages/turtlesim/msg
[1.222s] -- Up-to-date: /home/aisd/ros2_ws/install/turtlesim/lib/python3.8/site-packages/turtlesim/msg/_color_s.c
[1.222s] -- Up-to-date: /home/aisd/ros2_ws/install/turtlesim/lib/python3.8/site-packages/turtlesim/msg/_pose.py
[1.222s] -- Up-to-date: /home/aisd/ros2_ws/install/turtlesim/lib/python3.8/site-packages/turtlesim/msg/_color.py
[1.222s] -- Up-to-date: /home/aisd/ros2_ws/install/turtlesim/lib/python3.8/site-packages/turtlesim/msg/_pose_s.c
[1.222s] -- Up-to-date: /home/aisd/ros2_ws/install/turtlesim/lib/python3.8/site-packages/turtlesim/msg/__init__.py
[1.224s] -- Up-to-date: /home/aisd/ros2_ws/install/turtlesim/lib/python3.8/site-packages/turtlesim/srv
[1.225s] -- Up-to-date: /home/aisd/ros2_ws/install/turtlesim/lib/python3.8/site-packages/turtlesim/srv/_kill_s.c
[1.225s] -- Up-to-date: /home/aisd/ros2_ws/install/turtlesim/lib/python3.8/site-packages/turtlesim/srv/_kill.py
[1.225s] -- Up-to-date: /home/aisd/ros2_ws/install/turtlesim/lib/python3.8/site-packages/turtlesim/srv/_spawn_s.c
[1.225s] -- Up-to-date: /home/aisd/ros2_ws/install/turtlesim/lib/python3.8/site-packages/turtlesim/srv/_set_pen_s.c
[1.226s] -- Up-to-date: /home/aisd/ros2_ws/install/turtlesim/lib/python3.8/site-packages/turtlesim/srv/_spawn.py
[1.226s] -- Up-to-date: /home/aisd/ros2_ws/install/turtlesim/lib/python3.8/site-packages/turtlesim/srv/__init__.py
[1.226s] -- Up-to-date: /home/aisd/ros2_ws/install/turtlesim/lib/python3.8/site-packages/turtlesim/srv/_teleport_absolute_s.c
[1.226s] -- Up-to-date: /home/aisd/ros2_ws/install/turtlesim/lib/python3.8/site-packages/turtlesim/srv/_set_pen.py
[1.226s] -- Up-to-date: /home/aisd/ros2_ws/install/turtlesim/lib/python3.8/site-packages/turtlesim/srv/_teleport_relative_s.c
[1.226s] -- Up-to-date: /home/aisd/ros2_ws/install/turtlesim/lib/python3.8/site-packages/turtlesim/srv/_teleport_relative.py
[1.228s] -- Up-to-date: /home/aisd/ros2_ws/install/turtlesim/lib/python3.8/site-packages/turtlesim/srv/_teleport_absolute.py
[1.228s] -- Up-to-date: /home/aisd/ros2_ws/install/turtlesim/lib/python3.8/site-packages/turtlesim/turtlesim_s__rosidl_typesupport_fastrtps_c.cpython-38-x86_64-linux-gnu.so
[1.228s] -- Up-to-date: /home/aisd/ros2_ws/install/turtlesim/lib/python3.8/site-packages/turtlesim/turtlesim_s__rosidl_typesupport_introspection_c.cpython-38-x86_64-linux-gnu.so
[1.228s] -- Up-to-date: /home/aisd/ros2_ws/install/turtlesim/lib/python3.8/site-packages/turtlesim/turtlesim_s__rosidl_typesupport_c.cpython-38-x86_64-linux-gnu.so
[1.229s] -- Up-to-date: /home/aisd/ros2_ws/install/turtlesim/lib/libturtlesim__python.so
[1.229s] -- Up-to-date: /home/aisd/ros2_ws/install/turtlesim/share/turtlesim/action/RotateAbsolute.idl
[1.229s] -- Up-to-date: /home/aisd/ros2_ws/install/turtlesim/share/turtlesim/msg/Color.idl
[1.229s] -- Up-to-date: /home/aisd/ros2_ws/install/turtlesim/share/turtlesim/msg/Pose.idl
[1.229s] -- Up-to-date: /home/aisd/ros2_ws/install/turtlesim/share/turtlesim/srv/Kill.idl
[1.232s] -- Up-to-date: /home/aisd/ros2_ws/install/turtlesim/share/turtlesim/srv/SetPen.idl
[1.232s] -- Up-to-date: /home/aisd/ros2_ws/install/turtlesim/share/turtlesim/srv/Spawn.idl
[1.232s] -- Up-to-date: /home/aisd/ros2_ws/install/turtlesim/share/turtlesim/srv/TeleportAbsolute.idl
[1.232s] -- Up-to-date: /home/aisd/ros2_ws/install/turtlesim/share/turtlesim/srv/TeleportRelative.idl
[1.232s] -- Up-to-date: /home/aisd/ros2_ws/install/turtlesim/share/turtlesim/action/RotateAbsolute.action
[1.232s] -- Up-to-date: /home/aisd/ros2_ws/install/turtlesim/share/turtlesim/msg/Color.msg
[1.233s] -- Up-to-date: /home/aisd/ros2_ws/install/turtlesim/share/turtlesim/msg/Pose.msg
[1.233s] -- Up-to-date: /home/aisd/ros2_ws/install/turtlesim/share/turtlesim/srv/Kill.srv
[1.233s] -- Up-to-date: /home/aisd/ros2_ws/install/turtlesim/share/turtlesim/srv/Kill_Request.msg
[1.233s] -- Up-to-date: /home/aisd/ros2_ws/install/turtlesim/share/turtlesim/srv/Kill_Response.msg
[1.235s] -- Up-to-date: /home/aisd/ros2_ws/install/turtlesim/share/turtlesim/srv/SetPen.srv
[1.235s] -- Up-to-date: /home/aisd/ros2_ws/install/turtlesim/share/turtlesim/srv/SetPen_Request.msg
[1.236s] -- Up-to-date: /home/aisd/ros2_ws/install/turtlesim/share/turtlesim/srv/SetPen_Response.msg
[1.236s] -- Up-to-date: /home/aisd/ros2_ws/install/turtlesim/share/turtlesim/srv/Spawn.srv
[1.236s] -- Up-to-date: /home/aisd/ros2_ws/install/turtlesim/share/turtlesim/srv/Spawn_Request.msg
[1.237s] -- Up-to-date: /home/aisd/ros2_ws/install/turtlesim/share/turtlesim/srv/Spawn_Response.msg
[1.238s] -- Up-to-date: /home/aisd/ros2_ws/install/turtlesim/share/turtlesim/srv/TeleportAbsolute.srv
[1.238s] -- Up-to-date: /home/aisd/ros2_ws/install/turtlesim/share/turtlesim/srv/TeleportAbsolute_Request.msg
[1.238s] -- Up-to-date: /home/aisd/ros2_ws/install/turtlesim/share/turtlesim/srv/TeleportAbsolute_Response.msg
[1.239s] -- Up-to-date: /home/aisd/ros2_ws/install/turtlesim/share/turtlesim/srv/TeleportRelative.srv
[1.239s] -- Up-to-date: /home/aisd/ros2_ws/install/turtlesim/share/turtlesim/srv/TeleportRelative_Request.msg
[1.239s] -- Up-to-date: /home/aisd/ros2_ws/install/turtlesim/share/turtlesim/srv/TeleportRelative_Response.msg
[1.239s] -- Up-to-date: /home/aisd/ros2_ws/install/turtlesim/lib/turtlesim/turtlesim_node
[1.239s] -- Up-to-date: /home/aisd/ros2_ws/install/turtlesim/lib/turtlesim/turtle_teleop_key
[1.239s] -- Up-to-date: /home/aisd/ros2_ws/install/turtlesim/lib/turtlesim/draw_square
[1.239s] -- Up-to-date: /home/aisd/ros2_ws/install/turtlesim/lib/turtlesim/mimic
[1.239s] -- Up-to-date: /home/aisd/ros2_ws/install/turtlesim/share/turtlesim/images
[1.239s] -- Up-to-date: /home/aisd/ros2_ws/install/turtlesim/share/turtlesim/images/crystal.png
[1.239s] -- Up-to-date: /home/aisd/ros2_ws/install/turtlesim/share/turtlesim/images/bouncy.png
[1.239s] -- Up-to-date: /home/aisd/ros2_ws/install/turtlesim/share/turtlesim/images/foxy.png
[1.243s] -- Up-to-date: /home/aisd/ros2_ws/install/turtlesim/share/turtlesim/images/galactic.png
[1.244s] -- Up-to-date: /home/aisd/ros2_ws/install/turtlesim/share/turtlesim/images/dashing.png
[1.244s] -- Up-to-date: /home/aisd/ros2_ws/install/turtlesim/share/turtlesim/images/ardent.png
[1.244s] -- Up-to-date: /home/aisd/ros2_ws/install/turtlesim/share/turtlesim/images/eloquent.png
[1.244s] -- Up-to-date: /home/aisd/ros2_ws/install/turtlesim/share/turtlesim/launch
[1.245s] -- Up-to-date: /home/aisd/ros2_ws/install/turtlesim/share/turtlesim/launch/multisim.launch.py
[1.245s] -- Up-to-date: /home/aisd/ros2_ws/install/turtlesim/share/ament_index/resource_index/package_run_dependencies/turtlesim
[1.245s] -- Up-to-date: /home/aisd/ros2_ws/install/turtlesim/share/ament_index/resource_index/parent_prefix_path/turtlesim
[1.245s] -- Up-to-date: /home/aisd/ros2_ws/install/turtlesim/share/turtlesim/environment/ament_prefix_path.sh
[1.245s] -- Up-to-date: /home/aisd/ros2_ws/install/turtlesim/share/turtlesim/environment/ament_prefix_path.dsv
[1.245s] -- Up-to-date: /home/aisd/ros2_ws/install/turtlesim/share/turtlesim/environment/path.sh
[1.245s] -- Up-to-date: /home/aisd/ros2_ws/install/turtlesim/share/turtlesim/environment/path.dsv
[1.245s] -- Up-to-date: /home/aisd/ros2_ws/install/turtlesim/share/turtlesim/local_setup.bash
[1.245s] -- Up-to-date: /home/aisd/ros2_ws/install/turtlesim/share/turtlesim/local_setup.sh
[1.246s] -- Up-to-date: /home/aisd/ros2_ws/install/turtlesim/share/turtlesim/local_setup.zsh
[1.246s] -- Up-to-date: /home/aisd/ros2_ws/install/turtlesim/share/turtlesim/local_setup.dsv
[1.246s] -- Installing: /home/aisd/ros2_ws/install/turtlesim/share/turtlesim/package.dsv
[1.246s] -- Up-to-date: /home/aisd/ros2_ws/install/turtlesim/share/ament_index/resource_index/packages/turtlesim
[1.246s] -- Up-to-date: /home/aisd/ros2_ws/install/turtlesim/share/turtlesim/cmake/turtlesim__rosidl_generator_cExport.cmake
[1.246s] -- Up-to-date: /home/aisd/ros2_ws/install/turtlesim/share/turtlesim/cmake/turtlesim__rosidl_generator_cExport-noconfig.cmake
[1.246s] -- Up-to-date: /home/aisd/ros2_ws/install/turtlesim/share/turtlesim/cmake/turtlesim__rosidl_typesupport_introspection_cExport.cmake
[1.246s] -- Up-to-date: /home/aisd/ros2_ws/install/turtlesim/share/turtlesim/cmake/turtlesim__rosidl_typesupport_introspection_cExport-noconfig.cmake
[1.246s] -- Up-to-date: /home/aisd/ros2_ws/install/turtlesim/share/turtlesim/cmake/turtlesim__rosidl_typesupport_cExport.cmake
[1.247s] -- Up-to-date: /home/aisd/ros2_ws/install/turtlesim/share/turtlesim/cmake/turtlesim__rosidl_typesupport_cExport-noconfig.cmake
[1.247s] -- Up-to-date: /home/aisd/ros2_ws/install/turtlesim/share/turtlesim/cmake/turtlesim__rosidl_generator_cppExport.cmake
[1.247s] -- Up-to-date: /home/aisd/ros2_ws/install/turtlesim/share/turtlesim/cmake/turtlesim__rosidl_typesupport_introspection_cppExport.cmake
[1.247s] -- Up-to-date: /home/aisd/ros2_ws/install/turtlesim/share/turtlesim/cmake/turtlesim__rosidl_typesupport_introspection_cppExport-noconfig.cmake
[1.250s] -- Up-to-date: /home/aisd/ros2_ws/install/turtlesim/share/turtlesim/cmake/turtlesim__rosidl_typesupport_cppExport.cmake
[1.251s] -- Up-to-date: /home/aisd/ros2_ws/install/turtlesim/share/turtlesim/cmake/turtlesim__rosidl_typesupport_cppExport-noconfig.cmake
[1.251s] -- Up-to-date: /home/aisd/ros2_ws/install/turtlesim/share/turtlesim/cmake/rosidl_cmake-extras.cmake
[1.251s] -- Up-to-date: /home/aisd/ros2_ws/install/turtlesim/share/turtlesim/cmake/ament_cmake_export_dependencies-extras.cmake
[1.251s] -- Up-to-date: /home/aisd/ros2_ws/install/turtlesim/share/turtlesim/cmake/ament_cmake_export_libraries-extras.cmake
[1.251s] -- Up-to-date: /home/aisd/ros2_ws/install/turtlesim/share/turtlesim/cmake/ament_cmake_export_targets-extras.cmake
[1.251s] -- Up-to-date: /home/aisd/ros2_ws/install/turtlesim/share/turtlesim/cmake/ament_cmake_export_include_directories-extras.cmake
[1.252s] -- Up-to-date: /home/aisd/ros2_ws/install/turtlesim/share/turtlesim/cmake/rosidl_cmake_export_typesupport_libraries-extras.cmake
[1.252s] -- Up-to-date: /home/aisd/ros2_ws/install/turtlesim/share/turtlesim/cmake/rosidl_cmake_export_typesupport_targets-extras.cmake
[1.252s] -- Up-to-date: /home/aisd/ros2_ws/install/turtlesim/share/turtlesim/cmake/turtlesimConfig.cmake
[1.252s] -- Up-to-date: /home/aisd/ros2_ws/install/turtlesim/share/turtlesim/cmake/turtlesimConfig-version.cmake
[1.252s] -- Up-to-date: /home/aisd/ros2_ws/install/turtlesim/share/turtlesim/package.xml
[1.260s] Invoked command in '/home/aisd/ros2_ws/build/turtlesim' returned '0': CMAKE_PREFIX_PATH=/opt/ros/galactic /usr/bin/cmake --install /home/aisd/ros2_ws/build/turtlesim
