[1.004s] Invoking command in '/home/aisd/ros2_ws/src/aisd-vahabbayat/my_package': PYTHONPATH=/home/aisd/ros2_ws/install/my_package/lib/python3.8/site-packages:${PYTHONPATH} /usr/bin/python3 setup.py egg_info --egg-base ../../../build/my_package build --build-base /home/aisd/ros2_ws/build/my_package/build install --prefix /home/aisd/ros2_ws/install/my_package --record /home/aisd/ros2_ws/build/my_package/install.log --single-version-externally-managed
[1.263s] running egg_info
[1.264s] writing ../../../build/my_package/my_package.egg-info/PKG-INFO
[1.265s] writing dependency_links to ../../../build/my_package/my_package.egg-info/dependency_links.txt
[1.266s] writing entry points to ../../../build/my_package/my_package.egg-info/entry_points.txt
[1.267s] writing requirements to ../../../build/my_package/my_package.egg-info/requires.txt
[1.268s] writing top-level names to ../../../build/my_package/my_package.egg-info/top_level.txt
[1.328s] reading manifest file '../../../build/my_package/my_package.egg-info/SOURCES.txt'
[1.331s] writing manifest file '../../../build/my_package/my_package.egg-info/SOURCES.txt'
[1.333s] running build
[1.333s] running build_py
[1.341s] running install
[1.341s] running install_lib
[1.341s] running install_data
[1.341s] running install_egg_info
[1.344s] removing '/home/aisd/ros2_ws/install/my_package/lib/python3.8/site-packages/my_package-0.0.0-py3.8.egg-info' (and everything under it)
[1.345s] Copying ../../../build/my_package/my_package.egg-info to /home/aisd/ros2_ws/install/my_package/lib/python3.8/site-packages/my_package-0.0.0-py3.8.egg-info
[1.347s] running install_scripts
[1.375s] Installing my_node script to /home/aisd/ros2_ws/install/my_package/lib/my_package
[1.376s] writing list of installed files to '/home/aisd/ros2_ws/build/my_package/install.log'
[1.418s] Invoked command in '/home/aisd/ros2_ws/src/aisd-vahabbayat/my_package' returned '0': PYTHONPATH=/home/aisd/ros2_ws/install/my_package/lib/python3.8/site-packages:${PYTHONPATH} /usr/bin/python3 setup.py egg_info --egg-base ../../../build/my_package build --build-base /home/aisd/ros2_ws/build/my_package/build install --prefix /home/aisd/ros2_ws/install/my_package --record /home/aisd/ros2_ws/build/my_package/install.log --single-version-externally-managed
