[0.778s] Invoking command in '/home/aisd/ros2_ws/src/aisd-vahabbayat/my_package': PYTHONPATH=/home/aisd/ros2_ws/install/my_package/lib/python3.8/site-packages:${PYTHONPATH} /usr/bin/python3 setup.py egg_info --egg-base ../../../build/my_package build --build-base /home/aisd/ros2_ws/build/my_package/build install --prefix /home/aisd/ros2_ws/install/my_package --record /home/aisd/ros2_ws/build/my_package/install.log --single-version-externally-managed
[1.083s] running egg_info
[1.085s] writing ../../../build/my_package/my_package.egg-info/PKG-INFO
[1.087s] writing dependency_links to ../../../build/my_package/my_package.egg-info/dependency_links.txt
[1.089s] writing entry points to ../../../build/my_package/my_package.egg-info/entry_points.txt
[1.090s] writing requirements to ../../../build/my_package/my_package.egg-info/requires.txt
[1.091s] writing top-level names to ../../../build/my_package/my_package.egg-info/top_level.txt
[1.138s] reading manifest file '../../../build/my_package/my_package.egg-info/SOURCES.txt'
[1.140s] writing manifest file '../../../build/my_package/my_package.egg-info/SOURCES.txt'
[1.141s] running build
[1.141s] running build_py
[1.142s] running install
[1.145s] running install_lib
[1.148s] running install_data
[1.149s] running install_egg_info
[1.154s] removing '/home/aisd/ros2_ws/install/my_package/lib/python3.8/site-packages/my_package-0.0.0-py3.8.egg-info' (and everything under it)
[1.155s] Copying ../../../build/my_package/my_package.egg-info to /home/aisd/ros2_ws/install/my_package/lib/python3.8/site-packages/my_package-0.0.0-py3.8.egg-info
[1.157s] running install_scripts
[1.185s] Installing my_node script to /home/aisd/ros2_ws/install/my_package/lib/my_package
[1.186s] writing list of installed files to '/home/aisd/ros2_ws/build/my_package/install.log'
[1.219s] Invoked command in '/home/aisd/ros2_ws/src/aisd-vahabbayat/my_package' returned '0': PYTHONPATH=/home/aisd/ros2_ws/install/my_package/lib/python3.8/site-packages:${PYTHONPATH} /usr/bin/python3 setup.py egg_info --egg-base ../../../build/my_package build --build-base /home/aisd/ros2_ws/build/my_package/build install --prefix /home/aisd/ros2_ws/install/my_package --record /home/aisd/ros2_ws/build/my_package/install.log --single-version-externally-managed
