[0.188s] Invoking command in '/home/aisd/ros2_ws/build/aisd_interfaces': CMAKE_PREFIX_PATH=/opt/ros/galactic /usr/bin/cmake --build /home/aisd/ros2_ws/build/aisd_interfaces -- -j2 -l2
[0.906s] [ 10%] Built target aisd_interfaces__rosidl_generator_c
[0.941s] [ 12%] Built target aisd_interfaces__cpp
[1.192s] [ 23%] Built target aisd_interfaces__rosidl_typesupport_c
[1.295s] [ 33%] Built target aisd_interfaces__rosidl_typesupport_introspection_c
[1.644s] [ 43%] Built target aisd_interfaces__rosidl_typesupport_cpp
[1.779s] [ 53%] Built target aisd_interfaces__rosidl_typesupport_introspection_cpp
[1.793s] [ 64%] Built target aisd_interfaces__rosidl_typesupport_fastrtps_cpp
[2.082s] [ 74%] Built target aisd_interfaces__rosidl_typesupport_fastrtps_c
[2.461s] [ 74%] Built target aisd_interfaces
[2.746s] [ 76%] Built target aisd_interfaces__py
[3.099s] [ 84%] Built target aisd_interfaces__python
[3.422s] [ 89%] Built target aisd_interfaces__rosidl_typesupport_introspection_c__pyext
[3.538s] [ 94%] Built target aisd_interfaces__rosidl_typesupport_c__pyext
[3.625s] [100%] Built target aisd_interfaces__rosidl_typesupport_fastrtps_c__pyext
[3.685s] Invoked command in '/home/aisd/ros2_ws/build/aisd_interfaces' returned '0': CMAKE_PREFIX_PATH=/opt/ros/galactic /usr/bin/cmake --build /home/aisd/ros2_ws/build/aisd_interfaces -- -j2 -l2
[4.445s] Invoking command in '/home/aisd/ros2_ws/build/aisd_interfaces': CMAKE_PREFIX_PATH=/opt/ros/galactic /usr/bin/cmake --install /home/aisd/ros2_ws/build/aisd_interfaces
[4.717s] -- Install configuration: ""
[4.720s] -- Up-to-date: /home/aisd/ros2_ws/install/aisd_interfaces/share/ament_index/resource_index/rosidl_interfaces/aisd_interfaces
[4.728s] -- Up-to-date: /home/aisd/ros2_ws/install/aisd_interfaces/include/aisd_interfaces
[4.728s] -- Up-to-date: /home/aisd/ros2_ws/install/aisd_interfaces/include/aisd_interfaces/msg
[4.729s] -- Up-to-date: /home/aisd/ros2_ws/install/aisd_interfaces/include/aisd_interfaces/msg/rosidl_generator_c__visibility_control.h
[4.731s] -- Up-to-date: /home/aisd/ros2_ws/install/aisd_interfaces/include/aisd_interfaces/msg/hand.h
[4.738s] -- Up-to-date: /home/aisd/ros2_ws/install/aisd_interfaces/include/aisd_interfaces/msg/detail
[4.748s] -- Up-to-date: /home/aisd/ros2_ws/install/aisd_interfaces/include/aisd_interfaces/msg/detail/hand__functions.h
[4.749s] -- Up-to-date: /home/aisd/ros2_ws/install/aisd_interfaces/include/aisd_interfaces/msg/detail/hand__struct.h
[4.750s] -- Up-to-date: /home/aisd/ros2_ws/install/aisd_interfaces/include/aisd_interfaces/msg/detail/hand__functions.c
[4.751s] -- Up-to-date: /home/aisd/ros2_ws/install/aisd_interfaces/include/aisd_interfaces/msg/detail/hand__type_support.h
[4.764s] -- Up-to-date: /home/aisd/ros2_ws/install/aisd_interfaces/include/aisd_interfaces/srv
[4.770s] -- Up-to-date: /home/aisd/ros2_ws/install/aisd_interfaces/include/aisd_interfaces/srv/speak.h
[4.770s] -- Up-to-date: /home/aisd/ros2_ws/install/aisd_interfaces/include/aisd_interfaces/srv/detail
[4.776s] -- Up-to-date: /home/aisd/ros2_ws/install/aisd_interfaces/include/aisd_interfaces/srv/detail/speak__functions.h
[4.777s] -- Up-to-date: /home/aisd/ros2_ws/install/aisd_interfaces/include/aisd_interfaces/srv/detail/speak__functions.c
[4.787s] -- Up-to-date: /home/aisd/ros2_ws/install/aisd_interfaces/include/aisd_interfaces/srv/detail/speak__type_support.h
[4.788s] -- Up-to-date: /home/aisd/ros2_ws/install/aisd_interfaces/include/aisd_interfaces/srv/detail/speak__struct.h
[4.794s] -- Up-to-date: /home/aisd/ros2_ws/install/aisd_interfaces/share/aisd_interfaces/environment/library_path.sh
[4.797s] -- Up-to-date: /home/aisd/ros2_ws/install/aisd_interfaces/share/aisd_interfaces/environment/library_path.dsv
[4.814s] -- Up-to-date: /home/aisd/ros2_ws/install/aisd_interfaces/lib/libaisd_interfaces__rosidl_generator_c.so
[4.816s] -- Up-to-date: /home/aisd/ros2_ws/install/aisd_interfaces/include/aisd_interfaces
[4.817s] -- Up-to-date: /home/aisd/ros2_ws/install/aisd_interfaces/include/aisd_interfaces/msg
[4.820s] -- Up-to-date: /home/aisd/ros2_ws/install/aisd_interfaces/include/aisd_interfaces/msg/rosidl_typesupport_fastrtps_c__visibility_control.h
[4.828s] -- Up-to-date: /home/aisd/ros2_ws/install/aisd_interfaces/include/aisd_interfaces/msg/detail
[4.830s] -- Up-to-date: /home/aisd/ros2_ws/install/aisd_interfaces/include/aisd_interfaces/msg/detail/hand__rosidl_typesupport_fastrtps_c.h
[4.831s] -- Up-to-date: /home/aisd/ros2_ws/install/aisd_interfaces/include/aisd_interfaces/srv
[4.834s] -- Up-to-date: /home/aisd/ros2_ws/install/aisd_interfaces/include/aisd_interfaces/srv/detail
[4.842s] -- Up-to-date: /home/aisd/ros2_ws/install/aisd_interfaces/include/aisd_interfaces/srv/detail/speak__rosidl_typesupport_fastrtps_c.h
[4.850s] -- Up-to-date: /home/aisd/ros2_ws/install/aisd_interfaces/lib/libaisd_interfaces__rosidl_typesupport_fastrtps_c.so
[4.885s] -- Up-to-date: /home/aisd/ros2_ws/install/aisd_interfaces/include/aisd_interfaces
[4.902s] -- Up-to-date: /home/aisd/ros2_ws/install/aisd_interfaces/include/aisd_interfaces/msg
[4.906s] -- Up-to-date: /home/aisd/ros2_ws/install/aisd_interfaces/include/aisd_interfaces/msg/rosidl_typesupport_fastrtps_cpp__visibility_control.h
[4.917s] -- Up-to-date: /home/aisd/ros2_ws/install/aisd_interfaces/include/aisd_interfaces/msg/detail
[4.922s] -- Up-to-date: /home/aisd/ros2_ws/install/aisd_interfaces/include/aisd_interfaces/msg/detail/dds_fastrtps
[4.933s] -- Up-to-date: /home/aisd/ros2_ws/install/aisd_interfaces/include/aisd_interfaces/msg/detail/hand__rosidl_typesupport_fastrtps_cpp.hpp
[4.939s] -- Up-to-date: /home/aisd/ros2_ws/install/aisd_interfaces/include/aisd_interfaces/srv
[4.961s] -- Up-to-date: /home/aisd/ros2_ws/install/aisd_interfaces/include/aisd_interfaces/srv/detail
[4.966s] -- Up-to-date: /home/aisd/ros2_ws/install/aisd_interfaces/include/aisd_interfaces/srv/detail/dds_fastrtps
[4.967s] -- Up-to-date: /home/aisd/ros2_ws/install/aisd_interfaces/include/aisd_interfaces/srv/detail/speak__rosidl_typesupport_fastrtps_cpp.hpp
[4.979s] -- Up-to-date: /home/aisd/ros2_ws/install/aisd_interfaces/lib/libaisd_interfaces__rosidl_typesupport_fastrtps_cpp.so
[4.980s] -- Up-to-date: /home/aisd/ros2_ws/install/aisd_interfaces/include/aisd_interfaces
[4.981s] -- Up-to-date: /home/aisd/ros2_ws/install/aisd_interfaces/include/aisd_interfaces/msg
[4.982s] -- Up-to-date: /home/aisd/ros2_ws/install/aisd_interfaces/include/aisd_interfaces/msg/rosidl_typesupport_introspection_c__visibility_control.h
[4.982s] -- Up-to-date: /home/aisd/ros2_ws/install/aisd_interfaces/include/aisd_interfaces/msg/detail
[4.984s] -- Up-to-date: /home/aisd/ros2_ws/install/aisd_interfaces/include/aisd_interfaces/msg/detail/hand__type_support.c
[4.984s] -- Up-to-date: /home/aisd/ros2_ws/install/aisd_interfaces/include/aisd_interfaces/msg/detail/hand__rosidl_typesupport_introspection_c.h
[4.985s] -- Up-to-date: /home/aisd/ros2_ws/install/aisd_interfaces/include/aisd_interfaces/srv
[4.985s] -- Up-to-date: /home/aisd/ros2_ws/install/aisd_interfaces/include/aisd_interfaces/srv/detail
[4.986s] -- Up-to-date: /home/aisd/ros2_ws/install/aisd_interfaces/include/aisd_interfaces/srv/detail/speak__rosidl_typesupport_introspection_c.h
[4.986s] -- Up-to-date: /home/aisd/ros2_ws/install/aisd_interfaces/include/aisd_interfaces/srv/detail/speak__type_support.c
[4.987s] -- Up-to-date: /home/aisd/ros2_ws/install/aisd_interfaces/lib/libaisd_interfaces__rosidl_typesupport_introspection_c.so
[4.988s] -- Up-to-date: /home/aisd/ros2_ws/install/aisd_interfaces/lib/libaisd_interfaces__rosidl_typesupport_c.so
[4.989s] -- Up-to-date: /home/aisd/ros2_ws/install/aisd_interfaces/include/aisd_interfaces
[4.990s] -- Up-to-date: /home/aisd/ros2_ws/install/aisd_interfaces/include/aisd_interfaces/msg
[4.990s] -- Up-to-date: /home/aisd/ros2_ws/install/aisd_interfaces/include/aisd_interfaces/msg/hand.hpp
[4.990s] -- Up-to-date: /home/aisd/ros2_ws/install/aisd_interfaces/include/aisd_interfaces/msg/detail
[4.991s] -- Up-to-date: /home/aisd/ros2_ws/install/aisd_interfaces/include/aisd_interfaces/msg/detail/hand__builder.hpp
[4.991s] -- Up-to-date: /home/aisd/ros2_ws/install/aisd_interfaces/include/aisd_interfaces/msg/detail/hand__struct.hpp
[4.991s] -- Up-to-date: /home/aisd/ros2_ws/install/aisd_interfaces/include/aisd_interfaces/msg/detail/hand__traits.hpp
[4.992s] -- Up-to-date: /home/aisd/ros2_ws/install/aisd_interfaces/include/aisd_interfaces/srv
[4.993s] -- Up-to-date: /home/aisd/ros2_ws/install/aisd_interfaces/include/aisd_interfaces/srv/speak.hpp
[4.994s] -- Up-to-date: /home/aisd/ros2_ws/install/aisd_interfaces/include/aisd_interfaces/srv/detail
[4.994s] -- Up-to-date: /home/aisd/ros2_ws/install/aisd_interfaces/include/aisd_interfaces/srv/detail/speak__traits.hpp
[4.996s] -- Up-to-date: /home/aisd/ros2_ws/install/aisd_interfaces/include/aisd_interfaces/srv/detail/speak__builder.hpp
[4.997s] -- Up-to-date: /home/aisd/ros2_ws/install/aisd_interfaces/include/aisd_interfaces/srv/detail/speak__struct.hpp
[4.998s] -- Up-to-date: /home/aisd/ros2_ws/install/aisd_interfaces/include/aisd_interfaces
[4.998s] -- Up-to-date: /home/aisd/ros2_ws/install/aisd_interfaces/include/aisd_interfaces/msg
[4.999s] -- Up-to-date: /home/aisd/ros2_ws/install/aisd_interfaces/include/aisd_interfaces/msg/detail
[4.999s] -- Up-to-date: /home/aisd/ros2_ws/install/aisd_interfaces/include/aisd_interfaces/msg/detail/hand__type_support.cpp
[4.999s] -- Up-to-date: /home/aisd/ros2_ws/install/aisd_interfaces/include/aisd_interfaces/msg/detail/hand__rosidl_typesupport_introspection_cpp.hpp
[5.000s] -- Up-to-date: /home/aisd/ros2_ws/install/aisd_interfaces/include/aisd_interfaces/srv
[5.000s] -- Up-to-date: /home/aisd/ros2_ws/install/aisd_interfaces/include/aisd_interfaces/srv/detail
[5.001s] -- Up-to-date: /home/aisd/ros2_ws/install/aisd_interfaces/include/aisd_interfaces/srv/detail/speak__rosidl_typesupport_introspection_cpp.hpp
[5.001s] -- Up-to-date: /home/aisd/ros2_ws/install/aisd_interfaces/include/aisd_interfaces/srv/detail/speak__type_support.cpp
[5.002s] -- Up-to-date: /home/aisd/ros2_ws/install/aisd_interfaces/lib/libaisd_interfaces__rosidl_typesupport_introspection_cpp.so
[5.003s] -- Up-to-date: /home/aisd/ros2_ws/install/aisd_interfaces/lib/libaisd_interfaces__rosidl_typesupport_cpp.so
[5.004s] -- Up-to-date: /home/aisd/ros2_ws/install/aisd_interfaces/share/aisd_interfaces/environment/pythonpath.sh
[5.005s] -- Up-to-date: /home/aisd/ros2_ws/install/aisd_interfaces/share/aisd_interfaces/environment/pythonpath.dsv
[5.005s] -- Up-to-date: /home/aisd/ros2_ws/install/aisd_interfaces/lib/python3.8/site-packages/aisd_interfaces/__init__.py
[5.186s] -- Up-to-date: /home/aisd/ros2_ws/install/aisd_interfaces/lib/python3.8/site-packages/aisd_interfaces/msg
[5.186s] -- Up-to-date: /home/aisd/ros2_ws/install/aisd_interfaces/lib/python3.8/site-packages/aisd_interfaces/msg/_hand.py
[5.186s] -- Up-to-date: /home/aisd/ros2_ws/install/aisd_interfaces/lib/python3.8/site-packages/aisd_interfaces/msg/_hand_s.c
[5.186s] -- Up-to-date: /home/aisd/ros2_ws/install/aisd_interfaces/lib/python3.8/site-packages/aisd_interfaces/msg/__init__.py
[5.188s] -- Up-to-date: /home/aisd/ros2_ws/install/aisd_interfaces/lib/python3.8/site-packages/aisd_interfaces/srv
[5.188s] -- Up-to-date: /home/aisd/ros2_ws/install/aisd_interfaces/lib/python3.8/site-packages/aisd_interfaces/srv/_speak.py
[5.188s] -- Up-to-date: /home/aisd/ros2_ws/install/aisd_interfaces/lib/python3.8/site-packages/aisd_interfaces/srv/_speak_s.c
[5.188s] -- Up-to-date: /home/aisd/ros2_ws/install/aisd_interfaces/lib/python3.8/site-packages/aisd_interfaces/srv/__init__.py
[5.190s] -- Up-to-date: /home/aisd/ros2_ws/install/aisd_interfaces/lib/python3.8/site-packages/aisd_interfaces/aisd_interfaces_s__rosidl_typesupport_fastrtps_c.cpython-38-x86_64-linux-gnu.so
[5.191s] -- Up-to-date: /home/aisd/ros2_ws/install/aisd_interfaces/lib/python3.8/site-packages/aisd_interfaces/aisd_interfaces_s__rosidl_typesupport_introspection_c.cpython-38-x86_64-linux-gnu.so
[5.195s] -- Up-to-date: /home/aisd/ros2_ws/install/aisd_interfaces/lib/python3.8/site-packages/aisd_interfaces/aisd_interfaces_s__rosidl_typesupport_c.cpython-38-x86_64-linux-gnu.so
[5.196s] -- Up-to-date: /home/aisd/ros2_ws/install/aisd_interfaces/lib/libaisd_interfaces__python.so
[5.197s] -- Up-to-date: /home/aisd/ros2_ws/install/aisd_interfaces/share/aisd_interfaces/msg/Hand.idl
[5.198s] -- Up-to-date: /home/aisd/ros2_ws/install/aisd_interfaces/share/aisd_interfaces/srv/Speak.idl
[5.198s] -- Up-to-date: /home/aisd/ros2_ws/install/aisd_interfaces/share/aisd_interfaces/msg/Hand.msg
[5.199s] -- Up-to-date: /home/aisd/ros2_ws/install/aisd_interfaces/share/aisd_interfaces/srv/Speak.srv
[5.199s] -- Up-to-date: /home/aisd/ros2_ws/install/aisd_interfaces/share/aisd_interfaces/srv/Speak_Request.msg
[5.200s] -- Up-to-date: /home/aisd/ros2_ws/install/aisd_interfaces/share/aisd_interfaces/srv/Speak_Response.msg
[5.200s] -- Up-to-date: /home/aisd/ros2_ws/install/aisd_interfaces/share/ament_index/resource_index/package_run_dependencies/aisd_interfaces
[5.201s] -- Up-to-date: /home/aisd/ros2_ws/install/aisd_interfaces/share/ament_index/resource_index/parent_prefix_path/aisd_interfaces
[5.204s] -- Up-to-date: /home/aisd/ros2_ws/install/aisd_interfaces/share/aisd_interfaces/environment/ament_prefix_path.sh
[5.205s] -- Up-to-date: /home/aisd/ros2_ws/install/aisd_interfaces/share/aisd_interfaces/environment/ament_prefix_path.dsv
[5.205s] -- Up-to-date: /home/aisd/ros2_ws/install/aisd_interfaces/share/aisd_interfaces/environment/path.sh
[5.206s] -- Up-to-date: /home/aisd/ros2_ws/install/aisd_interfaces/share/aisd_interfaces/environment/path.dsv
[5.206s] -- Up-to-date: /home/aisd/ros2_ws/install/aisd_interfaces/share/aisd_interfaces/local_setup.bash
[5.207s] -- Up-to-date: /home/aisd/ros2_ws/install/aisd_interfaces/share/aisd_interfaces/local_setup.sh
[5.207s] -- Up-to-date: /home/aisd/ros2_ws/install/aisd_interfaces/share/aisd_interfaces/local_setup.zsh
[5.208s] -- Up-to-date: /home/aisd/ros2_ws/install/aisd_interfaces/share/aisd_interfaces/local_setup.dsv
[5.208s] -- Installing: /home/aisd/ros2_ws/install/aisd_interfaces/share/aisd_interfaces/package.dsv
[5.209s] -- Up-to-date: /home/aisd/ros2_ws/install/aisd_interfaces/share/ament_index/resource_index/packages/aisd_interfaces
[5.210s] -- Up-to-date: /home/aisd/ros2_ws/install/aisd_interfaces/share/aisd_interfaces/cmake/aisd_interfaces__rosidl_generator_cExport.cmake
[5.210s] -- Up-to-date: /home/aisd/ros2_ws/install/aisd_interfaces/share/aisd_interfaces/cmake/aisd_interfaces__rosidl_generator_cExport-noconfig.cmake
[5.215s] -- Up-to-date: /home/aisd/ros2_ws/install/aisd_interfaces/share/aisd_interfaces/cmake/aisd_interfaces__rosidl_typesupport_introspection_cExport.cmake
[5.225s] -- Up-to-date: /home/aisd/ros2_ws/install/aisd_interfaces/share/aisd_interfaces/cmake/aisd_interfaces__rosidl_typesupport_introspection_cExport-noconfig.cmake
[5.229s] -- Up-to-date: /home/aisd/ros2_ws/install/aisd_interfaces/share/aisd_interfaces/cmake/aisd_interfaces__rosidl_typesupport_cExport.cmake
[5.230s] -- Up-to-date: /home/aisd/ros2_ws/install/aisd_interfaces/share/aisd_interfaces/cmake/aisd_interfaces__rosidl_typesupport_cExport-noconfig.cmake
[5.231s] -- Up-to-date: /home/aisd/ros2_ws/install/aisd_interfaces/share/aisd_interfaces/cmake/aisd_interfaces__rosidl_generator_cppExport.cmake
[5.233s] -- Up-to-date: /home/aisd/ros2_ws/install/aisd_interfaces/share/aisd_interfaces/cmake/aisd_interfaces__rosidl_typesupport_introspection_cppExport.cmake
[5.234s] -- Up-to-date: /home/aisd/ros2_ws/install/aisd_interfaces/share/aisd_interfaces/cmake/aisd_interfaces__rosidl_typesupport_introspection_cppExport-noconfig.cmake
[5.235s] -- Up-to-date: /home/aisd/ros2_ws/install/aisd_interfaces/share/aisd_interfaces/cmake/aisd_interfaces__rosidl_typesupport_cppExport.cmake
[5.236s] -- Up-to-date: /home/aisd/ros2_ws/install/aisd_interfaces/share/aisd_interfaces/cmake/aisd_interfaces__rosidl_typesupport_cppExport-noconfig.cmake
[5.237s] -- Up-to-date: /home/aisd/ros2_ws/install/aisd_interfaces/share/aisd_interfaces/cmake/rosidl_cmake-extras.cmake
[5.239s] -- Up-to-date: /home/aisd/ros2_ws/install/aisd_interfaces/share/aisd_interfaces/cmake/ament_cmake_export_dependencies-extras.cmake
[5.245s] -- Up-to-date: /home/aisd/ros2_ws/install/aisd_interfaces/share/aisd_interfaces/cmake/ament_cmake_export_libraries-extras.cmake
[5.252s] -- Up-to-date: /home/aisd/ros2_ws/install/aisd_interfaces/share/aisd_interfaces/cmake/ament_cmake_export_targets-extras.cmake
[5.258s] -- Up-to-date: /home/aisd/ros2_ws/install/aisd_interfaces/share/aisd_interfaces/cmake/ament_cmake_export_include_directories-extras.cmake
[5.278s] -- Up-to-date: /home/aisd/ros2_ws/install/aisd_interfaces/share/aisd_interfaces/cmake/rosidl_cmake_export_typesupport_libraries-extras.cmake
[5.297s] -- Up-to-date: /home/aisd/ros2_ws/install/aisd_interfaces/share/aisd_interfaces/cmake/rosidl_cmake_export_typesupport_targets-extras.cmake
[5.298s] -- Up-to-date: /home/aisd/ros2_ws/install/aisd_interfaces/share/aisd_interfaces/cmake/aisd_interfacesConfig.cmake
[5.299s] -- Up-to-date: /home/aisd/ros2_ws/install/aisd_interfaces/share/aisd_interfaces/cmake/aisd_interfacesConfig-version.cmake
[5.300s] -- Up-to-date: /home/aisd/ros2_ws/install/aisd_interfaces/share/aisd_interfaces/package.xml
[5.321s] Invoked command in '/home/aisd/ros2_ws/build/aisd_interfaces' returned '0': CMAKE_PREFIX_PATH=/opt/ros/galactic /usr/bin/cmake --install /home/aisd/ros2_ws/build/aisd_interfaces
