running egg_info
writing ../../../build/aisd_motion/aisd_motion.egg-info/PKG-INFO
writing dependency_links to ../../../build/aisd_motion/aisd_motion.egg-info/dependency_links.txt
writing entry points to ../../../build/aisd_motion/aisd_motion.egg-info/entry_points.txt
writing requirements to ../../../build/aisd_motion/aisd_motion.egg-info/requires.txt
writing top-level names to ../../../build/aisd_motion/aisd_motion.egg-info/top_level.txt
reading manifest file '../../../build/aisd_motion/aisd_motion.egg-info/SOURCES.txt'
writing manifest file '../../../build/aisd_motion/aisd_motion.egg-info/SOURCES.txt'
running build
running build_py
copying aisd_motion/move.py -> /home/aisd/ros2_ws/build/aisd_motion/build/lib/aisd_motion
running install
running install_lib
copying /home/aisd/ros2_ws/build/aisd_motion/build/lib/aisd_motion/move.py -> /home/aisd/ros2_ws/install/aisd_motion/lib/python3.8/site-packages/aisd_motion
byte-compiling /home/aisd/ros2_ws/install/aisd_motion/lib/python3.8/site-packages/aisd_motion/move.py to move.cpython-38.pyc
running install_data
running install_egg_info
removing '/home/aisd/ros2_ws/install/aisd_motion/lib/python3.8/site-packages/aisd_motion-0.0.0-py3.8.egg-info' (and everything under it)
Copying ../../../build/aisd_motion/aisd_motion.egg-info to /home/aisd/ros2_ws/install/aisd_motion/lib/python3.8/site-packages/aisd_motion-0.0.0-py3.8.egg-info
running install_scripts
Installing move script to /home/aisd/ros2_ws/install/aisd_motion/lib/aisd_motion
writing list of installed files to '/home/aisd/ros2_ws/build/aisd_motion/install.log'
