[0.206s] DEBUG:colcon:Command line arguments: ['/usr/bin/colcon', 'build']
[0.206s] DEBUG:colcon:Parsed command line arguments: Namespace(allow_overriding=[], ament_cmake_args=None, base_paths=['.'], build_base='build', catkin_cmake_args=None, catkin_skip_building_tests=False, cmake_args=None, cmake_clean_cache=False, cmake_clean_first=False, cmake_force_configure=False, cmake_target=None, cmake_target_skip_unavailable=False, continue_on_error=False, event_handlers=None, executor='parallel', ignore_user_meta=False, install_base='install', log_base=None, log_level=None, main=<bound method BuildVerb.main of <colcon_core.verb.build.BuildVerb object at 0x7fe87956cbe0>>, merge_install=False, metas=['./colcon.meta'], packages_above=None, packages_above_and_dependencies=None, packages_above_depth=None, packages_end=None, packages_ignore=None, packages_ignore_regex=None, packages_select=None, packages_select_build_failed=False, packages_select_by_dep=None, packages_select_regex=None, packages_select_test_failures=False, packages_skip=None, packages_skip_build_finished=False, packages_skip_by_dep=None, packages_skip_regex=None, packages_skip_test_passed=False, packages_skip_up_to=None, packages_start=None, packages_up_to=None, packages_up_to_regex=None, parallel_workers=2, paths=None, symlink_install=False, test_result_base=None, verb_extension=<colcon_core.verb.build.BuildVerb object at 0x7fe87956cbe0>, verb_name='build', verb_parser=<colcon_defaults.argument_parser.defaults.DefaultArgumentsDecorator object at 0x7fe879578190>)
[0.237s] Level 1:colcon.colcon_core.package_discovery:discover_packages(colcon_meta) check parameters
[0.238s] Level 1:colcon.colcon_core.package_discovery:discover_packages(recursive) check parameters
[0.238s] Level 1:colcon.colcon_core.package_discovery:discover_packages(ignore) check parameters
[0.238s] Level 1:colcon.colcon_core.package_discovery:discover_packages(path) check parameters
[0.238s] Level 1:colcon.colcon_core.package_discovery:discover_packages(colcon_meta) discover
[0.238s] Level 1:colcon.colcon_core.package_discovery:discover_packages(recursive) discover
[0.238s] INFO:colcon.colcon_core.package_discovery:Crawling recursively for packages in '/home/aisd/ros2_ws'
[0.238s] Level 1:colcon.colcon_core.package_identification:_identify(.) by extensions ['ignore', 'ignore_ament_install']
[0.238s] Level 1:colcon.colcon_core.package_identification:_identify(.) by extension 'ignore'
[0.238s] Level 1:colcon.colcon_core.package_identification:_identify(.) by extension 'ignore_ament_install'
[0.238s] Level 1:colcon.colcon_core.package_identification:_identify(.) by extensions ['colcon_pkg']
[0.238s] Level 1:colcon.colcon_core.package_identification:_identify(.) by extension 'colcon_pkg'
[0.238s] Level 1:colcon.colcon_core.package_identification:_identify(.) by extensions ['colcon_meta']
[0.238s] Level 1:colcon.colcon_core.package_identification:_identify(.) by extension 'colcon_meta'
[0.238s] Level 1:colcon.colcon_core.package_identification:_identify(.) by extensions ['ros']
[0.238s] Level 1:colcon.colcon_core.package_identification:_identify(.) by extension 'ros'
[0.251s] Level 1:colcon.colcon_core.package_identification:_identify(.) by extensions ['cmake', 'python']
[0.251s] Level 1:colcon.colcon_core.package_identification:_identify(.) by extension 'cmake'
[0.251s] Level 1:colcon.colcon_core.package_identification:_identify(.) by extension 'python'
[0.251s] Level 1:colcon.colcon_core.package_identification:_identify(.) by extensions ['python_setup_py']
[0.251s] Level 1:colcon.colcon_core.package_identification:_identify(.) by extension 'python_setup_py'
[0.251s] Level 1:colcon.colcon_core.package_identification:_identify(build) by extensions ['ignore', 'ignore_ament_install']
[0.251s] Level 1:colcon.colcon_core.package_identification:_identify(build) by extension 'ignore'
[0.251s] Level 1:colcon.colcon_core.package_identification:_identify(build) ignored
[0.252s] Level 1:colcon.colcon_core.package_identification:_identify(install) by extensions ['ignore', 'ignore_ament_install']
[0.252s] Level 1:colcon.colcon_core.package_identification:_identify(install) by extension 'ignore'
[0.252s] Level 1:colcon.colcon_core.package_identification:_identify(install) ignored
[0.252s] Level 1:colcon.colcon_core.package_identification:_identify(log) by extensions ['ignore', 'ignore_ament_install']
[0.252s] Level 1:colcon.colcon_core.package_identification:_identify(log) by extension 'ignore'
[0.252s] Level 1:colcon.colcon_core.package_identification:_identify(log) ignored
[0.252s] Level 1:colcon.colcon_core.package_identification:_identify(src) by extensions ['ignore', 'ignore_ament_install']
[0.252s] Level 1:colcon.colcon_core.package_identification:_identify(src) by extension 'ignore'
[0.253s] Level 1:colcon.colcon_core.package_identification:_identify(src) by extension 'ignore_ament_install'
[0.253s] Level 1:colcon.colcon_core.package_identification:_identify(src) by extensions ['colcon_pkg']
[0.253s] Level 1:colcon.colcon_core.package_identification:_identify(src) by extension 'colcon_pkg'
[0.253s] Level 1:colcon.colcon_core.package_identification:_identify(src) by extensions ['colcon_meta']
[0.253s] Level 1:colcon.colcon_core.package_identification:_identify(src) by extension 'colcon_meta'
[0.253s] Level 1:colcon.colcon_core.package_identification:_identify(src) by extensions ['ros']
[0.253s] Level 1:colcon.colcon_core.package_identification:_identify(src) by extension 'ros'
[0.253s] Level 1:colcon.colcon_core.package_identification:_identify(src) by extensions ['cmake', 'python']
[0.253s] Level 1:colcon.colcon_core.package_identification:_identify(src) by extension 'cmake'
[0.253s] Level 1:colcon.colcon_core.package_identification:_identify(src) by extension 'python'
[0.253s] Level 1:colcon.colcon_core.package_identification:_identify(src) by extensions ['python_setup_py']
[0.253s] Level 1:colcon.colcon_core.package_identification:_identify(src) by extension 'python_setup_py'
[0.254s] Level 1:colcon.colcon_core.package_identification:_identify(src/aisd-vahabbayat) by extensions ['ignore', 'ignore_ament_install']
[0.254s] Level 1:colcon.colcon_core.package_identification:_identify(src/aisd-vahabbayat) by extension 'ignore'
[0.254s] Level 1:colcon.colcon_core.package_identification:_identify(src/aisd-vahabbayat) by extension 'ignore_ament_install'
[0.254s] Level 1:colcon.colcon_core.package_identification:_identify(src/aisd-vahabbayat) by extensions ['colcon_pkg']
[0.254s] Level 1:colcon.colcon_core.package_identification:_identify(src/aisd-vahabbayat) by extension 'colcon_pkg'
[0.254s] Level 1:colcon.colcon_core.package_identification:_identify(src/aisd-vahabbayat) by extensions ['colcon_meta']
[0.254s] Level 1:colcon.colcon_core.package_identification:_identify(src/aisd-vahabbayat) by extension 'colcon_meta'
[0.254s] Level 1:colcon.colcon_core.package_identification:_identify(src/aisd-vahabbayat) by extensions ['ros']
[0.254s] Level 1:colcon.colcon_core.package_identification:_identify(src/aisd-vahabbayat) by extension 'ros'
[0.254s] Level 1:colcon.colcon_core.package_identification:_identify(src/aisd-vahabbayat) by extensions ['cmake', 'python']
[0.254s] Level 1:colcon.colcon_core.package_identification:_identify(src/aisd-vahabbayat) by extension 'cmake'
[0.254s] Level 1:colcon.colcon_core.package_identification:_identify(src/aisd-vahabbayat) by extension 'python'
[0.254s] Level 1:colcon.colcon_core.package_identification:_identify(src/aisd-vahabbayat) by extensions ['python_setup_py']
[0.254s] Level 1:colcon.colcon_core.package_identification:_identify(src/aisd-vahabbayat) by extension 'python_setup_py'
[0.254s] Level 1:colcon.colcon_core.package_identification:_identify(src/aisd-vahabbayat/aisd_interfaces) by extensions ['ignore', 'ignore_ament_install']
[0.254s] Level 1:colcon.colcon_core.package_identification:_identify(src/aisd-vahabbayat/aisd_interfaces) by extension 'ignore'
[0.254s] Level 1:colcon.colcon_core.package_identification:_identify(src/aisd-vahabbayat/aisd_interfaces) by extension 'ignore_ament_install'
[0.254s] Level 1:colcon.colcon_core.package_identification:_identify(src/aisd-vahabbayat/aisd_interfaces) by extensions ['colcon_pkg']
[0.255s] Level 1:colcon.colcon_core.package_identification:_identify(src/aisd-vahabbayat/aisd_interfaces) by extension 'colcon_pkg'
[0.255s] Level 1:colcon.colcon_core.package_identification:_identify(src/aisd-vahabbayat/aisd_interfaces) by extensions ['colcon_meta']
[0.255s] Level 1:colcon.colcon_core.package_identification:_identify(src/aisd-vahabbayat/aisd_interfaces) by extension 'colcon_meta'
[0.255s] Level 1:colcon.colcon_core.package_identification:_identify(src/aisd-vahabbayat/aisd_interfaces) by extensions ['ros']
[0.255s] Level 1:colcon.colcon_core.package_identification:_identify(src/aisd-vahabbayat/aisd_interfaces) by extension 'ros'
[0.258s] DEBUG:colcon.colcon_core.package_identification:Package 'src/aisd-vahabbayat/aisd_interfaces' with type 'ros.ament_cmake' and name 'aisd_interfaces'
[0.258s] Level 1:colcon.colcon_core.package_identification:_identify(src/aisd-vahabbayat/aisd_motion) by extensions ['ignore', 'ignore_ament_install']
[0.259s] Level 1:colcon.colcon_core.package_identification:_identify(src/aisd-vahabbayat/aisd_motion) by extension 'ignore'
[0.259s] Level 1:colcon.colcon_core.package_identification:_identify(src/aisd-vahabbayat/aisd_motion) by extension 'ignore_ament_install'
[0.259s] Level 1:colcon.colcon_core.package_identification:_identify(src/aisd-vahabbayat/aisd_motion) by extensions ['colcon_pkg']
[0.259s] Level 1:colcon.colcon_core.package_identification:_identify(src/aisd-vahabbayat/aisd_motion) by extension 'colcon_pkg'
[0.259s] Level 1:colcon.colcon_core.package_identification:_identify(src/aisd-vahabbayat/aisd_motion) by extensions ['colcon_meta']
[0.259s] Level 1:colcon.colcon_core.package_identification:_identify(src/aisd-vahabbayat/aisd_motion) by extension 'colcon_meta'
[0.259s] Level 1:colcon.colcon_core.package_identification:_identify(src/aisd-vahabbayat/aisd_motion) by extensions ['ros']
[0.259s] Level 1:colcon.colcon_core.package_identification:_identify(src/aisd-vahabbayat/aisd_motion) by extension 'ros'
[0.260s] DEBUG:colcon.colcon_core.package_identification:Package 'src/aisd-vahabbayat/aisd_motion' with type 'ros.ament_python' and name 'aisd_motion'
[0.260s] Level 1:colcon.colcon_core.package_identification:_identify(src/aisd-vahabbayat/aisd_vision) by extensions ['ignore', 'ignore_ament_install']
[0.260s] Level 1:colcon.colcon_core.package_identification:_identify(src/aisd-vahabbayat/aisd_vision) by extension 'ignore'
[0.260s] Level 1:colcon.colcon_core.package_identification:_identify(src/aisd-vahabbayat/aisd_vision) by extension 'ignore_ament_install'
[0.260s] Level 1:colcon.colcon_core.package_identification:_identify(src/aisd-vahabbayat/aisd_vision) by extensions ['colcon_pkg']
[0.260s] Level 1:colcon.colcon_core.package_identification:_identify(src/aisd-vahabbayat/aisd_vision) by extension 'colcon_pkg'
[0.260s] Level 1:colcon.colcon_core.package_identification:_identify(src/aisd-vahabbayat/aisd_vision) by extensions ['colcon_meta']
[0.261s] Level 1:colcon.colcon_core.package_identification:_identify(src/aisd-vahabbayat/aisd_vision) by extension 'colcon_meta'
[0.261s] Level 1:colcon.colcon_core.package_identification:_identify(src/aisd-vahabbayat/aisd_vision) by extensions ['ros']
[0.261s] Level 1:colcon.colcon_core.package_identification:_identify(src/aisd-vahabbayat/aisd_vision) by extension 'ros'
[0.262s] DEBUG:colcon.colcon_core.package_identification:Package 'src/aisd-vahabbayat/aisd_vision' with type 'ros.ament_python' and name 'aisd_vision'
[0.262s] Level 1:colcon.colcon_core.package_identification:_identify(src/aisd-vahabbayat/build) by extensions ['ignore', 'ignore_ament_install']
[0.262s] Level 1:colcon.colcon_core.package_identification:_identify(src/aisd-vahabbayat/build) by extension 'ignore'
[0.262s] Level 1:colcon.colcon_core.package_identification:_identify(src/aisd-vahabbayat/build) ignored
[0.263s] Level 1:colcon.colcon_core.package_identification:_identify(src/aisd-vahabbayat/install) by extensions ['ignore', 'ignore_ament_install']
[0.263s] Level 1:colcon.colcon_core.package_identification:_identify(src/aisd-vahabbayat/install) by extension 'ignore'
[0.263s] Level 1:colcon.colcon_core.package_identification:_identify(src/aisd-vahabbayat/install) ignored
[0.263s] Level 1:colcon.colcon_core.package_identification:_identify(src/aisd-vahabbayat/log) by extensions ['ignore', 'ignore_ament_install']
[0.263s] Level 1:colcon.colcon_core.package_identification:_identify(src/aisd-vahabbayat/log) by extension 'ignore'
[0.263s] Level 1:colcon.colcon_core.package_identification:_identify(src/aisd-vahabbayat/log) ignored
[0.263s] Level 1:colcon.colcon_core.package_identification:_identify(src/aisd-vahabbayat/my_package) by extensions ['ignore', 'ignore_ament_install']
[0.263s] Level 1:colcon.colcon_core.package_identification:_identify(src/aisd-vahabbayat/my_package) by extension 'ignore'
[0.263s] Level 1:colcon.colcon_core.package_identification:_identify(src/aisd-vahabbayat/my_package) by extension 'ignore_ament_install'
[0.264s] Level 1:colcon.colcon_core.package_identification:_identify(src/aisd-vahabbayat/my_package) by extensions ['colcon_pkg']
[0.264s] Level 1:colcon.colcon_core.package_identification:_identify(src/aisd-vahabbayat/my_package) by extension 'colcon_pkg'
[0.264s] Level 1:colcon.colcon_core.package_identification:_identify(src/aisd-vahabbayat/my_package) by extensions ['colcon_meta']
[0.264s] Level 1:colcon.colcon_core.package_identification:_identify(src/aisd-vahabbayat/my_package) by extension 'colcon_meta'
[0.264s] Level 1:colcon.colcon_core.package_identification:_identify(src/aisd-vahabbayat/my_package) by extensions ['ros']
[0.264s] Level 1:colcon.colcon_core.package_identification:_identify(src/aisd-vahabbayat/my_package) by extension 'ros'
[0.264s] DEBUG:colcon.colcon_core.package_identification:Package 'src/aisd-vahabbayat/my_package' with type 'ros.ament_python' and name 'my_package'
[0.265s] Level 1:colcon.colcon_core.package_identification:_identify(src/aisd-vahabbayat/test) by extensions ['ignore', 'ignore_ament_install']
[0.265s] Level 1:colcon.colcon_core.package_identification:_identify(src/aisd-vahabbayat/test) by extension 'ignore'
[0.265s] Level 1:colcon.colcon_core.package_identification:_identify(src/aisd-vahabbayat/test) by extension 'ignore_ament_install'
[0.265s] Level 1:colcon.colcon_core.package_identification:_identify(src/aisd-vahabbayat/test) by extensions ['colcon_pkg']
[0.265s] Level 1:colcon.colcon_core.package_identification:_identify(src/aisd-vahabbayat/test) by extension 'colcon_pkg'
[0.265s] Level 1:colcon.colcon_core.package_identification:_identify(src/aisd-vahabbayat/test) by extensions ['colcon_meta']
[0.265s] Level 1:colcon.colcon_core.package_identification:_identify(src/aisd-vahabbayat/test) by extension 'colcon_meta'
[0.265s] Level 1:colcon.colcon_core.package_identification:_identify(src/aisd-vahabbayat/test) by extensions ['ros']
[0.265s] Level 1:colcon.colcon_core.package_identification:_identify(src/aisd-vahabbayat/test) by extension 'ros'
[0.265s] Level 1:colcon.colcon_core.package_identification:_identify(src/aisd-vahabbayat/test) by extensions ['cmake', 'python']
[0.265s] Level 1:colcon.colcon_core.package_identification:_identify(src/aisd-vahabbayat/test) by extension 'cmake'
[0.265s] Level 1:colcon.colcon_core.package_identification:_identify(src/aisd-vahabbayat/test) by extension 'python'
[0.265s] Level 1:colcon.colcon_core.package_identification:_identify(src/aisd-vahabbayat/test) by extensions ['python_setup_py']
[0.266s] Level 1:colcon.colcon_core.package_identification:_identify(src/aisd-vahabbayat/test) by extension 'python_setup_py'
[0.266s] Level 1:colcon.colcon_core.package_identification:_identify(src/ros_tutorials) by extensions ['ignore', 'ignore_ament_install']
[0.266s] Level 1:colcon.colcon_core.package_identification:_identify(src/ros_tutorials) by extension 'ignore'
[0.266s] Level 1:colcon.colcon_core.package_identification:_identify(src/ros_tutorials) by extension 'ignore_ament_install'
[0.266s] Level 1:colcon.colcon_core.package_identification:_identify(src/ros_tutorials) by extensions ['colcon_pkg']
[0.266s] Level 1:colcon.colcon_core.package_identification:_identify(src/ros_tutorials) by extension 'colcon_pkg'
[0.266s] Level 1:colcon.colcon_core.package_identification:_identify(src/ros_tutorials) by extensions ['colcon_meta']
[0.266s] Level 1:colcon.colcon_core.package_identification:_identify(src/ros_tutorials) by extension 'colcon_meta'
[0.266s] Level 1:colcon.colcon_core.package_identification:_identify(src/ros_tutorials) by extensions ['ros']
[0.266s] Level 1:colcon.colcon_core.package_identification:_identify(src/ros_tutorials) by extension 'ros'
[0.266s] Level 1:colcon.colcon_core.package_identification:_identify(src/ros_tutorials) by extensions ['cmake', 'python']
[0.266s] Level 1:colcon.colcon_core.package_identification:_identify(src/ros_tutorials) by extension 'cmake'
[0.266s] Level 1:colcon.colcon_core.package_identification:_identify(src/ros_tutorials) by extension 'python'
[0.267s] Level 1:colcon.colcon_core.package_identification:_identify(src/ros_tutorials) by extensions ['python_setup_py']
[0.267s] Level 1:colcon.colcon_core.package_identification:_identify(src/ros_tutorials) by extension 'python_setup_py'
[0.268s] Level 1:colcon.colcon_core.package_identification:_identify(src/ros_tutorials/ros_tutorials) by extensions ['ignore', 'ignore_ament_install']
[0.268s] Level 1:colcon.colcon_core.package_identification:_identify(src/ros_tutorials/ros_tutorials) by extension 'ignore'
[0.268s] Level 1:colcon.colcon_core.package_identification:_identify(src/ros_tutorials/ros_tutorials) ignored
[0.268s] Level 1:colcon.colcon_core.package_identification:_identify(src/ros_tutorials/roscpp_tutorials) by extensions ['ignore', 'ignore_ament_install']
[0.268s] Level 1:colcon.colcon_core.package_identification:_identify(src/ros_tutorials/roscpp_tutorials) by extension 'ignore'
[0.268s] Level 1:colcon.colcon_core.package_identification:_identify(src/ros_tutorials/roscpp_tutorials) ignored
[0.268s] Level 1:colcon.colcon_core.package_identification:_identify(src/ros_tutorials/rospy_tutorials) by extensions ['ignore', 'ignore_ament_install']
[0.268s] Level 1:colcon.colcon_core.package_identification:_identify(src/ros_tutorials/rospy_tutorials) by extension 'ignore'
[0.268s] Level 1:colcon.colcon_core.package_identification:_identify(src/ros_tutorials/rospy_tutorials) ignored
[0.269s] Level 1:colcon.colcon_core.package_identification:_identify(src/ros_tutorials/turtlesim) by extensions ['ignore', 'ignore_ament_install']
[0.269s] Level 1:colcon.colcon_core.package_identification:_identify(src/ros_tutorials/turtlesim) by extension 'ignore'
[0.269s] Level 1:colcon.colcon_core.package_identification:_identify(src/ros_tutorials/turtlesim) by extension 'ignore_ament_install'
[0.269s] Level 1:colcon.colcon_core.package_identification:_identify(src/ros_tutorials/turtlesim) by extensions ['colcon_pkg']
[0.269s] Level 1:colcon.colcon_core.package_identification:_identify(src/ros_tutorials/turtlesim) by extension 'colcon_pkg'
[0.269s] Level 1:colcon.colcon_core.package_identification:_identify(src/ros_tutorials/turtlesim) by extensions ['colcon_meta']
[0.269s] Level 1:colcon.colcon_core.package_identification:_identify(src/ros_tutorials/turtlesim) by extension 'colcon_meta'
[0.269s] Level 1:colcon.colcon_core.package_identification:_identify(src/ros_tutorials/turtlesim) by extensions ['ros']
[0.269s] Level 1:colcon.colcon_core.package_identification:_identify(src/ros_tutorials/turtlesim) by extension 'ros'
[0.271s] DEBUG:colcon.colcon_core.package_identification:Package 'src/ros_tutorials/turtlesim' with type 'ros.ament_cmake' and name 'turtlesim'
[0.271s] Level 1:colcon.colcon_core.package_discovery:discover_packages(recursive) using defaults
[0.271s] Level 1:colcon.colcon_core.package_discovery:discover_packages(ignore) discover
[0.271s] Level 1:colcon.colcon_core.package_discovery:discover_packages(ignore) using defaults
[0.271s] Level 1:colcon.colcon_core.package_discovery:discover_packages(path) discover
[0.271s] Level 1:colcon.colcon_core.package_discovery:discover_packages(path) using defaults
[0.311s] Level 1:colcon.colcon_core.package_discovery:discover_packages(prefix_path) check parameters
[0.311s] Level 1:colcon.colcon_core.package_discovery:discover_packages(prefix_path) discover
[0.314s] DEBUG:colcon.colcon_installed_package_information.package_discovery:Found 181 installed packages in /opt/ros/galactic
[0.315s] Level 1:colcon.colcon_core.package_discovery:discover_packages(prefix_path) using defaults
[0.379s] Level 5:colcon.colcon_core.verb:set package 'aisd_interfaces' build argument 'cmake_args' from command line to 'None'
[0.379s] Level 5:colcon.colcon_core.verb:set package 'aisd_interfaces' build argument 'cmake_target' from command line to 'None'
[0.379s] Level 5:colcon.colcon_core.verb:set package 'aisd_interfaces' build argument 'cmake_target_skip_unavailable' from command line to 'False'
[0.379s] Level 5:colcon.colcon_core.verb:set package 'aisd_interfaces' build argument 'cmake_clean_cache' from command line to 'False'
[0.379s] Level 5:colcon.colcon_core.verb:set package 'aisd_interfaces' build argument 'cmake_clean_first' from command line to 'False'
[0.379s] Level 5:colcon.colcon_core.verb:set package 'aisd_interfaces' build argument 'cmake_force_configure' from command line to 'False'
[0.379s] Level 5:colcon.colcon_core.verb:set package 'aisd_interfaces' build argument 'ament_cmake_args' from command line to 'None'
[0.379s] Level 5:colcon.colcon_core.verb:set package 'aisd_interfaces' build argument 'catkin_cmake_args' from command line to 'None'
[0.380s] Level 5:colcon.colcon_core.verb:set package 'aisd_interfaces' build argument 'catkin_skip_building_tests' from command line to 'False'
[0.380s] DEBUG:colcon.colcon_core.verb:Building package 'aisd_interfaces' with the following arguments: {'ament_cmake_args': None, 'build_base': '/home/aisd/ros2_ws/build/aisd_interfaces', 'catkin_cmake_args': None, 'catkin_skip_building_tests': False, 'cmake_args': None, 'cmake_clean_cache': False, 'cmake_clean_first': False, 'cmake_force_configure': False, 'cmake_target': None, 'cmake_target_skip_unavailable': False, 'install_base': '/home/aisd/ros2_ws/install/aisd_interfaces', 'merge_install': False, 'path': '/home/aisd/ros2_ws/src/aisd-vahabbayat/aisd_interfaces', 'symlink_install': False, 'test_result_base': None}
[0.381s] Level 5:colcon.colcon_core.verb:set package 'my_package' build argument 'cmake_args' from command line to 'None'
[0.381s] Level 5:colcon.colcon_core.verb:set package 'my_package' build argument 'cmake_target' from command line to 'None'
[0.381s] Level 5:colcon.colcon_core.verb:set package 'my_package' build argument 'cmake_target_skip_unavailable' from command line to 'False'
[0.381s] Level 5:colcon.colcon_core.verb:set package 'my_package' build argument 'cmake_clean_cache' from command line to 'False'
[0.381s] Level 5:colcon.colcon_core.verb:set package 'my_package' build argument 'cmake_clean_first' from command line to 'False'
[0.381s] Level 5:colcon.colcon_core.verb:set package 'my_package' build argument 'cmake_force_configure' from command line to 'False'
[0.381s] Level 5:colcon.colcon_core.verb:set package 'my_package' build argument 'ament_cmake_args' from command line to 'None'
[0.381s] Level 5:colcon.colcon_core.verb:set package 'my_package' build argument 'catkin_cmake_args' from command line to 'None'
[0.381s] Level 5:colcon.colcon_core.verb:set package 'my_package' build argument 'catkin_skip_building_tests' from command line to 'False'
[0.381s] DEBUG:colcon.colcon_core.verb:Building package 'my_package' with the following arguments: {'ament_cmake_args': None, 'build_base': '/home/aisd/ros2_ws/build/my_package', 'catkin_cmake_args': None, 'catkin_skip_building_tests': False, 'cmake_args': None, 'cmake_clean_cache': False, 'cmake_clean_first': False, 'cmake_force_configure': False, 'cmake_target': None, 'cmake_target_skip_unavailable': False, 'install_base': '/home/aisd/ros2_ws/install/my_package', 'merge_install': False, 'path': '/home/aisd/ros2_ws/src/aisd-vahabbayat/my_package', 'symlink_install': False, 'test_result_base': None}
[0.383s] Level 5:colcon.colcon_core.verb:set package 'turtlesim' build argument 'cmake_args' from command line to 'None'
[0.384s] Level 5:colcon.colcon_core.verb:set package 'turtlesim' build argument 'cmake_target' from command line to 'None'
[0.384s] Level 5:colcon.colcon_core.verb:set package 'turtlesim' build argument 'cmake_target_skip_unavailable' from command line to 'False'
[0.384s] Level 5:colcon.colcon_core.verb:set package 'turtlesim' build argument 'cmake_clean_cache' from command line to 'False'
[0.384s] Level 5:colcon.colcon_core.verb:set package 'turtlesim' build argument 'cmake_clean_first' from command line to 'False'
[0.384s] Level 5:colcon.colcon_core.verb:set package 'turtlesim' build argument 'cmake_force_configure' from command line to 'False'
[0.384s] Level 5:colcon.colcon_core.verb:set package 'turtlesim' build argument 'ament_cmake_args' from command line to 'None'
[0.384s] Level 5:colcon.colcon_core.verb:set package 'turtlesim' build argument 'catkin_cmake_args' from command line to 'None'
[0.384s] Level 5:colcon.colcon_core.verb:set package 'turtlesim' build argument 'catkin_skip_building_tests' from command line to 'False'
[0.384s] DEBUG:colcon.colcon_core.verb:Building package 'turtlesim' with the following arguments: {'ament_cmake_args': None, 'build_base': '/home/aisd/ros2_ws/build/turtlesim', 'catkin_cmake_args': None, 'catkin_skip_building_tests': False, 'cmake_args': None, 'cmake_clean_cache': False, 'cmake_clean_first': False, 'cmake_force_configure': False, 'cmake_target': None, 'cmake_target_skip_unavailable': False, 'install_base': '/home/aisd/ros2_ws/install/turtlesim', 'merge_install': False, 'path': '/home/aisd/ros2_ws/src/ros_tutorials/turtlesim', 'symlink_install': False, 'test_result_base': None}
[0.385s] Level 5:colcon.colcon_core.verb:set package 'aisd_motion' build argument 'cmake_args' from command line to 'None'
[0.385s] Level 5:colcon.colcon_core.verb:set package 'aisd_motion' build argument 'cmake_target' from command line to 'None'
[0.385s] Level 5:colcon.colcon_core.verb:set package 'aisd_motion' build argument 'cmake_target_skip_unavailable' from command line to 'False'
[0.385s] Level 5:colcon.colcon_core.verb:set package 'aisd_motion' build argument 'cmake_clean_cache' from command line to 'False'
[0.385s] Level 5:colcon.colcon_core.verb:set package 'aisd_motion' build argument 'cmake_clean_first' from command line to 'False'
[0.385s] Level 5:colcon.colcon_core.verb:set package 'aisd_motion' build argument 'cmake_force_configure' from command line to 'False'
[0.385s] Level 5:colcon.colcon_core.verb:set package 'aisd_motion' build argument 'ament_cmake_args' from command line to 'None'
[0.385s] Level 5:colcon.colcon_core.verb:set package 'aisd_motion' build argument 'catkin_cmake_args' from command line to 'None'
[0.385s] Level 5:colcon.colcon_core.verb:set package 'aisd_motion' build argument 'catkin_skip_building_tests' from command line to 'False'
[0.386s] DEBUG:colcon.colcon_core.verb:Building package 'aisd_motion' with the following arguments: {'ament_cmake_args': None, 'build_base': '/home/aisd/ros2_ws/build/aisd_motion', 'catkin_cmake_args': None, 'catkin_skip_building_tests': False, 'cmake_args': None, 'cmake_clean_cache': False, 'cmake_clean_first': False, 'cmake_force_configure': False, 'cmake_target': None, 'cmake_target_skip_unavailable': False, 'install_base': '/home/aisd/ros2_ws/install/aisd_motion', 'merge_install': False, 'path': '/home/aisd/ros2_ws/src/aisd-vahabbayat/aisd_motion', 'symlink_install': False, 'test_result_base': None}
[0.387s] Level 5:colcon.colcon_core.verb:set package 'aisd_vision' build argument 'cmake_args' from command line to 'None'
[0.387s] Level 5:colcon.colcon_core.verb:set package 'aisd_vision' build argument 'cmake_target' from command line to 'None'
[0.387s] Level 5:colcon.colcon_core.verb:set package 'aisd_vision' build argument 'cmake_target_skip_unavailable' from command line to 'False'
[0.387s] Level 5:colcon.colcon_core.verb:set package 'aisd_vision' build argument 'cmake_clean_cache' from command line to 'False'
[0.387s] Level 5:colcon.colcon_core.verb:set package 'aisd_vision' build argument 'cmake_clean_first' from command line to 'False'
[0.387s] Level 5:colcon.colcon_core.verb:set package 'aisd_vision' build argument 'cmake_force_configure' from command line to 'False'
[0.387s] Level 5:colcon.colcon_core.verb:set package 'aisd_vision' build argument 'ament_cmake_args' from command line to 'None'
[0.387s] Level 5:colcon.colcon_core.verb:set package 'aisd_vision' build argument 'catkin_cmake_args' from command line to 'None'
[0.387s] Level 5:colcon.colcon_core.verb:set package 'aisd_vision' build argument 'catkin_skip_building_tests' from command line to 'False'
[0.387s] DEBUG:colcon.colcon_core.verb:Building package 'aisd_vision' with the following arguments: {'ament_cmake_args': None, 'build_base': '/home/aisd/ros2_ws/build/aisd_vision', 'catkin_cmake_args': None, 'catkin_skip_building_tests': False, 'cmake_args': None, 'cmake_clean_cache': False, 'cmake_clean_first': False, 'cmake_force_configure': False, 'cmake_target': None, 'cmake_target_skip_unavailable': False, 'install_base': '/home/aisd/ros2_ws/install/aisd_vision', 'merge_install': False, 'path': '/home/aisd/ros2_ws/src/aisd-vahabbayat/aisd_vision', 'symlink_install': False, 'test_result_base': None}
[0.388s] INFO:colcon.colcon_core.executor:Executing jobs using 'parallel' executor
[0.396s] DEBUG:colcon.colcon_parallel_executor.executor.parallel:run_until_complete
[0.397s] INFO:colcon.colcon_ros.task.ament_cmake.build:Building ROS package in '/home/aisd/ros2_ws/src/aisd-vahabbayat/aisd_interfaces' with build type 'ament_cmake'
[0.397s] INFO:colcon.colcon_cmake.task.cmake.build:Building CMake package in '/home/aisd/ros2_ws/src/aisd-vahabbayat/aisd_interfaces'
[0.405s] INFO:colcon.colcon_core.plugin_system:Skipping extension 'colcon_core.shell.bat': Not used on non-Windows systems
[0.405s] INFO:colcon.colcon_core.shell:Skip shell extension 'powershell' for command environment: Not usable outside of PowerShell
[0.405s] DEBUG:colcon.colcon_core.shell:Skip shell extension 'dsv' for command environment
[0.414s] INFO:colcon.colcon_ros.task.ament_python.build:Building ROS package in '/home/aisd/ros2_ws/src/aisd-vahabbayat/my_package' with build type 'ament_python'
[0.414s] Level 1:colcon.colcon_core.shell:create_environment_hook('my_package', 'ament_prefix_path')
[0.417s] INFO:colcon.colcon_core.shell:Creating environment hook '/home/aisd/ros2_ws/install/my_package/share/my_package/hook/ament_prefix_path.ps1'
[0.421s] INFO:colcon.colcon_core.shell:Creating environment descriptor '/home/aisd/ros2_ws/install/my_package/share/my_package/hook/ament_prefix_path.dsv'
[0.422s] INFO:colcon.colcon_core.shell:Creating environment hook '/home/aisd/ros2_ws/install/my_package/share/my_package/hook/ament_prefix_path.sh'
[0.425s] INFO:colcon.colcon_core.shell:Skip shell extension 'powershell' for command environment: Not usable outside of PowerShell
[0.425s] DEBUG:colcon.colcon_core.shell:Skip shell extension 'dsv' for command environment
[0.438s] DEBUG:colcon.colcon_core.event_handler.log_command:Invoking command in '/home/aisd/ros2_ws/build/aisd_interfaces': CMAKE_PREFIX_PATH=/opt/ros/galactic /usr/bin/cmake --build /home/aisd/ros2_ws/build/aisd_interfaces -- -j2 -l2
[0.756s] INFO:colcon.colcon_core.task.python.build:Building Python package in '/home/aisd/ros2_ws/src/aisd-vahabbayat/my_package'
[0.760s] INFO:colcon.colcon_core.shell:Skip shell extension 'powershell' for command environment: Not usable outside of PowerShell
[0.760s] DEBUG:colcon.colcon_core.shell:Skip shell extension 'dsv' for command environment
[1.010s] DEBUG:colcon.colcon_core.event_handler.log_command:Invoked command in '/home/aisd/ros2_ws/build/aisd_interfaces' returned '0': CMAKE_PREFIX_PATH=/opt/ros/galactic /usr/bin/cmake --build /home/aisd/ros2_ws/build/aisd_interfaces -- -j2 -l2
[1.167s] DEBUG:colcon.colcon_core.event_handler.log_command:Invoking command in '/home/aisd/ros2_ws/build/aisd_interfaces': CMAKE_PREFIX_PATH=/opt/ros/galactic /usr/bin/cmake --install /home/aisd/ros2_ws/build/aisd_interfaces
[1.198s] DEBUG:colcon.colcon_core.event_handler.log_command:Invoking command in '/home/aisd/ros2_ws/src/aisd-vahabbayat/my_package': PYTHONPATH=/home/aisd/ros2_ws/install/my_package/lib/python3.8/site-packages:${PYTHONPATH} /usr/bin/python3 setup.py egg_info --egg-base ../../../build/my_package build --build-base /home/aisd/ros2_ws/build/my_package/build install --prefix /home/aisd/ros2_ws/install/my_package --record /home/aisd/ros2_ws/build/my_package/install.log --single-version-externally-managed
[1.276s] Level 1:colcon.colcon_core.environment:create_environment_scripts_only(aisd_interfaces)
[1.281s] DEBUG:colcon.colcon_core.event_handler.log_command:Invoked command in '/home/aisd/ros2_ws/build/aisd_interfaces' returned '0': CMAKE_PREFIX_PATH=/opt/ros/galactic /usr/bin/cmake --install /home/aisd/ros2_ws/build/aisd_interfaces
[1.284s] Level 1:colcon.colcon_core.environment:checking '/home/aisd/ros2_ws/install/aisd_interfaces' for CMake module files
[1.285s] Level 1:colcon.colcon_core.environment:checking '/home/aisd/ros2_ws/install/aisd_interfaces' for CMake config files
[1.286s] Level 1:colcon.colcon_core.shell:create_environment_hook('aisd_interfaces', 'cmake_prefix_path')
[1.288s] INFO:colcon.colcon_core.shell:Creating environment hook '/home/aisd/ros2_ws/install/aisd_interfaces/share/aisd_interfaces/hook/cmake_prefix_path.ps1'
[1.289s] INFO:colcon.colcon_core.shell:Creating environment descriptor '/home/aisd/ros2_ws/install/aisd_interfaces/share/aisd_interfaces/hook/cmake_prefix_path.dsv'
[1.289s] INFO:colcon.colcon_core.shell:Creating environment hook '/home/aisd/ros2_ws/install/aisd_interfaces/share/aisd_interfaces/hook/cmake_prefix_path.sh'
[1.291s] Level 1:colcon.colcon_core.environment:checking '/home/aisd/ros2_ws/install/aisd_interfaces/lib'
[1.291s] Level 1:colcon.colcon_core.shell:create_environment_hook('aisd_interfaces', 'ld_library_path_lib')
[1.293s] INFO:colcon.colcon_core.shell:Creating environment hook '/home/aisd/ros2_ws/install/aisd_interfaces/share/aisd_interfaces/hook/ld_library_path_lib.ps1'
[1.293s] INFO:colcon.colcon_core.shell:Creating environment descriptor '/home/aisd/ros2_ws/install/aisd_interfaces/share/aisd_interfaces/hook/ld_library_path_lib.dsv'
[1.294s] INFO:colcon.colcon_core.shell:Creating environment hook '/home/aisd/ros2_ws/install/aisd_interfaces/share/aisd_interfaces/hook/ld_library_path_lib.sh'
[1.295s] Level 1:colcon.colcon_core.environment:checking '/home/aisd/ros2_ws/install/aisd_interfaces/bin'
[1.295s] Level 1:colcon.colcon_core.environment:checking '/home/aisd/ros2_ws/install/aisd_interfaces/lib/pkgconfig/aisd_interfaces.pc'
[1.295s] Level 1:colcon.colcon_core.environment:checking '/home/aisd/ros2_ws/install/aisd_interfaces/lib/python3.8/site-packages'
[1.295s] Level 1:colcon.colcon_core.shell:create_environment_hook('aisd_interfaces', 'pythonpath')
[1.297s] INFO:colcon.colcon_core.shell:Creating environment hook '/home/aisd/ros2_ws/install/aisd_interfaces/share/aisd_interfaces/hook/pythonpath.ps1'
[1.297s] INFO:colcon.colcon_core.shell:Creating environment descriptor '/home/aisd/ros2_ws/install/aisd_interfaces/share/aisd_interfaces/hook/pythonpath.dsv'
[1.298s] INFO:colcon.colcon_core.shell:Creating environment hook '/home/aisd/ros2_ws/install/aisd_interfaces/share/aisd_interfaces/hook/pythonpath.sh'
[1.299s] Level 1:colcon.colcon_core.environment:checking '/home/aisd/ros2_ws/install/aisd_interfaces/bin'
[1.301s] INFO:colcon.colcon_core.shell:Creating package script '/home/aisd/ros2_ws/install/aisd_interfaces/share/aisd_interfaces/package.ps1'
[1.302s] INFO:colcon.colcon_core.shell:Creating package descriptor '/home/aisd/ros2_ws/install/aisd_interfaces/share/aisd_interfaces/package.dsv'
[1.303s] INFO:colcon.colcon_core.shell:Creating package script '/home/aisd/ros2_ws/install/aisd_interfaces/share/aisd_interfaces/package.sh'
[1.304s] INFO:colcon.colcon_core.shell:Creating package script '/home/aisd/ros2_ws/install/aisd_interfaces/share/aisd_interfaces/package.bash'
[1.305s] INFO:colcon.colcon_core.shell:Creating package script '/home/aisd/ros2_ws/install/aisd_interfaces/share/aisd_interfaces/package.zsh'
[1.308s] Level 1:colcon.colcon_core.environment:create_file_with_runtime_dependencies(/home/aisd/ros2_ws/install/aisd_interfaces/share/colcon-core/packages/aisd_interfaces)
[1.431s] Level 1:colcon.colcon_core.environment:create_environment_scripts_only(aisd_interfaces)
[1.433s] Level 1:colcon.colcon_core.environment:checking '/home/aisd/ros2_ws/install/aisd_interfaces' for CMake module files
[1.434s] Level 1:colcon.colcon_core.environment:checking '/home/aisd/ros2_ws/install/aisd_interfaces' for CMake config files
[1.434s] Level 1:colcon.colcon_core.shell:create_environment_hook('aisd_interfaces', 'cmake_prefix_path')
[1.436s] INFO:colcon.colcon_core.shell:Creating environment hook '/home/aisd/ros2_ws/install/aisd_interfaces/share/aisd_interfaces/hook/cmake_prefix_path.ps1'
[1.438s] INFO:colcon.colcon_core.shell:Creating environment descriptor '/home/aisd/ros2_ws/install/aisd_interfaces/share/aisd_interfaces/hook/cmake_prefix_path.dsv'
[1.439s] INFO:colcon.colcon_core.shell:Creating environment hook '/home/aisd/ros2_ws/install/aisd_interfaces/share/aisd_interfaces/hook/cmake_prefix_path.sh'
[1.440s] Level 1:colcon.colcon_core.environment:checking '/home/aisd/ros2_ws/install/aisd_interfaces/lib'
[1.440s] Level 1:colcon.colcon_core.shell:create_environment_hook('aisd_interfaces', 'ld_library_path_lib')
[1.441s] INFO:colcon.colcon_core.shell:Creating environment hook '/home/aisd/ros2_ws/install/aisd_interfaces/share/aisd_interfaces/hook/ld_library_path_lib.ps1'
[1.442s] INFO:colcon.colcon_core.shell:Creating environment descriptor '/home/aisd/ros2_ws/install/aisd_interfaces/share/aisd_interfaces/hook/ld_library_path_lib.dsv'
[1.443s] INFO:colcon.colcon_core.shell:Creating environment hook '/home/aisd/ros2_ws/install/aisd_interfaces/share/aisd_interfaces/hook/ld_library_path_lib.sh'
[1.444s] Level 1:colcon.colcon_core.environment:checking '/home/aisd/ros2_ws/install/aisd_interfaces/bin'
[1.444s] Level 1:colcon.colcon_core.environment:checking '/home/aisd/ros2_ws/install/aisd_interfaces/lib/pkgconfig/aisd_interfaces.pc'
[1.444s] Level 1:colcon.colcon_core.environment:checking '/home/aisd/ros2_ws/install/aisd_interfaces/lib/python3.8/site-packages'
[1.444s] Level 1:colcon.colcon_core.shell:create_environment_hook('aisd_interfaces', 'pythonpath')
[1.445s] INFO:colcon.colcon_core.shell:Creating environment hook '/home/aisd/ros2_ws/install/aisd_interfaces/share/aisd_interfaces/hook/pythonpath.ps1'
[1.446s] INFO:colcon.colcon_core.shell:Creating environment descriptor '/home/aisd/ros2_ws/install/aisd_interfaces/share/aisd_interfaces/hook/pythonpath.dsv'
[1.447s] INFO:colcon.colcon_core.shell:Creating environment hook '/home/aisd/ros2_ws/install/aisd_interfaces/share/aisd_interfaces/hook/pythonpath.sh'
[1.448s] Level 1:colcon.colcon_core.environment:checking '/home/aisd/ros2_ws/install/aisd_interfaces/bin'
[1.449s] INFO:colcon.colcon_core.shell:Creating package script '/home/aisd/ros2_ws/install/aisd_interfaces/share/aisd_interfaces/package.ps1'
[1.450s] INFO:colcon.colcon_core.shell:Creating package descriptor '/home/aisd/ros2_ws/install/aisd_interfaces/share/aisd_interfaces/package.dsv'
[1.451s] INFO:colcon.colcon_core.shell:Creating package script '/home/aisd/ros2_ws/install/aisd_interfaces/share/aisd_interfaces/package.sh'
[1.452s] INFO:colcon.colcon_core.shell:Creating package script '/home/aisd/ros2_ws/install/aisd_interfaces/share/aisd_interfaces/package.bash'
[1.452s] INFO:colcon.colcon_core.shell:Creating package script '/home/aisd/ros2_ws/install/aisd_interfaces/share/aisd_interfaces/package.zsh'
[1.453s] Level 1:colcon.colcon_core.environment:create_file_with_runtime_dependencies(/home/aisd/ros2_ws/install/aisd_interfaces/share/colcon-core/packages/aisd_interfaces)
[1.454s] INFO:colcon.colcon_ros.task.ament_cmake.build:Building ROS package in '/home/aisd/ros2_ws/src/ros_tutorials/turtlesim' with build type 'ament_cmake'
[1.454s] INFO:colcon.colcon_cmake.task.cmake.build:Building CMake package in '/home/aisd/ros2_ws/src/ros_tutorials/turtlesim'
[1.455s] INFO:colcon.colcon_core.shell:Skip shell extension 'powershell' for command environment: Not usable outside of PowerShell
[1.455s] DEBUG:colcon.colcon_core.shell:Skip shell extension 'dsv' for command environment
[1.485s] DEBUG:colcon.colcon_core.event_handler.log_command:Invoking command in '/home/aisd/ros2_ws/build/turtlesim': CMAKE_PREFIX_PATH=/opt/ros/galactic /usr/bin/cmake --build /home/aisd/ros2_ws/build/turtlesim -- -j2 -l2
[1.637s] Level 1:colcon.colcon_core.environment:checking '/home/aisd/ros2_ws/install/my_package' for CMake module files
[1.638s] DEBUG:colcon.colcon_core.event_handler.log_command:Invoked command in '/home/aisd/ros2_ws/src/aisd-vahabbayat/my_package' returned '0': PYTHONPATH=/home/aisd/ros2_ws/install/my_package/lib/python3.8/site-packages:${PYTHONPATH} /usr/bin/python3 setup.py egg_info --egg-base ../../../build/my_package build --build-base /home/aisd/ros2_ws/build/my_package/build install --prefix /home/aisd/ros2_ws/install/my_package --record /home/aisd/ros2_ws/build/my_package/install.log --single-version-externally-managed
[1.639s] Level 1:colcon.colcon_core.environment:checking '/home/aisd/ros2_ws/install/my_package' for CMake config files
[1.640s] Level 1:colcon.colcon_core.environment:checking '/home/aisd/ros2_ws/install/my_package/lib'
[1.640s] Level 1:colcon.colcon_core.environment:checking '/home/aisd/ros2_ws/install/my_package/bin'
[1.640s] Level 1:colcon.colcon_core.environment:checking '/home/aisd/ros2_ws/install/my_package/lib/pkgconfig/my_package.pc'
[1.640s] Level 1:colcon.colcon_core.environment:checking '/home/aisd/ros2_ws/install/my_package/lib/python3.8/site-packages'
[1.641s] Level 1:colcon.colcon_core.shell:create_environment_hook('my_package', 'pythonpath')
[1.643s] INFO:colcon.colcon_core.shell:Creating environment hook '/home/aisd/ros2_ws/install/my_package/share/my_package/hook/pythonpath.ps1'
[1.643s] INFO:colcon.colcon_core.shell:Creating environment descriptor '/home/aisd/ros2_ws/install/my_package/share/my_package/hook/pythonpath.dsv'
[1.644s] INFO:colcon.colcon_core.shell:Creating environment hook '/home/aisd/ros2_ws/install/my_package/share/my_package/hook/pythonpath.sh'
[1.645s] Level 1:colcon.colcon_core.environment:checking '/home/aisd/ros2_ws/install/my_package/bin'
[1.646s] Level 1:colcon.colcon_core.environment:create_environment_scripts_only(my_package)
[1.655s] INFO:colcon.colcon_core.shell:Creating package script '/home/aisd/ros2_ws/install/my_package/share/my_package/package.ps1'
[1.656s] INFO:colcon.colcon_core.shell:Creating package descriptor '/home/aisd/ros2_ws/install/my_package/share/my_package/package.dsv'
[1.656s] INFO:colcon.colcon_core.shell:Creating package script '/home/aisd/ros2_ws/install/my_package/share/my_package/package.sh'
[1.657s] INFO:colcon.colcon_core.shell:Creating package script '/home/aisd/ros2_ws/install/my_package/share/my_package/package.bash'
[1.657s] INFO:colcon.colcon_core.shell:Creating package script '/home/aisd/ros2_ws/install/my_package/share/my_package/package.zsh'
[1.658s] Level 1:colcon.colcon_core.environment:create_file_with_runtime_dependencies(/home/aisd/ros2_ws/install/my_package/share/colcon-core/packages/my_package)
[1.659s] INFO:colcon.colcon_ros.task.ament_python.build:Building ROS package in '/home/aisd/ros2_ws/src/aisd-vahabbayat/aisd_motion' with build type 'ament_python'
[1.659s] Level 1:colcon.colcon_core.shell:create_environment_hook('aisd_motion', 'ament_prefix_path')
[1.664s] INFO:colcon.colcon_core.shell:Creating environment hook '/home/aisd/ros2_ws/install/aisd_motion/share/aisd_motion/hook/ament_prefix_path.ps1'
[1.673s] INFO:colcon.colcon_core.shell:Creating environment descriptor '/home/aisd/ros2_ws/install/aisd_motion/share/aisd_motion/hook/ament_prefix_path.dsv'
[1.675s] INFO:colcon.colcon_core.shell:Creating environment hook '/home/aisd/ros2_ws/install/aisd_motion/share/aisd_motion/hook/ament_prefix_path.sh'
[1.679s] INFO:colcon.colcon_core.shell:Skip shell extension 'powershell' for command environment: Not usable outside of PowerShell
[1.679s] DEBUG:colcon.colcon_core.shell:Skip shell extension 'dsv' for command environment
[2.038s] INFO:colcon.colcon_core.task.python.build:Building Python package in '/home/aisd/ros2_ws/src/aisd-vahabbayat/aisd_motion'
[2.041s] INFO:colcon.colcon_core.shell:Skip shell extension 'powershell' for command environment: Not usable outside of PowerShell
[2.042s] DEBUG:colcon.colcon_core.shell:Skip shell extension 'dsv' for command environment
[2.291s] DEBUG:colcon.colcon_core.event_handler.log_command:Invoked command in '/home/aisd/ros2_ws/build/turtlesim' returned '0': CMAKE_PREFIX_PATH=/opt/ros/galactic /usr/bin/cmake --build /home/aisd/ros2_ws/build/turtlesim -- -j2 -l2
[2.515s] DEBUG:colcon.colcon_core.event_handler.log_command:Invoking command in '/home/aisd/ros2_ws/src/aisd-vahabbayat/aisd_motion': AMENT_PREFIX_PATH=/home/aisd/ros2_ws/install/aisd_interfaces:${AMENT_PREFIX_PATH} CMAKE_PREFIX_PATH=/home/aisd/ros2_ws/install/aisd_interfaces LD_LIBRARY_PATH=/home/aisd/ros2_ws/install/aisd_interfaces/lib:${LD_LIBRARY_PATH} PYTHONPATH=/home/aisd/ros2_ws/install/aisd_motion/lib/python3.8/site-packages:/home/aisd/ros2_ws/install/aisd_interfaces/lib/python3.8/site-packages:${PYTHONPATH} /usr/bin/python3 setup.py egg_info --egg-base ../../../build/aisd_motion build --build-base /home/aisd/ros2_ws/build/aisd_motion/build install --prefix /home/aisd/ros2_ws/install/aisd_motion --record /home/aisd/ros2_ws/build/aisd_motion/install.log --single-version-externally-managed
[2.701s] DEBUG:colcon.colcon_core.event_handler.log_command:Invoking command in '/home/aisd/ros2_ws/build/turtlesim': CMAKE_PREFIX_PATH=/opt/ros/galactic /usr/bin/cmake --install /home/aisd/ros2_ws/build/turtlesim
[2.845s] Level 1:colcon.colcon_core.environment:create_environment_scripts_only(turtlesim)
[2.848s] Level 1:colcon.colcon_core.environment:checking '/home/aisd/ros2_ws/install/turtlesim' for CMake module files
[2.848s] DEBUG:colcon.colcon_core.event_handler.log_command:Invoked command in '/home/aisd/ros2_ws/build/turtlesim' returned '0': CMAKE_PREFIX_PATH=/opt/ros/galactic /usr/bin/cmake --install /home/aisd/ros2_ws/build/turtlesim
[2.850s] Level 1:colcon.colcon_core.environment:checking '/home/aisd/ros2_ws/install/turtlesim' for CMake config files
[2.851s] Level 1:colcon.colcon_core.shell:create_environment_hook('turtlesim', 'cmake_prefix_path')
[2.853s] INFO:colcon.colcon_core.shell:Creating environment hook '/home/aisd/ros2_ws/install/turtlesim/share/turtlesim/hook/cmake_prefix_path.ps1'
[2.855s] INFO:colcon.colcon_core.shell:Creating environment descriptor '/home/aisd/ros2_ws/install/turtlesim/share/turtlesim/hook/cmake_prefix_path.dsv'
[2.856s] INFO:colcon.colcon_core.shell:Creating environment hook '/home/aisd/ros2_ws/install/turtlesim/share/turtlesim/hook/cmake_prefix_path.sh'
[2.856s] Level 1:colcon.colcon_core.environment:checking '/home/aisd/ros2_ws/install/turtlesim/lib'
[2.857s] Level 1:colcon.colcon_core.shell:create_environment_hook('turtlesim', 'ld_library_path_lib')
[2.858s] INFO:colcon.colcon_core.shell:Creating environment hook '/home/aisd/ros2_ws/install/turtlesim/share/turtlesim/hook/ld_library_path_lib.ps1'
[2.862s] INFO:colcon.colcon_core.shell:Creating environment descriptor '/home/aisd/ros2_ws/install/turtlesim/share/turtlesim/hook/ld_library_path_lib.dsv'
[2.863s] INFO:colcon.colcon_core.shell:Creating environment hook '/home/aisd/ros2_ws/install/turtlesim/share/turtlesim/hook/ld_library_path_lib.sh'
[2.863s] Level 1:colcon.colcon_core.environment:checking '/home/aisd/ros2_ws/install/turtlesim/bin'
[2.863s] Level 1:colcon.colcon_core.environment:checking '/home/aisd/ros2_ws/install/turtlesim/lib/pkgconfig/turtlesim.pc'
[2.864s] Level 1:colcon.colcon_core.environment:checking '/home/aisd/ros2_ws/install/turtlesim/lib/python3.8/site-packages'
[2.864s] Level 1:colcon.colcon_core.shell:create_environment_hook('turtlesim', 'pythonpath')
[2.865s] INFO:colcon.colcon_core.shell:Creating environment hook '/home/aisd/ros2_ws/install/turtlesim/share/turtlesim/hook/pythonpath.ps1'
[2.871s] INFO:colcon.colcon_core.shell:Creating environment descriptor '/home/aisd/ros2_ws/install/turtlesim/share/turtlesim/hook/pythonpath.dsv'
[2.872s] INFO:colcon.colcon_core.shell:Creating environment hook '/home/aisd/ros2_ws/install/turtlesim/share/turtlesim/hook/pythonpath.sh'
[2.873s] Level 1:colcon.colcon_core.environment:checking '/home/aisd/ros2_ws/install/turtlesim/bin'
[2.876s] INFO:colcon.colcon_core.shell:Creating package script '/home/aisd/ros2_ws/install/turtlesim/share/turtlesim/package.ps1'
[2.876s] INFO:colcon.colcon_core.shell:Creating package descriptor '/home/aisd/ros2_ws/install/turtlesim/share/turtlesim/package.dsv'
[2.877s] INFO:colcon.colcon_core.shell:Creating package script '/home/aisd/ros2_ws/install/turtlesim/share/turtlesim/package.sh'
[2.878s] INFO:colcon.colcon_core.shell:Creating package script '/home/aisd/ros2_ws/install/turtlesim/share/turtlesim/package.bash'
[2.879s] INFO:colcon.colcon_core.shell:Creating package script '/home/aisd/ros2_ws/install/turtlesim/share/turtlesim/package.zsh'
[2.880s] Level 1:colcon.colcon_core.environment:create_file_with_runtime_dependencies(/home/aisd/ros2_ws/install/turtlesim/share/colcon-core/packages/turtlesim)
[3.080s] Level 1:colcon.colcon_core.environment:checking '/home/aisd/ros2_ws/install/aisd_motion' for CMake module files
[3.080s] Level 1:colcon.colcon_core.environment:checking '/home/aisd/ros2_ws/install/aisd_motion' for CMake config files
[3.081s] Level 1:colcon.colcon_core.environment:checking '/home/aisd/ros2_ws/install/aisd_motion/lib'
[3.081s] Level 1:colcon.colcon_core.environment:checking '/home/aisd/ros2_ws/install/aisd_motion/bin'
[3.081s] Level 1:colcon.colcon_core.environment:checking '/home/aisd/ros2_ws/install/aisd_motion/lib/pkgconfig/aisd_motion.pc'
[3.081s] Level 1:colcon.colcon_core.environment:checking '/home/aisd/ros2_ws/install/aisd_motion/lib/python3.8/site-packages'
[3.081s] Level 1:colcon.colcon_core.shell:create_environment_hook('aisd_motion', 'pythonpath')
[3.083s] INFO:colcon.colcon_core.shell:Creating environment hook '/home/aisd/ros2_ws/install/aisd_motion/share/aisd_motion/hook/pythonpath.ps1'
[3.084s] DEBUG:colcon.colcon_core.event_handler.log_command:Invoked command in '/home/aisd/ros2_ws/src/aisd-vahabbayat/aisd_motion' returned '0': AMENT_PREFIX_PATH=/home/aisd/ros2_ws/install/aisd_interfaces:${AMENT_PREFIX_PATH} CMAKE_PREFIX_PATH=/home/aisd/ros2_ws/install/aisd_interfaces LD_LIBRARY_PATH=/home/aisd/ros2_ws/install/aisd_interfaces/lib:${LD_LIBRARY_PATH} PYTHONPATH=/home/aisd/ros2_ws/install/aisd_motion/lib/python3.8/site-packages:/home/aisd/ros2_ws/install/aisd_interfaces/lib/python3.8/site-packages:${PYTHONPATH} /usr/bin/python3 setup.py egg_info --egg-base ../../../build/aisd_motion build --build-base /home/aisd/ros2_ws/build/aisd_motion/build install --prefix /home/aisd/ros2_ws/install/aisd_motion --record /home/aisd/ros2_ws/build/aisd_motion/install.log --single-version-externally-managed
[3.084s] INFO:colcon.colcon_core.shell:Creating environment descriptor '/home/aisd/ros2_ws/install/aisd_motion/share/aisd_motion/hook/pythonpath.dsv'
[3.085s] INFO:colcon.colcon_core.shell:Creating environment hook '/home/aisd/ros2_ws/install/aisd_motion/share/aisd_motion/hook/pythonpath.sh'
[3.086s] Level 1:colcon.colcon_core.environment:checking '/home/aisd/ros2_ws/install/aisd_motion/bin'
[3.087s] Level 1:colcon.colcon_core.environment:create_environment_scripts_only(aisd_motion)
[3.089s] INFO:colcon.colcon_core.shell:Creating package script '/home/aisd/ros2_ws/install/aisd_motion/share/aisd_motion/package.ps1'
[3.090s] INFO:colcon.colcon_core.shell:Creating package descriptor '/home/aisd/ros2_ws/install/aisd_motion/share/aisd_motion/package.dsv'
[3.090s] INFO:colcon.colcon_core.shell:Creating package script '/home/aisd/ros2_ws/install/aisd_motion/share/aisd_motion/package.sh'
[3.091s] INFO:colcon.colcon_core.shell:Creating package script '/home/aisd/ros2_ws/install/aisd_motion/share/aisd_motion/package.bash'
[3.092s] INFO:colcon.colcon_core.shell:Creating package script '/home/aisd/ros2_ws/install/aisd_motion/share/aisd_motion/package.zsh'
[3.093s] Level 1:colcon.colcon_core.environment:create_file_with_runtime_dependencies(/home/aisd/ros2_ws/install/aisd_motion/share/colcon-core/packages/aisd_motion)
[3.097s] INFO:colcon.colcon_ros.task.ament_python.build:Building ROS package in '/home/aisd/ros2_ws/src/aisd-vahabbayat/aisd_vision' with build type 'ament_python'
[3.097s] Level 1:colcon.colcon_core.shell:create_environment_hook('aisd_vision', 'ament_prefix_path')
[3.103s] INFO:colcon.colcon_core.shell:Creating environment hook '/home/aisd/ros2_ws/install/aisd_vision/share/aisd_vision/hook/ament_prefix_path.ps1'
[3.104s] INFO:colcon.colcon_core.shell:Creating environment descriptor '/home/aisd/ros2_ws/install/aisd_vision/share/aisd_vision/hook/ament_prefix_path.dsv'
[3.105s] INFO:colcon.colcon_core.shell:Creating environment hook '/home/aisd/ros2_ws/install/aisd_vision/share/aisd_vision/hook/ament_prefix_path.sh'
[3.111s] INFO:colcon.colcon_core.shell:Skip shell extension 'powershell' for command environment: Not usable outside of PowerShell
[3.111s] DEBUG:colcon.colcon_core.shell:Skip shell extension 'dsv' for command environment
[3.340s] INFO:colcon.colcon_core.task.python.build:Building Python package in '/home/aisd/ros2_ws/src/aisd-vahabbayat/aisd_vision'
[3.342s] INFO:colcon.colcon_core.shell:Skip shell extension 'powershell' for command environment: Not usable outside of PowerShell
[3.342s] DEBUG:colcon.colcon_core.shell:Skip shell extension 'dsv' for command environment
[3.355s] Level 1:colcon.colcon_core.environment:create_environment_scripts_only(turtlesim)
[3.357s] Level 1:colcon.colcon_core.environment:checking '/home/aisd/ros2_ws/install/turtlesim' for CMake module files
[3.357s] Level 1:colcon.colcon_core.environment:checking '/home/aisd/ros2_ws/install/turtlesim' for CMake config files
[3.358s] Level 1:colcon.colcon_core.shell:create_environment_hook('turtlesim', 'cmake_prefix_path')
[3.361s] INFO:colcon.colcon_core.shell:Creating environment hook '/home/aisd/ros2_ws/install/turtlesim/share/turtlesim/hook/cmake_prefix_path.ps1'
[3.362s] INFO:colcon.colcon_core.shell:Creating environment descriptor '/home/aisd/ros2_ws/install/turtlesim/share/turtlesim/hook/cmake_prefix_path.dsv'
[3.364s] INFO:colcon.colcon_core.shell:Creating environment hook '/home/aisd/ros2_ws/install/turtlesim/share/turtlesim/hook/cmake_prefix_path.sh'
[3.365s] Level 1:colcon.colcon_core.environment:checking '/home/aisd/ros2_ws/install/turtlesim/lib'
[3.365s] Level 1:colcon.colcon_core.shell:create_environment_hook('turtlesim', 'ld_library_path_lib')
[3.369s] INFO:colcon.colcon_core.shell:Creating environment hook '/home/aisd/ros2_ws/install/turtlesim/share/turtlesim/hook/ld_library_path_lib.ps1'
[3.370s] INFO:colcon.colcon_core.shell:Creating environment descriptor '/home/aisd/ros2_ws/install/turtlesim/share/turtlesim/hook/ld_library_path_lib.dsv'
[3.371s] INFO:colcon.colcon_core.shell:Creating environment hook '/home/aisd/ros2_ws/install/turtlesim/share/turtlesim/hook/ld_library_path_lib.sh'
[3.371s] Level 1:colcon.colcon_core.environment:checking '/home/aisd/ros2_ws/install/turtlesim/bin'
[3.371s] Level 1:colcon.colcon_core.environment:checking '/home/aisd/ros2_ws/install/turtlesim/lib/pkgconfig/turtlesim.pc'
[3.372s] Level 1:colcon.colcon_core.environment:checking '/home/aisd/ros2_ws/install/turtlesim/lib/python3.8/site-packages'
[3.372s] Level 1:colcon.colcon_core.shell:create_environment_hook('turtlesim', 'pythonpath')
[3.373s] INFO:colcon.colcon_core.shell:Creating environment hook '/home/aisd/ros2_ws/install/turtlesim/share/turtlesim/hook/pythonpath.ps1'
[3.374s] INFO:colcon.colcon_core.shell:Creating environment descriptor '/home/aisd/ros2_ws/install/turtlesim/share/turtlesim/hook/pythonpath.dsv'
[3.375s] INFO:colcon.colcon_core.shell:Creating environment hook '/home/aisd/ros2_ws/install/turtlesim/share/turtlesim/hook/pythonpath.sh'
[3.376s] Level 1:colcon.colcon_core.environment:checking '/home/aisd/ros2_ws/install/turtlesim/bin'
[3.377s] INFO:colcon.colcon_core.shell:Creating package script '/home/aisd/ros2_ws/install/turtlesim/share/turtlesim/package.ps1'
[3.382s] INFO:colcon.colcon_core.shell:Creating package descriptor '/home/aisd/ros2_ws/install/turtlesim/share/turtlesim/package.dsv'
[3.382s] INFO:colcon.colcon_core.shell:Creating package script '/home/aisd/ros2_ws/install/turtlesim/share/turtlesim/package.sh'
[3.383s] INFO:colcon.colcon_core.shell:Creating package script '/home/aisd/ros2_ws/install/turtlesim/share/turtlesim/package.bash'
[3.384s] INFO:colcon.colcon_core.shell:Creating package script '/home/aisd/ros2_ws/install/turtlesim/share/turtlesim/package.zsh'
[3.385s] Level 1:colcon.colcon_core.environment:create_file_with_runtime_dependencies(/home/aisd/ros2_ws/install/turtlesim/share/colcon-core/packages/turtlesim)
[3.759s] DEBUG:colcon.colcon_core.event_handler.log_command:Invoking command in '/home/aisd/ros2_ws/src/aisd-vahabbayat/aisd_vision': AMENT_PREFIX_PATH=/home/aisd/ros2_ws/install/aisd_interfaces:${AMENT_PREFIX_PATH} CMAKE_PREFIX_PATH=/home/aisd/ros2_ws/install/aisd_interfaces LD_LIBRARY_PATH=/home/aisd/ros2_ws/install/aisd_interfaces/lib:${LD_LIBRARY_PATH} PYTHONPATH=/home/aisd/ros2_ws/install/aisd_vision/lib/python3.8/site-packages:/home/aisd/ros2_ws/install/aisd_interfaces/lib/python3.8/site-packages:${PYTHONPATH} /usr/bin/python3 setup.py egg_info --egg-base ../../../build/aisd_vision build --build-base /home/aisd/ros2_ws/build/aisd_vision/build install --prefix /home/aisd/ros2_ws/install/aisd_vision --record /home/aisd/ros2_ws/build/aisd_vision/install.log --single-version-externally-managed
[4.160s] Level 1:colcon.colcon_core.environment:checking '/home/aisd/ros2_ws/install/aisd_vision' for CMake module files
[4.163s] DEBUG:colcon.colcon_core.event_handler.log_command:Invoked command in '/home/aisd/ros2_ws/src/aisd-vahabbayat/aisd_vision' returned '0': AMENT_PREFIX_PATH=/home/aisd/ros2_ws/install/aisd_interfaces:${AMENT_PREFIX_PATH} CMAKE_PREFIX_PATH=/home/aisd/ros2_ws/install/aisd_interfaces LD_LIBRARY_PATH=/home/aisd/ros2_ws/install/aisd_interfaces/lib:${LD_LIBRARY_PATH} PYTHONPATH=/home/aisd/ros2_ws/install/aisd_vision/lib/python3.8/site-packages:/home/aisd/ros2_ws/install/aisd_interfaces/lib/python3.8/site-packages:${PYTHONPATH} /usr/bin/python3 setup.py egg_info --egg-base ../../../build/aisd_vision build --build-base /home/aisd/ros2_ws/build/aisd_vision/build install --prefix /home/aisd/ros2_ws/install/aisd_vision --record /home/aisd/ros2_ws/build/aisd_vision/install.log --single-version-externally-managed
[4.173s] Level 1:colcon.colcon_core.environment:checking '/home/aisd/ros2_ws/install/aisd_vision' for CMake config files
[4.173s] Level 1:colcon.colcon_core.environment:checking '/home/aisd/ros2_ws/install/aisd_vision/lib'
[4.173s] Level 1:colcon.colcon_core.environment:checking '/home/aisd/ros2_ws/install/aisd_vision/bin'
[4.173s] Level 1:colcon.colcon_core.environment:checking '/home/aisd/ros2_ws/install/aisd_vision/lib/pkgconfig/aisd_vision.pc'
[4.174s] Level 1:colcon.colcon_core.environment:checking '/home/aisd/ros2_ws/install/aisd_vision/lib/python3.8/site-packages'
[4.174s] Level 1:colcon.colcon_core.shell:create_environment_hook('aisd_vision', 'pythonpath')
[4.175s] INFO:colcon.colcon_core.shell:Creating environment hook '/home/aisd/ros2_ws/install/aisd_vision/share/aisd_vision/hook/pythonpath.ps1'
[4.178s] INFO:colcon.colcon_core.shell:Creating environment descriptor '/home/aisd/ros2_ws/install/aisd_vision/share/aisd_vision/hook/pythonpath.dsv'
[4.179s] INFO:colcon.colcon_core.shell:Creating environment hook '/home/aisd/ros2_ws/install/aisd_vision/share/aisd_vision/hook/pythonpath.sh'
[4.180s] Level 1:colcon.colcon_core.environment:checking '/home/aisd/ros2_ws/install/aisd_vision/bin'
[4.180s] Level 1:colcon.colcon_core.environment:create_environment_scripts_only(aisd_vision)
[4.182s] INFO:colcon.colcon_core.shell:Creating package script '/home/aisd/ros2_ws/install/aisd_vision/share/aisd_vision/package.ps1'
[4.184s] INFO:colcon.colcon_core.shell:Creating package descriptor '/home/aisd/ros2_ws/install/aisd_vision/share/aisd_vision/package.dsv'
[4.184s] INFO:colcon.colcon_core.shell:Creating package script '/home/aisd/ros2_ws/install/aisd_vision/share/aisd_vision/package.sh'
[4.187s] INFO:colcon.colcon_core.shell:Creating package script '/home/aisd/ros2_ws/install/aisd_vision/share/aisd_vision/package.bash'
[4.188s] INFO:colcon.colcon_core.shell:Creating package script '/home/aisd/ros2_ws/install/aisd_vision/share/aisd_vision/package.zsh'
[4.189s] Level 1:colcon.colcon_core.environment:create_file_with_runtime_dependencies(/home/aisd/ros2_ws/install/aisd_vision/share/colcon-core/packages/aisd_vision)
[4.192s] DEBUG:colcon.colcon_parallel_executor.executor.parallel:closing loop
[4.194s] DEBUG:colcon.colcon_parallel_executor.executor.parallel:loop closed
[4.194s] DEBUG:colcon.colcon_parallel_executor.executor.parallel:run_until_complete finished with '0'
[4.194s] DEBUG:colcon.colcon_core.event_reactor:joining thread
[4.215s] INFO:colcon.colcon_core.plugin_system:Skipping extension 'colcon_notification.desktop_notification.notify_send': Could not find 'notify-send'
[4.215s] INFO:colcon.colcon_core.plugin_system:Skipping extension 'colcon_notification.desktop_notification.terminal_notifier': Not used on non-Darwin systems
[4.215s] INFO:colcon.colcon_core.plugin_system:Skipping extension 'colcon_notification.desktop_notification.win32': Not used on non-Windows systems
[4.215s] INFO:colcon.colcon_notification.desktop_notification:Sending desktop notification using 'notify2'
[4.222s] DEBUG:colcon.colcon_notification.desktop_notification.notify2:Failed to initialize notify2: org.freedesktop.DBus.Error.ServiceUnknown: The name org.freedesktop.Notifications was not provided by any .service files
[4.223s] DEBUG:colcon.colcon_core.event_reactor:joined thread
[4.226s] INFO:colcon.colcon_core.shell:Creating prefix script '/home/aisd/ros2_ws/install/local_setup.ps1'
[4.229s] INFO:colcon.colcon_core.shell:Creating prefix util module '/home/aisd/ros2_ws/install/_local_setup_util_ps1.py'
[4.235s] INFO:colcon.colcon_core.shell:Creating prefix chain script '/home/aisd/ros2_ws/install/setup.ps1'
[4.241s] INFO:colcon.colcon_core.shell:Creating prefix script '/home/aisd/ros2_ws/install/local_setup.sh'
[4.244s] INFO:colcon.colcon_core.shell:Creating prefix util module '/home/aisd/ros2_ws/install/_local_setup_util_sh.py'
[4.245s] INFO:colcon.colcon_core.shell:Creating prefix chain script '/home/aisd/ros2_ws/install/setup.sh'
[4.248s] INFO:colcon.colcon_core.shell:Creating prefix script '/home/aisd/ros2_ws/install/local_setup.bash'
[4.249s] INFO:colcon.colcon_core.shell:Creating prefix chain script '/home/aisd/ros2_ws/install/setup.bash'
[4.253s] INFO:colcon.colcon_core.shell:Creating prefix script '/home/aisd/ros2_ws/install/local_setup.zsh'
[4.255s] INFO:colcon.colcon_core.shell:Creating prefix chain script '/home/aisd/ros2_ws/install/setup.zsh'
