[0.092s] Invoking command in '/home/aisd/ros2_ws/build/aisd_interfaces': CMAKE_PREFIX_PATH=/opt/ros/galactic /usr/bin/cmake --build /home/aisd/ros2_ws/build/aisd_interfaces -- -j2 -l2
[0.190s] [  2%] Built target aisd_interfaces__cpp
[0.209s] [ 12%] Built target aisd_interfaces__rosidl_generator_c
[0.260s] [ 23%] Built target aisd_interfaces__rosidl_typesupport_cpp
[0.270s] [ 33%] Built target aisd_interfaces__rosidl_typesupport_fastrtps_cpp
[0.321s] [ 43%] Built target aisd_interfaces__rosidl_typesupport_introspection_cpp
[0.333s] [ 53%] Built target aisd_interfaces__rosidl_typesupport_introspection_c
[0.384s] [ 64%] Built target aisd_interfaces__rosidl_typesupport_c
[0.400s] [ 74%] Built target aisd_interfaces__rosidl_typesupport_fastrtps_c
[0.426s] [ 74%] Built target aisd_interfaces
[0.461s] [ 76%] Built target aisd_interfaces__py
[0.525s] [ 84%] Built target aisd_interfaces__python
[0.599s] [ 89%] Built target aisd_interfaces__rosidl_typesupport_c__pyext
[0.618s] [ 94%] Built target aisd_interfaces__rosidl_typesupport_introspection_c__pyext
[0.646s] [100%] Built target aisd_interfaces__rosidl_typesupport_fastrtps_c__pyext
[0.670s] Invoked command in '/home/aisd/ros2_ws/build/aisd_interfaces' returned '0': CMAKE_PREFIX_PATH=/opt/ros/galactic /usr/bin/cmake --build /home/aisd/ros2_ws/build/aisd_interfaces -- -j2 -l2
[0.843s] Invoking command in '/home/aisd/ros2_ws/build/aisd_interfaces': CMAKE_PREFIX_PATH=/opt/ros/galactic /usr/bin/cmake --install /home/aisd/ros2_ws/build/aisd_interfaces
[0.860s] -- Install configuration: ""
[0.860s] -- Up-to-date: /home/aisd/ros2_ws/install/aisd_interfaces/share/ament_index/resource_index/rosidl_interfaces/aisd_interfaces
[0.860s] -- Up-to-date: /home/aisd/ros2_ws/install/aisd_interfaces/include/aisd_interfaces
[0.860s] -- Up-to-date: /home/aisd/ros2_ws/install/aisd_interfaces/include/aisd_interfaces/msg
[0.861s] -- Up-to-date: /home/aisd/ros2_ws/install/aisd_interfaces/include/aisd_interfaces/msg/rosidl_generator_c__visibility_control.h
[0.863s] -- Up-to-date: /home/aisd/ros2_ws/install/aisd_interfaces/include/aisd_interfaces/msg/hand.h
[0.863s] -- Up-to-date: /home/aisd/ros2_ws/install/aisd_interfaces/include/aisd_interfaces/msg/detail
[0.864s] -- Up-to-date: /home/aisd/ros2_ws/install/aisd_interfaces/include/aisd_interfaces/msg/detail/hand__functions.h
[0.864s] -- Up-to-date: /home/aisd/ros2_ws/install/aisd_interfaces/include/aisd_interfaces/msg/detail/hand__struct.h
[0.864s] -- Up-to-date: /home/aisd/ros2_ws/install/aisd_interfaces/include/aisd_interfaces/msg/detail/hand__functions.c
[0.864s] -- Up-to-date: /home/aisd/ros2_ws/install/aisd_interfaces/include/aisd_interfaces/msg/detail/hand__type_support.h
[0.864s] -- Up-to-date: /home/aisd/ros2_ws/install/aisd_interfaces/include/aisd_interfaces/srv
[0.864s] -- Up-to-date: /home/aisd/ros2_ws/install/aisd_interfaces/include/aisd_interfaces/srv/speak.h
[0.864s] -- Up-to-date: /home/aisd/ros2_ws/install/aisd_interfaces/include/aisd_interfaces/srv/detail
[0.864s] -- Up-to-date: /home/aisd/ros2_ws/install/aisd_interfaces/include/aisd_interfaces/srv/detail/speak__functions.h
[0.864s] -- Up-to-date: /home/aisd/ros2_ws/install/aisd_interfaces/include/aisd_interfaces/srv/detail/speak__functions.c
[0.865s] -- Up-to-date: /home/aisd/ros2_ws/install/aisd_interfaces/include/aisd_interfaces/srv/detail/speak__type_support.h
[0.865s] -- Up-to-date: /home/aisd/ros2_ws/install/aisd_interfaces/include/aisd_interfaces/srv/detail/speak__struct.h
[0.865s] -- Up-to-date: /home/aisd/ros2_ws/install/aisd_interfaces/share/aisd_interfaces/environment/library_path.sh
[0.865s] -- Up-to-date: /home/aisd/ros2_ws/install/aisd_interfaces/share/aisd_interfaces/environment/library_path.dsv
[0.867s] -- Up-to-date: /home/aisd/ros2_ws/install/aisd_interfaces/lib/libaisd_interfaces__rosidl_generator_c.so
[0.868s] -- Up-to-date: /home/aisd/ros2_ws/install/aisd_interfaces/include/aisd_interfaces
[0.868s] -- Up-to-date: /home/aisd/ros2_ws/install/aisd_interfaces/include/aisd_interfaces/msg
[0.868s] -- Up-to-date: /home/aisd/ros2_ws/install/aisd_interfaces/include/aisd_interfaces/msg/rosidl_typesupport_fastrtps_c__visibility_control.h
[0.868s] -- Up-to-date: /home/aisd/ros2_ws/install/aisd_interfaces/include/aisd_interfaces/msg/detail
[0.868s] -- Up-to-date: /home/aisd/ros2_ws/install/aisd_interfaces/include/aisd_interfaces/msg/detail/hand__rosidl_typesupport_fastrtps_c.h
[0.868s] -- Up-to-date: /home/aisd/ros2_ws/install/aisd_interfaces/include/aisd_interfaces/srv
[0.869s] -- Up-to-date: /home/aisd/ros2_ws/install/aisd_interfaces/include/aisd_interfaces/srv/detail
[0.871s] -- Up-to-date: /home/aisd/ros2_ws/install/aisd_interfaces/include/aisd_interfaces/srv/detail/speak__rosidl_typesupport_fastrtps_c.h
[0.871s] -- Up-to-date: /home/aisd/ros2_ws/install/aisd_interfaces/lib/libaisd_interfaces__rosidl_typesupport_fastrtps_c.so
[0.871s] -- Up-to-date: /home/aisd/ros2_ws/install/aisd_interfaces/include/aisd_interfaces
[0.871s] -- Up-to-date: /home/aisd/ros2_ws/install/aisd_interfaces/include/aisd_interfaces/msg
[0.873s] -- Up-to-date: /home/aisd/ros2_ws/install/aisd_interfaces/include/aisd_interfaces/msg/rosidl_typesupport_fastrtps_cpp__visibility_control.h
[0.874s] -- Up-to-date: /home/aisd/ros2_ws/install/aisd_interfaces/include/aisd_interfaces/msg/detail
[0.877s] -- Up-to-date: /home/aisd/ros2_ws/install/aisd_interfaces/include/aisd_interfaces/msg/detail/dds_fastrtps
[0.878s] -- Up-to-date: /home/aisd/ros2_ws/install/aisd_interfaces/include/aisd_interfaces/msg/detail/hand__rosidl_typesupport_fastrtps_cpp.hpp
[0.879s] -- Up-to-date: /home/aisd/ros2_ws/install/aisd_interfaces/include/aisd_interfaces/srv
[0.879s] -- Up-to-date: /home/aisd/ros2_ws/install/aisd_interfaces/include/aisd_interfaces/srv/detail
[0.879s] -- Up-to-date: /home/aisd/ros2_ws/install/aisd_interfaces/include/aisd_interfaces/srv/detail/dds_fastrtps
[0.879s] -- Up-to-date: /home/aisd/ros2_ws/install/aisd_interfaces/include/aisd_interfaces/srv/detail/speak__rosidl_typesupport_fastrtps_cpp.hpp
[0.880s] -- Up-to-date: /home/aisd/ros2_ws/install/aisd_interfaces/lib/libaisd_interfaces__rosidl_typesupport_fastrtps_cpp.so
[0.880s] -- Up-to-date: /home/aisd/ros2_ws/install/aisd_interfaces/include/aisd_interfaces
[0.880s] -- Up-to-date: /home/aisd/ros2_ws/install/aisd_interfaces/include/aisd_interfaces/msg
[0.880s] -- Up-to-date: /home/aisd/ros2_ws/install/aisd_interfaces/include/aisd_interfaces/msg/rosidl_typesupport_introspection_c__visibility_control.h
[0.880s] -- Up-to-date: /home/aisd/ros2_ws/install/aisd_interfaces/include/aisd_interfaces/msg/detail
[0.880s] -- Up-to-date: /home/aisd/ros2_ws/install/aisd_interfaces/include/aisd_interfaces/msg/detail/hand__type_support.c
[0.881s] -- Up-to-date: /home/aisd/ros2_ws/install/aisd_interfaces/include/aisd_interfaces/msg/detail/hand__rosidl_typesupport_introspection_c.h
[0.882s] -- Up-to-date: /home/aisd/ros2_ws/install/aisd_interfaces/include/aisd_interfaces/srv
[0.882s] -- Up-to-date: /home/aisd/ros2_ws/install/aisd_interfaces/include/aisd_interfaces/srv/detail
[0.883s] -- Up-to-date: /home/aisd/ros2_ws/install/aisd_interfaces/include/aisd_interfaces/srv/detail/speak__rosidl_typesupport_introspection_c.h
[0.883s] -- Up-to-date: /home/aisd/ros2_ws/install/aisd_interfaces/include/aisd_interfaces/srv/detail/speak__type_support.c
[0.884s] -- Up-to-date: /home/aisd/ros2_ws/install/aisd_interfaces/lib/libaisd_interfaces__rosidl_typesupport_introspection_c.so
[0.885s] -- Up-to-date: /home/aisd/ros2_ws/install/aisd_interfaces/lib/libaisd_interfaces__rosidl_typesupport_c.so
[0.885s] -- Up-to-date: /home/aisd/ros2_ws/install/aisd_interfaces/include/aisd_interfaces
[0.885s] -- Up-to-date: /home/aisd/ros2_ws/install/aisd_interfaces/include/aisd_interfaces/msg
[0.886s] -- Up-to-date: /home/aisd/ros2_ws/install/aisd_interfaces/include/aisd_interfaces/msg/hand.hpp
[0.886s] -- Up-to-date: /home/aisd/ros2_ws/install/aisd_interfaces/include/aisd_interfaces/msg/detail
[0.886s] -- Up-to-date: /home/aisd/ros2_ws/install/aisd_interfaces/include/aisd_interfaces/msg/detail/hand__builder.hpp
[0.887s] -- Up-to-date: /home/aisd/ros2_ws/install/aisd_interfaces/include/aisd_interfaces/msg/detail/hand__struct.hpp
[0.887s] -- Up-to-date: /home/aisd/ros2_ws/install/aisd_interfaces/include/aisd_interfaces/msg/detail/hand__traits.hpp
[0.887s] -- Up-to-date: /home/aisd/ros2_ws/install/aisd_interfaces/include/aisd_interfaces/srv
[0.889s] -- Up-to-date: /home/aisd/ros2_ws/install/aisd_interfaces/include/aisd_interfaces/srv/speak.hpp
[0.889s] -- Up-to-date: /home/aisd/ros2_ws/install/aisd_interfaces/include/aisd_interfaces/srv/detail
[0.889s] -- Up-to-date: /home/aisd/ros2_ws/install/aisd_interfaces/include/aisd_interfaces/srv/detail/speak__traits.hpp
[0.889s] -- Up-to-date: /home/aisd/ros2_ws/install/aisd_interfaces/include/aisd_interfaces/srv/detail/speak__builder.hpp
[0.889s] -- Up-to-date: /home/aisd/ros2_ws/install/aisd_interfaces/include/aisd_interfaces/srv/detail/speak__struct.hpp
[0.889s] -- Up-to-date: /home/aisd/ros2_ws/install/aisd_interfaces/include/aisd_interfaces
[0.889s] -- Up-to-date: /home/aisd/ros2_ws/install/aisd_interfaces/include/aisd_interfaces/msg
[0.889s] -- Up-to-date: /home/aisd/ros2_ws/install/aisd_interfaces/include/aisd_interfaces/msg/detail
[0.889s] -- Up-to-date: /home/aisd/ros2_ws/install/aisd_interfaces/include/aisd_interfaces/msg/detail/hand__type_support.cpp
[0.889s] -- Up-to-date: /home/aisd/ros2_ws/install/aisd_interfaces/include/aisd_interfaces/msg/detail/hand__rosidl_typesupport_introspection_cpp.hpp
[0.889s] -- Up-to-date: /home/aisd/ros2_ws/install/aisd_interfaces/include/aisd_interfaces/srv
[0.889s] -- Up-to-date: /home/aisd/ros2_ws/install/aisd_interfaces/include/aisd_interfaces/srv/detail
[0.890s] -- Up-to-date: /home/aisd/ros2_ws/install/aisd_interfaces/include/aisd_interfaces/srv/detail/speak__rosidl_typesupport_introspection_cpp.hpp
[0.890s] -- Up-to-date: /home/aisd/ros2_ws/install/aisd_interfaces/include/aisd_interfaces/srv/detail/speak__type_support.cpp
[0.890s] -- Up-to-date: /home/aisd/ros2_ws/install/aisd_interfaces/lib/libaisd_interfaces__rosidl_typesupport_introspection_cpp.so
[0.890s] -- Up-to-date: /home/aisd/ros2_ws/install/aisd_interfaces/lib/libaisd_interfaces__rosidl_typesupport_cpp.so
[0.890s] -- Up-to-date: /home/aisd/ros2_ws/install/aisd_interfaces/share/aisd_interfaces/environment/pythonpath.sh
[0.890s] -- Up-to-date: /home/aisd/ros2_ws/install/aisd_interfaces/share/aisd_interfaces/environment/pythonpath.dsv
[0.890s] -- Up-to-date: /home/aisd/ros2_ws/install/aisd_interfaces/lib/python3.8/site-packages/aisd_interfaces/__init__.py
[0.940s] -- Up-to-date: /home/aisd/ros2_ws/install/aisd_interfaces/lib/python3.8/site-packages/aisd_interfaces/msg
[0.940s] -- Up-to-date: /home/aisd/ros2_ws/install/aisd_interfaces/lib/python3.8/site-packages/aisd_interfaces/msg/_hand.py
[0.940s] -- Up-to-date: /home/aisd/ros2_ws/install/aisd_interfaces/lib/python3.8/site-packages/aisd_interfaces/msg/_hand_s.c
[0.940s] -- Up-to-date: /home/aisd/ros2_ws/install/aisd_interfaces/lib/python3.8/site-packages/aisd_interfaces/msg/__init__.py
[0.940s] -- Up-to-date: /home/aisd/ros2_ws/install/aisd_interfaces/lib/python3.8/site-packages/aisd_interfaces/srv
[0.941s] -- Up-to-date: /home/aisd/ros2_ws/install/aisd_interfaces/lib/python3.8/site-packages/aisd_interfaces/srv/_speak.py
[0.941s] -- Up-to-date: /home/aisd/ros2_ws/install/aisd_interfaces/lib/python3.8/site-packages/aisd_interfaces/srv/_speak_s.c
[0.941s] -- Up-to-date: /home/aisd/ros2_ws/install/aisd_interfaces/lib/python3.8/site-packages/aisd_interfaces/srv/__init__.py
[0.941s] -- Up-to-date: /home/aisd/ros2_ws/install/aisd_interfaces/lib/python3.8/site-packages/aisd_interfaces/aisd_interfaces_s__rosidl_typesupport_fastrtps_c.cpython-38-x86_64-linux-gnu.so
[0.941s] -- Up-to-date: /home/aisd/ros2_ws/install/aisd_interfaces/lib/python3.8/site-packages/aisd_interfaces/aisd_interfaces_s__rosidl_typesupport_introspection_c.cpython-38-x86_64-linux-gnu.so
[0.941s] -- Up-to-date: /home/aisd/ros2_ws/install/aisd_interfaces/lib/python3.8/site-packages/aisd_interfaces/aisd_interfaces_s__rosidl_typesupport_c.cpython-38-x86_64-linux-gnu.so
[0.942s] -- Up-to-date: /home/aisd/ros2_ws/install/aisd_interfaces/lib/libaisd_interfaces__python.so
[0.942s] -- Up-to-date: /home/aisd/ros2_ws/install/aisd_interfaces/share/aisd_interfaces/msg/Hand.idl
[0.942s] -- Up-to-date: /home/aisd/ros2_ws/install/aisd_interfaces/share/aisd_interfaces/srv/Speak.idl
[0.943s] -- Up-to-date: /home/aisd/ros2_ws/install/aisd_interfaces/share/aisd_interfaces/msg/Hand.msg
[0.943s] -- Up-to-date: /home/aisd/ros2_ws/install/aisd_interfaces/share/aisd_interfaces/srv/Speak.srv
[0.944s] -- Up-to-date: /home/aisd/ros2_ws/install/aisd_interfaces/share/aisd_interfaces/srv/Speak_Request.msg
[0.944s] -- Up-to-date: /home/aisd/ros2_ws/install/aisd_interfaces/share/aisd_interfaces/srv/Speak_Response.msg
[0.945s] -- Up-to-date: /home/aisd/ros2_ws/install/aisd_interfaces/share/ament_index/resource_index/package_run_dependencies/aisd_interfaces
[0.946s] -- Up-to-date: /home/aisd/ros2_ws/install/aisd_interfaces/share/ament_index/resource_index/parent_prefix_path/aisd_interfaces
[0.947s] -- Up-to-date: /home/aisd/ros2_ws/install/aisd_interfaces/share/aisd_interfaces/environment/ament_prefix_path.sh
[0.948s] -- Up-to-date: /home/aisd/ros2_ws/install/aisd_interfaces/share/aisd_interfaces/environment/ament_prefix_path.dsv
[0.948s] -- Up-to-date: /home/aisd/ros2_ws/install/aisd_interfaces/share/aisd_interfaces/environment/path.sh
[0.948s] -- Up-to-date: /home/aisd/ros2_ws/install/aisd_interfaces/share/aisd_interfaces/environment/path.dsv
[0.949s] -- Up-to-date: /home/aisd/ros2_ws/install/aisd_interfaces/share/aisd_interfaces/local_setup.bash
[0.949s] -- Up-to-date: /home/aisd/ros2_ws/install/aisd_interfaces/share/aisd_interfaces/local_setup.sh
[0.949s] -- Up-to-date: /home/aisd/ros2_ws/install/aisd_interfaces/share/aisd_interfaces/local_setup.zsh
[0.950s] -- Up-to-date: /home/aisd/ros2_ws/install/aisd_interfaces/share/aisd_interfaces/local_setup.dsv
[0.950s] -- Installing: /home/aisd/ros2_ws/install/aisd_interfaces/share/aisd_interfaces/package.dsv
[0.950s] -- Up-to-date: /home/aisd/ros2_ws/install/aisd_interfaces/share/ament_index/resource_index/packages/aisd_interfaces
[0.953s] -- Up-to-date: /home/aisd/ros2_ws/install/aisd_interfaces/share/aisd_interfaces/cmake/aisd_interfaces__rosidl_generator_cExport.cmake
[0.954s] -- Up-to-date: /home/aisd/ros2_ws/install/aisd_interfaces/share/aisd_interfaces/cmake/aisd_interfaces__rosidl_generator_cExport-noconfig.cmake
[0.954s] -- Up-to-date: /home/aisd/ros2_ws/install/aisd_interfaces/share/aisd_interfaces/cmake/aisd_interfaces__rosidl_typesupport_introspection_cExport.cmake
[0.954s] -- Up-to-date: /home/aisd/ros2_ws/install/aisd_interfaces/share/aisd_interfaces/cmake/aisd_interfaces__rosidl_typesupport_introspection_cExport-noconfig.cmake
[0.954s] -- Up-to-date: /home/aisd/ros2_ws/install/aisd_interfaces/share/aisd_interfaces/cmake/aisd_interfaces__rosidl_typesupport_cExport.cmake
[0.954s] -- Up-to-date: /home/aisd/ros2_ws/install/aisd_interfaces/share/aisd_interfaces/cmake/aisd_interfaces__rosidl_typesupport_cExport-noconfig.cmake
[0.954s] -- Up-to-date: /home/aisd/ros2_ws/install/aisd_interfaces/share/aisd_interfaces/cmake/aisd_interfaces__rosidl_generator_cppExport.cmake
[0.954s] -- Up-to-date: /home/aisd/ros2_ws/install/aisd_interfaces/share/aisd_interfaces/cmake/aisd_interfaces__rosidl_typesupport_introspection_cppExport.cmake
[0.956s] -- Up-to-date: /home/aisd/ros2_ws/install/aisd_interfaces/share/aisd_interfaces/cmake/aisd_interfaces__rosidl_typesupport_introspection_cppExport-noconfig.cmake
[0.956s] -- Up-to-date: /home/aisd/ros2_ws/install/aisd_interfaces/share/aisd_interfaces/cmake/aisd_interfaces__rosidl_typesupport_cppExport.cmake
[0.956s] -- Up-to-date: /home/aisd/ros2_ws/install/aisd_interfaces/share/aisd_interfaces/cmake/aisd_interfaces__rosidl_typesupport_cppExport-noconfig.cmake
[0.956s] -- Up-to-date: /home/aisd/ros2_ws/install/aisd_interfaces/share/aisd_interfaces/cmake/rosidl_cmake-extras.cmake
[0.956s] -- Up-to-date: /home/aisd/ros2_ws/install/aisd_interfaces/share/aisd_interfaces/cmake/ament_cmake_export_dependencies-extras.cmake
[0.960s] -- Up-to-date: /home/aisd/ros2_ws/install/aisd_interfaces/share/aisd_interfaces/cmake/ament_cmake_export_libraries-extras.cmake
[0.960s] -- Up-to-date: /home/aisd/ros2_ws/install/aisd_interfaces/share/aisd_interfaces/cmake/ament_cmake_export_targets-extras.cmake
[0.960s] -- Up-to-date: /home/aisd/ros2_ws/install/aisd_interfaces/share/aisd_interfaces/cmake/ament_cmake_export_include_directories-extras.cmake
[0.960s] -- Up-to-date: /home/aisd/ros2_ws/install/aisd_interfaces/share/aisd_interfaces/cmake/rosidl_cmake_export_typesupport_libraries-extras.cmake
[0.960s] -- Up-to-date: /home/aisd/ros2_ws/install/aisd_interfaces/share/aisd_interfaces/cmake/rosidl_cmake_export_typesupport_targets-extras.cmake
[0.960s] -- Up-to-date: /home/aisd/ros2_ws/install/aisd_interfaces/share/aisd_interfaces/cmake/aisd_interfacesConfig.cmake
[0.960s] -- Up-to-date: /home/aisd/ros2_ws/install/aisd_interfaces/share/aisd_interfaces/cmake/aisd_interfacesConfig-version.cmake
[0.960s] -- Up-to-date: /home/aisd/ros2_ws/install/aisd_interfaces/share/aisd_interfaces/package.xml
[0.963s] Invoked command in '/home/aisd/ros2_ws/build/aisd_interfaces' returned '0': CMAKE_PREFIX_PATH=/opt/ros/galactic /usr/bin/cmake --install /home/aisd/ros2_ws/build/aisd_interfaces
