[0.009s] Invoking command in '/home/aisd/ros2_ws/build/turtlesim': CMAKE_PREFIX_PATH=/opt/ros/galactic /usr/bin/cmake /home/aisd/ros2_ws/src/ros_tutorials/turtlesim -DCMAKE_INSTALL_PREFIX=/home/aisd/ros2_ws/install/turtlesim
[0.209s] -- The C compiler identification is GNU 9.4.0
[1.513s] -- The CXX compiler identification is GNU 9.4.0
[1.573s] -- Check for working C compiler: /usr/bin/cc
[1.747s] -- Check for working C compiler: /usr/bin/cc -- works
[1.749s] -- Detecting C compiler ABI info
[1.866s] -- Detecting C compiler ABI info - done
[1.886s] -- Detecting C compile features
[1.887s] -- Detecting C compile features - done
[1.891s] -- Check for working CXX compiler: /usr/bin/c++
[2.000s] -- Check for working CXX compiler: /usr/bin/c++ -- works
[2.001s] -- Detecting CXX compiler ABI info
[2.111s] -- Detecting CXX compiler ABI info - done
[2.124s] -- Detecting CXX compile features
[2.125s] -- Detecting CXX compile features - done
[2.321s] -- Found ament_cmake: 1.1.5 (/opt/ros/galactic/share/ament_cmake/cmake)
[2.537s] -- Found PythonInterp: /usr/bin/python3 (found suitable version "3.8.10", minimum required is "3") 
[2.537s] -- Using PYTHON_EXECUTABLE: /usr/bin/python3
[2.823s] -- Found ament_index_cpp: 1.2.0 (/opt/ros/galactic/share/ament_index_cpp/cmake)
[2.861s] -- Found geometry_msgs: 2.2.4 (/opt/ros/galactic/share/geometry_msgs/cmake)
[3.025s] -- Using all available rosidl_typesupport_c: rosidl_typesupport_fastrtps_c;rosidl_typesupport_introspection_c
[3.031s] -- Found rosidl_adapter: 2.2.2 (/opt/ros/galactic/share/rosidl_adapter/cmake)
[3.488s] -- Found OpenSSL: /usr/lib/x86_64-linux-gnu/libcrypto.so (found version "1.1.1f")  
[3.530s] -- Found FastRTPS: /opt/ros/galactic/include  
[3.705s] -- Using all available rosidl_typesupport_cpp: rosidl_typesupport_fastrtps_cpp;rosidl_typesupport_introspection_cpp
[4.081s] -- Found rclcpp: 9.2.1 (/opt/ros/galactic/share/rclcpp/cmake)
[4.417s] -- Found rmw_implementation_cmake: 3.3.1 (/opt/ros/galactic/share/rmw_implementation_cmake/cmake)
[4.429s] -- Found rmw_fastrtps_cpp: 5.0.2 (/opt/ros/galactic/share/rmw_fastrtps_cpp/cmake)
[4.607s] -- Using RMW implementation 'rmw_fastrtps_cpp' as default
[4.631s] -- Looking for pthread.h
[5.034s] -- Looking for pthread.h - found
[5.040s] -- Performing Test CMAKE_HAVE_LIBC_PTHREAD
[5.208s] -- Performing Test CMAKE_HAVE_LIBC_PTHREAD - Failed
[5.208s] -- Looking for pthread_create in pthreads
[5.576s] -- Looking for pthread_create in pthreads - not found
[5.578s] -- Looking for pthread_create in pthread
[5.713s] -- Looking for pthread_create in pthread - found
[5.716s] -- Found Threads: TRUE  
[6.160s] -- Found rclcpp_action: 9.2.1 (/opt/ros/galactic/share/rclcpp_action/cmake)
[6.529s] -- Found rosidl_default_generators: 1.1.1 (/opt/ros/galactic/share/rosidl_default_generators/cmake)
[6.570s] -- Found std_srvs: 2.2.4 (/opt/ros/galactic/share/std_srvs/cmake)
[6.707s] -- Found PythonInterp: /usr/bin/python3 (found version "3.8.10") 
[7.109s] -- Found ament_cmake_ros: 0.9.2 (/opt/ros/galactic/share/ament_cmake_ros/cmake)
[7.287s] -- Using all available rosidl_typesupport_c: rosidl_typesupport_fastrtps_c;rosidl_typesupport_introspection_c
[7.330s] -- Using all available rosidl_typesupport_cpp: rosidl_typesupport_fastrtps_cpp;rosidl_typesupport_introspection_cpp
[7.408s] -- Found PythonInterp: /usr/bin/python3 (found suitable version "3.8.10", minimum required is "3.5") 
[7.408s] -- Found python_cmake_module: 0.8.1 (/opt/ros/galactic/share/python_cmake_module/cmake)
[7.486s] -- Found PythonLibs: /usr/lib/x86_64-linux-gnu/libpython3.8.so (found suitable version "3.8.10", minimum required is "3.5") 
[7.487s] -- Using PYTHON_EXECUTABLE: /usr/bin/python3
[7.487s] -- Using PYTHON_INCLUDE_DIRS: /usr/include/python3.8
[7.487s] -- Using PYTHON_LIBRARIES: /usr/lib/x86_64-linux-gnu/libpython3.8.so
[7.536s] -- Found PythonExtra: .so  
[7.688s] -- Configuring done
[8.527s] -- Generating done
[8.664s] -- Build files have been written to: /home/aisd/ros2_ws/build/turtlesim
[8.678s] Invoked command in '/home/aisd/ros2_ws/build/turtlesim' returned '0': CMAKE_PREFIX_PATH=/opt/ros/galactic /usr/bin/cmake /home/aisd/ros2_ws/src/ros_tutorials/turtlesim -DCMAKE_INSTALL_PREFIX=/home/aisd/ros2_ws/install/turtlesim
[8.679s] Invoking command in '/home/aisd/ros2_ws/build/turtlesim': CMAKE_PREFIX_PATH=/opt/ros/galactic /usr/bin/cmake --build /home/aisd/ros2_ws/build/turtlesim -- -j2 -l2
[8.807s] [35m[1mScanning dependencies of target turtlesim__cpp[0m
[8.843s] [  1%] [34m[1mGenerating C code for ROS interfaces[0m
[9.572s] [  2%] [34m[1mGenerating C++ code for ROS interfaces[0m
[13.048s] [35m[1mScanning dependencies of target turtlesim__rosidl_generator_c[0m
[13.062s] [  2%] Built target turtlesim__cpp
[13.077s] [  3%] [34m[1mGenerating C++ type support dispatch for ROS interfaces[0m
[13.424s] [  4%] [32mBuilding C object CMakeFiles/turtlesim__rosidl_generator_c.dir/rosidl_generator_c/turtlesim/action/detail/rotate_absolute__functions.c.o[0m
[13.679s] [  5%] [32mBuilding C object CMakeFiles/turtlesim__rosidl_generator_c.dir/rosidl_generator_c/turtlesim/msg/detail/color__functions.c.o[0m
[13.776s] [  6%] [32mBuilding C object CMakeFiles/turtlesim__rosidl_generator_c.dir/rosidl_generator_c/turtlesim/msg/detail/pose__functions.c.o[0m
[13.875s] [35m[1mScanning dependencies of target turtlesim__rosidl_typesupport_cpp[0m
[13.898s] [  7%] [32mBuilding C object CMakeFiles/turtlesim__rosidl_generator_c.dir/rosidl_generator_c/turtlesim/srv/detail/kill__functions.c.o[0m
[14.007s] [  8%] [32mBuilding C object CMakeFiles/turtlesim__rosidl_generator_c.dir/rosidl_generator_c/turtlesim/srv/detail/set_pen__functions.c.o[0m
[14.035s] [  9%] [32mBuilding CXX object CMakeFiles/turtlesim__rosidl_typesupport_cpp.dir/rosidl_typesupport_cpp/turtlesim/action/rotate_absolute__type_support.cpp.o[0m
[14.164s] [ 10%] [32mBuilding C object CMakeFiles/turtlesim__rosidl_generator_c.dir/rosidl_generator_c/turtlesim/srv/detail/spawn__functions.c.o[0m
[14.835s] [ 11%] [32mBuilding C object CMakeFiles/turtlesim__rosidl_generator_c.dir/rosidl_generator_c/turtlesim/srv/detail/teleport_absolute__functions.c.o[0m
[15.153s] [ 12%] [32mBuilding C object CMakeFiles/turtlesim__rosidl_generator_c.dir/rosidl_generator_c/turtlesim/srv/detail/teleport_relative__functions.c.o[0m
[15.668s] [ 13%] [32mBuilding CXX object CMakeFiles/turtlesim__rosidl_typesupport_cpp.dir/rosidl_typesupport_cpp/turtlesim/msg/color__type_support.cpp.o[0m
[15.781s] [ 14%] [32m[1mLinking C shared library libturtlesim__rosidl_generator_c.so[0m
[16.484s] [ 14%] Built target turtlesim__rosidl_generator_c
[16.594s] [ 15%] [34m[1mGenerating C++ introspection for ROS interfaces[0m
[16.702s] [ 16%] [32mBuilding CXX object CMakeFiles/turtlesim__rosidl_typesupport_cpp.dir/rosidl_typesupport_cpp/turtlesim/msg/pose__type_support.cpp.o[0m
[17.301s] [ 17%] [32mBuilding CXX object CMakeFiles/turtlesim__rosidl_typesupport_cpp.dir/rosidl_typesupport_cpp/turtlesim/srv/kill__type_support.cpp.o[0m
[17.851s] [ 18%] [32mBuilding CXX object CMakeFiles/turtlesim__rosidl_typesupport_cpp.dir/rosidl_typesupport_cpp/turtlesim/srv/set_pen__type_support.cpp.o[0m
[18.158s] [35m[1mScanning dependencies of target turtlesim__rosidl_typesupport_introspection_cpp[0m
[18.199s] [ 19%] [32mBuilding CXX object CMakeFiles/turtlesim__rosidl_typesupport_introspection_cpp.dir/rosidl_typesupport_introspection_cpp/turtlesim/action/detail/rotate_absolute__type_support.cpp.o[0m
[18.308s] [ 20%] [32mBuilding CXX object CMakeFiles/turtlesim__rosidl_typesupport_cpp.dir/rosidl_typesupport_cpp/turtlesim/srv/spawn__type_support.cpp.o[0m
[18.686s] [ 21%] [32mBuilding CXX object CMakeFiles/turtlesim__rosidl_typesupport_cpp.dir/rosidl_typesupport_cpp/turtlesim/srv/teleport_absolute__type_support.cpp.o[0m
[19.093s] [ 22%] [32mBuilding CXX object CMakeFiles/turtlesim__rosidl_typesupport_cpp.dir/rosidl_typesupport_cpp/turtlesim/srv/teleport_relative__type_support.cpp.o[0m
[19.120s] [ 23%] [32mBuilding CXX object CMakeFiles/turtlesim__rosidl_typesupport_introspection_cpp.dir/rosidl_typesupport_introspection_cpp/turtlesim/msg/detail/color__type_support.cpp.o[0m
[19.520s] [ 24%] [32m[1mLinking CXX shared library libturtlesim__rosidl_typesupport_cpp.so[0m
[19.608s] [ 25%] [32mBuilding CXX object CMakeFiles/turtlesim__rosidl_typesupport_introspection_cpp.dir/rosidl_typesupport_introspection_cpp/turtlesim/msg/detail/pose__type_support.cpp.o[0m
[19.625s] [ 25%] Built target turtlesim__rosidl_typesupport_cpp
[19.673s] [ 26%] [34m[1mGenerating C++ type support for eProsima Fast-RTPS[0m
[20.010s] [ 27%] [32mBuilding CXX object CMakeFiles/turtlesim__rosidl_typesupport_introspection_cpp.dir/rosidl_typesupport_introspection_cpp/turtlesim/srv/detail/kill__type_support.cpp.o[0m
[20.899s] [ 28%] [32mBuilding CXX object CMakeFiles/turtlesim__rosidl_typesupport_introspection_cpp.dir/rosidl_typesupport_introspection_cpp/turtlesim/srv/detail/set_pen__type_support.cpp.o[0m
[22.000s] [ 29%] [32mBuilding CXX object CMakeFiles/turtlesim__rosidl_typesupport_introspection_cpp.dir/rosidl_typesupport_introspection_cpp/turtlesim/srv/detail/spawn__type_support.cpp.o[0m
[22.921s] [ 30%] [32mBuilding CXX object CMakeFiles/turtlesim__rosidl_typesupport_introspection_cpp.dir/rosidl_typesupport_introspection_cpp/turtlesim/srv/detail/teleport_absolute__type_support.cpp.o[0m
[22.951s] [35m[1mScanning dependencies of target turtlesim__rosidl_typesupport_fastrtps_cpp[0m
[23.017s] [ 31%] [32mBuilding CXX object CMakeFiles/turtlesim__rosidl_typesupport_fastrtps_cpp.dir/rosidl_typesupport_fastrtps_cpp/turtlesim/action/detail/dds_fastrtps/rotate_absolute__type_support.cpp.o[0m
[23.253s] [ 32%] [32mBuilding CXX object CMakeFiles/turtlesim__rosidl_typesupport_introspection_cpp.dir/rosidl_typesupport_introspection_cpp/turtlesim/srv/detail/teleport_relative__type_support.cpp.o[0m
[23.721s] [ 33%] [32m[1mLinking CXX shared library libturtlesim__rosidl_typesupport_introspection_cpp.so[0m
[23.727s] [ 34%] [32mBuilding CXX object CMakeFiles/turtlesim__rosidl_typesupport_fastrtps_cpp.dir/rosidl_typesupport_fastrtps_cpp/turtlesim/msg/detail/dds_fastrtps/color__type_support.cpp.o[0m
[23.829s] [ 34%] Built target turtlesim__rosidl_typesupport_introspection_cpp
[23.854s] [ 35%] [34m[1mGenerating C introspection for ROS interfaces[0m
[24.296s] [ 36%] [32mBuilding CXX object CMakeFiles/turtlesim__rosidl_typesupport_fastrtps_cpp.dir/rosidl_typesupport_fastrtps_cpp/turtlesim/msg/detail/dds_fastrtps/pose__type_support.cpp.o[0m
[24.678s] [35m[1mScanning dependencies of target turtlesim__rosidl_typesupport_introspection_c[0m
[24.714s] [ 37%] [32mBuilding C object CMakeFiles/turtlesim__rosidl_typesupport_introspection_c.dir/rosidl_typesupport_introspection_c/turtlesim/action/detail/rotate_absolute__type_support.c.o[0m
[24.786s] [ 38%] [32mBuilding C object CMakeFiles/turtlesim__rosidl_typesupport_introspection_c.dir/rosidl_typesupport_introspection_c/turtlesim/msg/detail/color__type_support.c.o[0m
[24.897s] [ 39%] [32mBuilding C object CMakeFiles/turtlesim__rosidl_typesupport_introspection_c.dir/rosidl_typesupport_introspection_c/turtlesim/msg/detail/pose__type_support.c.o[0m
[25.035s] [ 40%] [32mBuilding C object CMakeFiles/turtlesim__rosidl_typesupport_introspection_c.dir/rosidl_typesupport_introspection_c/turtlesim/srv/detail/kill__type_support.c.o[0m
[25.049s] [ 41%] [32mBuilding CXX object CMakeFiles/turtlesim__rosidl_typesupport_fastrtps_cpp.dir/rosidl_typesupport_fastrtps_cpp/turtlesim/srv/detail/dds_fastrtps/kill__type_support.cpp.o[0m
[25.123s] [ 42%] [32mBuilding C object CMakeFiles/turtlesim__rosidl_typesupport_introspection_c.dir/rosidl_typesupport_introspection_c/turtlesim/srv/detail/set_pen__type_support.c.o[0m
[25.189s] [ 43%] [32mBuilding C object CMakeFiles/turtlesim__rosidl_typesupport_introspection_c.dir/rosidl_typesupport_introspection_c/turtlesim/srv/detail/spawn__type_support.c.o[0m
[25.268s] [ 44%] [32mBuilding C object CMakeFiles/turtlesim__rosidl_typesupport_introspection_c.dir/rosidl_typesupport_introspection_c/turtlesim/srv/detail/teleport_absolute__type_support.c.o[0m
[25.336s] [ 45%] [32mBuilding C object CMakeFiles/turtlesim__rosidl_typesupport_introspection_c.dir/rosidl_typesupport_introspection_c/turtlesim/srv/detail/teleport_relative__type_support.c.o[0m
[25.405s] [ 46%] [32m[1mLinking C shared library libturtlesim__rosidl_typesupport_introspection_c.so[0m
[25.488s] [ 46%] Built target turtlesim__rosidl_typesupport_introspection_c
[25.514s] [ 47%] [34m[1mGenerating C type support dispatch for ROS interfaces[0m
[25.624s] [ 48%] [32mBuilding CXX object CMakeFiles/turtlesim__rosidl_typesupport_fastrtps_cpp.dir/rosidl_typesupport_fastrtps_cpp/turtlesim/srv/detail/dds_fastrtps/set_pen__type_support.cpp.o[0m
[26.269s] [ 49%] [32mBuilding CXX object CMakeFiles/turtlesim__rosidl_typesupport_fastrtps_cpp.dir/rosidl_typesupport_fastrtps_cpp/turtlesim/srv/detail/dds_fastrtps/spawn__type_support.cpp.o[0m
[27.732s] [35m[1mScanning dependencies of target turtlesim__rosidl_typesupport_c[0m
[27.796s] [ 50%] [32mBuilding CXX object CMakeFiles/turtlesim__rosidl_typesupport_fastrtps_cpp.dir/rosidl_typesupport_fastrtps_cpp/turtlesim/srv/detail/dds_fastrtps/teleport_absolute__type_support.cpp.o[0m
[28.023s] [ 51%] [32mBuilding CXX object CMakeFiles/turtlesim__rosidl_typesupport_c.dir/rosidl_typesupport_c/turtlesim/action/rotate_absolute__type_support.cpp.o[0m
[28.213s] [ 52%] [32mBuilding CXX object CMakeFiles/turtlesim__rosidl_typesupport_c.dir/rosidl_typesupport_c/turtlesim/msg/color__type_support.cpp.o[0m
[28.697s] [ 53%] [32mBuilding CXX object CMakeFiles/turtlesim__rosidl_typesupport_c.dir/rosidl_typesupport_c/turtlesim/msg/pose__type_support.cpp.o[0m
[28.836s] [ 54%] [32mBuilding CXX object CMakeFiles/turtlesim__rosidl_typesupport_fastrtps_cpp.dir/rosidl_typesupport_fastrtps_cpp/turtlesim/srv/detail/dds_fastrtps/teleport_relative__type_support.cpp.o[0m
[28.891s] [ 55%] [32mBuilding CXX object CMakeFiles/turtlesim__rosidl_typesupport_c.dir/rosidl_typesupport_c/turtlesim/srv/kill__type_support.cpp.o[0m
[29.011s] [ 56%] [32mBuilding CXX object CMakeFiles/turtlesim__rosidl_typesupport_c.dir/rosidl_typesupport_c/turtlesim/srv/set_pen__type_support.cpp.o[0m
[29.162s] [ 57%] [32mBuilding CXX object CMakeFiles/turtlesim__rosidl_typesupport_c.dir/rosidl_typesupport_c/turtlesim/srv/spawn__type_support.cpp.o[0m
[29.485s] [ 58%] [32mBuilding CXX object CMakeFiles/turtlesim__rosidl_typesupport_c.dir/rosidl_typesupport_c/turtlesim/srv/teleport_absolute__type_support.cpp.o[0m
[29.525s] [ 59%] [32m[1mLinking CXX shared library libturtlesim__rosidl_typesupport_fastrtps_cpp.so[0m
[29.532s] [ 60%] [32mBuilding CXX object CMakeFiles/turtlesim__rosidl_typesupport_c.dir/rosidl_typesupport_c/turtlesim/srv/teleport_relative__type_support.cpp.o[0m
[29.600s] [ 61%] [32m[1mLinking CXX shared library libturtlesim__rosidl_typesupport_c.so[0m
[29.761s] [ 61%] Built target turtlesim__rosidl_typesupport_fastrtps_cpp
[29.802s] [ 62%] [34m[1mGenerating C type support for eProsima Fast-RTPS[0m
[30.062s] [ 62%] Built target turtlesim__rosidl_typesupport_c
[30.701s] [35m[1mScanning dependencies of target turtlesim__rosidl_typesupport_fastrtps_c[0m
[30.743s] [ 63%] [32mBuilding CXX object CMakeFiles/turtlesim__rosidl_typesupport_fastrtps_c.dir/rosidl_typesupport_fastrtps_c/turtlesim/action/detail/rotate_absolute__type_support_c.cpp.o[0m
[30.748s] [ 64%] [32mBuilding CXX object CMakeFiles/turtlesim__rosidl_typesupport_fastrtps_c.dir/rosidl_typesupport_fastrtps_c/turtlesim/msg/detail/color__type_support_c.cpp.o[0m
[31.257s] [ 65%] [32mBuilding CXX object CMakeFiles/turtlesim__rosidl_typesupport_fastrtps_c.dir/rosidl_typesupport_fastrtps_c/turtlesim/msg/detail/pose__type_support_c.cpp.o[0m
[31.333s] [ 66%] [32mBuilding CXX object CMakeFiles/turtlesim__rosidl_typesupport_fastrtps_c.dir/rosidl_typesupport_fastrtps_c/turtlesim/srv/detail/kill__type_support_c.cpp.o[0m
[31.868s] [ 67%] [32mBuilding CXX object CMakeFiles/turtlesim__rosidl_typesupport_fastrtps_c.dir/rosidl_typesupport_fastrtps_c/turtlesim/srv/detail/set_pen__type_support_c.cpp.o[0m
[32.116s] [ 68%] [32mBuilding CXX object CMakeFiles/turtlesim__rosidl_typesupport_fastrtps_c.dir/rosidl_typesupport_fastrtps_c/turtlesim/srv/detail/spawn__type_support_c.cpp.o[0m
[32.921s] [ 69%] [32mBuilding CXX object CMakeFiles/turtlesim__rosidl_typesupport_fastrtps_c.dir/rosidl_typesupport_fastrtps_c/turtlesim/srv/detail/teleport_absolute__type_support_c.cpp.o[0m
[33.588s] [ 70%] [32mBuilding CXX object CMakeFiles/turtlesim__rosidl_typesupport_fastrtps_c.dir/rosidl_typesupport_fastrtps_c/turtlesim/srv/detail/teleport_relative__type_support_c.cpp.o[0m
[34.426s] [ 71%] [32m[1mLinking CXX shared library libturtlesim__rosidl_typesupport_fastrtps_c.so[0m
[34.554s] [ 71%] Built target turtlesim__rosidl_typesupport_fastrtps_c
[34.574s] [35m[1mScanning dependencies of target turtlesim[0m
[34.592s] [ 71%] Built target turtlesim
[34.608s] [35m[1mScanning dependencies of target draw_square[0m
[34.609s] [35m[1mScanning dependencies of target mimic[0m
[35.468s] [ 72%] [32mBuilding CXX object CMakeFiles/draw_square.dir/tutorials/draw_square.cpp.o[0m
[35.475s] [ 73%] [32mBuilding CXX object CMakeFiles/mimic.dir/tutorials/mimic.cpp.o[0m
[54.473s] [ 74%] [32m[1mLinking CXX executable mimic[0m
[54.882s] [ 75%] [32m[1mLinking CXX executable draw_square[0m
[56.111s] [ 75%] Built target draw_square
[56.160s] [ 75%] Built target mimic
[56.213s] [35m[1mScanning dependencies of target turtlesim__py[0m
[56.228s] [ 76%] [34m[1mGenerating Python code for ROS interfaces[0m
[59.587s] [ 76%] Built target turtlesim__py
[59.601s] [35m[1mScanning dependencies of target turtle_teleop_key[0m
[59.756s] [ 77%] [32mBuilding CXX object CMakeFiles/turtle_teleop_key.dir/tutorials/teleop_turtle_key.cpp.o[0m
[67.165s] [ 78%] [32m[1mLinking CXX executable turtle_teleop_key[0m
[67.476s] [ 78%] Built target turtle_teleop_key
[67.498s] [ 79%] [34m[1mGenerating include/turtlesim/moc_turtle_frame.cpp[0m
[68.019s] [35m[1mScanning dependencies of target turtlesim_node[0m
[68.236s] [ 80%] [32mBuilding CXX object CMakeFiles/turtlesim_node.dir/src/turtlesim.cpp.o[0m
[73.712s] [ 81%] [32mBuilding CXX object CMakeFiles/turtlesim_node.dir/src/turtle.cpp.o[0m
[93.042s] [ 82%] [32mBuilding CXX object CMakeFiles/turtlesim_node.dir/src/turtle_frame.cpp.o[0m
[107.952s] [ 83%] [32mBuilding CXX object CMakeFiles/turtlesim_node.dir/include/turtlesim/moc_turtle_frame.cpp.o[0m
[112.898s] [ 84%] [32m[1mLinking CXX executable turtlesim_node[0m
[115.756s] [ 84%] Built target turtlesim_node
[115.769s] [35m[1mScanning dependencies of target turtlesim__python[0m
[115.816s] [ 85%] [32mBuilding C object CMakeFiles/turtlesim__python.dir/rosidl_generator_py/turtlesim/msg/_color_s.c.o[0m
[115.819s] [ 86%] [32mBuilding C object CMakeFiles/turtlesim__python.dir/rosidl_generator_py/turtlesim/action/_rotate_absolute_s.c.o[0m
[115.962s] [ 87%] [32mBuilding C object CMakeFiles/turtlesim__python.dir/rosidl_generator_py/turtlesim/msg/_pose_s.c.o[0m
[116.062s] [ 88%] [32mBuilding C object CMakeFiles/turtlesim__python.dir/rosidl_generator_py/turtlesim/srv/_kill_s.c.o[0m
[116.087s] [ 89%] [32mBuilding C object CMakeFiles/turtlesim__python.dir/rosidl_generator_py/turtlesim/srv/_set_pen_s.c.o[0m
[116.160s] [ 90%] [32mBuilding C object CMakeFiles/turtlesim__python.dir/rosidl_generator_py/turtlesim/srv/_spawn_s.c.o[0m
[116.242s] [ 91%] [32mBuilding C object CMakeFiles/turtlesim__python.dir/rosidl_generator_py/turtlesim/srv/_teleport_absolute_s.c.o[0m
[116.262s] [ 92%] [32mBuilding C object CMakeFiles/turtlesim__python.dir/rosidl_generator_py/turtlesim/srv/_teleport_relative_s.c.o[0m
[116.390s] [ 93%] [32m[1mLinking C shared library rosidl_generator_py/turtlesim/libturtlesim__python.so[0m
[116.467s] [ 93%] Built target turtlesim__python
[116.485s] [35m[1mScanning dependencies of target turtlesim__rosidl_typesupport_fastrtps_c__pyext[0m
[116.487s] [35m[1mScanning dependencies of target turtlesim__rosidl_typesupport_introspection_c__pyext[0m
[116.520s] [ 94%] [32mBuilding C object CMakeFiles/turtlesim__rosidl_typesupport_introspection_c__pyext.dir/rosidl_generator_py/turtlesim/_turtlesim_s.ep.rosidl_typesupport_introspection_c.c.o[0m
[116.524s] [ 95%] [32mBuilding C object CMakeFiles/turtlesim__rosidl_typesupport_fastrtps_c__pyext.dir/rosidl_generator_py/turtlesim/_turtlesim_s.ep.rosidl_typesupport_fastrtps_c.c.o[0m
[116.679s] [ 96%] [32m[1mLinking C shared library rosidl_generator_py/turtlesim/turtlesim_s__rosidl_typesupport_introspection_c.cpython-38-x86_64-linux-gnu.so[0m
[116.706s] [ 97%] [32m[1mLinking CXX shared library rosidl_generator_py/turtlesim/turtlesim_s__rosidl_typesupport_fastrtps_c.cpython-38-x86_64-linux-gnu.so[0m
[116.747s] [ 97%] Built target turtlesim__rosidl_typesupport_introspection_c__pyext
[116.772s] [35m[1mScanning dependencies of target turtlesim__rosidl_typesupport_c__pyext[0m
[116.795s] [ 97%] Built target turtlesim__rosidl_typesupport_fastrtps_c__pyext
[116.806s] [ 98%] [32mBuilding C object CMakeFiles/turtlesim__rosidl_typesupport_c__pyext.dir/rosidl_generator_py/turtlesim/_turtlesim_s.ep.rosidl_typesupport_c.c.o[0m
[117.009s] [100%] [32m[1mLinking C shared library rosidl_generator_py/turtlesim/turtlesim_s__rosidl_typesupport_c.cpython-38-x86_64-linux-gnu.so[0m
[117.070s] [100%] Built target turtlesim__rosidl_typesupport_c__pyext
[117.095s] Invoked command in '/home/aisd/ros2_ws/build/turtlesim' returned '0': CMAKE_PREFIX_PATH=/opt/ros/galactic /usr/bin/cmake --build /home/aisd/ros2_ws/build/turtlesim -- -j2 -l2
[117.573s] Invoking command in '/home/aisd/ros2_ws/build/turtlesim': CMAKE_PREFIX_PATH=/opt/ros/galactic /usr/bin/cmake --install /home/aisd/ros2_ws/build/turtlesim
[117.592s] -- Install configuration: ""
[117.592s] -- Installing: /home/aisd/ros2_ws/install/turtlesim/share/ament_index/resource_index/rosidl_interfaces/turtlesim
[117.593s] -- Installing: /home/aisd/ros2_ws/install/turtlesim/include/turtlesim
[117.593s] -- Installing: /home/aisd/ros2_ws/install/turtlesim/include/turtlesim/msg
[117.593s] -- Installing: /home/aisd/ros2_ws/install/turtlesim/include/turtlesim/msg/color.h
[117.594s] -- Installing: /home/aisd/ros2_ws/install/turtlesim/include/turtlesim/msg/rosidl_generator_c__visibility_control.h
[117.594s] -- Installing: /home/aisd/ros2_ws/install/turtlesim/include/turtlesim/msg/pose.h
[117.594s] -- Installing: /home/aisd/ros2_ws/install/turtlesim/include/turtlesim/msg/detail
[117.595s] -- Installing: /home/aisd/ros2_ws/install/turtlesim/include/turtlesim/msg/detail/color__functions.c
[117.595s] -- Installing: /home/aisd/ros2_ws/install/turtlesim/include/turtlesim/msg/detail/pose__functions.c
[117.596s] -- Installing: /home/aisd/ros2_ws/install/turtlesim/include/turtlesim/msg/detail/pose__struct.h
[117.596s] -- Installing: /home/aisd/ros2_ws/install/turtlesim/include/turtlesim/msg/detail/color__type_support.h
[117.597s] -- Installing: /home/aisd/ros2_ws/install/turtlesim/include/turtlesim/msg/detail/pose__functions.h
[117.597s] -- Installing: /home/aisd/ros2_ws/install/turtlesim/include/turtlesim/msg/detail/color__functions.h
[117.597s] -- Installing: /home/aisd/ros2_ws/install/turtlesim/include/turtlesim/msg/detail/color__struct.h
[117.598s] -- Installing: /home/aisd/ros2_ws/install/turtlesim/include/turtlesim/msg/detail/pose__type_support.h
[117.598s] -- Installing: /home/aisd/ros2_ws/install/turtlesim/include/turtlesim/action
[117.598s] -- Installing: /home/aisd/ros2_ws/install/turtlesim/include/turtlesim/action/rotate_absolute.h
[117.599s] -- Installing: /home/aisd/ros2_ws/install/turtlesim/include/turtlesim/action/detail
[117.600s] -- Installing: /home/aisd/ros2_ws/install/turtlesim/include/turtlesim/action/detail/rotate_absolute__type_support.h
[117.600s] -- Installing: /home/aisd/ros2_ws/install/turtlesim/include/turtlesim/action/detail/rotate_absolute__functions.h
[117.600s] -- Installing: /home/aisd/ros2_ws/install/turtlesim/include/turtlesim/action/detail/rotate_absolute__struct.h
[117.600s] -- Installing: /home/aisd/ros2_ws/install/turtlesim/include/turtlesim/action/detail/rotate_absolute__functions.c
[117.601s] -- Installing: /home/aisd/ros2_ws/install/turtlesim/include/turtlesim/srv
[117.601s] -- Installing: /home/aisd/ros2_ws/install/turtlesim/include/turtlesim/srv/teleport_absolute.h
[117.602s] -- Installing: /home/aisd/ros2_ws/install/turtlesim/include/turtlesim/srv/set_pen.h
[117.602s] -- Installing: /home/aisd/ros2_ws/install/turtlesim/include/turtlesim/srv/teleport_relative.h
[117.602s] -- Installing: /home/aisd/ros2_ws/install/turtlesim/include/turtlesim/srv/detail
[117.604s] -- Installing: /home/aisd/ros2_ws/install/turtlesim/include/turtlesim/srv/detail/teleport_absolute__type_support.h
[117.604s] -- Installing: /home/aisd/ros2_ws/install/turtlesim/include/turtlesim/srv/detail/teleport_absolute__functions.c
[117.604s] -- Installing: /home/aisd/ros2_ws/install/turtlesim/include/turtlesim/srv/detail/kill__functions.h
[117.604s] -- Installing: /home/aisd/ros2_ws/install/turtlesim/include/turtlesim/srv/detail/teleport_relative__functions.h
[117.605s] -- Installing: /home/aisd/ros2_ws/install/turtlesim/include/turtlesim/srv/detail/teleport_relative__type_support.h
[117.605s] -- Installing: /home/aisd/ros2_ws/install/turtlesim/include/turtlesim/srv/detail/set_pen__functions.c
[117.605s] -- Installing: /home/aisd/ros2_ws/install/turtlesim/include/turtlesim/srv/detail/spawn__type_support.h
[117.605s] -- Installing: /home/aisd/ros2_ws/install/turtlesim/include/turtlesim/srv/detail/teleport_absolute__functions.h
[117.606s] -- Installing: /home/aisd/ros2_ws/install/turtlesim/include/turtlesim/srv/detail/spawn__functions.c
[117.606s] -- Installing: /home/aisd/ros2_ws/install/turtlesim/include/turtlesim/srv/detail/set_pen__functions.h
[117.606s] -- Installing: /home/aisd/ros2_ws/install/turtlesim/include/turtlesim/srv/detail/teleport_absolute__struct.h
[117.607s] -- Installing: /home/aisd/ros2_ws/install/turtlesim/include/turtlesim/srv/detail/kill__type_support.h
[117.607s] -- Installing: /home/aisd/ros2_ws/install/turtlesim/include/turtlesim/srv/detail/set_pen__struct.h
[117.607s] -- Installing: /home/aisd/ros2_ws/install/turtlesim/include/turtlesim/srv/detail/spawn__functions.h
[117.607s] -- Installing: /home/aisd/ros2_ws/install/turtlesim/include/turtlesim/srv/detail/kill__struct.h
[117.608s] -- Installing: /home/aisd/ros2_ws/install/turtlesim/include/turtlesim/srv/detail/teleport_relative__functions.c
[117.608s] -- Installing: /home/aisd/ros2_ws/install/turtlesim/include/turtlesim/srv/detail/set_pen__type_support.h
[117.609s] -- Installing: /home/aisd/ros2_ws/install/turtlesim/include/turtlesim/srv/detail/spawn__struct.h
[117.609s] -- Installing: /home/aisd/ros2_ws/install/turtlesim/include/turtlesim/srv/detail/kill__functions.c
[117.609s] -- Installing: /home/aisd/ros2_ws/install/turtlesim/include/turtlesim/srv/detail/teleport_relative__struct.h
[117.610s] -- Installing: /home/aisd/ros2_ws/install/turtlesim/include/turtlesim/srv/kill.h
[117.610s] -- Installing: /home/aisd/ros2_ws/install/turtlesim/include/turtlesim/srv/spawn.h
[117.610s] -- Installing: /home/aisd/ros2_ws/install/turtlesim/share/turtlesim/environment/library_path.sh
[117.611s] -- Installing: /home/aisd/ros2_ws/install/turtlesim/share/turtlesim/environment/library_path.dsv
[117.612s] -- Installing: /home/aisd/ros2_ws/install/turtlesim/lib/libturtlesim__rosidl_generator_c.so
[117.613s] -- Set runtime path of "/home/aisd/ros2_ws/install/turtlesim/lib/libturtlesim__rosidl_generator_c.so" to ""
[117.614s] -- Up-to-date: /home/aisd/ros2_ws/install/turtlesim/include/turtlesim
[117.614s] -- Up-to-date: /home/aisd/ros2_ws/install/turtlesim/include/turtlesim/msg
[117.615s] -- Installing: /home/aisd/ros2_ws/install/turtlesim/include/turtlesim/msg/rosidl_typesupport_fastrtps_c__visibility_control.h
[117.615s] -- Up-to-date: /home/aisd/ros2_ws/install/turtlesim/include/turtlesim/msg/detail
[117.615s] -- Installing: /home/aisd/ros2_ws/install/turtlesim/include/turtlesim/msg/detail/pose__rosidl_typesupport_fastrtps_c.h
[117.615s] -- Installing: /home/aisd/ros2_ws/install/turtlesim/include/turtlesim/msg/detail/color__rosidl_typesupport_fastrtps_c.h
[117.615s] -- Up-to-date: /home/aisd/ros2_ws/install/turtlesim/include/turtlesim/action
[117.615s] -- Up-to-date: /home/aisd/ros2_ws/install/turtlesim/include/turtlesim/action/detail
[117.616s] -- Installing: /home/aisd/ros2_ws/install/turtlesim/include/turtlesim/action/detail/rotate_absolute__rosidl_typesupport_fastrtps_c.h
[117.616s] -- Up-to-date: /home/aisd/ros2_ws/install/turtlesim/include/turtlesim/srv
[117.616s] -- Up-to-date: /home/aisd/ros2_ws/install/turtlesim/include/turtlesim/srv/detail
[117.616s] -- Installing: /home/aisd/ros2_ws/install/turtlesim/include/turtlesim/srv/detail/spawn__rosidl_typesupport_fastrtps_c.h
[117.616s] -- Installing: /home/aisd/ros2_ws/install/turtlesim/include/turtlesim/srv/detail/teleport_relative__rosidl_typesupport_fastrtps_c.h
[117.617s] -- Installing: /home/aisd/ros2_ws/install/turtlesim/include/turtlesim/srv/detail/teleport_absolute__rosidl_typesupport_fastrtps_c.h
[117.617s] -- Installing: /home/aisd/ros2_ws/install/turtlesim/include/turtlesim/srv/detail/set_pen__rosidl_typesupport_fastrtps_c.h
[117.618s] -- Installing: /home/aisd/ros2_ws/install/turtlesim/include/turtlesim/srv/detail/kill__rosidl_typesupport_fastrtps_c.h
[117.618s] -- Installing: /home/aisd/ros2_ws/install/turtlesim/lib/libturtlesim__rosidl_typesupport_fastrtps_c.so
[117.619s] -- Set runtime path of "/home/aisd/ros2_ws/install/turtlesim/lib/libturtlesim__rosidl_typesupport_fastrtps_c.so" to ""
[117.619s] -- Up-to-date: /home/aisd/ros2_ws/install/turtlesim/include/turtlesim
[117.620s] -- Up-to-date: /home/aisd/ros2_ws/install/turtlesim/include/turtlesim/msg
[117.620s] -- Installing: /home/aisd/ros2_ws/install/turtlesim/include/turtlesim/msg/rosidl_typesupport_fastrtps_cpp__visibility_control.h
[117.620s] -- Up-to-date: /home/aisd/ros2_ws/install/turtlesim/include/turtlesim/msg/detail
[117.621s] -- Installing: /home/aisd/ros2_ws/install/turtlesim/include/turtlesim/msg/detail/dds_fastrtps
[117.621s] -- Installing: /home/aisd/ros2_ws/install/turtlesim/include/turtlesim/msg/detail/pose__rosidl_typesupport_fastrtps_cpp.hpp
[117.621s] -- Installing: /home/aisd/ros2_ws/install/turtlesim/include/turtlesim/msg/detail/color__rosidl_typesupport_fastrtps_cpp.hpp
[117.622s] -- Up-to-date: /home/aisd/ros2_ws/install/turtlesim/include/turtlesim/action
[117.652s] -- Up-to-date: /home/aisd/ros2_ws/install/turtlesim/include/turtlesim/action/detail
[117.652s] -- Installing: /home/aisd/ros2_ws/install/turtlesim/include/turtlesim/action/detail/dds_fastrtps
[117.652s] -- Installing: /home/aisd/ros2_ws/install/turtlesim/include/turtlesim/action/detail/rotate_absolute__rosidl_typesupport_fastrtps_cpp.hpp
[117.652s] -- Up-to-date: /home/aisd/ros2_ws/install/turtlesim/include/turtlesim/srv
[117.652s] -- Up-to-date: /home/aisd/ros2_ws/install/turtlesim/include/turtlesim/srv/detail
[117.653s] -- Installing: /home/aisd/ros2_ws/install/turtlesim/include/turtlesim/srv/detail/teleport_relative__rosidl_typesupport_fastrtps_cpp.hpp
[117.653s] -- Installing: /home/aisd/ros2_ws/install/turtlesim/include/turtlesim/srv/detail/set_pen__rosidl_typesupport_fastrtps_cpp.hpp
[117.653s] -- Installing: /home/aisd/ros2_ws/install/turtlesim/include/turtlesim/srv/detail/dds_fastrtps
[117.654s] -- Installing: /home/aisd/ros2_ws/install/turtlesim/include/turtlesim/srv/detail/spawn__rosidl_typesupport_fastrtps_cpp.hpp
[117.654s] -- Installing: /home/aisd/ros2_ws/install/turtlesim/include/turtlesim/srv/detail/teleport_absolute__rosidl_typesupport_fastrtps_cpp.hpp
[117.655s] -- Installing: /home/aisd/ros2_ws/install/turtlesim/include/turtlesim/srv/detail/kill__rosidl_typesupport_fastrtps_cpp.hpp
[117.656s] -- Installing: /home/aisd/ros2_ws/install/turtlesim/lib/libturtlesim__rosidl_typesupport_fastrtps_cpp.so
[117.657s] -- Set runtime path of "/home/aisd/ros2_ws/install/turtlesim/lib/libturtlesim__rosidl_typesupport_fastrtps_cpp.so" to ""
[117.657s] -- Up-to-date: /home/aisd/ros2_ws/install/turtlesim/include/turtlesim
[117.657s] -- Up-to-date: /home/aisd/ros2_ws/install/turtlesim/include/turtlesim/msg
[117.657s] -- Installing: /home/aisd/ros2_ws/install/turtlesim/include/turtlesim/msg/rosidl_typesupport_introspection_c__visibility_control.h
[117.658s] -- Up-to-date: /home/aisd/ros2_ws/install/turtlesim/include/turtlesim/msg/detail
[117.658s] -- Installing: /home/aisd/ros2_ws/install/turtlesim/include/turtlesim/msg/detail/color__rosidl_typesupport_introspection_c.h
[117.659s] -- Installing: /home/aisd/ros2_ws/install/turtlesim/include/turtlesim/msg/detail/pose__rosidl_typesupport_introspection_c.h
[117.659s] -- Installing: /home/aisd/ros2_ws/install/turtlesim/include/turtlesim/msg/detail/color__type_support.c
[117.659s] -- Installing: /home/aisd/ros2_ws/install/turtlesim/include/turtlesim/msg/detail/pose__type_support.c
[117.659s] -- Up-to-date: /home/aisd/ros2_ws/install/turtlesim/include/turtlesim/action
[117.660s] -- Up-to-date: /home/aisd/ros2_ws/install/turtlesim/include/turtlesim/action/detail
[117.660s] -- Installing: /home/aisd/ros2_ws/install/turtlesim/include/turtlesim/action/detail/rotate_absolute__type_support.c
[117.660s] -- Installing: /home/aisd/ros2_ws/install/turtlesim/include/turtlesim/action/detail/rotate_absolute__rosidl_typesupport_introspection_c.h
[117.661s] -- Up-to-date: /home/aisd/ros2_ws/install/turtlesim/include/turtlesim/srv
[117.661s] -- Up-to-date: /home/aisd/ros2_ws/install/turtlesim/include/turtlesim/srv/detail
[117.661s] -- Installing: /home/aisd/ros2_ws/install/turtlesim/include/turtlesim/srv/detail/kill__rosidl_typesupport_introspection_c.h
[117.662s] -- Installing: /home/aisd/ros2_ws/install/turtlesim/include/turtlesim/srv/detail/kill__type_support.c
[117.662s] -- Installing: /home/aisd/ros2_ws/install/turtlesim/include/turtlesim/srv/detail/spawn__rosidl_typesupport_introspection_c.h
[117.663s] -- Installing: /home/aisd/ros2_ws/install/turtlesim/include/turtlesim/srv/detail/teleport_relative__rosidl_typesupport_introspection_c.h
[117.663s] -- Installing: /home/aisd/ros2_ws/install/turtlesim/include/turtlesim/srv/detail/teleport_relative__type_support.c
[117.664s] -- Installing: /home/aisd/ros2_ws/install/turtlesim/include/turtlesim/srv/detail/teleport_absolute__rosidl_typesupport_introspection_c.h
[117.664s] -- Installing: /home/aisd/ros2_ws/install/turtlesim/include/turtlesim/srv/detail/set_pen__type_support.c
[117.664s] -- Installing: /home/aisd/ros2_ws/install/turtlesim/include/turtlesim/srv/detail/teleport_absolute__type_support.c
[117.664s] -- Installing: /home/aisd/ros2_ws/install/turtlesim/include/turtlesim/srv/detail/spawn__type_support.c
[117.665s] -- Installing: /home/aisd/ros2_ws/install/turtlesim/include/turtlesim/srv/detail/set_pen__rosidl_typesupport_introspection_c.h
[117.665s] -- Installing: /home/aisd/ros2_ws/install/turtlesim/lib/libturtlesim__rosidl_typesupport_introspection_c.so
[117.666s] -- Set runtime path of "/home/aisd/ros2_ws/install/turtlesim/lib/libturtlesim__rosidl_typesupport_introspection_c.so" to ""
[117.666s] -- Installing: /home/aisd/ros2_ws/install/turtlesim/lib/libturtlesim__rosidl_typesupport_c.so
[117.666s] -- Set runtime path of "/home/aisd/ros2_ws/install/turtlesim/lib/libturtlesim__rosidl_typesupport_c.so" to ""
[117.667s] -- Up-to-date: /home/aisd/ros2_ws/install/turtlesim/include/turtlesim
[117.667s] -- Up-to-date: /home/aisd/ros2_ws/install/turtlesim/include/turtlesim/msg
[117.667s] -- Installing: /home/aisd/ros2_ws/install/turtlesim/include/turtlesim/msg/color.hpp
[117.667s] -- Up-to-date: /home/aisd/ros2_ws/install/turtlesim/include/turtlesim/msg/detail
[117.668s] -- Installing: /home/aisd/ros2_ws/install/turtlesim/include/turtlesim/msg/detail/pose__struct.hpp
[117.668s] -- Installing: /home/aisd/ros2_ws/install/turtlesim/include/turtlesim/msg/detail/color__struct.hpp
[117.668s] -- Installing: /home/aisd/ros2_ws/install/turtlesim/include/turtlesim/msg/detail/color__builder.hpp
[117.668s] -- Installing: /home/aisd/ros2_ws/install/turtlesim/include/turtlesim/msg/detail/pose__traits.hpp
[117.669s] -- Installing: /home/aisd/ros2_ws/install/turtlesim/include/turtlesim/msg/detail/pose__builder.hpp
[117.669s] -- Installing: /home/aisd/ros2_ws/install/turtlesim/include/turtlesim/msg/detail/color__traits.hpp
[117.669s] -- Installing: /home/aisd/ros2_ws/install/turtlesim/include/turtlesim/msg/pose.hpp
[117.669s] -- Up-to-date: /home/aisd/ros2_ws/install/turtlesim/include/turtlesim/action
[117.670s] -- Installing: /home/aisd/ros2_ws/install/turtlesim/include/turtlesim/action/rotate_absolute.hpp
[117.670s] -- Up-to-date: /home/aisd/ros2_ws/install/turtlesim/include/turtlesim/action/detail
[117.670s] -- Installing: /home/aisd/ros2_ws/install/turtlesim/include/turtlesim/action/detail/rotate_absolute__struct.hpp
[117.670s] -- Installing: /home/aisd/ros2_ws/install/turtlesim/include/turtlesim/action/detail/rotate_absolute__builder.hpp
[117.670s] -- Installing: /home/aisd/ros2_ws/install/turtlesim/include/turtlesim/action/detail/rotate_absolute__traits.hpp
[117.671s] -- Up-to-date: /home/aisd/ros2_ws/install/turtlesim/include/turtlesim/srv
[117.671s] -- Installing: /home/aisd/ros2_ws/install/turtlesim/include/turtlesim/srv/teleport_absolute.hpp
[117.672s] -- Installing: /home/aisd/ros2_ws/install/turtlesim/include/turtlesim/srv/set_pen.hpp
[117.672s] -- Installing: /home/aisd/ros2_ws/install/turtlesim/include/turtlesim/srv/kill.hpp
[117.673s] -- Installing: /home/aisd/ros2_ws/install/turtlesim/include/turtlesim/srv/spawn.hpp
[117.673s] -- Installing: /home/aisd/ros2_ws/install/turtlesim/include/turtlesim/srv/teleport_relative.hpp
[117.673s] -- Up-to-date: /home/aisd/ros2_ws/install/turtlesim/include/turtlesim/srv/detail
[117.673s] -- Installing: /home/aisd/ros2_ws/install/turtlesim/include/turtlesim/srv/detail/teleport_relative__struct.hpp
[117.674s] -- Installing: /home/aisd/ros2_ws/install/turtlesim/include/turtlesim/srv/detail/teleport_relative__builder.hpp
[117.674s] -- Installing: /home/aisd/ros2_ws/install/turtlesim/include/turtlesim/srv/detail/kill__struct.hpp
[117.674s] -- Installing: /home/aisd/ros2_ws/install/turtlesim/include/turtlesim/srv/detail/teleport_absolute__struct.hpp
[117.675s] -- Installing: /home/aisd/ros2_ws/install/turtlesim/include/turtlesim/srv/detail/spawn__traits.hpp
[117.676s] -- Installing: /home/aisd/ros2_ws/install/turtlesim/include/turtlesim/srv/detail/teleport_relative__traits.hpp
[117.676s] -- Installing: /home/aisd/ros2_ws/install/turtlesim/include/turtlesim/srv/detail/set_pen__struct.hpp
[117.676s] -- Installing: /home/aisd/ros2_ws/install/turtlesim/include/turtlesim/srv/detail/teleport_absolute__builder.hpp
[117.677s] -- Installing: /home/aisd/ros2_ws/install/turtlesim/include/turtlesim/srv/detail/kill__traits.hpp
[117.677s] -- Installing: /home/aisd/ros2_ws/install/turtlesim/include/turtlesim/srv/detail/set_pen__traits.hpp
[117.678s] -- Installing: /home/aisd/ros2_ws/install/turtlesim/include/turtlesim/srv/detail/spawn__builder.hpp
[117.679s] -- Installing: /home/aisd/ros2_ws/install/turtlesim/include/turtlesim/srv/detail/kill__builder.hpp
[117.679s] -- Installing: /home/aisd/ros2_ws/install/turtlesim/include/turtlesim/srv/detail/spawn__struct.hpp
[117.679s] -- Installing: /home/aisd/ros2_ws/install/turtlesim/include/turtlesim/srv/detail/teleport_absolute__traits.hpp
[117.679s] -- Installing: /home/aisd/ros2_ws/install/turtlesim/include/turtlesim/srv/detail/set_pen__builder.hpp
[117.680s] -- Up-to-date: /home/aisd/ros2_ws/install/turtlesim/include/turtlesim
[117.680s] -- Up-to-date: /home/aisd/ros2_ws/install/turtlesim/include/turtlesim/msg
[117.681s] -- Up-to-date: /home/aisd/ros2_ws/install/turtlesim/include/turtlesim/msg/detail
[117.683s] -- Installing: /home/aisd/ros2_ws/install/turtlesim/include/turtlesim/msg/detail/color__rosidl_typesupport_introspection_cpp.hpp
[117.683s] -- Installing: /home/aisd/ros2_ws/install/turtlesim/include/turtlesim/msg/detail/color__type_support.cpp
[117.683s] -- Installing: /home/aisd/ros2_ws/install/turtlesim/include/turtlesim/msg/detail/pose__rosidl_typesupport_introspection_cpp.hpp
[117.683s] -- Installing: /home/aisd/ros2_ws/install/turtlesim/include/turtlesim/msg/detail/pose__type_support.cpp
[117.683s] -- Up-to-date: /home/aisd/ros2_ws/install/turtlesim/include/turtlesim/action
[117.683s] -- Up-to-date: /home/aisd/ros2_ws/install/turtlesim/include/turtlesim/action/detail
[117.683s] -- Installing: /home/aisd/ros2_ws/install/turtlesim/include/turtlesim/action/detail/rotate_absolute__type_support.cpp
[117.683s] -- Installing: /home/aisd/ros2_ws/install/turtlesim/include/turtlesim/action/detail/rotate_absolute__rosidl_typesupport_introspection_cpp.hpp
[117.684s] -- Up-to-date: /home/aisd/ros2_ws/install/turtlesim/include/turtlesim/srv
[117.684s] -- Up-to-date: /home/aisd/ros2_ws/install/turtlesim/include/turtlesim/srv/detail
[117.686s] -- Installing: /home/aisd/ros2_ws/install/turtlesim/include/turtlesim/srv/detail/spawn__rosidl_typesupport_introspection_cpp.hpp
[117.687s] -- Installing: /home/aisd/ros2_ws/install/turtlesim/include/turtlesim/srv/detail/teleport_absolute__type_support.cpp
[117.687s] -- Installing: /home/aisd/ros2_ws/install/turtlesim/include/turtlesim/srv/detail/kill__rosidl_typesupport_introspection_cpp.hpp
[117.688s] -- Installing: /home/aisd/ros2_ws/install/turtlesim/include/turtlesim/srv/detail/set_pen__rosidl_typesupport_introspection_cpp.hpp
[117.688s] -- Installing: /home/aisd/ros2_ws/install/turtlesim/include/turtlesim/srv/detail/spawn__type_support.cpp
[117.688s] -- Installing: /home/aisd/ros2_ws/install/turtlesim/include/turtlesim/srv/detail/teleport_relative__rosidl_typesupport_introspection_cpp.hpp
[117.689s] -- Installing: /home/aisd/ros2_ws/install/turtlesim/include/turtlesim/srv/detail/teleport_relative__type_support.cpp
[117.689s] -- Installing: /home/aisd/ros2_ws/install/turtlesim/include/turtlesim/srv/detail/kill__type_support.cpp
[117.690s] -- Installing: /home/aisd/ros2_ws/install/turtlesim/include/turtlesim/srv/detail/teleport_absolute__rosidl_typesupport_introspection_cpp.hpp
[117.690s] -- Installing: /home/aisd/ros2_ws/install/turtlesim/include/turtlesim/srv/detail/set_pen__type_support.cpp
[117.690s] -- Installing: /home/aisd/ros2_ws/install/turtlesim/lib/libturtlesim__rosidl_typesupport_introspection_cpp.so
[117.691s] -- Set runtime path of "/home/aisd/ros2_ws/install/turtlesim/lib/libturtlesim__rosidl_typesupport_introspection_cpp.so" to ""
[117.693s] -- Installing: /home/aisd/ros2_ws/install/turtlesim/lib/libturtlesim__rosidl_typesupport_cpp.so
[117.693s] -- Set runtime path of "/home/aisd/ros2_ws/install/turtlesim/lib/libturtlesim__rosidl_typesupport_cpp.so" to ""
[117.693s] -- Installing: /home/aisd/ros2_ws/install/turtlesim/share/turtlesim/environment/pythonpath.sh
[117.693s] -- Installing: /home/aisd/ros2_ws/install/turtlesim/share/turtlesim/environment/pythonpath.dsv
[117.694s] -- Installing: /home/aisd/ros2_ws/install/turtlesim/lib/python3.8/site-packages/turtlesim/__init__.py
[117.725s] Compiling '/home/aisd/ros2_ws/install/turtlesim/lib/python3.8/site-packages/turtlesim/__init__.py'...
[117.729s] -- Installing: /home/aisd/ros2_ws/install/turtlesim/lib/python3.8/site-packages/turtlesim/action
[117.730s] -- Installing: /home/aisd/ros2_ws/install/turtlesim/lib/python3.8/site-packages/turtlesim/action/_rotate_absolute.py
[117.731s] -- Installing: /home/aisd/ros2_ws/install/turtlesim/lib/python3.8/site-packages/turtlesim/action/__init__.py
[117.731s] -- Installing: /home/aisd/ros2_ws/install/turtlesim/lib/python3.8/site-packages/turtlesim/action/_rotate_absolute_s.c
[117.732s] -- Installing: /home/aisd/ros2_ws/install/turtlesim/lib/python3.8/site-packages/turtlesim/msg
[117.732s] -- Installing: /home/aisd/ros2_ws/install/turtlesim/lib/python3.8/site-packages/turtlesim/msg/_color_s.c
[117.733s] -- Installing: /home/aisd/ros2_ws/install/turtlesim/lib/python3.8/site-packages/turtlesim/msg/_pose.py
[117.733s] -- Installing: /home/aisd/ros2_ws/install/turtlesim/lib/python3.8/site-packages/turtlesim/msg/_color.py
[117.733s] -- Installing: /home/aisd/ros2_ws/install/turtlesim/lib/python3.8/site-packages/turtlesim/msg/_pose_s.c
[117.734s] -- Installing: /home/aisd/ros2_ws/install/turtlesim/lib/python3.8/site-packages/turtlesim/msg/__init__.py
[117.734s] -- Installing: /home/aisd/ros2_ws/install/turtlesim/lib/python3.8/site-packages/turtlesim/srv
[117.735s] -- Installing: /home/aisd/ros2_ws/install/turtlesim/lib/python3.8/site-packages/turtlesim/srv/_kill_s.c
[117.735s] -- Installing: /home/aisd/ros2_ws/install/turtlesim/lib/python3.8/site-packages/turtlesim/srv/_kill.py
[117.735s] -- Installing: /home/aisd/ros2_ws/install/turtlesim/lib/python3.8/site-packages/turtlesim/srv/_spawn_s.c
[117.736s] -- Installing: /home/aisd/ros2_ws/install/turtlesim/lib/python3.8/site-packages/turtlesim/srv/_set_pen_s.c
[117.736s] -- Installing: /home/aisd/ros2_ws/install/turtlesim/lib/python3.8/site-packages/turtlesim/srv/_spawn.py
[117.737s] -- Installing: /home/aisd/ros2_ws/install/turtlesim/lib/python3.8/site-packages/turtlesim/srv/__init__.py
[117.737s] -- Installing: /home/aisd/ros2_ws/install/turtlesim/lib/python3.8/site-packages/turtlesim/srv/_teleport_absolute_s.c
[117.738s] -- Installing: /home/aisd/ros2_ws/install/turtlesim/lib/python3.8/site-packages/turtlesim/srv/_set_pen.py
[117.744s] -- Installing: /home/aisd/ros2_ws/install/turtlesim/lib/python3.8/site-packages/turtlesim/srv/_teleport_relative_s.c
[117.745s] -- Installing: /home/aisd/ros2_ws/install/turtlesim/lib/python3.8/site-packages/turtlesim/srv/_teleport_relative.py
[117.745s] -- Installing: /home/aisd/ros2_ws/install/turtlesim/lib/python3.8/site-packages/turtlesim/srv/_teleport_absolute.py
[117.745s] -- Installing: /home/aisd/ros2_ws/install/turtlesim/lib/python3.8/site-packages/turtlesim/turtlesim_s__rosidl_typesupport_fastrtps_c.cpython-38-x86_64-linux-gnu.so
[117.745s] -- Set runtime path of "/home/aisd/ros2_ws/install/turtlesim/lib/python3.8/site-packages/turtlesim/turtlesim_s__rosidl_typesupport_fastrtps_c.cpython-38-x86_64-linux-gnu.so" to ""
[117.745s] -- Installing: /home/aisd/ros2_ws/install/turtlesim/lib/python3.8/site-packages/turtlesim/turtlesim_s__rosidl_typesupport_introspection_c.cpython-38-x86_64-linux-gnu.so
[117.745s] -- Set runtime path of "/home/aisd/ros2_ws/install/turtlesim/lib/python3.8/site-packages/turtlesim/turtlesim_s__rosidl_typesupport_introspection_c.cpython-38-x86_64-linux-gnu.so" to ""
[117.745s] -- Installing: /home/aisd/ros2_ws/install/turtlesim/lib/python3.8/site-packages/turtlesim/turtlesim_s__rosidl_typesupport_c.cpython-38-x86_64-linux-gnu.so
[117.746s] -- Set runtime path of "/home/aisd/ros2_ws/install/turtlesim/lib/python3.8/site-packages/turtlesim/turtlesim_s__rosidl_typesupport_c.cpython-38-x86_64-linux-gnu.so" to ""
[117.746s] -- Installing: /home/aisd/ros2_ws/install/turtlesim/lib/libturtlesim__python.so
[117.746s] -- Set runtime path of "/home/aisd/ros2_ws/install/turtlesim/lib/libturtlesim__python.so" to ""
[117.746s] -- Installing: /home/aisd/ros2_ws/install/turtlesim/share/turtlesim/action/RotateAbsolute.idl
[117.746s] -- Installing: /home/aisd/ros2_ws/install/turtlesim/share/turtlesim/msg/Color.idl
[117.746s] -- Installing: /home/aisd/ros2_ws/install/turtlesim/share/turtlesim/msg/Pose.idl
[117.746s] -- Installing: /home/aisd/ros2_ws/install/turtlesim/share/turtlesim/srv/Kill.idl
[117.747s] -- Installing: /home/aisd/ros2_ws/install/turtlesim/share/turtlesim/srv/SetPen.idl
[117.747s] -- Installing: /home/aisd/ros2_ws/install/turtlesim/share/turtlesim/srv/Spawn.idl
[117.747s] -- Installing: /home/aisd/ros2_ws/install/turtlesim/share/turtlesim/srv/TeleportAbsolute.idl
[117.747s] -- Installing: /home/aisd/ros2_ws/install/turtlesim/share/turtlesim/srv/TeleportRelative.idl
[117.748s] -- Installing: /home/aisd/ros2_ws/install/turtlesim/share/turtlesim/action/RotateAbsolute.action
[117.748s] -- Installing: /home/aisd/ros2_ws/install/turtlesim/share/turtlesim/msg/Color.msg
[117.748s] -- Installing: /home/aisd/ros2_ws/install/turtlesim/share/turtlesim/msg/Pose.msg
[117.749s] -- Installing: /home/aisd/ros2_ws/install/turtlesim/share/turtlesim/srv/Kill.srv
[117.749s] -- Installing: /home/aisd/ros2_ws/install/turtlesim/share/turtlesim/srv/Kill_Request.msg
[117.750s] -- Installing: /home/aisd/ros2_ws/install/turtlesim/share/turtlesim/srv/Kill_Response.msg
[117.750s] -- Installing: /home/aisd/ros2_ws/install/turtlesim/share/turtlesim/srv/SetPen.srv
[117.750s] -- Installing: /home/aisd/ros2_ws/install/turtlesim/share/turtlesim/srv/SetPen_Request.msg
[117.751s] -- Installing: /home/aisd/ros2_ws/install/turtlesim/share/turtlesim/srv/SetPen_Response.msg
[117.752s] -- Installing: /home/aisd/ros2_ws/install/turtlesim/share/turtlesim/srv/Spawn.srv
[117.752s] -- Installing: /home/aisd/ros2_ws/install/turtlesim/share/turtlesim/srv/Spawn_Request.msg
[117.752s] -- Installing: /home/aisd/ros2_ws/install/turtlesim/share/turtlesim/srv/Spawn_Response.msg
[117.752s] -- Installing: /home/aisd/ros2_ws/install/turtlesim/share/turtlesim/srv/TeleportAbsolute.srv
[117.753s] -- Installing: /home/aisd/ros2_ws/install/turtlesim/share/turtlesim/srv/TeleportAbsolute_Request.msg
[117.753s] -- Installing: /home/aisd/ros2_ws/install/turtlesim/share/turtlesim/srv/TeleportAbsolute_Response.msg
[117.754s] -- Installing: /home/aisd/ros2_ws/install/turtlesim/share/turtlesim/srv/TeleportRelative.srv
[117.755s] -- Installing: /home/aisd/ros2_ws/install/turtlesim/share/turtlesim/srv/TeleportRelative_Request.msg
[117.755s] -- Installing: /home/aisd/ros2_ws/install/turtlesim/share/turtlesim/srv/TeleportRelative_Response.msg
[117.756s] -- Installing: /home/aisd/ros2_ws/install/turtlesim/lib/turtlesim/turtlesim_node
[117.765s] -- Set runtime path of "/home/aisd/ros2_ws/install/turtlesim/lib/turtlesim/turtlesim_node" to ""
[117.765s] -- Installing: /home/aisd/ros2_ws/install/turtlesim/lib/turtlesim/turtle_teleop_key
[117.767s] -- Set runtime path of "/home/aisd/ros2_ws/install/turtlesim/lib/turtlesim/turtle_teleop_key" to ""
[117.768s] -- Installing: /home/aisd/ros2_ws/install/turtlesim/lib/turtlesim/draw_square
[117.772s] -- Set runtime path of "/home/aisd/ros2_ws/install/turtlesim/lib/turtlesim/draw_square" to ""
[117.773s] -- Installing: /home/aisd/ros2_ws/install/turtlesim/lib/turtlesim/mimic
[117.778s] -- Set runtime path of "/home/aisd/ros2_ws/install/turtlesim/lib/turtlesim/mimic" to ""
[117.778s] -- Installing: /home/aisd/ros2_ws/install/turtlesim/share/turtlesim/images
[117.778s] -- Installing: /home/aisd/ros2_ws/install/turtlesim/share/turtlesim/images/crystal.png
[117.780s] -- Installing: /home/aisd/ros2_ws/install/turtlesim/share/turtlesim/images/bouncy.png
[117.781s] -- Installing: /home/aisd/ros2_ws/install/turtlesim/share/turtlesim/images/foxy.png
[117.782s] -- Installing: /home/aisd/ros2_ws/install/turtlesim/share/turtlesim/images/galactic.png
[117.784s] -- Installing: /home/aisd/ros2_ws/install/turtlesim/share/turtlesim/images/dashing.png
[117.784s] -- Installing: /home/aisd/ros2_ws/install/turtlesim/share/turtlesim/images/ardent.png
[117.786s] -- Installing: /home/aisd/ros2_ws/install/turtlesim/share/turtlesim/images/eloquent.png
[117.787s] -- Installing: /home/aisd/ros2_ws/install/turtlesim/share/turtlesim/launch
[117.788s] -- Installing: /home/aisd/ros2_ws/install/turtlesim/share/turtlesim/launch/multisim.launch.py
[117.789s] -- Installing: /home/aisd/ros2_ws/install/turtlesim/share/ament_index/resource_index/package_run_dependencies/turtlesim
[117.790s] -- Installing: /home/aisd/ros2_ws/install/turtlesim/share/ament_index/resource_index/parent_prefix_path/turtlesim
[117.790s] -- Installing: /home/aisd/ros2_ws/install/turtlesim/share/turtlesim/environment/ament_prefix_path.sh
[117.790s] -- Installing: /home/aisd/ros2_ws/install/turtlesim/share/turtlesim/environment/ament_prefix_path.dsv
[117.791s] -- Installing: /home/aisd/ros2_ws/install/turtlesim/share/turtlesim/environment/path.sh
[117.791s] -- Installing: /home/aisd/ros2_ws/install/turtlesim/share/turtlesim/environment/path.dsv
[117.791s] -- Installing: /home/aisd/ros2_ws/install/turtlesim/share/turtlesim/local_setup.bash
[117.792s] -- Installing: /home/aisd/ros2_ws/install/turtlesim/share/turtlesim/local_setup.sh
[117.792s] -- Installing: /home/aisd/ros2_ws/install/turtlesim/share/turtlesim/local_setup.zsh
[117.792s] -- Installing: /home/aisd/ros2_ws/install/turtlesim/share/turtlesim/local_setup.dsv
[117.793s] -- Installing: /home/aisd/ros2_ws/install/turtlesim/share/turtlesim/package.dsv
[117.794s] -- Installing: /home/aisd/ros2_ws/install/turtlesim/share/ament_index/resource_index/packages/turtlesim
[117.794s] -- Installing: /home/aisd/ros2_ws/install/turtlesim/share/turtlesim/cmake/turtlesim__rosidl_generator_cExport.cmake
[117.795s] -- Installing: /home/aisd/ros2_ws/install/turtlesim/share/turtlesim/cmake/turtlesim__rosidl_generator_cExport-noconfig.cmake
[117.796s] -- Installing: /home/aisd/ros2_ws/install/turtlesim/share/turtlesim/cmake/turtlesim__rosidl_typesupport_introspection_cExport.cmake
[117.796s] -- Installing: /home/aisd/ros2_ws/install/turtlesim/share/turtlesim/cmake/turtlesim__rosidl_typesupport_introspection_cExport-noconfig.cmake
[117.797s] -- Installing: /home/aisd/ros2_ws/install/turtlesim/share/turtlesim/cmake/turtlesim__rosidl_typesupport_cExport.cmake
[117.797s] -- Installing: /home/aisd/ros2_ws/install/turtlesim/share/turtlesim/cmake/turtlesim__rosidl_typesupport_cExport-noconfig.cmake
[117.797s] -- Installing: /home/aisd/ros2_ws/install/turtlesim/share/turtlesim/cmake/turtlesim__rosidl_generator_cppExport.cmake
[117.798s] -- Installing: /home/aisd/ros2_ws/install/turtlesim/share/turtlesim/cmake/turtlesim__rosidl_typesupport_introspection_cppExport.cmake
[117.798s] -- Installing: /home/aisd/ros2_ws/install/turtlesim/share/turtlesim/cmake/turtlesim__rosidl_typesupport_introspection_cppExport-noconfig.cmake
[117.799s] -- Installing: /home/aisd/ros2_ws/install/turtlesim/share/turtlesim/cmake/turtlesim__rosidl_typesupport_cppExport.cmake
[117.799s] -- Installing: /home/aisd/ros2_ws/install/turtlesim/share/turtlesim/cmake/turtlesim__rosidl_typesupport_cppExport-noconfig.cmake
[117.799s] -- Installing: /home/aisd/ros2_ws/install/turtlesim/share/turtlesim/cmake/rosidl_cmake-extras.cmake
[117.800s] -- Installing: /home/aisd/ros2_ws/install/turtlesim/share/turtlesim/cmake/ament_cmake_export_dependencies-extras.cmake
[117.800s] -- Installing: /home/aisd/ros2_ws/install/turtlesim/share/turtlesim/cmake/ament_cmake_export_libraries-extras.cmake
[117.801s] -- Installing: /home/aisd/ros2_ws/install/turtlesim/share/turtlesim/cmake/ament_cmake_export_targets-extras.cmake
[117.801s] -- Installing: /home/aisd/ros2_ws/install/turtlesim/share/turtlesim/cmake/ament_cmake_export_include_directories-extras.cmake
[117.801s] -- Installing: /home/aisd/ros2_ws/install/turtlesim/share/turtlesim/cmake/rosidl_cmake_export_typesupport_libraries-extras.cmake
[117.802s] -- Installing: /home/aisd/ros2_ws/install/turtlesim/share/turtlesim/cmake/rosidl_cmake_export_typesupport_targets-extras.cmake
[117.802s] -- Installing: /home/aisd/ros2_ws/install/turtlesim/share/turtlesim/cmake/turtlesimConfig.cmake
[117.803s] -- Installing: /home/aisd/ros2_ws/install/turtlesim/share/turtlesim/cmake/turtlesimConfig-version.cmake
[117.803s] -- Installing: /home/aisd/ros2_ws/install/turtlesim/share/turtlesim/package.xml
[117.822s] Invoked command in '/home/aisd/ros2_ws/build/turtlesim' returned '0': CMAKE_PREFIX_PATH=/opt/ros/galactic /usr/bin/cmake --install /home/aisd/ros2_ws/build/turtlesim
