running egg_info
writing ../../../build/aisd_vision/aisd_vision.egg-info/PKG-INFO
writing dependency_links to ../../../build/aisd_vision/aisd_vision.egg-info/dependency_links.txt
writing entry points to ../../../build/aisd_vision/aisd_vision.egg-info/entry_points.txt
writing requirements to ../../../build/aisd_vision/aisd_vision.egg-info/requires.txt
writing top-level names to ../../../build/aisd_vision/aisd_vision.egg-info/top_level.txt
reading manifest file '../../../build/aisd_vision/aisd_vision.egg-info/SOURCES.txt'
writing manifest file '../../../build/aisd_vision/aisd_vision.egg-info/SOURCES.txt'
running build
running build_py
copying aisd_vision/hands.py -> /home/aisd/ros2_ws/build/aisd_vision/build/lib/aisd_vision
running install
running install_lib
copying /home/aisd/ros2_ws/build/aisd_vision/build/lib/aisd_vision/hands.py -> /home/aisd/ros2_ws/install/aisd_vision/lib/python3.8/site-packages/aisd_vision
byte-compiling /home/aisd/ros2_ws/install/aisd_vision/lib/python3.8/site-packages/aisd_vision/hands.py to hands.cpython-38.pyc
running install_data
running install_egg_info
removing '/home/aisd/ros2_ws/install/aisd_vision/lib/python3.8/site-packages/aisd_vision-0.0.0-py3.8.egg-info' (and everything under it)
Copying ../../../build/aisd_vision/aisd_vision.egg-info to /home/aisd/ros2_ws/install/aisd_vision/lib/python3.8/site-packages/aisd_vision-0.0.0-py3.8.egg-info
running install_scripts
Installing hands script to /home/aisd/ros2_ws/install/aisd_vision/lib/aisd_vision
Installing image_publisher script to /home/aisd/ros2_ws/install/aisd_vision/lib/aisd_vision
writing list of installed files to '/home/aisd/ros2_ws/build/aisd_vision/install.log'
