running egg_info
creating ../../../build/aisd_vision/aisd_vision.egg-info
writing ../../../build/aisd_vision/aisd_vision.egg-info/PKG-INFO
writing dependency_links to ../../../build/aisd_vision/aisd_vision.egg-info/dependency_links.txt
writing entry points to ../../../build/aisd_vision/aisd_vision.egg-info/entry_points.txt
writing requirements to ../../../build/aisd_vision/aisd_vision.egg-info/requires.txt
writing top-level names to ../../../build/aisd_vision/aisd_vision.egg-info/top_level.txt
writing manifest file '../../../build/aisd_vision/aisd_vision.egg-info/SOURCES.txt'
reading manifest file '../../../build/aisd_vision/aisd_vision.egg-info/SOURCES.txt'
writing manifest file '../../../build/aisd_vision/aisd_vision.egg-info/SOURCES.txt'
running build
running build_py
creating /home/aisd/ros2_ws/build/aisd_vision/build
creating /home/aisd/ros2_ws/build/aisd_vision/build/lib
creating /home/aisd/ros2_ws/build/aisd_vision/build/lib/aisd_vision
copying aisd_vision/image_publisher.py -> /home/aisd/ros2_ws/build/aisd_vision/build/lib/aisd_vision
copying aisd_vision/__init__.py -> /home/aisd/ros2_ws/build/aisd_vision/build/lib/aisd_vision
copying aisd_vision/hands.py -> /home/aisd/ros2_ws/build/aisd_vision/build/lib/aisd_vision
running install
running install_lib
creating /home/aisd/ros2_ws/install/aisd_vision/lib/python3.8/site-packages/aisd_vision
copying /home/aisd/ros2_ws/build/aisd_vision/build/lib/aisd_vision/image_publisher.py -> /home/aisd/ros2_ws/install/aisd_vision/lib/python3.8/site-packages/aisd_vision
copying /home/aisd/ros2_ws/build/aisd_vision/build/lib/aisd_vision/__init__.py -> /home/aisd/ros2_ws/install/aisd_vision/lib/python3.8/site-packages/aisd_vision
copying /home/aisd/ros2_ws/build/aisd_vision/build/lib/aisd_vision/hands.py -> /home/aisd/ros2_ws/install/aisd_vision/lib/python3.8/site-packages/aisd_vision
byte-compiling /home/aisd/ros2_ws/install/aisd_vision/lib/python3.8/site-packages/aisd_vision/image_publisher.py to image_publisher.cpython-38.pyc
byte-compiling /home/aisd/ros2_ws/install/aisd_vision/lib/python3.8/site-packages/aisd_vision/__init__.py to __init__.cpython-38.pyc
byte-compiling /home/aisd/ros2_ws/install/aisd_vision/lib/python3.8/site-packages/aisd_vision/hands.py to hands.cpython-38.pyc
running install_data
creating /home/aisd/ros2_ws/install/aisd_vision/share/ament_index
creating /home/aisd/ros2_ws/install/aisd_vision/share/ament_index/resource_index
creating /home/aisd/ros2_ws/install/aisd_vision/share/ament_index/resource_index/packages
copying resource/aisd_vision -> /home/aisd/ros2_ws/install/aisd_vision/share/ament_index/resource_index/packages
copying package.xml -> /home/aisd/ros2_ws/install/aisd_vision/share/aisd_vision
running install_egg_info
Copying ../../../build/aisd_vision/aisd_vision.egg-info to /home/aisd/ros2_ws/install/aisd_vision/lib/python3.8/site-packages/aisd_vision-0.0.0-py3.8.egg-info
running install_scripts
Installing hands script to /home/aisd/ros2_ws/install/aisd_vision/lib/aisd_vision
Installing image_publisher script to /home/aisd/ros2_ws/install/aisd_vision/lib/aisd_vision
writing list of installed files to '/home/aisd/ros2_ws/build/aisd_vision/install.log'
