[0.913s] Invoking command in '/home/aisd/ros2_ws/src/aisd-vahabbayat/aisd_vision': AMENT_PREFIX_PATH=/home/aisd/ros2_ws/install/aisd_interfaces:${AMENT_PREFIX_PATH} CMAKE_PREFIX_PATH=/home/aisd/ros2_ws/install/aisd_interfaces LD_LIBRARY_PATH=/home/aisd/ros2_ws/install/aisd_interfaces/lib:${LD_LIBRARY_PATH} PYTHONPATH=/home/aisd/ros2_ws/install/aisd_vision/lib/python3.8/site-packages:/home/aisd/ros2_ws/install/aisd_interfaces/lib/python3.8/site-packages:${PYTHONPATH} /usr/bin/python3 setup.py egg_info --egg-base ../../../build/aisd_vision build --build-base /home/aisd/ros2_ws/build/aisd_vision/build install --prefix /home/aisd/ros2_ws/install/aisd_vision --record /home/aisd/ros2_ws/build/aisd_vision/install.log --single-version-externally-managed
[1.197s] running egg_info
[1.210s] creating ../../../build/aisd_vision/aisd_vision.egg-info
[1.212s] writing ../../../build/aisd_vision/aisd_vision.egg-info/PKG-INFO
[1.213s] writing dependency_links to ../../../build/aisd_vision/aisd_vision.egg-info/dependency_links.txt
[1.215s] writing entry points to ../../../build/aisd_vision/aisd_vision.egg-info/entry_points.txt
[1.216s] writing requirements to ../../../build/aisd_vision/aisd_vision.egg-info/requires.txt
[1.216s] writing top-level names to ../../../build/aisd_vision/aisd_vision.egg-info/top_level.txt
[1.218s] writing manifest file '../../../build/aisd_vision/aisd_vision.egg-info/SOURCES.txt'
[1.299s] reading manifest file '../../../build/aisd_vision/aisd_vision.egg-info/SOURCES.txt'
[1.300s] writing manifest file '../../../build/aisd_vision/aisd_vision.egg-info/SOURCES.txt'
[1.327s] running build
[1.327s] running build_py
[1.328s] creating /home/aisd/ros2_ws/build/aisd_vision/build
[1.329s] creating /home/aisd/ros2_ws/build/aisd_vision/build/lib
[1.329s] creating /home/aisd/ros2_ws/build/aisd_vision/build/lib/aisd_vision
[1.329s] copying aisd_vision/image_publisher.py -> /home/aisd/ros2_ws/build/aisd_vision/build/lib/aisd_vision
[1.330s] copying aisd_vision/__init__.py -> /home/aisd/ros2_ws/build/aisd_vision/build/lib/aisd_vision
[1.330s] copying aisd_vision/hands.py -> /home/aisd/ros2_ws/build/aisd_vision/build/lib/aisd_vision
[1.331s] running install
[1.338s] running install_lib
[1.341s] creating /home/aisd/ros2_ws/install/aisd_vision/lib/python3.8/site-packages/aisd_vision
[1.341s] copying /home/aisd/ros2_ws/build/aisd_vision/build/lib/aisd_vision/image_publisher.py -> /home/aisd/ros2_ws/install/aisd_vision/lib/python3.8/site-packages/aisd_vision
[1.342s] copying /home/aisd/ros2_ws/build/aisd_vision/build/lib/aisd_vision/__init__.py -> /home/aisd/ros2_ws/install/aisd_vision/lib/python3.8/site-packages/aisd_vision
[1.343s] copying /home/aisd/ros2_ws/build/aisd_vision/build/lib/aisd_vision/hands.py -> /home/aisd/ros2_ws/install/aisd_vision/lib/python3.8/site-packages/aisd_vision
[1.343s] byte-compiling /home/aisd/ros2_ws/install/aisd_vision/lib/python3.8/site-packages/aisd_vision/image_publisher.py to image_publisher.cpython-38.pyc
[1.347s] byte-compiling /home/aisd/ros2_ws/install/aisd_vision/lib/python3.8/site-packages/aisd_vision/__init__.py to __init__.cpython-38.pyc
[1.347s] byte-compiling /home/aisd/ros2_ws/install/aisd_vision/lib/python3.8/site-packages/aisd_vision/hands.py to hands.cpython-38.pyc
[1.348s] running install_data
[1.348s] creating /home/aisd/ros2_ws/install/aisd_vision/share/ament_index
[1.349s] creating /home/aisd/ros2_ws/install/aisd_vision/share/ament_index/resource_index
[1.350s] creating /home/aisd/ros2_ws/install/aisd_vision/share/ament_index/resource_index/packages
[1.350s] copying resource/aisd_vision -> /home/aisd/ros2_ws/install/aisd_vision/share/ament_index/resource_index/packages
[1.350s] copying package.xml -> /home/aisd/ros2_ws/install/aisd_vision/share/aisd_vision
[1.351s] running install_egg_info
[1.353s] Copying ../../../build/aisd_vision/aisd_vision.egg-info to /home/aisd/ros2_ws/install/aisd_vision/lib/python3.8/site-packages/aisd_vision-0.0.0-py3.8.egg-info
[1.355s] running install_scripts
[1.383s] Installing hands script to /home/aisd/ros2_ws/install/aisd_vision/lib/aisd_vision
[1.392s] Installing image_publisher script to /home/aisd/ros2_ws/install/aisd_vision/lib/aisd_vision
[1.392s] writing list of installed files to '/home/aisd/ros2_ws/build/aisd_vision/install.log'
[1.440s] Invoked command in '/home/aisd/ros2_ws/src/aisd-vahabbayat/aisd_vision' returned '0': AMENT_PREFIX_PATH=/home/aisd/ros2_ws/install/aisd_interfaces:${AMENT_PREFIX_PATH} CMAKE_PREFIX_PATH=/home/aisd/ros2_ws/install/aisd_interfaces LD_LIBRARY_PATH=/home/aisd/ros2_ws/install/aisd_interfaces/lib:${LD_LIBRARY_PATH} PYTHONPATH=/home/aisd/ros2_ws/install/aisd_vision/lib/python3.8/site-packages:/home/aisd/ros2_ws/install/aisd_interfaces/lib/python3.8/site-packages:${PYTHONPATH} /usr/bin/python3 setup.py egg_info --egg-base ../../../build/aisd_vision build --build-base /home/aisd/ros2_ws/build/aisd_vision/build install --prefix /home/aisd/ros2_ws/install/aisd_vision --record /home/aisd/ros2_ws/build/aisd_vision/install.log --single-version-externally-managed
