[ 10%] Built target aisd_interfaces__rosidl_generator_c
[ 12%] Built target aisd_interfaces__cpp
[ 23%] Built target aisd_interfaces__rosidl_typesupport_c
[ 33%] Built target aisd_interfaces__rosidl_typesupport_introspection_c
[ 43%] Built target aisd_interfaces__rosidl_typesupport_cpp
[ 53%] Built target aisd_interfaces__rosidl_typesupport_fastrtps_cpp
[ 64%] Built target aisd_interfaces__rosidl_typesupport_introspection_cpp
[ 74%] Built target aisd_interfaces__rosidl_typesupport_fastrtps_c
[ 74%] Built target aisd_interfaces
[ 76%] Built target aisd_interfaces__py
[ 84%] Built target aisd_interfaces__python
[ 89%] Built target aisd_interfaces__rosidl_typesupport_introspection_c__pyext
[ 94%] Built target aisd_interfaces__rosidl_typesupport_c__pyext
[100%] Built target aisd_interfaces__rosidl_typesupport_fastrtps_c__pyext
-- Install configuration: ""
-- Up-to-date: /home/aisd/ros2_ws/install/aisd_interfaces/share/ament_index/resource_index/rosidl_interfaces/aisd_interfaces
-- Up-to-date: /home/aisd/ros2_ws/install/aisd_interfaces/include/aisd_interfaces
-- Up-to-date: /home/aisd/ros2_ws/install/aisd_interfaces/include/aisd_interfaces/msg
-- Up-to-date: /home/aisd/ros2_ws/install/aisd_interfaces/include/aisd_interfaces/msg/rosidl_generator_c__visibility_control.h
-- Up-to-date: /home/aisd/ros2_ws/install/aisd_interfaces/include/aisd_interfaces/msg/hand.h
-- Up-to-date: /home/aisd/ros2_ws/install/aisd_interfaces/include/aisd_interfaces/msg/detail
-- Up-to-date: /home/aisd/ros2_ws/install/aisd_interfaces/include/aisd_interfaces/msg/detail/hand__functions.h
-- Up-to-date: /home/aisd/ros2_ws/install/aisd_interfaces/include/aisd_interfaces/msg/detail/hand__struct.h
-- Up-to-date: /home/aisd/ros2_ws/install/aisd_interfaces/include/aisd_interfaces/msg/detail/hand__functions.c
-- Up-to-date: /home/aisd/ros2_ws/install/aisd_interfaces/include/aisd_interfaces/msg/detail/hand__type_support.h
-- Up-to-date: /home/aisd/ros2_ws/install/aisd_interfaces/include/aisd_interfaces/srv
-- Up-to-date: /home/aisd/ros2_ws/install/aisd_interfaces/include/aisd_interfaces/srv/speak.h
-- Up-to-date: /home/aisd/ros2_ws/install/aisd_interfaces/include/aisd_interfaces/srv/detail
-- Up-to-date: /home/aisd/ros2_ws/install/aisd_interfaces/include/aisd_interfaces/srv/detail/speak__functions.h
-- Up-to-date: /home/aisd/ros2_ws/install/aisd_interfaces/include/aisd_interfaces/srv/detail/speak__functions.c
-- Up-to-date: /home/aisd/ros2_ws/install/aisd_interfaces/include/aisd_interfaces/srv/detail/speak__type_support.h
-- Up-to-date: /home/aisd/ros2_ws/install/aisd_interfaces/include/aisd_interfaces/srv/detail/speak__struct.h
-- Up-to-date: /home/aisd/ros2_ws/install/aisd_interfaces/share/aisd_interfaces/environment/library_path.sh
-- Up-to-date: /home/aisd/ros2_ws/install/aisd_interfaces/share/aisd_interfaces/environment/library_path.dsv
-- Up-to-date: /home/aisd/ros2_ws/install/aisd_interfaces/lib/libaisd_interfaces__rosidl_generator_c.so
-- Up-to-date: /home/aisd/ros2_ws/install/aisd_interfaces/include/aisd_interfaces
-- Up-to-date: /home/aisd/ros2_ws/install/aisd_interfaces/include/aisd_interfaces/msg
-- Up-to-date: /home/aisd/ros2_ws/install/aisd_interfaces/include/aisd_interfaces/msg/rosidl_typesupport_fastrtps_c__visibility_control.h
-- Up-to-date: /home/aisd/ros2_ws/install/aisd_interfaces/include/aisd_interfaces/msg/detail
-- Up-to-date: /home/aisd/ros2_ws/install/aisd_interfaces/include/aisd_interfaces/msg/detail/hand__rosidl_typesupport_fastrtps_c.h
-- Up-to-date: /home/aisd/ros2_ws/install/aisd_interfaces/include/aisd_interfaces/srv
-- Up-to-date: /home/aisd/ros2_ws/install/aisd_interfaces/include/aisd_interfaces/srv/detail
-- Up-to-date: /home/aisd/ros2_ws/install/aisd_interfaces/include/aisd_interfaces/srv/detail/speak__rosidl_typesupport_fastrtps_c.h
-- Up-to-date: /home/aisd/ros2_ws/install/aisd_interfaces/lib/libaisd_interfaces__rosidl_typesupport_fastrtps_c.so
-- Up-to-date: /home/aisd/ros2_ws/install/aisd_interfaces/include/aisd_interfaces
-- Up-to-date: /home/aisd/ros2_ws/install/aisd_interfaces/include/aisd_interfaces/msg
-- Up-to-date: /home/aisd/ros2_ws/install/aisd_interfaces/include/aisd_interfaces/msg/rosidl_typesupport_fastrtps_cpp__visibility_control.h
-- Up-to-date: /home/aisd/ros2_ws/install/aisd_interfaces/include/aisd_interfaces/msg/detail
-- Up-to-date: /home/aisd/ros2_ws/install/aisd_interfaces/include/aisd_interfaces/msg/detail/dds_fastrtps
-- Up-to-date: /home/aisd/ros2_ws/install/aisd_interfaces/include/aisd_interfaces/msg/detail/hand__rosidl_typesupport_fastrtps_cpp.hpp
-- Up-to-date: /home/aisd/ros2_ws/install/aisd_interfaces/include/aisd_interfaces/srv
-- Up-to-date: /home/aisd/ros2_ws/install/aisd_interfaces/include/aisd_interfaces/srv/detail
-- Up-to-date: /home/aisd/ros2_ws/install/aisd_interfaces/include/aisd_interfaces/srv/detail/dds_fastrtps
-- Up-to-date: /home/aisd/ros2_ws/install/aisd_interfaces/include/aisd_interfaces/srv/detail/speak__rosidl_typesupport_fastrtps_cpp.hpp
-- Up-to-date: /home/aisd/ros2_ws/install/aisd_interfaces/lib/libaisd_interfaces__rosidl_typesupport_fastrtps_cpp.so
-- Up-to-date: /home/aisd/ros2_ws/install/aisd_interfaces/include/aisd_interfaces
-- Up-to-date: /home/aisd/ros2_ws/install/aisd_interfaces/include/aisd_interfaces/msg
-- Up-to-date: /home/aisd/ros2_ws/install/aisd_interfaces/include/aisd_interfaces/msg/rosidl_typesupport_introspection_c__visibility_control.h
-- Up-to-date: /home/aisd/ros2_ws/install/aisd_interfaces/include/aisd_interfaces/msg/detail
-- Up-to-date: /home/aisd/ros2_ws/install/aisd_interfaces/include/aisd_interfaces/msg/detail/hand__type_support.c
-- Up-to-date: /home/aisd/ros2_ws/install/aisd_interfaces/include/aisd_interfaces/msg/detail/hand__rosidl_typesupport_introspection_c.h
-- Up-to-date: /home/aisd/ros2_ws/install/aisd_interfaces/include/aisd_interfaces/srv
-- Up-to-date: /home/aisd/ros2_ws/install/aisd_interfaces/include/aisd_interfaces/srv/detail
-- Up-to-date: /home/aisd/ros2_ws/install/aisd_interfaces/include/aisd_interfaces/srv/detail/speak__rosidl_typesupport_introspection_c.h
-- Up-to-date: /home/aisd/ros2_ws/install/aisd_interfaces/include/aisd_interfaces/srv/detail/speak__type_support.c
-- Up-to-date: /home/aisd/ros2_ws/install/aisd_interfaces/lib/libaisd_interfaces__rosidl_typesupport_introspection_c.so
-- Up-to-date: /home/aisd/ros2_ws/install/aisd_interfaces/lib/libaisd_interfaces__rosidl_typesupport_c.so
-- Up-to-date: /home/aisd/ros2_ws/install/aisd_interfaces/include/aisd_interfaces
-- Up-to-date: /home/aisd/ros2_ws/install/aisd_interfaces/include/aisd_interfaces/msg
-- Up-to-date: /home/aisd/ros2_ws/install/aisd_interfaces/include/aisd_interfaces/msg/hand.hpp
-- Up-to-date: /home/aisd/ros2_ws/install/aisd_interfaces/include/aisd_interfaces/msg/detail
-- Up-to-date: /home/aisd/ros2_ws/install/aisd_interfaces/include/aisd_interfaces/msg/detail/hand__builder.hpp
-- Up-to-date: /home/aisd/ros2_ws/install/aisd_interfaces/include/aisd_interfaces/msg/detail/hand__struct.hpp
-- Up-to-date: /home/aisd/ros2_ws/install/aisd_interfaces/include/aisd_interfaces/msg/detail/hand__traits.hpp
-- Up-to-date: /home/aisd/ros2_ws/install/aisd_interfaces/include/aisd_interfaces/srv
-- Up-to-date: /home/aisd/ros2_ws/install/aisd_interfaces/include/aisd_interfaces/srv/speak.hpp
-- Up-to-date: /home/aisd/ros2_ws/install/aisd_interfaces/include/aisd_interfaces/srv/detail
-- Up-to-date: /home/aisd/ros2_ws/install/aisd_interfaces/include/aisd_interfaces/srv/detail/speak__traits.hpp
-- Up-to-date: /home/aisd/ros2_ws/install/aisd_interfaces/include/aisd_interfaces/srv/detail/speak__builder.hpp
-- Up-to-date: /home/aisd/ros2_ws/install/aisd_interfaces/include/aisd_interfaces/srv/detail/speak__struct.hpp
-- Up-to-date: /home/aisd/ros2_ws/install/aisd_interfaces/include/aisd_interfaces
-- Up-to-date: /home/aisd/ros2_ws/install/aisd_interfaces/include/aisd_interfaces/msg
-- Up-to-date: /home/aisd/ros2_ws/install/aisd_interfaces/include/aisd_interfaces/msg/detail
-- Up-to-date: /home/aisd/ros2_ws/install/aisd_interfaces/include/aisd_interfaces/msg/detail/hand__type_support.cpp
-- Up-to-date: /home/aisd/ros2_ws/install/aisd_interfaces/include/aisd_interfaces/msg/detail/hand__rosidl_typesupport_introspection_cpp.hpp
-- Up-to-date: /home/aisd/ros2_ws/install/aisd_interfaces/include/aisd_interfaces/srv
-- Up-to-date: /home/aisd/ros2_ws/install/aisd_interfaces/include/aisd_interfaces/srv/detail
-- Up-to-date: /home/aisd/ros2_ws/install/aisd_interfaces/include/aisd_interfaces/srv/detail/speak__rosidl_typesupport_introspection_cpp.hpp
-- Up-to-date: /home/aisd/ros2_ws/install/aisd_interfaces/include/aisd_interfaces/srv/detail/speak__type_support.cpp
-- Up-to-date: /home/aisd/ros2_ws/install/aisd_interfaces/lib/libaisd_interfaces__rosidl_typesupport_introspection_cpp.so
-- Up-to-date: /home/aisd/ros2_ws/install/aisd_interfaces/lib/libaisd_interfaces__rosidl_typesupport_cpp.so
-- Up-to-date: /home/aisd/ros2_ws/install/aisd_interfaces/share/aisd_interfaces/environment/pythonpath.sh
-- Up-to-date: /home/aisd/ros2_ws/install/aisd_interfaces/share/aisd_interfaces/environment/pythonpath.dsv
-- Up-to-date: /home/aisd/ros2_ws/install/aisd_interfaces/lib/python3.8/site-packages/aisd_interfaces/__init__.py
-- Up-to-date: /home/aisd/ros2_ws/install/aisd_interfaces/lib/python3.8/site-packages/aisd_interfaces/msg
-- Up-to-date: /home/aisd/ros2_ws/install/aisd_interfaces/lib/python3.8/site-packages/aisd_interfaces/msg/_hand.py
-- Up-to-date: /home/aisd/ros2_ws/install/aisd_interfaces/lib/python3.8/site-packages/aisd_interfaces/msg/_hand_s.c
-- Up-to-date: /home/aisd/ros2_ws/install/aisd_interfaces/lib/python3.8/site-packages/aisd_interfaces/msg/__init__.py
-- Up-to-date: /home/aisd/ros2_ws/install/aisd_interfaces/lib/python3.8/site-packages/aisd_interfaces/srv
-- Up-to-date: /home/aisd/ros2_ws/install/aisd_interfaces/lib/python3.8/site-packages/aisd_interfaces/srv/_speak.py
-- Up-to-date: /home/aisd/ros2_ws/install/aisd_interfaces/lib/python3.8/site-packages/aisd_interfaces/srv/_speak_s.c
-- Up-to-date: /home/aisd/ros2_ws/install/aisd_interfaces/lib/python3.8/site-packages/aisd_interfaces/srv/__init__.py
-- Up-to-date: /home/aisd/ros2_ws/install/aisd_interfaces/lib/python3.8/site-packages/aisd_interfaces/aisd_interfaces_s__rosidl_typesupport_fastrtps_c.cpython-38-x86_64-linux-gnu.so
-- Up-to-date: /home/aisd/ros2_ws/install/aisd_interfaces/lib/python3.8/site-packages/aisd_interfaces/aisd_interfaces_s__rosidl_typesupport_introspection_c.cpython-38-x86_64-linux-gnu.so
-- Up-to-date: /home/aisd/ros2_ws/install/aisd_interfaces/lib/python3.8/site-packages/aisd_interfaces/aisd_interfaces_s__rosidl_typesupport_c.cpython-38-x86_64-linux-gnu.so
-- Up-to-date: /home/aisd/ros2_ws/install/aisd_interfaces/lib/libaisd_interfaces__python.so
-- Up-to-date: /home/aisd/ros2_ws/install/aisd_interfaces/share/aisd_interfaces/msg/Hand.idl
-- Up-to-date: /home/aisd/ros2_ws/install/aisd_interfaces/share/aisd_interfaces/srv/Speak.idl
-- Up-to-date: /home/aisd/ros2_ws/install/aisd_interfaces/share/aisd_interfaces/msg/Hand.msg
-- Up-to-date: /home/aisd/ros2_ws/install/aisd_interfaces/share/aisd_interfaces/srv/Speak.srv
-- Up-to-date: /home/aisd/ros2_ws/install/aisd_interfaces/share/aisd_interfaces/srv/Speak_Request.msg
-- Up-to-date: /home/aisd/ros2_ws/install/aisd_interfaces/share/aisd_interfaces/srv/Speak_Response.msg
-- Up-to-date: /home/aisd/ros2_ws/install/aisd_interfaces/share/ament_index/resource_index/package_run_dependencies/aisd_interfaces
-- Up-to-date: /home/aisd/ros2_ws/install/aisd_interfaces/share/ament_index/resource_index/parent_prefix_path/aisd_interfaces
-- Up-to-date: /home/aisd/ros2_ws/install/aisd_interfaces/share/aisd_interfaces/environment/ament_prefix_path.sh
-- Up-to-date: /home/aisd/ros2_ws/install/aisd_interfaces/share/aisd_interfaces/environment/ament_prefix_path.dsv
-- Up-to-date: /home/aisd/ros2_ws/install/aisd_interfaces/share/aisd_interfaces/environment/path.sh
-- Up-to-date: /home/aisd/ros2_ws/install/aisd_interfaces/share/aisd_interfaces/environment/path.dsv
-- Up-to-date: /home/aisd/ros2_ws/install/aisd_interfaces/share/aisd_interfaces/local_setup.bash
-- Up-to-date: /home/aisd/ros2_ws/install/aisd_interfaces/share/aisd_interfaces/local_setup.sh
-- Up-to-date: /home/aisd/ros2_ws/install/aisd_interfaces/share/aisd_interfaces/local_setup.zsh
-- Up-to-date: /home/aisd/ros2_ws/install/aisd_interfaces/share/aisd_interfaces/local_setup.dsv
-- Installing: /home/aisd/ros2_ws/install/aisd_interfaces/share/aisd_interfaces/package.dsv
-- Up-to-date: /home/aisd/ros2_ws/install/aisd_interfaces/share/ament_index/resource_index/packages/aisd_interfaces
-- Up-to-date: /home/aisd/ros2_ws/install/aisd_interfaces/share/aisd_interfaces/cmake/aisd_interfaces__rosidl_generator_cExport.cmake
-- Up-to-date: /home/aisd/ros2_ws/install/aisd_interfaces/share/aisd_interfaces/cmake/aisd_interfaces__rosidl_generator_cExport-noconfig.cmake
-- Up-to-date: /home/aisd/ros2_ws/install/aisd_interfaces/share/aisd_interfaces/cmake/aisd_interfaces__rosidl_typesupport_introspection_cExport.cmake
-- Up-to-date: /home/aisd/ros2_ws/install/aisd_interfaces/share/aisd_interfaces/cmake/aisd_interfaces__rosidl_typesupport_introspection_cExport-noconfig.cmake
-- Up-to-date: /home/aisd/ros2_ws/install/aisd_interfaces/share/aisd_interfaces/cmake/aisd_interfaces__rosidl_typesupport_cExport.cmake
-- Up-to-date: /home/aisd/ros2_ws/install/aisd_interfaces/share/aisd_interfaces/cmake/aisd_interfaces__rosidl_typesupport_cExport-noconfig.cmake
-- Up-to-date: /home/aisd/ros2_ws/install/aisd_interfaces/share/aisd_interfaces/cmake/aisd_interfaces__rosidl_generator_cppExport.cmake
-- Up-to-date: /home/aisd/ros2_ws/install/aisd_interfaces/share/aisd_interfaces/cmake/aisd_interfaces__rosidl_typesupport_introspection_cppExport.cmake
-- Up-to-date: /home/aisd/ros2_ws/install/aisd_interfaces/share/aisd_interfaces/cmake/aisd_interfaces__rosidl_typesupport_introspection_cppExport-noconfig.cmake
-- Up-to-date: /home/aisd/ros2_ws/install/aisd_interfaces/share/aisd_interfaces/cmake/aisd_interfaces__rosidl_typesupport_cppExport.cmake
-- Up-to-date: /home/aisd/ros2_ws/install/aisd_interfaces/share/aisd_interfaces/cmake/aisd_interfaces__rosidl_typesupport_cppExport-noconfig.cmake
-- Up-to-date: /home/aisd/ros2_ws/install/aisd_interfaces/share/aisd_interfaces/cmake/rosidl_cmake-extras.cmake
-- Up-to-date: /home/aisd/ros2_ws/install/aisd_interfaces/share/aisd_interfaces/cmake/ament_cmake_export_dependencies-extras.cmake
-- Up-to-date: /home/aisd/ros2_ws/install/aisd_interfaces/share/aisd_interfaces/cmake/ament_cmake_export_libraries-extras.cmake
-- Up-to-date: /home/aisd/ros2_ws/install/aisd_interfaces/share/aisd_interfaces/cmake/ament_cmake_export_targets-extras.cmake
-- Up-to-date: /home/aisd/ros2_ws/install/aisd_interfaces/share/aisd_interfaces/cmake/ament_cmake_export_include_directories-extras.cmake
-- Up-to-date: /home/aisd/ros2_ws/install/aisd_interfaces/share/aisd_interfaces/cmake/rosidl_cmake_export_typesupport_libraries-extras.cmake
-- Up-to-date: /home/aisd/ros2_ws/install/aisd_interfaces/share/aisd_interfaces/cmake/rosidl_cmake_export_typesupport_targets-extras.cmake
-- Up-to-date: /home/aisd/ros2_ws/install/aisd_interfaces/share/aisd_interfaces/cmake/aisd_interfacesConfig.cmake
-- Up-to-date: /home/aisd/ros2_ws/install/aisd_interfaces/share/aisd_interfaces/cmake/aisd_interfacesConfig-version.cmake
-- Up-to-date: /home/aisd/ros2_ws/install/aisd_interfaces/share/aisd_interfaces/package.xml
