[0.208s] Invoking command in '/home/aisd/ros2_ws/build/turtlesim': CMAKE_PREFIX_PATH=/opt/ros/galactic /usr/bin/cmake --build /home/aisd/ros2_ws/build/turtlesim -- -j2 -l2
[2.401s] [  1%] Built target turtlesim__cpp
[2.645s] [ 11%] Built target turtlesim__rosidl_generator_c
[2.808s] [ 21%] Built target turtlesim__rosidl_typesupport_cpp
[2.933s] [ 31%] Built target turtlesim__rosidl_typesupport_introspection_cpp
[3.146s] [ 41%] Built target turtlesim__rosidl_typesupport_fastrtps_cpp
[3.193s] [ 51%] Built target turtlesim__rosidl_typesupport_introspection_c
[3.280s] [ 61%] Built target turtlesim__rosidl_typesupport_c
[3.359s] [ 71%] Built target turtlesim__rosidl_typesupport_fastrtps_c
[3.430s] [ 71%] Built target turtlesim
[3.748s] [ 73%] Built target draw_square
[3.757s] [ 75%] Built target mimic
[4.059s] [ 76%] Built target turtlesim__py
[4.159s] [ 78%] Built target turtle_teleop_key
[4.348s] [ 87%] Built target turtlesim__python
[4.369s] [ 93%] Built target turtlesim_node
[4.456s] [ 95%] Built target turtlesim__rosidl_typesupport_introspection_c__pyext
[4.538s] [ 97%] Built target turtlesim__rosidl_typesupport_fastrtps_c__pyext
[4.583s] [100%] Built target turtlesim__rosidl_typesupport_c__pyext
[4.630s] Invoked command in '/home/aisd/ros2_ws/build/turtlesim' returned '0': CMAKE_PREFIX_PATH=/opt/ros/galactic /usr/bin/cmake --build /home/aisd/ros2_ws/build/turtlesim -- -j2 -l2
[5.676s] Invoking command in '/home/aisd/ros2_ws/build/turtlesim': CMAKE_PREFIX_PATH=/opt/ros/galactic /usr/bin/cmake --install /home/aisd/ros2_ws/build/turtlesim
[5.724s] -- Install configuration: ""
[5.758s] -- Up-to-date: /home/aisd/ros2_ws/install/turtlesim/share/ament_index/resource_index/rosidl_interfaces/turtlesim
[5.758s] -- Up-to-date: /home/aisd/ros2_ws/install/turtlesim/include/turtlesim
[5.760s] -- Up-to-date: /home/aisd/ros2_ws/install/turtlesim/include/turtlesim/msg
[5.762s] -- Up-to-date: /home/aisd/ros2_ws/install/turtlesim/include/turtlesim/msg/color.h
[5.762s] -- Up-to-date: /home/aisd/ros2_ws/install/turtlesim/include/turtlesim/msg/rosidl_generator_c__visibility_control.h
[5.763s] -- Up-to-date: /home/aisd/ros2_ws/install/turtlesim/include/turtlesim/msg/pose.h
[5.763s] -- Up-to-date: /home/aisd/ros2_ws/install/turtlesim/include/turtlesim/msg/detail
[5.752s] -- Up-to-date: /home/aisd/ros2_ws/install/turtlesim/include/turtlesim/msg/detail/color__functions.c
[5.752s] -- Up-to-date: /home/aisd/ros2_ws/install/turtlesim/include/turtlesim/msg/detail/pose__functions.c
[5.752s] -- Up-to-date: /home/aisd/ros2_ws/install/turtlesim/include/turtlesim/msg/detail/pose__struct.h
[5.752s] -- Up-to-date: /home/aisd/ros2_ws/install/turtlesim/include/turtlesim/msg/detail/color__type_support.h
[5.752s] -- Up-to-date: /home/aisd/ros2_ws/install/turtlesim/include/turtlesim/msg/detail/pose__functions.h
[5.771s] -- Up-to-date: /home/aisd/ros2_ws/install/turtlesim/include/turtlesim/msg/detail/color__functions.h
[5.771s] -- Up-to-date: /home/aisd/ros2_ws/install/turtlesim/include/turtlesim/msg/detail/color__struct.h
[5.771s] -- Up-to-date: /home/aisd/ros2_ws/install/turtlesim/include/turtlesim/msg/detail/pose__type_support.h
[5.772s] -- Up-to-date: /home/aisd/ros2_ws/install/turtlesim/include/turtlesim/action
[5.774s] -- Up-to-date: /home/aisd/ros2_ws/install/turtlesim/include/turtlesim/action/rotate_absolute.h
[5.776s] -- Up-to-date: /home/aisd/ros2_ws/install/turtlesim/include/turtlesim/action/detail
[5.777s] -- Up-to-date: /home/aisd/ros2_ws/install/turtlesim/include/turtlesim/action/detail/rotate_absolute__type_support.h
[5.778s] -- Up-to-date: /home/aisd/ros2_ws/install/turtlesim/include/turtlesim/action/detail/rotate_absolute__functions.h
[5.778s] -- Up-to-date: /home/aisd/ros2_ws/install/turtlesim/include/turtlesim/action/detail/rotate_absolute__struct.h
[5.779s] -- Up-to-date: /home/aisd/ros2_ws/install/turtlesim/include/turtlesim/action/detail/rotate_absolute__functions.c
[5.779s] -- Up-to-date: /home/aisd/ros2_ws/install/turtlesim/include/turtlesim/srv
[5.780s] -- Up-to-date: /home/aisd/ros2_ws/install/turtlesim/include/turtlesim/srv/teleport_absolute.h
[5.780s] -- Up-to-date: /home/aisd/ros2_ws/install/turtlesim/include/turtlesim/srv/set_pen.h
[5.780s] -- Up-to-date: /home/aisd/ros2_ws/install/turtlesim/include/turtlesim/srv/teleport_relative.h
[5.781s] -- Up-to-date: /home/aisd/ros2_ws/install/turtlesim/include/turtlesim/srv/detail
[5.784s] -- Up-to-date: /home/aisd/ros2_ws/install/turtlesim/include/turtlesim/srv/detail/teleport_absolute__type_support.h
[5.784s] -- Up-to-date: /home/aisd/ros2_ws/install/turtlesim/include/turtlesim/srv/detail/teleport_absolute__functions.c
[5.784s] -- Up-to-date: /home/aisd/ros2_ws/install/turtlesim/include/turtlesim/srv/detail/kill__functions.h
[5.785s] -- Up-to-date: /home/aisd/ros2_ws/install/turtlesim/include/turtlesim/srv/detail/teleport_relative__functions.h
[5.785s] -- Up-to-date: /home/aisd/ros2_ws/install/turtlesim/include/turtlesim/srv/detail/teleport_relative__type_support.h
[5.785s] -- Up-to-date: /home/aisd/ros2_ws/install/turtlesim/include/turtlesim/srv/detail/set_pen__functions.c
[5.785s] -- Up-to-date: /home/aisd/ros2_ws/install/turtlesim/include/turtlesim/srv/detail/spawn__type_support.h
[5.785s] -- Up-to-date: /home/aisd/ros2_ws/install/turtlesim/include/turtlesim/srv/detail/teleport_absolute__functions.h
[5.785s] -- Up-to-date: /home/aisd/ros2_ws/install/turtlesim/include/turtlesim/srv/detail/spawn__functions.c
[5.785s] -- Up-to-date: /home/aisd/ros2_ws/install/turtlesim/include/turtlesim/srv/detail/set_pen__functions.h
[5.785s] -- Up-to-date: /home/aisd/ros2_ws/install/turtlesim/include/turtlesim/srv/detail/teleport_absolute__struct.h
[5.786s] -- Up-to-date: /home/aisd/ros2_ws/install/turtlesim/include/turtlesim/srv/detail/kill__type_support.h
[5.786s] -- Up-to-date: /home/aisd/ros2_ws/install/turtlesim/include/turtlesim/srv/detail/set_pen__struct.h
[5.786s] -- Up-to-date: /home/aisd/ros2_ws/install/turtlesim/include/turtlesim/srv/detail/spawn__functions.h
[5.786s] -- Up-to-date: /home/aisd/ros2_ws/install/turtlesim/include/turtlesim/srv/detail/kill__struct.h
[5.786s] -- Up-to-date: /home/aisd/ros2_ws/install/turtlesim/include/turtlesim/srv/detail/teleport_relative__functions.c
[5.786s] -- Up-to-date: /home/aisd/ros2_ws/install/turtlesim/include/turtlesim/srv/detail/set_pen__type_support.h
[5.786s] -- Up-to-date: /home/aisd/ros2_ws/install/turtlesim/include/turtlesim/srv/detail/spawn__struct.h
[5.786s] -- Up-to-date: /home/aisd/ros2_ws/install/turtlesim/include/turtlesim/srv/detail/kill__functions.c
[5.787s] -- Up-to-date: /home/aisd/ros2_ws/install/turtlesim/include/turtlesim/srv/detail/teleport_relative__struct.h
[5.787s] -- Up-to-date: /home/aisd/ros2_ws/install/turtlesim/include/turtlesim/srv/kill.h
[5.787s] -- Up-to-date: /home/aisd/ros2_ws/install/turtlesim/include/turtlesim/srv/spawn.h
[5.792s] -- Up-to-date: /home/aisd/ros2_ws/install/turtlesim/share/turtlesim/environment/library_path.sh
[5.792s] -- Up-to-date: /home/aisd/ros2_ws/install/turtlesim/share/turtlesim/environment/library_path.dsv
[5.810s] -- Up-to-date: /home/aisd/ros2_ws/install/turtlesim/lib/libturtlesim__rosidl_generator_c.so
[5.812s] -- Up-to-date: /home/aisd/ros2_ws/install/turtlesim/include/turtlesim
[5.812s] -- Up-to-date: /home/aisd/ros2_ws/install/turtlesim/include/turtlesim/msg
[5.812s] -- Up-to-date: /home/aisd/ros2_ws/install/turtlesim/include/turtlesim/msg/rosidl_typesupport_fastrtps_c__visibility_control.h
[5.813s] -- Up-to-date: /home/aisd/ros2_ws/install/turtlesim/include/turtlesim/msg/detail
[5.813s] -- Up-to-date: /home/aisd/ros2_ws/install/turtlesim/include/turtlesim/msg/detail/pose__rosidl_typesupport_fastrtps_c.h
[5.814s] -- Up-to-date: /home/aisd/ros2_ws/install/turtlesim/include/turtlesim/msg/detail/color__rosidl_typesupport_fastrtps_c.h
[5.815s] -- Up-to-date: /home/aisd/ros2_ws/install/turtlesim/include/turtlesim/action
[5.815s] -- Up-to-date: /home/aisd/ros2_ws/install/turtlesim/include/turtlesim/action/detail
[5.815s] -- Up-to-date: /home/aisd/ros2_ws/install/turtlesim/include/turtlesim/action/detail/rotate_absolute__rosidl_typesupport_fastrtps_c.h
[5.816s] -- Up-to-date: /home/aisd/ros2_ws/install/turtlesim/include/turtlesim/srv
[5.816s] -- Up-to-date: /home/aisd/ros2_ws/install/turtlesim/include/turtlesim/srv/detail
[5.816s] -- Up-to-date: /home/aisd/ros2_ws/install/turtlesim/include/turtlesim/srv/detail/spawn__rosidl_typesupport_fastrtps_c.h
[5.817s] -- Up-to-date: /home/aisd/ros2_ws/install/turtlesim/include/turtlesim/srv/detail/teleport_relative__rosidl_typesupport_fastrtps_c.h
[5.817s] -- Up-to-date: /home/aisd/ros2_ws/install/turtlesim/include/turtlesim/srv/detail/teleport_absolute__rosidl_typesupport_fastrtps_c.h
[5.818s] -- Up-to-date: /home/aisd/ros2_ws/install/turtlesim/include/turtlesim/srv/detail/set_pen__rosidl_typesupport_fastrtps_c.h
[5.819s] -- Up-to-date: /home/aisd/ros2_ws/install/turtlesim/include/turtlesim/srv/detail/kill__rosidl_typesupport_fastrtps_c.h
[5.847s] -- Up-to-date: /home/aisd/ros2_ws/install/turtlesim/lib/libturtlesim__rosidl_typesupport_fastrtps_c.so
[5.847s] -- Up-to-date: /home/aisd/ros2_ws/install/turtlesim/include/turtlesim
[5.848s] -- Up-to-date: /home/aisd/ros2_ws/install/turtlesim/include/turtlesim/msg
[5.848s] -- Up-to-date: /home/aisd/ros2_ws/install/turtlesim/include/turtlesim/msg/rosidl_typesupport_fastrtps_cpp__visibility_control.h
[5.849s] -- Up-to-date: /home/aisd/ros2_ws/install/turtlesim/include/turtlesim/msg/detail
[5.882s] -- Up-to-date: /home/aisd/ros2_ws/install/turtlesim/include/turtlesim/msg/detail/dds_fastrtps
[5.882s] -- Up-to-date: /home/aisd/ros2_ws/install/turtlesim/include/turtlesim/msg/detail/pose__rosidl_typesupport_fastrtps_cpp.hpp
[5.883s] -- Up-to-date: /home/aisd/ros2_ws/install/turtlesim/include/turtlesim/msg/detail/color__rosidl_typesupport_fastrtps_cpp.hpp
[5.883s] -- Up-to-date: /home/aisd/ros2_ws/install/turtlesim/include/turtlesim/action
[5.884s] -- Up-to-date: /home/aisd/ros2_ws/install/turtlesim/include/turtlesim/action/detail
[5.896s] -- Up-to-date: /home/aisd/ros2_ws/install/turtlesim/include/turtlesim/action/detail/dds_fastrtps
[5.897s] -- Up-to-date: /home/aisd/ros2_ws/install/turtlesim/include/turtlesim/action/detail/rotate_absolute__rosidl_typesupport_fastrtps_cpp.hpp
[5.897s] -- Up-to-date: /home/aisd/ros2_ws/install/turtlesim/include/turtlesim/srv
[5.897s] -- Up-to-date: /home/aisd/ros2_ws/install/turtlesim/include/turtlesim/srv/detail
[5.897s] -- Up-to-date: /home/aisd/ros2_ws/install/turtlesim/include/turtlesim/srv/detail/teleport_relative__rosidl_typesupport_fastrtps_cpp.hpp
[5.899s] -- Up-to-date: /home/aisd/ros2_ws/install/turtlesim/include/turtlesim/srv/detail/set_pen__rosidl_typesupport_fastrtps_cpp.hpp
[5.899s] -- Up-to-date: /home/aisd/ros2_ws/install/turtlesim/include/turtlesim/srv/detail/dds_fastrtps
[5.899s] -- Up-to-date: /home/aisd/ros2_ws/install/turtlesim/include/turtlesim/srv/detail/spawn__rosidl_typesupport_fastrtps_cpp.hpp
[5.899s] -- Up-to-date: /home/aisd/ros2_ws/install/turtlesim/include/turtlesim/srv/detail/teleport_absolute__rosidl_typesupport_fastrtps_cpp.hpp
[5.899s] -- Up-to-date: /home/aisd/ros2_ws/install/turtlesim/include/turtlesim/srv/detail/kill__rosidl_typesupport_fastrtps_cpp.hpp
[5.903s] -- Up-to-date: /home/aisd/ros2_ws/install/turtlesim/lib/libturtlesim__rosidl_typesupport_fastrtps_cpp.so
[5.904s] -- Up-to-date: /home/aisd/ros2_ws/install/turtlesim/include/turtlesim
[5.905s] -- Up-to-date: /home/aisd/ros2_ws/install/turtlesim/include/turtlesim/msg
[5.905s] -- Up-to-date: /home/aisd/ros2_ws/install/turtlesim/include/turtlesim/msg/rosidl_typesupport_introspection_c__visibility_control.h
[5.905s] -- Up-to-date: /home/aisd/ros2_ws/install/turtlesim/include/turtlesim/msg/detail
[5.906s] -- Up-to-date: /home/aisd/ros2_ws/install/turtlesim/include/turtlesim/msg/detail/color__rosidl_typesupport_introspection_c.h
[5.906s] -- Up-to-date: /home/aisd/ros2_ws/install/turtlesim/include/turtlesim/msg/detail/pose__rosidl_typesupport_introspection_c.h
[5.906s] -- Up-to-date: /home/aisd/ros2_ws/install/turtlesim/include/turtlesim/msg/detail/color__type_support.c
[5.907s] -- Up-to-date: /home/aisd/ros2_ws/install/turtlesim/include/turtlesim/msg/detail/pose__type_support.c
[5.908s] -- Up-to-date: /home/aisd/ros2_ws/install/turtlesim/include/turtlesim/action
[5.908s] -- Up-to-date: /home/aisd/ros2_ws/install/turtlesim/include/turtlesim/action/detail
[5.908s] -- Up-to-date: /home/aisd/ros2_ws/install/turtlesim/include/turtlesim/action/detail/rotate_absolute__type_support.c
[5.908s] -- Up-to-date: /home/aisd/ros2_ws/install/turtlesim/include/turtlesim/action/detail/rotate_absolute__rosidl_typesupport_introspection_c.h
[5.908s] -- Up-to-date: /home/aisd/ros2_ws/install/turtlesim/include/turtlesim/srv
[5.908s] -- Up-to-date: /home/aisd/ros2_ws/install/turtlesim/include/turtlesim/srv/detail
[5.911s] -- Up-to-date: /home/aisd/ros2_ws/install/turtlesim/include/turtlesim/srv/detail/kill__rosidl_typesupport_introspection_c.h
[5.911s] -- Up-to-date: /home/aisd/ros2_ws/install/turtlesim/include/turtlesim/srv/detail/kill__type_support.c
[5.912s] -- Up-to-date: /home/aisd/ros2_ws/install/turtlesim/include/turtlesim/srv/detail/spawn__rosidl_typesupport_introspection_c.h
[5.912s] -- Up-to-date: /home/aisd/ros2_ws/install/turtlesim/include/turtlesim/srv/detail/teleport_relative__rosidl_typesupport_introspection_c.h
[5.912s] -- Up-to-date: /home/aisd/ros2_ws/install/turtlesim/include/turtlesim/srv/detail/teleport_relative__type_support.c
[5.912s] -- Up-to-date: /home/aisd/ros2_ws/install/turtlesim/include/turtlesim/srv/detail/teleport_absolute__rosidl_typesupport_introspection_c.h
[5.912s] -- Up-to-date: /home/aisd/ros2_ws/install/turtlesim/include/turtlesim/srv/detail/set_pen__type_support.c
[5.913s] -- Up-to-date: /home/aisd/ros2_ws/install/turtlesim/include/turtlesim/srv/detail/teleport_absolute__type_support.c
[5.913s] -- Up-to-date: /home/aisd/ros2_ws/install/turtlesim/include/turtlesim/srv/detail/spawn__type_support.c
[5.913s] -- Up-to-date: /home/aisd/ros2_ws/install/turtlesim/include/turtlesim/srv/detail/set_pen__rosidl_typesupport_introspection_c.h
[5.918s] -- Up-to-date: /home/aisd/ros2_ws/install/turtlesim/lib/libturtlesim__rosidl_typesupport_introspection_c.so
[5.928s] -- Up-to-date: /home/aisd/ros2_ws/install/turtlesim/lib/libturtlesim__rosidl_typesupport_c.so
[5.929s] -- Up-to-date: /home/aisd/ros2_ws/install/turtlesim/include/turtlesim
[5.929s] -- Up-to-date: /home/aisd/ros2_ws/install/turtlesim/include/turtlesim/msg
[5.930s] -- Up-to-date: /home/aisd/ros2_ws/install/turtlesim/include/turtlesim/msg/color.hpp
[5.931s] -- Up-to-date: /home/aisd/ros2_ws/install/turtlesim/include/turtlesim/msg/detail
[5.932s] -- Up-to-date: /home/aisd/ros2_ws/install/turtlesim/include/turtlesim/msg/detail/pose__struct.hpp
[5.932s] -- Up-to-date: /home/aisd/ros2_ws/install/turtlesim/include/turtlesim/msg/detail/color__struct.hpp
[5.932s] -- Up-to-date: /home/aisd/ros2_ws/install/turtlesim/include/turtlesim/msg/detail/color__builder.hpp
[5.933s] -- Up-to-date: /home/aisd/ros2_ws/install/turtlesim/include/turtlesim/msg/detail/pose__traits.hpp
[5.933s] -- Up-to-date: /home/aisd/ros2_ws/install/turtlesim/include/turtlesim/msg/detail/pose__builder.hpp
[5.934s] -- Up-to-date: /home/aisd/ros2_ws/install/turtlesim/include/turtlesim/msg/detail/color__traits.hpp
[5.936s] -- Up-to-date: /home/aisd/ros2_ws/install/turtlesim/include/turtlesim/msg/pose.hpp
[5.936s] -- Up-to-date: /home/aisd/ros2_ws/install/turtlesim/include/turtlesim/action
[5.936s] -- Up-to-date: /home/aisd/ros2_ws/install/turtlesim/include/turtlesim/action/rotate_absolute.hpp
[5.936s] -- Up-to-date: /home/aisd/ros2_ws/install/turtlesim/include/turtlesim/action/detail
[5.936s] -- Up-to-date: /home/aisd/ros2_ws/install/turtlesim/include/turtlesim/action/detail/rotate_absolute__struct.hpp
[5.936s] -- Up-to-date: /home/aisd/ros2_ws/install/turtlesim/include/turtlesim/action/detail/rotate_absolute__builder.hpp
[5.909s] -- Up-to-date: /home/aisd/ros2_ws/install/turtlesim/include/turtlesim/action/detail/rotate_absolute__traits.hpp
[5.910s] -- Up-to-date: /home/aisd/ros2_ws/install/turtlesim/include/turtlesim/srv
[5.910s] -- Up-to-date: /home/aisd/ros2_ws/install/turtlesim/include/turtlesim/srv/teleport_absolute.hpp
[5.911s] -- Up-to-date: /home/aisd/ros2_ws/install/turtlesim/include/turtlesim/srv/set_pen.hpp
[5.912s] -- Up-to-date: /home/aisd/ros2_ws/install/turtlesim/include/turtlesim/srv/kill.hpp
[5.912s] -- Up-to-date: /home/aisd/ros2_ws/install/turtlesim/include/turtlesim/srv/spawn.hpp
[5.914s] -- Up-to-date: /home/aisd/ros2_ws/install/turtlesim/include/turtlesim/srv/teleport_relative.hpp
[5.916s] -- Up-to-date: /home/aisd/ros2_ws/install/turtlesim/include/turtlesim/srv/detail
[5.917s] -- Up-to-date: /home/aisd/ros2_ws/install/turtlesim/include/turtlesim/srv/detail/teleport_relative__struct.hpp
[5.917s] -- Up-to-date: /home/aisd/ros2_ws/install/turtlesim/include/turtlesim/srv/detail/teleport_relative__builder.hpp
[5.917s] -- Up-to-date: /home/aisd/ros2_ws/install/turtlesim/include/turtlesim/srv/detail/kill__struct.hpp
[5.918s] -- Up-to-date: /home/aisd/ros2_ws/install/turtlesim/include/turtlesim/srv/detail/teleport_absolute__struct.hpp
[5.918s] -- Up-to-date: /home/aisd/ros2_ws/install/turtlesim/include/turtlesim/srv/detail/spawn__traits.hpp
[5.919s] -- Up-to-date: /home/aisd/ros2_ws/install/turtlesim/include/turtlesim/srv/detail/teleport_relative__traits.hpp
[5.920s] -- Up-to-date: /home/aisd/ros2_ws/install/turtlesim/include/turtlesim/srv/detail/set_pen__struct.hpp
[5.920s] -- Up-to-date: /home/aisd/ros2_ws/install/turtlesim/include/turtlesim/srv/detail/teleport_absolute__builder.hpp
[5.922s] -- Up-to-date: /home/aisd/ros2_ws/install/turtlesim/include/turtlesim/srv/detail/kill__traits.hpp
[5.922s] -- Up-to-date: /home/aisd/ros2_ws/install/turtlesim/include/turtlesim/srv/detail/set_pen__traits.hpp
[5.924s] -- Up-to-date: /home/aisd/ros2_ws/install/turtlesim/include/turtlesim/srv/detail/spawn__builder.hpp
[5.924s] -- Up-to-date: /home/aisd/ros2_ws/install/turtlesim/include/turtlesim/srv/detail/kill__builder.hpp
[5.924s] -- Up-to-date: /home/aisd/ros2_ws/install/turtlesim/include/turtlesim/srv/detail/spawn__struct.hpp
[5.925s] -- Up-to-date: /home/aisd/ros2_ws/install/turtlesim/include/turtlesim/srv/detail/teleport_absolute__traits.hpp
[5.926s] -- Up-to-date: /home/aisd/ros2_ws/install/turtlesim/include/turtlesim/srv/detail/set_pen__builder.hpp
[5.927s] -- Up-to-date: /home/aisd/ros2_ws/install/turtlesim/include/turtlesim
[5.927s] -- Up-to-date: /home/aisd/ros2_ws/install/turtlesim/include/turtlesim/msg
[5.928s] -- Up-to-date: /home/aisd/ros2_ws/install/turtlesim/include/turtlesim/msg/detail
[5.929s] -- Up-to-date: /home/aisd/ros2_ws/install/turtlesim/include/turtlesim/msg/detail/color__rosidl_typesupport_introspection_cpp.hpp
[5.930s] -- Up-to-date: /home/aisd/ros2_ws/install/turtlesim/include/turtlesim/msg/detail/color__type_support.cpp
[5.933s] -- Up-to-date: /home/aisd/ros2_ws/install/turtlesim/include/turtlesim/msg/detail/pose__rosidl_typesupport_introspection_cpp.hpp
[5.933s] -- Up-to-date: /home/aisd/ros2_ws/install/turtlesim/include/turtlesim/msg/detail/pose__type_support.cpp
[5.933s] -- Up-to-date: /home/aisd/ros2_ws/install/turtlesim/include/turtlesim/action
[5.933s] -- Up-to-date: /home/aisd/ros2_ws/install/turtlesim/include/turtlesim/action/detail
[5.934s] -- Up-to-date: /home/aisd/ros2_ws/install/turtlesim/include/turtlesim/action/detail/rotate_absolute__type_support.cpp
[5.935s] -- Up-to-date: /home/aisd/ros2_ws/install/turtlesim/include/turtlesim/action/detail/rotate_absolute__rosidl_typesupport_introspection_cpp.hpp
[5.935s] -- Up-to-date: /home/aisd/ros2_ws/install/turtlesim/include/turtlesim/srv
[5.935s] -- Up-to-date: /home/aisd/ros2_ws/install/turtlesim/include/turtlesim/srv/detail
[5.935s] -- Up-to-date: /home/aisd/ros2_ws/install/turtlesim/include/turtlesim/srv/detail/spawn__rosidl_typesupport_introspection_cpp.hpp
[5.937s] -- Up-to-date: /home/aisd/ros2_ws/install/turtlesim/include/turtlesim/srv/detail/teleport_absolute__type_support.cpp
[5.937s] -- Up-to-date: /home/aisd/ros2_ws/install/turtlesim/include/turtlesim/srv/detail/kill__rosidl_typesupport_introspection_cpp.hpp
[5.942s] -- Up-to-date: /home/aisd/ros2_ws/install/turtlesim/include/turtlesim/srv/detail/set_pen__rosidl_typesupport_introspection_cpp.hpp
[5.942s] -- Up-to-date: /home/aisd/ros2_ws/install/turtlesim/include/turtlesim/srv/detail/spawn__type_support.cpp
[5.943s] -- Up-to-date: /home/aisd/ros2_ws/install/turtlesim/include/turtlesim/srv/detail/teleport_relative__rosidl_typesupport_introspection_cpp.hpp
[5.943s] -- Up-to-date: /home/aisd/ros2_ws/install/turtlesim/include/turtlesim/srv/detail/teleport_relative__type_support.cpp
[5.975s] -- Up-to-date: /home/aisd/ros2_ws/install/turtlesim/include/turtlesim/srv/detail/kill__type_support.cpp
[5.975s] -- Up-to-date: /home/aisd/ros2_ws/install/turtlesim/include/turtlesim/srv/detail/teleport_absolute__rosidl_typesupport_introspection_cpp.hpp
[5.977s] -- Up-to-date: /home/aisd/ros2_ws/install/turtlesim/include/turtlesim/srv/detail/set_pen__type_support.cpp
[5.977s] -- Up-to-date: /home/aisd/ros2_ws/install/turtlesim/lib/libturtlesim__rosidl_typesupport_introspection_cpp.so
[5.979s] -- Up-to-date: /home/aisd/ros2_ws/install/turtlesim/lib/libturtlesim__rosidl_typesupport_cpp.so
[5.980s] -- Up-to-date: /home/aisd/ros2_ws/install/turtlesim/share/turtlesim/environment/pythonpath.sh
[5.980s] -- Up-to-date: /home/aisd/ros2_ws/install/turtlesim/share/turtlesim/environment/pythonpath.dsv
[5.982s] -- Up-to-date: /home/aisd/ros2_ws/install/turtlesim/lib/python3.8/site-packages/turtlesim/__init__.py
[6.231s] -- Up-to-date: /home/aisd/ros2_ws/install/turtlesim/lib/python3.8/site-packages/turtlesim/action
[6.233s] -- Up-to-date: /home/aisd/ros2_ws/install/turtlesim/lib/python3.8/site-packages/turtlesim/action/_rotate_absolute.py
[6.234s] -- Up-to-date: /home/aisd/ros2_ws/install/turtlesim/lib/python3.8/site-packages/turtlesim/action/__init__.py
[6.234s] -- Up-to-date: /home/aisd/ros2_ws/install/turtlesim/lib/python3.8/site-packages/turtlesim/action/_rotate_absolute_s.c
[6.234s] -- Up-to-date: /home/aisd/ros2_ws/install/turtlesim/lib/python3.8/site-packages/turtlesim/msg
[6.236s] -- Up-to-date: /home/aisd/ros2_ws/install/turtlesim/lib/python3.8/site-packages/turtlesim/msg/_color_s.c
[6.236s] -- Up-to-date: /home/aisd/ros2_ws/install/turtlesim/lib/python3.8/site-packages/turtlesim/msg/_pose.py
[6.236s] -- Up-to-date: /home/aisd/ros2_ws/install/turtlesim/lib/python3.8/site-packages/turtlesim/msg/_color.py
[6.237s] -- Up-to-date: /home/aisd/ros2_ws/install/turtlesim/lib/python3.8/site-packages/turtlesim/msg/_pose_s.c
[6.237s] -- Up-to-date: /home/aisd/ros2_ws/install/turtlesim/lib/python3.8/site-packages/turtlesim/msg/__init__.py
[6.237s] -- Up-to-date: /home/aisd/ros2_ws/install/turtlesim/lib/python3.8/site-packages/turtlesim/srv
[6.239s] -- Up-to-date: /home/aisd/ros2_ws/install/turtlesim/lib/python3.8/site-packages/turtlesim/srv/_kill_s.c
[6.240s] -- Up-to-date: /home/aisd/ros2_ws/install/turtlesim/lib/python3.8/site-packages/turtlesim/srv/_kill.py
[6.240s] -- Up-to-date: /home/aisd/ros2_ws/install/turtlesim/lib/python3.8/site-packages/turtlesim/srv/_spawn_s.c
[6.240s] -- Up-to-date: /home/aisd/ros2_ws/install/turtlesim/lib/python3.8/site-packages/turtlesim/srv/_set_pen_s.c
[6.243s] -- Up-to-date: /home/aisd/ros2_ws/install/turtlesim/lib/python3.8/site-packages/turtlesim/srv/_spawn.py
[6.245s] -- Up-to-date: /home/aisd/ros2_ws/install/turtlesim/lib/python3.8/site-packages/turtlesim/srv/__init__.py
[6.245s] -- Up-to-date: /home/aisd/ros2_ws/install/turtlesim/lib/python3.8/site-packages/turtlesim/srv/_teleport_absolute_s.c
[6.249s] -- Up-to-date: /home/aisd/ros2_ws/install/turtlesim/lib/python3.8/site-packages/turtlesim/srv/_set_pen.py
[6.250s] -- Up-to-date: /home/aisd/ros2_ws/install/turtlesim/lib/python3.8/site-packages/turtlesim/srv/_teleport_relative_s.c
[6.251s] -- Up-to-date: /home/aisd/ros2_ws/install/turtlesim/lib/python3.8/site-packages/turtlesim/srv/_teleport_relative.py
[6.251s] -- Up-to-date: /home/aisd/ros2_ws/install/turtlesim/lib/python3.8/site-packages/turtlesim/srv/_teleport_absolute.py
[6.252s] -- Up-to-date: /home/aisd/ros2_ws/install/turtlesim/lib/python3.8/site-packages/turtlesim/turtlesim_s__rosidl_typesupport_fastrtps_c.cpython-38-x86_64-linux-gnu.so
[6.256s] -- Up-to-date: /home/aisd/ros2_ws/install/turtlesim/lib/python3.8/site-packages/turtlesim/turtlesim_s__rosidl_typesupport_introspection_c.cpython-38-x86_64-linux-gnu.so
[6.296s] -- Up-to-date: /home/aisd/ros2_ws/install/turtlesim/lib/python3.8/site-packages/turtlesim/turtlesim_s__rosidl_typesupport_c.cpython-38-x86_64-linux-gnu.so
[6.309s] -- Up-to-date: /home/aisd/ros2_ws/install/turtlesim/lib/libturtlesim__python.so
[6.312s] -- Up-to-date: /home/aisd/ros2_ws/install/turtlesim/share/turtlesim/action/RotateAbsolute.idl
[6.321s] -- Up-to-date: /home/aisd/ros2_ws/install/turtlesim/share/turtlesim/msg/Color.idl
[6.321s] -- Up-to-date: /home/aisd/ros2_ws/install/turtlesim/share/turtlesim/msg/Pose.idl
[6.330s] -- Up-to-date: /home/aisd/ros2_ws/install/turtlesim/share/turtlesim/srv/Kill.idl
[6.330s] -- Up-to-date: /home/aisd/ros2_ws/install/turtlesim/share/turtlesim/srv/SetPen.idl
[6.331s] -- Up-to-date: /home/aisd/ros2_ws/install/turtlesim/share/turtlesim/srv/Spawn.idl
[6.331s] -- Up-to-date: /home/aisd/ros2_ws/install/turtlesim/share/turtlesim/srv/TeleportAbsolute.idl
[6.338s] -- Up-to-date: /home/aisd/ros2_ws/install/turtlesim/share/turtlesim/srv/TeleportRelative.idl
[6.344s] -- Up-to-date: /home/aisd/ros2_ws/install/turtlesim/share/turtlesim/action/RotateAbsolute.action
[6.344s] -- Up-to-date: /home/aisd/ros2_ws/install/turtlesim/share/turtlesim/msg/Color.msg
[6.348s] -- Up-to-date: /home/aisd/ros2_ws/install/turtlesim/share/turtlesim/msg/Pose.msg
[6.348s] -- Up-to-date: /home/aisd/ros2_ws/install/turtlesim/share/turtlesim/srv/Kill.srv
[6.348s] -- Up-to-date: /home/aisd/ros2_ws/install/turtlesim/share/turtlesim/srv/Kill_Request.msg
[6.348s] -- Up-to-date: /home/aisd/ros2_ws/install/turtlesim/share/turtlesim/srv/Kill_Response.msg
[6.348s] -- Up-to-date: /home/aisd/ros2_ws/install/turtlesim/share/turtlesim/srv/SetPen.srv
[6.348s] -- Up-to-date: /home/aisd/ros2_ws/install/turtlesim/share/turtlesim/srv/SetPen_Request.msg
[6.348s] -- Up-to-date: /home/aisd/ros2_ws/install/turtlesim/share/turtlesim/srv/SetPen_Response.msg
[6.348s] -- Up-to-date: /home/aisd/ros2_ws/install/turtlesim/share/turtlesim/srv/Spawn.srv
[6.348s] -- Up-to-date: /home/aisd/ros2_ws/install/turtlesim/share/turtlesim/srv/Spawn_Request.msg
[6.348s] -- Up-to-date: /home/aisd/ros2_ws/install/turtlesim/share/turtlesim/srv/Spawn_Response.msg
[6.348s] -- Up-to-date: /home/aisd/ros2_ws/install/turtlesim/share/turtlesim/srv/TeleportAbsolute.srv
[6.348s] -- Up-to-date: /home/aisd/ros2_ws/install/turtlesim/share/turtlesim/srv/TeleportAbsolute_Request.msg
[6.348s] -- Up-to-date: /home/aisd/ros2_ws/install/turtlesim/share/turtlesim/srv/TeleportAbsolute_Response.msg
[6.348s] -- Up-to-date: /home/aisd/ros2_ws/install/turtlesim/share/turtlesim/srv/TeleportRelative.srv
[6.348s] -- Up-to-date: /home/aisd/ros2_ws/install/turtlesim/share/turtlesim/srv/TeleportRelative_Request.msg
[6.348s] -- Up-to-date: /home/aisd/ros2_ws/install/turtlesim/share/turtlesim/srv/TeleportRelative_Response.msg
[6.368s] -- Up-to-date: /home/aisd/ros2_ws/install/turtlesim/lib/turtlesim/turtlesim_node
[6.404s] -- Up-to-date: /home/aisd/ros2_ws/install/turtlesim/lib/turtlesim/turtle_teleop_key
[6.428s] -- Up-to-date: /home/aisd/ros2_ws/install/turtlesim/lib/turtlesim/draw_square
[6.444s] -- Up-to-date: /home/aisd/ros2_ws/install/turtlesim/lib/turtlesim/mimic
[6.444s] -- Up-to-date: /home/aisd/ros2_ws/install/turtlesim/share/turtlesim/images
[6.452s] -- Up-to-date: /home/aisd/ros2_ws/install/turtlesim/share/turtlesim/images/crystal.png
[6.452s] -- Up-to-date: /home/aisd/ros2_ws/install/turtlesim/share/turtlesim/images/bouncy.png
[6.452s] -- Up-to-date: /home/aisd/ros2_ws/install/turtlesim/share/turtlesim/images/foxy.png
[6.452s] -- Up-to-date: /home/aisd/ros2_ws/install/turtlesim/share/turtlesim/images/galactic.png
[6.452s] -- Up-to-date: /home/aisd/ros2_ws/install/turtlesim/share/turtlesim/images/dashing.png
[6.452s] -- Up-to-date: /home/aisd/ros2_ws/install/turtlesim/share/turtlesim/images/ardent.png
[6.452s] -- Up-to-date: /home/aisd/ros2_ws/install/turtlesim/share/turtlesim/images/eloquent.png
[6.452s] -- Up-to-date: /home/aisd/ros2_ws/install/turtlesim/share/turtlesim/launch
[6.456s] -- Up-to-date: /home/aisd/ros2_ws/install/turtlesim/share/turtlesim/launch/multisim.launch.py
[6.460s] -- Up-to-date: /home/aisd/ros2_ws/install/turtlesim/share/ament_index/resource_index/package_run_dependencies/turtlesim
[6.464s] -- Up-to-date: /home/aisd/ros2_ws/install/turtlesim/share/ament_index/resource_index/parent_prefix_path/turtlesim
[6.464s] -- Up-to-date: /home/aisd/ros2_ws/install/turtlesim/share/turtlesim/environment/ament_prefix_path.sh
[6.464s] -- Up-to-date: /home/aisd/ros2_ws/install/turtlesim/share/turtlesim/environment/ament_prefix_path.dsv
[6.464s] -- Up-to-date: /home/aisd/ros2_ws/install/turtlesim/share/turtlesim/environment/path.sh
[6.464s] -- Up-to-date: /home/aisd/ros2_ws/install/turtlesim/share/turtlesim/environment/path.dsv
[6.464s] -- Up-to-date: /home/aisd/ros2_ws/install/turtlesim/share/turtlesim/local_setup.bash
[6.464s] -- Up-to-date: /home/aisd/ros2_ws/install/turtlesim/share/turtlesim/local_setup.sh
[6.468s] -- Up-to-date: /home/aisd/ros2_ws/install/turtlesim/share/turtlesim/local_setup.zsh
[6.468s] -- Up-to-date: /home/aisd/ros2_ws/install/turtlesim/share/turtlesim/local_setup.dsv
[6.468s] -- Installing: /home/aisd/ros2_ws/install/turtlesim/share/turtlesim/package.dsv
[6.484s] -- Up-to-date: /home/aisd/ros2_ws/install/turtlesim/share/ament_index/resource_index/packages/turtlesim
[6.484s] -- Up-to-date: /home/aisd/ros2_ws/install/turtlesim/share/turtlesim/cmake/turtlesim__rosidl_generator_cExport.cmake
[6.484s] -- Up-to-date: /home/aisd/ros2_ws/install/turtlesim/share/turtlesim/cmake/turtlesim__rosidl_generator_cExport-noconfig.cmake
[6.514s] -- Up-to-date: /home/aisd/ros2_ws/install/turtlesim/share/turtlesim/cmake/turtlesim__rosidl_typesupport_introspection_cExport.cmake
[6.515s] -- Up-to-date: /home/aisd/ros2_ws/install/turtlesim/share/turtlesim/cmake/turtlesim__rosidl_typesupport_introspection_cExport-noconfig.cmake
[6.518s] -- Up-to-date: /home/aisd/ros2_ws/install/turtlesim/share/turtlesim/cmake/turtlesim__rosidl_typesupport_cExport.cmake
[6.519s] -- Up-to-date: /home/aisd/ros2_ws/install/turtlesim/share/turtlesim/cmake/turtlesim__rosidl_typesupport_cExport-noconfig.cmake
[6.525s] -- Up-to-date: /home/aisd/ros2_ws/install/turtlesim/share/turtlesim/cmake/turtlesim__rosidl_generator_cppExport.cmake
[6.548s] -- Up-to-date: /home/aisd/ros2_ws/install/turtlesim/share/turtlesim/cmake/turtlesim__rosidl_typesupport_introspection_cppExport.cmake
[6.549s] -- Up-to-date: /home/aisd/ros2_ws/install/turtlesim/share/turtlesim/cmake/turtlesim__rosidl_typesupport_introspection_cppExport-noconfig.cmake
[6.553s] -- Up-to-date: /home/aisd/ros2_ws/install/turtlesim/share/turtlesim/cmake/turtlesim__rosidl_typesupport_cppExport.cmake
[6.553s] -- Up-to-date: /home/aisd/ros2_ws/install/turtlesim/share/turtlesim/cmake/turtlesim__rosidl_typesupport_cppExport-noconfig.cmake
[6.554s] -- Up-to-date: /home/aisd/ros2_ws/install/turtlesim/share/turtlesim/cmake/rosidl_cmake-extras.cmake
[6.554s] -- Up-to-date: /home/aisd/ros2_ws/install/turtlesim/share/turtlesim/cmake/ament_cmake_export_dependencies-extras.cmake
[6.555s] -- Up-to-date: /home/aisd/ros2_ws/install/turtlesim/share/turtlesim/cmake/ament_cmake_export_libraries-extras.cmake
[6.555s] -- Up-to-date: /home/aisd/ros2_ws/install/turtlesim/share/turtlesim/cmake/ament_cmake_export_targets-extras.cmake
[6.556s] -- Up-to-date: /home/aisd/ros2_ws/install/turtlesim/share/turtlesim/cmake/ament_cmake_export_include_directories-extras.cmake
[6.556s] -- Up-to-date: /home/aisd/ros2_ws/install/turtlesim/share/turtlesim/cmake/rosidl_cmake_export_typesupport_libraries-extras.cmake
[6.557s] -- Up-to-date: /home/aisd/ros2_ws/install/turtlesim/share/turtlesim/cmake/rosidl_cmake_export_typesupport_targets-extras.cmake
[6.557s] -- Up-to-date: /home/aisd/ros2_ws/install/turtlesim/share/turtlesim/cmake/turtlesimConfig.cmake
[6.557s] -- Up-to-date: /home/aisd/ros2_ws/install/turtlesim/share/turtlesim/cmake/turtlesimConfig-version.cmake
[6.558s] -- Up-to-date: /home/aisd/ros2_ws/install/turtlesim/share/turtlesim/package.xml
[6.988s] Invoked command in '/home/aisd/ros2_ws/build/turtlesim' returned '0': CMAKE_PREFIX_PATH=/opt/ros/galactic /usr/bin/cmake --install /home/aisd/ros2_ws/build/turtlesim
