[1.997s] Invoking command in '/home/aisd/ros2_ws/src/aisd-vahabbayat/aisd_motion': AMENT_PREFIX_PATH=/home/aisd/ros2_ws/install/aisd_interfaces:${AMENT_PREFIX_PATH} CMAKE_PREFIX_PATH=/home/aisd/ros2_ws/install/aisd_interfaces LD_LIBRARY_PATH=/home/aisd/ros2_ws/install/aisd_interfaces/lib:${LD_LIBRARY_PATH} PYTHONPATH=/home/aisd/ros2_ws/install/aisd_motion/lib/python3.8/site-packages:/home/aisd/ros2_ws/install/aisd_interfaces/lib/python3.8/site-packages:${PYTHONPATH} /usr/bin/python3 setup.py egg_info --egg-base ../../../build/aisd_motion build --build-base /home/aisd/ros2_ws/build/aisd_motion/build install --prefix /home/aisd/ros2_ws/install/aisd_motion --record /home/aisd/ros2_ws/build/aisd_motion/install.log --single-version-externally-managed
[2.297s] running egg_info
[2.298s] creating ../../../build/aisd_motion/aisd_motion.egg-info
[2.298s] writing ../../../build/aisd_motion/aisd_motion.egg-info/PKG-INFO
[2.299s] writing dependency_links to ../../../build/aisd_motion/aisd_motion.egg-info/dependency_links.txt
[2.299s] writing entry points to ../../../build/aisd_motion/aisd_motion.egg-info/entry_points.txt
[2.299s] writing requirements to ../../../build/aisd_motion/aisd_motion.egg-info/requires.txt
[2.300s] writing top-level names to ../../../build/aisd_motion/aisd_motion.egg-info/top_level.txt
[2.301s] writing manifest file '../../../build/aisd_motion/aisd_motion.egg-info/SOURCES.txt'
[2.364s] reading manifest file '../../../build/aisd_motion/aisd_motion.egg-info/SOURCES.txt'
[2.366s] writing manifest file '../../../build/aisd_motion/aisd_motion.egg-info/SOURCES.txt'
[2.366s] running build
[2.366s] running build_py
[2.367s] creating /home/aisd/ros2_ws/build/aisd_motion/build
[2.367s] creating /home/aisd/ros2_ws/build/aisd_motion/build/lib
[2.367s] creating /home/aisd/ros2_ws/build/aisd_motion/build/lib/aisd_motion
[2.367s] copying aisd_motion/__init__.py -> /home/aisd/ros2_ws/build/aisd_motion/build/lib/aisd_motion
[2.367s] copying aisd_motion/move.py -> /home/aisd/ros2_ws/build/aisd_motion/build/lib/aisd_motion
[2.367s] running install
[2.369s] running install_lib
[2.370s] creating /home/aisd/ros2_ws/install/aisd_motion/lib/python3.8/site-packages/aisd_motion
[2.371s] copying /home/aisd/ros2_ws/build/aisd_motion/build/lib/aisd_motion/__init__.py -> /home/aisd/ros2_ws/install/aisd_motion/lib/python3.8/site-packages/aisd_motion
[2.371s] copying /home/aisd/ros2_ws/build/aisd_motion/build/lib/aisd_motion/move.py -> /home/aisd/ros2_ws/install/aisd_motion/lib/python3.8/site-packages/aisd_motion
[2.371s] byte-compiling /home/aisd/ros2_ws/install/aisd_motion/lib/python3.8/site-packages/aisd_motion/__init__.py to __init__.cpython-38.pyc
[2.373s] byte-compiling /home/aisd/ros2_ws/install/aisd_motion/lib/python3.8/site-packages/aisd_motion/move.py to move.cpython-38.pyc
[2.374s] running install_data
[2.377s] creating /home/aisd/ros2_ws/install/aisd_motion/share/ament_index
[2.377s] creating /home/aisd/ros2_ws/install/aisd_motion/share/ament_index/resource_index
[2.378s] creating /home/aisd/ros2_ws/install/aisd_motion/share/ament_index/resource_index/packages
[2.378s] copying resource/aisd_motion -> /home/aisd/ros2_ws/install/aisd_motion/share/ament_index/resource_index/packages
[2.378s] copying package.xml -> /home/aisd/ros2_ws/install/aisd_motion/share/aisd_motion
[2.378s] running install_egg_info
[2.380s] Copying ../../../build/aisd_motion/aisd_motion.egg-info to /home/aisd/ros2_ws/install/aisd_motion/lib/python3.8/site-packages/aisd_motion-0.0.0-py3.8.egg-info
[2.381s] running install_scripts
[2.410s] Installing move script to /home/aisd/ros2_ws/install/aisd_motion/lib/aisd_motion
[2.410s] writing list of installed files to '/home/aisd/ros2_ws/build/aisd_motion/install.log'
[2.494s] Invoked command in '/home/aisd/ros2_ws/src/aisd-vahabbayat/aisd_motion' returned '0': AMENT_PREFIX_PATH=/home/aisd/ros2_ws/install/aisd_interfaces:${AMENT_PREFIX_PATH} CMAKE_PREFIX_PATH=/home/aisd/ros2_ws/install/aisd_interfaces LD_LIBRARY_PATH=/home/aisd/ros2_ws/install/aisd_interfaces/lib:${LD_LIBRARY_PATH} PYTHONPATH=/home/aisd/ros2_ws/install/aisd_motion/lib/python3.8/site-packages:/home/aisd/ros2_ws/install/aisd_interfaces/lib/python3.8/site-packages:${PYTHONPATH} /usr/bin/python3 setup.py egg_info --egg-base ../../../build/aisd_motion build --build-base /home/aisd/ros2_ws/build/aisd_motion/build install --prefix /home/aisd/ros2_ws/install/aisd_motion --record /home/aisd/ros2_ws/build/aisd_motion/install.log --single-version-externally-managed
