[2.915s] Invoking command in '/home/aisd/ros2_ws/src/aisd-vahabbayat/aisd_motion': AMENT_PREFIX_PATH=/home/aisd/ros2_ws/install/aisd_interfaces:${AMENT_PREFIX_PATH} CMAKE_PREFIX_PATH=/home/aisd/ros2_ws/install/aisd_interfaces LD_LIBRARY_PATH=/home/aisd/ros2_ws/install/aisd_interfaces/lib:${LD_LIBRARY_PATH} PYTHONPATH=/home/aisd/ros2_ws/install/aisd_motion/lib/python3.8/site-packages:/home/aisd/ros2_ws/install/aisd_interfaces/lib/python3.8/site-packages:${PYTHONPATH} /usr/bin/python3 setup.py egg_info --egg-base ../../../build/aisd_motion build --build-base /home/aisd/ros2_ws/build/aisd_motion/build install --prefix /home/aisd/ros2_ws/install/aisd_motion --record /home/aisd/ros2_ws/build/aisd_motion/install.log --single-version-externally-managed
[4.775s] running egg_info
[4.813s] writing ../../../build/aisd_motion/aisd_motion.egg-info/PKG-INFO
[4.836s] writing dependency_links to ../../../build/aisd_motion/aisd_motion.egg-info/dependency_links.txt
[4.847s] writing entry points to ../../../build/aisd_motion/aisd_motion.egg-info/entry_points.txt
[4.886s] writing requirements to ../../../build/aisd_motion/aisd_motion.egg-info/requires.txt
[4.891s] writing top-level names to ../../../build/aisd_motion/aisd_motion.egg-info/top_level.txt
[5.087s] reading manifest file '../../../build/aisd_motion/aisd_motion.egg-info/SOURCES.txt'
[5.094s] writing manifest file '../../../build/aisd_motion/aisd_motion.egg-info/SOURCES.txt'
[5.110s] running build
[5.110s] running build_py
[5.114s] running install
[5.135s] running install_lib
[5.139s] running install_data
[5.140s] running install_egg_info
[5.144s] removing '/home/aisd/ros2_ws/install/aisd_motion/lib/python3.8/site-packages/aisd_motion-0.0.0-py3.8.egg-info' (and everything under it)
[5.145s] Copying ../../../build/aisd_motion/aisd_motion.egg-info to /home/aisd/ros2_ws/install/aisd_motion/lib/python3.8/site-packages/aisd_motion-0.0.0-py3.8.egg-info
[5.148s] running install_scripts
[5.193s] Installing move script to /home/aisd/ros2_ws/install/aisd_motion/lib/aisd_motion
[5.205s] writing list of installed files to '/home/aisd/ros2_ws/build/aisd_motion/install.log'
[5.371s] Invoked command in '/home/aisd/ros2_ws/src/aisd-vahabbayat/aisd_motion' returned '0': AMENT_PREFIX_PATH=/home/aisd/ros2_ws/install/aisd_interfaces:${AMENT_PREFIX_PATH} CMAKE_PREFIX_PATH=/home/aisd/ros2_ws/install/aisd_interfaces LD_LIBRARY_PATH=/home/aisd/ros2_ws/install/aisd_interfaces/lib:${LD_LIBRARY_PATH} PYTHONPATH=/home/aisd/ros2_ws/install/aisd_motion/lib/python3.8/site-packages:/home/aisd/ros2_ws/install/aisd_interfaces/lib/python3.8/site-packages:${PYTHONPATH} /usr/bin/python3 setup.py egg_info --egg-base ../../../build/aisd_motion build --build-base /home/aisd/ros2_ws/build/aisd_motion/build install --prefix /home/aisd/ros2_ws/install/aisd_motion --record /home/aisd/ros2_ws/build/aisd_motion/install.log --single-version-externally-managed
