[0.218s] DEBUG:colcon:Command line arguments: ['/usr/bin/colcon', 'build']
[0.218s] DEBUG:colcon:Parsed command line arguments: Namespace(allow_overriding=[], ament_cmake_args=None, base_paths=['.'], build_base='build', catkin_cmake_args=None, catkin_skip_building_tests=False, cmake_args=None, cmake_clean_cache=False, cmake_clean_first=False, cmake_force_configure=False, cmake_target=None, cmake_target_skip_unavailable=False, continue_on_error=False, event_handlers=None, executor='parallel', ignore_user_meta=False, install_base='install', log_base=None, log_level=None, main=<bound method BuildVerb.main of <colcon_core.verb.build.BuildVerb object at 0x7f2af54a7c10>>, merge_install=False, metas=['./colcon.meta'], packages_above=None, packages_above_and_dependencies=None, packages_above_depth=None, packages_end=None, packages_ignore=None, packages_ignore_regex=None, packages_select=None, packages_select_build_failed=False, packages_select_by_dep=None, packages_select_regex=None, packages_select_test_failures=False, packages_skip=None, packages_skip_build_finished=False, packages_skip_by_dep=None, packages_skip_regex=None, packages_skip_test_passed=False, packages_skip_up_to=None, packages_start=None, packages_up_to=None, packages_up_to_regex=None, parallel_workers=2, paths=None, symlink_install=False, test_result_base=None, verb_extension=<colcon_core.verb.build.BuildVerb object at 0x7f2af54a7c10>, verb_name='build', verb_parser=<colcon_defaults.argument_parser.defaults.DefaultArgumentsDecorator object at 0x7f2af54b31c0>)
[0.315s] Level 1:colcon.colcon_core.package_discovery:discover_packages(colcon_meta) check parameters
[0.315s] Level 1:colcon.colcon_core.package_discovery:discover_packages(recursive) check parameters
[0.315s] Level 1:colcon.colcon_core.package_discovery:discover_packages(ignore) check parameters
[0.315s] Level 1:colcon.colcon_core.package_discovery:discover_packages(path) check parameters
[0.315s] Level 1:colcon.colcon_core.package_discovery:discover_packages(colcon_meta) discover
[0.316s] Level 1:colcon.colcon_core.package_discovery:discover_packages(recursive) discover
[0.316s] INFO:colcon.colcon_core.package_discovery:Crawling recursively for packages in '/home/aisd/ros2_ws'
[0.316s] Level 1:colcon.colcon_core.package_identification:_identify(.) by extensions ['ignore', 'ignore_ament_install']
[0.316s] Level 1:colcon.colcon_core.package_identification:_identify(.) by extension 'ignore'
[0.316s] Level 1:colcon.colcon_core.package_identification:_identify(.) by extension 'ignore_ament_install'
[0.316s] Level 1:colcon.colcon_core.package_identification:_identify(.) by extensions ['colcon_pkg']
[0.316s] Level 1:colcon.colcon_core.package_identification:_identify(.) by extension 'colcon_pkg'
[0.316s] Level 1:colcon.colcon_core.package_identification:_identify(.) by extensions ['colcon_meta']
[0.316s] Level 1:colcon.colcon_core.package_identification:_identify(.) by extension 'colcon_meta'
[0.316s] Level 1:colcon.colcon_core.package_identification:_identify(.) by extensions ['ros']
[0.316s] Level 1:colcon.colcon_core.package_identification:_identify(.) by extension 'ros'
[0.330s] Level 1:colcon.colcon_core.package_identification:_identify(.) by extensions ['cmake', 'python']
[0.330s] Level 1:colcon.colcon_core.package_identification:_identify(.) by extension 'cmake'
[0.330s] Level 1:colcon.colcon_core.package_identification:_identify(.) by extension 'python'
[0.331s] Level 1:colcon.colcon_core.package_identification:_identify(.) by extensions ['python_setup_py']
[0.331s] Level 1:colcon.colcon_core.package_identification:_identify(.) by extension 'python_setup_py'
[0.331s] Level 1:colcon.colcon_core.package_identification:_identify(build) by extensions ['ignore', 'ignore_ament_install']
[0.331s] Level 1:colcon.colcon_core.package_identification:_identify(build) by extension 'ignore'
[0.331s] Level 1:colcon.colcon_core.package_identification:_identify(build) ignored
[0.331s] Level 1:colcon.colcon_core.package_identification:_identify(install) by extensions ['ignore', 'ignore_ament_install']
[0.331s] Level 1:colcon.colcon_core.package_identification:_identify(install) by extension 'ignore'
[0.331s] Level 1:colcon.colcon_core.package_identification:_identify(install) ignored
[0.331s] Level 1:colcon.colcon_core.package_identification:_identify(log) by extensions ['ignore', 'ignore_ament_install']
[0.332s] Level 1:colcon.colcon_core.package_identification:_identify(log) by extension 'ignore'
[0.332s] Level 1:colcon.colcon_core.package_identification:_identify(log) ignored
[0.332s] Level 1:colcon.colcon_core.package_identification:_identify(src) by extensions ['ignore', 'ignore_ament_install']
[0.332s] Level 1:colcon.colcon_core.package_identification:_identify(src) by extension 'ignore'
[0.332s] Level 1:colcon.colcon_core.package_identification:_identify(src) by extension 'ignore_ament_install'
[0.332s] Level 1:colcon.colcon_core.package_identification:_identify(src) by extensions ['colcon_pkg']
[0.332s] Level 1:colcon.colcon_core.package_identification:_identify(src) by extension 'colcon_pkg'
[0.332s] Level 1:colcon.colcon_core.package_identification:_identify(src) by extensions ['colcon_meta']
[0.332s] Level 1:colcon.colcon_core.package_identification:_identify(src) by extension 'colcon_meta'
[0.332s] Level 1:colcon.colcon_core.package_identification:_identify(src) by extensions ['ros']
[0.332s] Level 1:colcon.colcon_core.package_identification:_identify(src) by extension 'ros'
[0.332s] Level 1:colcon.colcon_core.package_identification:_identify(src) by extensions ['cmake', 'python']
[0.333s] Level 1:colcon.colcon_core.package_identification:_identify(src) by extension 'cmake'
[0.333s] Level 1:colcon.colcon_core.package_identification:_identify(src) by extension 'python'
[0.333s] Level 1:colcon.colcon_core.package_identification:_identify(src) by extensions ['python_setup_py']
[0.333s] Level 1:colcon.colcon_core.package_identification:_identify(src) by extension 'python_setup_py'
[0.333s] Level 1:colcon.colcon_core.package_identification:_identify(src/aisd-vahabbayat) by extensions ['ignore', 'ignore_ament_install']
[0.333s] Level 1:colcon.colcon_core.package_identification:_identify(src/aisd-vahabbayat) by extension 'ignore'
[0.333s] Level 1:colcon.colcon_core.package_identification:_identify(src/aisd-vahabbayat) by extension 'ignore_ament_install'
[0.333s] Level 1:colcon.colcon_core.package_identification:_identify(src/aisd-vahabbayat) by extensions ['colcon_pkg']
[0.333s] Level 1:colcon.colcon_core.package_identification:_identify(src/aisd-vahabbayat) by extension 'colcon_pkg'
[0.333s] Level 1:colcon.colcon_core.package_identification:_identify(src/aisd-vahabbayat) by extensions ['colcon_meta']
[0.333s] Level 1:colcon.colcon_core.package_identification:_identify(src/aisd-vahabbayat) by extension 'colcon_meta'
[0.333s] Level 1:colcon.colcon_core.package_identification:_identify(src/aisd-vahabbayat) by extensions ['ros']
[0.333s] Level 1:colcon.colcon_core.package_identification:_identify(src/aisd-vahabbayat) by extension 'ros'
[0.334s] Level 1:colcon.colcon_core.package_identification:_identify(src/aisd-vahabbayat) by extensions ['cmake', 'python']
[0.334s] Level 1:colcon.colcon_core.package_identification:_identify(src/aisd-vahabbayat) by extension 'cmake'
[0.334s] Level 1:colcon.colcon_core.package_identification:_identify(src/aisd-vahabbayat) by extension 'python'
[0.334s] Level 1:colcon.colcon_core.package_identification:_identify(src/aisd-vahabbayat) by extensions ['python_setup_py']
[0.334s] Level 1:colcon.colcon_core.package_identification:_identify(src/aisd-vahabbayat) by extension 'python_setup_py'
[0.334s] Level 1:colcon.colcon_core.package_identification:_identify(src/aisd-vahabbayat/aisd_interfaces) by extensions ['ignore', 'ignore_ament_install']
[0.334s] Level 1:colcon.colcon_core.package_identification:_identify(src/aisd-vahabbayat/aisd_interfaces) by extension 'ignore'
[0.334s] Level 1:colcon.colcon_core.package_identification:_identify(src/aisd-vahabbayat/aisd_interfaces) by extension 'ignore_ament_install'
[0.334s] Level 1:colcon.colcon_core.package_identification:_identify(src/aisd-vahabbayat/aisd_interfaces) by extensions ['colcon_pkg']
[0.334s] Level 1:colcon.colcon_core.package_identification:_identify(src/aisd-vahabbayat/aisd_interfaces) by extension 'colcon_pkg'
[0.334s] Level 1:colcon.colcon_core.package_identification:_identify(src/aisd-vahabbayat/aisd_interfaces) by extensions ['colcon_meta']
[0.334s] Level 1:colcon.colcon_core.package_identification:_identify(src/aisd-vahabbayat/aisd_interfaces) by extension 'colcon_meta'
[0.335s] Level 1:colcon.colcon_core.package_identification:_identify(src/aisd-vahabbayat/aisd_interfaces) by extensions ['ros']
[0.335s] Level 1:colcon.colcon_core.package_identification:_identify(src/aisd-vahabbayat/aisd_interfaces) by extension 'ros'
[0.338s] DEBUG:colcon.colcon_core.package_identification:Package 'src/aisd-vahabbayat/aisd_interfaces' with type 'ros.ament_cmake' and name 'aisd_interfaces'
[0.338s] Level 1:colcon.colcon_core.package_identification:_identify(src/aisd-vahabbayat/aisd_motion) by extensions ['ignore', 'ignore_ament_install']
[0.338s] Level 1:colcon.colcon_core.package_identification:_identify(src/aisd-vahabbayat/aisd_motion) by extension 'ignore'
[0.338s] Level 1:colcon.colcon_core.package_identification:_identify(src/aisd-vahabbayat/aisd_motion) by extension 'ignore_ament_install'
[0.339s] Level 1:colcon.colcon_core.package_identification:_identify(src/aisd-vahabbayat/aisd_motion) by extensions ['colcon_pkg']
[0.339s] Level 1:colcon.colcon_core.package_identification:_identify(src/aisd-vahabbayat/aisd_motion) by extension 'colcon_pkg'
[0.339s] Level 1:colcon.colcon_core.package_identification:_identify(src/aisd-vahabbayat/aisd_motion) by extensions ['colcon_meta']
[0.339s] Level 1:colcon.colcon_core.package_identification:_identify(src/aisd-vahabbayat/aisd_motion) by extension 'colcon_meta'
[0.339s] Level 1:colcon.colcon_core.package_identification:_identify(src/aisd-vahabbayat/aisd_motion) by extensions ['ros']
[0.339s] Level 1:colcon.colcon_core.package_identification:_identify(src/aisd-vahabbayat/aisd_motion) by extension 'ros'
[0.341s] DEBUG:colcon.colcon_core.package_identification:Package 'src/aisd-vahabbayat/aisd_motion' with type 'ros.ament_python' and name 'aisd_motion'
[0.341s] Level 1:colcon.colcon_core.package_identification:_identify(src/aisd-vahabbayat/aisd_vision) by extensions ['ignore', 'ignore_ament_install']
[0.341s] Level 1:colcon.colcon_core.package_identification:_identify(src/aisd-vahabbayat/aisd_vision) by extension 'ignore'
[0.341s] Level 1:colcon.colcon_core.package_identification:_identify(src/aisd-vahabbayat/aisd_vision) by extension 'ignore_ament_install'
[0.341s] Level 1:colcon.colcon_core.package_identification:_identify(src/aisd-vahabbayat/aisd_vision) by extensions ['colcon_pkg']
[0.341s] Level 1:colcon.colcon_core.package_identification:_identify(src/aisd-vahabbayat/aisd_vision) by extension 'colcon_pkg'
[0.341s] Level 1:colcon.colcon_core.package_identification:_identify(src/aisd-vahabbayat/aisd_vision) by extensions ['colcon_meta']
[0.341s] Level 1:colcon.colcon_core.package_identification:_identify(src/aisd-vahabbayat/aisd_vision) by extension 'colcon_meta'
[0.341s] Level 1:colcon.colcon_core.package_identification:_identify(src/aisd-vahabbayat/aisd_vision) by extensions ['ros']
[0.341s] Level 1:colcon.colcon_core.package_identification:_identify(src/aisd-vahabbayat/aisd_vision) by extension 'ros'
[0.343s] DEBUG:colcon.colcon_core.package_identification:Package 'src/aisd-vahabbayat/aisd_vision' with type 'ros.ament_python' and name 'aisd_vision'
[0.343s] Level 1:colcon.colcon_core.package_identification:_identify(src/aisd-vahabbayat/build) by extensions ['ignore', 'ignore_ament_install']
[0.343s] Level 1:colcon.colcon_core.package_identification:_identify(src/aisd-vahabbayat/build) by extension 'ignore'
[0.343s] Level 1:colcon.colcon_core.package_identification:_identify(src/aisd-vahabbayat/build) ignored
[0.343s] Level 1:colcon.colcon_core.package_identification:_identify(src/aisd-vahabbayat/install) by extensions ['ignore', 'ignore_ament_install']
[0.343s] Level 1:colcon.colcon_core.package_identification:_identify(src/aisd-vahabbayat/install) by extension 'ignore'
[0.343s] Level 1:colcon.colcon_core.package_identification:_identify(src/aisd-vahabbayat/install) ignored
[0.344s] Level 1:colcon.colcon_core.package_identification:_identify(src/aisd-vahabbayat/log) by extensions ['ignore', 'ignore_ament_install']
[0.344s] Level 1:colcon.colcon_core.package_identification:_identify(src/aisd-vahabbayat/log) by extension 'ignore'
[0.344s] Level 1:colcon.colcon_core.package_identification:_identify(src/aisd-vahabbayat/log) ignored
[0.344s] Level 1:colcon.colcon_core.package_identification:_identify(src/aisd-vahabbayat/my_package) by extensions ['ignore', 'ignore_ament_install']
[0.345s] Level 1:colcon.colcon_core.package_identification:_identify(src/aisd-vahabbayat/my_package) by extension 'ignore'
[0.345s] Level 1:colcon.colcon_core.package_identification:_identify(src/aisd-vahabbayat/my_package) by extension 'ignore_ament_install'
[0.345s] Level 1:colcon.colcon_core.package_identification:_identify(src/aisd-vahabbayat/my_package) by extensions ['colcon_pkg']
[0.345s] Level 1:colcon.colcon_core.package_identification:_identify(src/aisd-vahabbayat/my_package) by extension 'colcon_pkg'
[0.345s] Level 1:colcon.colcon_core.package_identification:_identify(src/aisd-vahabbayat/my_package) by extensions ['colcon_meta']
[0.345s] Level 1:colcon.colcon_core.package_identification:_identify(src/aisd-vahabbayat/my_package) by extension 'colcon_meta'
[0.345s] Level 1:colcon.colcon_core.package_identification:_identify(src/aisd-vahabbayat/my_package) by extensions ['ros']
[0.345s] Level 1:colcon.colcon_core.package_identification:_identify(src/aisd-vahabbayat/my_package) by extension 'ros'
[0.346s] DEBUG:colcon.colcon_core.package_identification:Package 'src/aisd-vahabbayat/my_package' with type 'ros.ament_python' and name 'my_package'
[0.346s] Level 1:colcon.colcon_core.package_identification:_identify(src/ros_tutorials) by extensions ['ignore', 'ignore_ament_install']
[0.346s] Level 1:colcon.colcon_core.package_identification:_identify(src/ros_tutorials) by extension 'ignore'
[0.346s] Level 1:colcon.colcon_core.package_identification:_identify(src/ros_tutorials) by extension 'ignore_ament_install'
[0.346s] Level 1:colcon.colcon_core.package_identification:_identify(src/ros_tutorials) by extensions ['colcon_pkg']
[0.346s] Level 1:colcon.colcon_core.package_identification:_identify(src/ros_tutorials) by extension 'colcon_pkg'
[0.346s] Level 1:colcon.colcon_core.package_identification:_identify(src/ros_tutorials) by extensions ['colcon_meta']
[0.346s] Level 1:colcon.colcon_core.package_identification:_identify(src/ros_tutorials) by extension 'colcon_meta'
[0.346s] Level 1:colcon.colcon_core.package_identification:_identify(src/ros_tutorials) by extensions ['ros']
[0.346s] Level 1:colcon.colcon_core.package_identification:_identify(src/ros_tutorials) by extension 'ros'
[0.346s] Level 1:colcon.colcon_core.package_identification:_identify(src/ros_tutorials) by extensions ['cmake', 'python']
[0.346s] Level 1:colcon.colcon_core.package_identification:_identify(src/ros_tutorials) by extension 'cmake'
[0.346s] Level 1:colcon.colcon_core.package_identification:_identify(src/ros_tutorials) by extension 'python'
[0.346s] Level 1:colcon.colcon_core.package_identification:_identify(src/ros_tutorials) by extensions ['python_setup_py']
[0.347s] Level 1:colcon.colcon_core.package_identification:_identify(src/ros_tutorials) by extension 'python_setup_py'
[0.347s] Level 1:colcon.colcon_core.package_identification:_identify(src/ros_tutorials/ros_tutorials) by extensions ['ignore', 'ignore_ament_install']
[0.347s] Level 1:colcon.colcon_core.package_identification:_identify(src/ros_tutorials/ros_tutorials) by extension 'ignore'
[0.347s] Level 1:colcon.colcon_core.package_identification:_identify(src/ros_tutorials/ros_tutorials) ignored
[0.347s] Level 1:colcon.colcon_core.package_identification:_identify(src/ros_tutorials/roscpp_tutorials) by extensions ['ignore', 'ignore_ament_install']
[0.347s] Level 1:colcon.colcon_core.package_identification:_identify(src/ros_tutorials/roscpp_tutorials) by extension 'ignore'
[0.347s] Level 1:colcon.colcon_core.package_identification:_identify(src/ros_tutorials/roscpp_tutorials) ignored
[0.347s] Level 1:colcon.colcon_core.package_identification:_identify(src/ros_tutorials/rospy_tutorials) by extensions ['ignore', 'ignore_ament_install']
[0.348s] Level 1:colcon.colcon_core.package_identification:_identify(src/ros_tutorials/rospy_tutorials) by extension 'ignore'
[0.348s] Level 1:colcon.colcon_core.package_identification:_identify(src/ros_tutorials/rospy_tutorials) ignored
[0.348s] Level 1:colcon.colcon_core.package_identification:_identify(src/ros_tutorials/turtlesim) by extensions ['ignore', 'ignore_ament_install']
[0.348s] Level 1:colcon.colcon_core.package_identification:_identify(src/ros_tutorials/turtlesim) by extension 'ignore'
[0.348s] Level 1:colcon.colcon_core.package_identification:_identify(src/ros_tutorials/turtlesim) by extension 'ignore_ament_install'
[0.348s] Level 1:colcon.colcon_core.package_identification:_identify(src/ros_tutorials/turtlesim) by extensions ['colcon_pkg']
[0.348s] Level 1:colcon.colcon_core.package_identification:_identify(src/ros_tutorials/turtlesim) by extension 'colcon_pkg'
[0.348s] Level 1:colcon.colcon_core.package_identification:_identify(src/ros_tutorials/turtlesim) by extensions ['colcon_meta']
[0.348s] Level 1:colcon.colcon_core.package_identification:_identify(src/ros_tutorials/turtlesim) by extension 'colcon_meta'
[0.348s] Level 1:colcon.colcon_core.package_identification:_identify(src/ros_tutorials/turtlesim) by extensions ['ros']
[0.348s] Level 1:colcon.colcon_core.package_identification:_identify(src/ros_tutorials/turtlesim) by extension 'ros'
[0.350s] DEBUG:colcon.colcon_core.package_identification:Package 'src/ros_tutorials/turtlesim' with type 'ros.ament_cmake' and name 'turtlesim'
[0.350s] Level 1:colcon.colcon_core.package_discovery:discover_packages(recursive) using defaults
[0.350s] Level 1:colcon.colcon_core.package_discovery:discover_packages(ignore) discover
[0.350s] Level 1:colcon.colcon_core.package_discovery:discover_packages(ignore) using defaults
[0.350s] Level 1:colcon.colcon_core.package_discovery:discover_packages(path) discover
[0.350s] Level 1:colcon.colcon_core.package_discovery:discover_packages(path) using defaults
[0.397s] Level 1:colcon.colcon_core.package_discovery:discover_packages(prefix_path) check parameters
[0.397s] Level 1:colcon.colcon_core.package_discovery:discover_packages(prefix_path) discover
[0.401s] DEBUG:colcon.colcon_installed_package_information.package_discovery:Found 181 installed packages in /opt/ros/galactic
[0.402s] Level 1:colcon.colcon_core.package_discovery:discover_packages(prefix_path) using defaults
[0.468s] Level 5:colcon.colcon_core.verb:set package 'aisd_interfaces' build argument 'cmake_args' from command line to 'None'
[0.468s] Level 5:colcon.colcon_core.verb:set package 'aisd_interfaces' build argument 'cmake_target' from command line to 'None'
[0.468s] Level 5:colcon.colcon_core.verb:set package 'aisd_interfaces' build argument 'cmake_target_skip_unavailable' from command line to 'False'
[0.468s] Level 5:colcon.colcon_core.verb:set package 'aisd_interfaces' build argument 'cmake_clean_cache' from command line to 'False'
[0.468s] Level 5:colcon.colcon_core.verb:set package 'aisd_interfaces' build argument 'cmake_clean_first' from command line to 'False'
[0.468s] Level 5:colcon.colcon_core.verb:set package 'aisd_interfaces' build argument 'cmake_force_configure' from command line to 'False'
[0.468s] Level 5:colcon.colcon_core.verb:set package 'aisd_interfaces' build argument 'ament_cmake_args' from command line to 'None'
[0.468s] Level 5:colcon.colcon_core.verb:set package 'aisd_interfaces' build argument 'catkin_cmake_args' from command line to 'None'
[0.468s] Level 5:colcon.colcon_core.verb:set package 'aisd_interfaces' build argument 'catkin_skip_building_tests' from command line to 'False'
[0.468s] DEBUG:colcon.colcon_core.verb:Building package 'aisd_interfaces' with the following arguments: {'ament_cmake_args': None, 'build_base': '/home/aisd/ros2_ws/build/aisd_interfaces', 'catkin_cmake_args': None, 'catkin_skip_building_tests': False, 'cmake_args': None, 'cmake_clean_cache': False, 'cmake_clean_first': False, 'cmake_force_configure': False, 'cmake_target': None, 'cmake_target_skip_unavailable': False, 'install_base': '/home/aisd/ros2_ws/install/aisd_interfaces', 'merge_install': False, 'path': '/home/aisd/ros2_ws/src/aisd-vahabbayat/aisd_interfaces', 'symlink_install': False, 'test_result_base': None}
[0.469s] Level 5:colcon.colcon_core.verb:set package 'my_package' build argument 'cmake_args' from command line to 'None'
[0.470s] Level 5:colcon.colcon_core.verb:set package 'my_package' build argument 'cmake_target' from command line to 'None'
[0.470s] Level 5:colcon.colcon_core.verb:set package 'my_package' build argument 'cmake_target_skip_unavailable' from command line to 'False'
[0.470s] Level 5:colcon.colcon_core.verb:set package 'my_package' build argument 'cmake_clean_cache' from command line to 'False'
[0.470s] Level 5:colcon.colcon_core.verb:set package 'my_package' build argument 'cmake_clean_first' from command line to 'False'
[0.470s] Level 5:colcon.colcon_core.verb:set package 'my_package' build argument 'cmake_force_configure' from command line to 'False'
[0.470s] Level 5:colcon.colcon_core.verb:set package 'my_package' build argument 'ament_cmake_args' from command line to 'None'
[0.470s] Level 5:colcon.colcon_core.verb:set package 'my_package' build argument 'catkin_cmake_args' from command line to 'None'
[0.470s] Level 5:colcon.colcon_core.verb:set package 'my_package' build argument 'catkin_skip_building_tests' from command line to 'False'
[0.470s] DEBUG:colcon.colcon_core.verb:Building package 'my_package' with the following arguments: {'ament_cmake_args': None, 'build_base': '/home/aisd/ros2_ws/build/my_package', 'catkin_cmake_args': None, 'catkin_skip_building_tests': False, 'cmake_args': None, 'cmake_clean_cache': False, 'cmake_clean_first': False, 'cmake_force_configure': False, 'cmake_target': None, 'cmake_target_skip_unavailable': False, 'install_base': '/home/aisd/ros2_ws/install/my_package', 'merge_install': False, 'path': '/home/aisd/ros2_ws/src/aisd-vahabbayat/my_package', 'symlink_install': False, 'test_result_base': None}
[0.472s] Level 5:colcon.colcon_core.verb:set package 'turtlesim' build argument 'cmake_args' from command line to 'None'
[0.472s] Level 5:colcon.colcon_core.verb:set package 'turtlesim' build argument 'cmake_target' from command line to 'None'
[0.472s] Level 5:colcon.colcon_core.verb:set package 'turtlesim' build argument 'cmake_target_skip_unavailable' from command line to 'False'
[0.472s] Level 5:colcon.colcon_core.verb:set package 'turtlesim' build argument 'cmake_clean_cache' from command line to 'False'
[0.472s] Level 5:colcon.colcon_core.verb:set package 'turtlesim' build argument 'cmake_clean_first' from command line to 'False'
[0.472s] Level 5:colcon.colcon_core.verb:set package 'turtlesim' build argument 'cmake_force_configure' from command line to 'False'
[0.472s] Level 5:colcon.colcon_core.verb:set package 'turtlesim' build argument 'ament_cmake_args' from command line to 'None'
[0.472s] Level 5:colcon.colcon_core.verb:set package 'turtlesim' build argument 'catkin_cmake_args' from command line to 'None'
[0.472s] Level 5:colcon.colcon_core.verb:set package 'turtlesim' build argument 'catkin_skip_building_tests' from command line to 'False'
[0.473s] DEBUG:colcon.colcon_core.verb:Building package 'turtlesim' with the following arguments: {'ament_cmake_args': None, 'build_base': '/home/aisd/ros2_ws/build/turtlesim', 'catkin_cmake_args': None, 'catkin_skip_building_tests': False, 'cmake_args': None, 'cmake_clean_cache': False, 'cmake_clean_first': False, 'cmake_force_configure': False, 'cmake_target': None, 'cmake_target_skip_unavailable': False, 'install_base': '/home/aisd/ros2_ws/install/turtlesim', 'merge_install': False, 'path': '/home/aisd/ros2_ws/src/ros_tutorials/turtlesim', 'symlink_install': False, 'test_result_base': None}
[0.474s] Level 5:colcon.colcon_core.verb:set package 'aisd_motion' build argument 'cmake_args' from command line to 'None'
[0.474s] Level 5:colcon.colcon_core.verb:set package 'aisd_motion' build argument 'cmake_target' from command line to 'None'
[0.474s] Level 5:colcon.colcon_core.verb:set package 'aisd_motion' build argument 'cmake_target_skip_unavailable' from command line to 'False'
[0.474s] Level 5:colcon.colcon_core.verb:set package 'aisd_motion' build argument 'cmake_clean_cache' from command line to 'False'
[0.474s] Level 5:colcon.colcon_core.verb:set package 'aisd_motion' build argument 'cmake_clean_first' from command line to 'False'
[0.474s] Level 5:colcon.colcon_core.verb:set package 'aisd_motion' build argument 'cmake_force_configure' from command line to 'False'
[0.474s] Level 5:colcon.colcon_core.verb:set package 'aisd_motion' build argument 'ament_cmake_args' from command line to 'None'
[0.474s] Level 5:colcon.colcon_core.verb:set package 'aisd_motion' build argument 'catkin_cmake_args' from command line to 'None'
[0.474s] Level 5:colcon.colcon_core.verb:set package 'aisd_motion' build argument 'catkin_skip_building_tests' from command line to 'False'
[0.475s] DEBUG:colcon.colcon_core.verb:Building package 'aisd_motion' with the following arguments: {'ament_cmake_args': None, 'build_base': '/home/aisd/ros2_ws/build/aisd_motion', 'catkin_cmake_args': None, 'catkin_skip_building_tests': False, 'cmake_args': None, 'cmake_clean_cache': False, 'cmake_clean_first': False, 'cmake_force_configure': False, 'cmake_target': None, 'cmake_target_skip_unavailable': False, 'install_base': '/home/aisd/ros2_ws/install/aisd_motion', 'merge_install': False, 'path': '/home/aisd/ros2_ws/src/aisd-vahabbayat/aisd_motion', 'symlink_install': False, 'test_result_base': None}
[0.476s] Level 5:colcon.colcon_core.verb:set package 'aisd_vision' build argument 'cmake_args' from command line to 'None'
[0.476s] Level 5:colcon.colcon_core.verb:set package 'aisd_vision' build argument 'cmake_target' from command line to 'None'
[0.476s] Level 5:colcon.colcon_core.verb:set package 'aisd_vision' build argument 'cmake_target_skip_unavailable' from command line to 'False'
[0.476s] Level 5:colcon.colcon_core.verb:set package 'aisd_vision' build argument 'cmake_clean_cache' from command line to 'False'
[0.476s] Level 5:colcon.colcon_core.verb:set package 'aisd_vision' build argument 'cmake_clean_first' from command line to 'False'
[0.476s] Level 5:colcon.colcon_core.verb:set package 'aisd_vision' build argument 'cmake_force_configure' from command line to 'False'
[0.476s] Level 5:colcon.colcon_core.verb:set package 'aisd_vision' build argument 'ament_cmake_args' from command line to 'None'
[0.476s] Level 5:colcon.colcon_core.verb:set package 'aisd_vision' build argument 'catkin_cmake_args' from command line to 'None'
[0.476s] Level 5:colcon.colcon_core.verb:set package 'aisd_vision' build argument 'catkin_skip_building_tests' from command line to 'False'
[0.476s] DEBUG:colcon.colcon_core.verb:Building package 'aisd_vision' with the following arguments: {'ament_cmake_args': None, 'build_base': '/home/aisd/ros2_ws/build/aisd_vision', 'catkin_cmake_args': None, 'catkin_skip_building_tests': False, 'cmake_args': None, 'cmake_clean_cache': False, 'cmake_clean_first': False, 'cmake_force_configure': False, 'cmake_target': None, 'cmake_target_skip_unavailable': False, 'install_base': '/home/aisd/ros2_ws/install/aisd_vision', 'merge_install': False, 'path': '/home/aisd/ros2_ws/src/aisd-vahabbayat/aisd_vision', 'symlink_install': False, 'test_result_base': None}
[0.477s] INFO:colcon.colcon_core.executor:Executing jobs using 'parallel' executor
[0.483s] DEBUG:colcon.colcon_parallel_executor.executor.parallel:run_until_complete
[0.484s] INFO:colcon.colcon_ros.task.ament_cmake.build:Building ROS package in '/home/aisd/ros2_ws/src/aisd-vahabbayat/aisd_interfaces' with build type 'ament_cmake'
[0.484s] INFO:colcon.colcon_cmake.task.cmake.build:Building CMake package in '/home/aisd/ros2_ws/src/aisd-vahabbayat/aisd_interfaces'
[0.491s] INFO:colcon.colcon_core.plugin_system:Skipping extension 'colcon_core.shell.bat': Not used on non-Windows systems
[0.491s] INFO:colcon.colcon_core.shell:Skip shell extension 'powershell' for command environment: Not usable outside of PowerShell
[0.492s] DEBUG:colcon.colcon_core.shell:Skip shell extension 'dsv' for command environment
[0.500s] INFO:colcon.colcon_ros.task.ament_python.build:Building ROS package in '/home/aisd/ros2_ws/src/aisd-vahabbayat/my_package' with build type 'ament_python'
[0.500s] Level 1:colcon.colcon_core.shell:create_environment_hook('my_package', 'ament_prefix_path')
[0.503s] INFO:colcon.colcon_core.shell:Creating environment hook '/home/aisd/ros2_ws/install/my_package/share/my_package/hook/ament_prefix_path.ps1'
[0.505s] INFO:colcon.colcon_core.shell:Creating environment descriptor '/home/aisd/ros2_ws/install/my_package/share/my_package/hook/ament_prefix_path.dsv'
[0.506s] INFO:colcon.colcon_core.shell:Creating environment hook '/home/aisd/ros2_ws/install/my_package/share/my_package/hook/ament_prefix_path.sh'
[0.509s] INFO:colcon.colcon_core.shell:Skip shell extension 'powershell' for command environment: Not usable outside of PowerShell
[0.509s] DEBUG:colcon.colcon_core.shell:Skip shell extension 'dsv' for command environment
[0.579s] DEBUG:colcon.colcon_core.event_handler.log_command:Invoking command in '/home/aisd/ros2_ws/build/aisd_interfaces': CMAKE_PREFIX_PATH=/opt/ros/galactic /usr/bin/cmake --build /home/aisd/ros2_ws/build/aisd_interfaces -- -j2 -l2
[0.934s] INFO:colcon.colcon_core.task.python.build:Building Python package in '/home/aisd/ros2_ws/src/aisd-vahabbayat/my_package'
[0.936s] INFO:colcon.colcon_core.shell:Skip shell extension 'powershell' for command environment: Not usable outside of PowerShell
[0.936s] DEBUG:colcon.colcon_core.shell:Skip shell extension 'dsv' for command environment
[1.157s] DEBUG:colcon.colcon_core.event_handler.log_command:Invoked command in '/home/aisd/ros2_ws/build/aisd_interfaces' returned '0': CMAKE_PREFIX_PATH=/opt/ros/galactic /usr/bin/cmake --build /home/aisd/ros2_ws/build/aisd_interfaces -- -j2 -l2
[1.330s] DEBUG:colcon.colcon_core.event_handler.log_command:Invoking command in '/home/aisd/ros2_ws/build/aisd_interfaces': CMAKE_PREFIX_PATH=/opt/ros/galactic /usr/bin/cmake --install /home/aisd/ros2_ws/build/aisd_interfaces
[1.448s] Level 1:colcon.colcon_core.environment:create_environment_scripts_only(aisd_interfaces)
[1.450s] DEBUG:colcon.colcon_core.event_handler.log_command:Invoked command in '/home/aisd/ros2_ws/build/aisd_interfaces' returned '0': CMAKE_PREFIX_PATH=/opt/ros/galactic /usr/bin/cmake --install /home/aisd/ros2_ws/build/aisd_interfaces
[1.458s] Level 1:colcon.colcon_core.environment:checking '/home/aisd/ros2_ws/install/aisd_interfaces' for CMake module files
[1.460s] Level 1:colcon.colcon_core.environment:checking '/home/aisd/ros2_ws/install/aisd_interfaces' for CMake config files
[1.461s] Level 1:colcon.colcon_core.shell:create_environment_hook('aisd_interfaces', 'cmake_prefix_path')
[1.463s] INFO:colcon.colcon_core.shell:Creating environment hook '/home/aisd/ros2_ws/install/aisd_interfaces/share/aisd_interfaces/hook/cmake_prefix_path.ps1'
[1.465s] INFO:colcon.colcon_core.shell:Creating environment descriptor '/home/aisd/ros2_ws/install/aisd_interfaces/share/aisd_interfaces/hook/cmake_prefix_path.dsv'
[1.467s] INFO:colcon.colcon_core.shell:Creating environment hook '/home/aisd/ros2_ws/install/aisd_interfaces/share/aisd_interfaces/hook/cmake_prefix_path.sh'
[1.468s] Level 1:colcon.colcon_core.environment:checking '/home/aisd/ros2_ws/install/aisd_interfaces/lib'
[1.469s] Level 1:colcon.colcon_core.shell:create_environment_hook('aisd_interfaces', 'ld_library_path_lib')
[1.471s] INFO:colcon.colcon_core.shell:Creating environment hook '/home/aisd/ros2_ws/install/aisd_interfaces/share/aisd_interfaces/hook/ld_library_path_lib.ps1'
[1.472s] INFO:colcon.colcon_core.shell:Creating environment descriptor '/home/aisd/ros2_ws/install/aisd_interfaces/share/aisd_interfaces/hook/ld_library_path_lib.dsv'
[1.473s] INFO:colcon.colcon_core.shell:Creating environment hook '/home/aisd/ros2_ws/install/aisd_interfaces/share/aisd_interfaces/hook/ld_library_path_lib.sh'
[1.475s] Level 1:colcon.colcon_core.environment:checking '/home/aisd/ros2_ws/install/aisd_interfaces/bin'
[1.475s] Level 1:colcon.colcon_core.environment:checking '/home/aisd/ros2_ws/install/aisd_interfaces/lib/pkgconfig/aisd_interfaces.pc'
[1.476s] Level 1:colcon.colcon_core.environment:checking '/home/aisd/ros2_ws/install/aisd_interfaces/lib/python3.8/site-packages'
[1.476s] Level 1:colcon.colcon_core.shell:create_environment_hook('aisd_interfaces', 'pythonpath')
[1.479s] INFO:colcon.colcon_core.shell:Creating environment hook '/home/aisd/ros2_ws/install/aisd_interfaces/share/aisd_interfaces/hook/pythonpath.ps1'
[1.481s] INFO:colcon.colcon_core.shell:Creating environment descriptor '/home/aisd/ros2_ws/install/aisd_interfaces/share/aisd_interfaces/hook/pythonpath.dsv'
[1.482s] INFO:colcon.colcon_core.shell:Creating environment hook '/home/aisd/ros2_ws/install/aisd_interfaces/share/aisd_interfaces/hook/pythonpath.sh'
[1.484s] Level 1:colcon.colcon_core.environment:checking '/home/aisd/ros2_ws/install/aisd_interfaces/bin'
[1.486s] INFO:colcon.colcon_core.shell:Creating package script '/home/aisd/ros2_ws/install/aisd_interfaces/share/aisd_interfaces/package.ps1'
[1.491s] INFO:colcon.colcon_core.shell:Creating package descriptor '/home/aisd/ros2_ws/install/aisd_interfaces/share/aisd_interfaces/package.dsv'
[1.493s] INFO:colcon.colcon_core.shell:Creating package script '/home/aisd/ros2_ws/install/aisd_interfaces/share/aisd_interfaces/package.sh'
[1.495s] INFO:colcon.colcon_core.shell:Creating package script '/home/aisd/ros2_ws/install/aisd_interfaces/share/aisd_interfaces/package.bash'
[1.496s] INFO:colcon.colcon_core.shell:Creating package script '/home/aisd/ros2_ws/install/aisd_interfaces/share/aisd_interfaces/package.zsh'
[1.498s] Level 1:colcon.colcon_core.environment:create_file_with_runtime_dependencies(/home/aisd/ros2_ws/install/aisd_interfaces/share/colcon-core/packages/aisd_interfaces)
[1.509s] DEBUG:colcon.colcon_core.event_handler.log_command:Invoking command in '/home/aisd/ros2_ws/src/aisd-vahabbayat/my_package': PYTHONPATH=/home/aisd/ros2_ws/install/my_package/lib/python3.8/site-packages:${PYTHONPATH} /usr/bin/python3 setup.py egg_info --egg-base ../../../build/my_package build --build-base /home/aisd/ros2_ws/build/my_package/build install --prefix /home/aisd/ros2_ws/install/my_package --record /home/aisd/ros2_ws/build/my_package/install.log --single-version-externally-managed
[1.631s] Level 1:colcon.colcon_core.environment:create_environment_scripts_only(aisd_interfaces)
[1.634s] Level 1:colcon.colcon_core.environment:checking '/home/aisd/ros2_ws/install/aisd_interfaces' for CMake module files
[1.635s] Level 1:colcon.colcon_core.environment:checking '/home/aisd/ros2_ws/install/aisd_interfaces' for CMake config files
[1.636s] Level 1:colcon.colcon_core.shell:create_environment_hook('aisd_interfaces', 'cmake_prefix_path')
[1.638s] INFO:colcon.colcon_core.shell:Creating environment hook '/home/aisd/ros2_ws/install/aisd_interfaces/share/aisd_interfaces/hook/cmake_prefix_path.ps1'
[1.639s] INFO:colcon.colcon_core.shell:Creating environment descriptor '/home/aisd/ros2_ws/install/aisd_interfaces/share/aisd_interfaces/hook/cmake_prefix_path.dsv'
[1.640s] INFO:colcon.colcon_core.shell:Creating environment hook '/home/aisd/ros2_ws/install/aisd_interfaces/share/aisd_interfaces/hook/cmake_prefix_path.sh'
[1.641s] Level 1:colcon.colcon_core.environment:checking '/home/aisd/ros2_ws/install/aisd_interfaces/lib'
[1.642s] Level 1:colcon.colcon_core.shell:create_environment_hook('aisd_interfaces', 'ld_library_path_lib')
[1.644s] INFO:colcon.colcon_core.shell:Creating environment hook '/home/aisd/ros2_ws/install/aisd_interfaces/share/aisd_interfaces/hook/ld_library_path_lib.ps1'
[1.645s] INFO:colcon.colcon_core.shell:Creating environment descriptor '/home/aisd/ros2_ws/install/aisd_interfaces/share/aisd_interfaces/hook/ld_library_path_lib.dsv'
[1.650s] INFO:colcon.colcon_core.shell:Creating environment hook '/home/aisd/ros2_ws/install/aisd_interfaces/share/aisd_interfaces/hook/ld_library_path_lib.sh'
[1.651s] Level 1:colcon.colcon_core.environment:checking '/home/aisd/ros2_ws/install/aisd_interfaces/bin'
[1.652s] Level 1:colcon.colcon_core.environment:checking '/home/aisd/ros2_ws/install/aisd_interfaces/lib/pkgconfig/aisd_interfaces.pc'
[1.652s] Level 1:colcon.colcon_core.environment:checking '/home/aisd/ros2_ws/install/aisd_interfaces/lib/python3.8/site-packages'
[1.652s] Level 1:colcon.colcon_core.shell:create_environment_hook('aisd_interfaces', 'pythonpath')
[1.654s] INFO:colcon.colcon_core.shell:Creating environment hook '/home/aisd/ros2_ws/install/aisd_interfaces/share/aisd_interfaces/hook/pythonpath.ps1'
[1.658s] INFO:colcon.colcon_core.shell:Creating environment descriptor '/home/aisd/ros2_ws/install/aisd_interfaces/share/aisd_interfaces/hook/pythonpath.dsv'
[1.665s] INFO:colcon.colcon_core.shell:Creating environment hook '/home/aisd/ros2_ws/install/aisd_interfaces/share/aisd_interfaces/hook/pythonpath.sh'
[1.666s] Level 1:colcon.colcon_core.environment:checking '/home/aisd/ros2_ws/install/aisd_interfaces/bin'
[1.668s] INFO:colcon.colcon_core.shell:Creating package script '/home/aisd/ros2_ws/install/aisd_interfaces/share/aisd_interfaces/package.ps1'
[1.669s] INFO:colcon.colcon_core.shell:Creating package descriptor '/home/aisd/ros2_ws/install/aisd_interfaces/share/aisd_interfaces/package.dsv'
[1.671s] INFO:colcon.colcon_core.shell:Creating package script '/home/aisd/ros2_ws/install/aisd_interfaces/share/aisd_interfaces/package.sh'
[1.671s] INFO:colcon.colcon_core.shell:Creating package script '/home/aisd/ros2_ws/install/aisd_interfaces/share/aisd_interfaces/package.bash'
[1.672s] INFO:colcon.colcon_core.shell:Creating package script '/home/aisd/ros2_ws/install/aisd_interfaces/share/aisd_interfaces/package.zsh'
[1.673s] Level 1:colcon.colcon_core.environment:create_file_with_runtime_dependencies(/home/aisd/ros2_ws/install/aisd_interfaces/share/colcon-core/packages/aisd_interfaces)
[1.676s] INFO:colcon.colcon_ros.task.ament_cmake.build:Building ROS package in '/home/aisd/ros2_ws/src/ros_tutorials/turtlesim' with build type 'ament_cmake'
[1.678s] INFO:colcon.colcon_cmake.task.cmake.build:Building CMake package in '/home/aisd/ros2_ws/src/ros_tutorials/turtlesim'
[1.680s] INFO:colcon.colcon_core.shell:Skip shell extension 'powershell' for command environment: Not usable outside of PowerShell
[1.680s] DEBUG:colcon.colcon_core.shell:Skip shell extension 'dsv' for command environment
[1.697s] DEBUG:colcon.colcon_core.event_handler.log_command:Invoking command in '/home/aisd/ros2_ws/build/turtlesim': CMAKE_PREFIX_PATH=/opt/ros/galactic /usr/bin/cmake --build /home/aisd/ros2_ws/build/turtlesim -- -j2 -l2
[1.921s] Level 1:colcon.colcon_core.environment:checking '/home/aisd/ros2_ws/install/my_package' for CMake module files
[1.922s] DEBUG:colcon.colcon_core.event_handler.log_command:Invoked command in '/home/aisd/ros2_ws/src/aisd-vahabbayat/my_package' returned '0': PYTHONPATH=/home/aisd/ros2_ws/install/my_package/lib/python3.8/site-packages:${PYTHONPATH} /usr/bin/python3 setup.py egg_info --egg-base ../../../build/my_package build --build-base /home/aisd/ros2_ws/build/my_package/build install --prefix /home/aisd/ros2_ws/install/my_package --record /home/aisd/ros2_ws/build/my_package/install.log --single-version-externally-managed
[1.969s] Level 1:colcon.colcon_core.environment:checking '/home/aisd/ros2_ws/install/my_package' for CMake config files
[1.971s] Level 1:colcon.colcon_core.environment:checking '/home/aisd/ros2_ws/install/my_package/lib'
[1.971s] Level 1:colcon.colcon_core.environment:checking '/home/aisd/ros2_ws/install/my_package/bin'
[1.971s] Level 1:colcon.colcon_core.environment:checking '/home/aisd/ros2_ws/install/my_package/lib/pkgconfig/my_package.pc'
[1.971s] Level 1:colcon.colcon_core.environment:checking '/home/aisd/ros2_ws/install/my_package/lib/python3.8/site-packages'
[1.971s] Level 1:colcon.colcon_core.shell:create_environment_hook('my_package', 'pythonpath')
[1.973s] INFO:colcon.colcon_core.shell:Creating environment hook '/home/aisd/ros2_ws/install/my_package/share/my_package/hook/pythonpath.ps1'
[1.973s] INFO:colcon.colcon_core.shell:Creating environment descriptor '/home/aisd/ros2_ws/install/my_package/share/my_package/hook/pythonpath.dsv'
[1.974s] INFO:colcon.colcon_core.shell:Creating environment hook '/home/aisd/ros2_ws/install/my_package/share/my_package/hook/pythonpath.sh'
[1.975s] Level 1:colcon.colcon_core.environment:checking '/home/aisd/ros2_ws/install/my_package/bin'
[1.976s] Level 1:colcon.colcon_core.environment:create_environment_scripts_only(my_package)
[1.978s] INFO:colcon.colcon_core.shell:Creating package script '/home/aisd/ros2_ws/install/my_package/share/my_package/package.ps1'
[1.980s] INFO:colcon.colcon_core.shell:Creating package descriptor '/home/aisd/ros2_ws/install/my_package/share/my_package/package.dsv'
[1.982s] INFO:colcon.colcon_core.shell:Creating package script '/home/aisd/ros2_ws/install/my_package/share/my_package/package.sh'
[1.985s] INFO:colcon.colcon_core.shell:Creating package script '/home/aisd/ros2_ws/install/my_package/share/my_package/package.bash'
[1.985s] INFO:colcon.colcon_core.shell:Creating package script '/home/aisd/ros2_ws/install/my_package/share/my_package/package.zsh'
[1.986s] Level 1:colcon.colcon_core.environment:create_file_with_runtime_dependencies(/home/aisd/ros2_ws/install/my_package/share/colcon-core/packages/my_package)
[1.990s] INFO:colcon.colcon_ros.task.ament_python.build:Building ROS package in '/home/aisd/ros2_ws/src/aisd-vahabbayat/aisd_motion' with build type 'ament_python'
[1.991s] Level 1:colcon.colcon_core.shell:create_environment_hook('aisd_motion', 'ament_prefix_path')
[1.996s] INFO:colcon.colcon_core.shell:Creating environment hook '/home/aisd/ros2_ws/install/aisd_motion/share/aisd_motion/hook/ament_prefix_path.ps1'
[1.996s] INFO:colcon.colcon_core.shell:Creating environment descriptor '/home/aisd/ros2_ws/install/aisd_motion/share/aisd_motion/hook/ament_prefix_path.dsv'
[1.997s] INFO:colcon.colcon_core.shell:Creating environment hook '/home/aisd/ros2_ws/install/aisd_motion/share/aisd_motion/hook/ament_prefix_path.sh'
[2.001s] INFO:colcon.colcon_core.shell:Skip shell extension 'powershell' for command environment: Not usable outside of PowerShell
[2.001s] DEBUG:colcon.colcon_core.shell:Skip shell extension 'dsv' for command environment
[2.368s] INFO:colcon.colcon_core.task.python.build:Building Python package in '/home/aisd/ros2_ws/src/aisd-vahabbayat/aisd_motion'
[2.371s] INFO:colcon.colcon_core.shell:Skip shell extension 'powershell' for command environment: Not usable outside of PowerShell
[2.374s] DEBUG:colcon.colcon_core.shell:Skip shell extension 'dsv' for command environment
[2.448s] DEBUG:colcon.colcon_core.event_handler.log_command:Invoked command in '/home/aisd/ros2_ws/build/turtlesim' returned '0': CMAKE_PREFIX_PATH=/opt/ros/galactic /usr/bin/cmake --build /home/aisd/ros2_ws/build/turtlesim -- -j2 -l2
[2.800s] DEBUG:colcon.colcon_core.event_handler.log_command:Invoking command in '/home/aisd/ros2_ws/build/turtlesim': CMAKE_PREFIX_PATH=/opt/ros/galactic /usr/bin/cmake --install /home/aisd/ros2_ws/build/turtlesim
[2.930s] Level 1:colcon.colcon_core.environment:create_environment_scripts_only(turtlesim)
[2.933s] Level 1:colcon.colcon_core.environment:checking '/home/aisd/ros2_ws/install/turtlesim' for CMake module files
[2.933s] Level 1:colcon.colcon_core.environment:checking '/home/aisd/ros2_ws/install/turtlesim' for CMake config files
[2.934s] Level 1:colcon.colcon_core.shell:create_environment_hook('turtlesim', 'cmake_prefix_path')
[2.935s] INFO:colcon.colcon_core.shell:Creating environment hook '/home/aisd/ros2_ws/install/turtlesim/share/turtlesim/hook/cmake_prefix_path.ps1'
[2.936s] DEBUG:colcon.colcon_core.event_handler.log_command:Invoked command in '/home/aisd/ros2_ws/build/turtlesim' returned '0': CMAKE_PREFIX_PATH=/opt/ros/galactic /usr/bin/cmake --install /home/aisd/ros2_ws/build/turtlesim
[2.937s] INFO:colcon.colcon_core.shell:Creating environment descriptor '/home/aisd/ros2_ws/install/turtlesim/share/turtlesim/hook/cmake_prefix_path.dsv'
[2.943s] INFO:colcon.colcon_core.shell:Creating environment hook '/home/aisd/ros2_ws/install/turtlesim/share/turtlesim/hook/cmake_prefix_path.sh'
[2.944s] Level 1:colcon.colcon_core.environment:checking '/home/aisd/ros2_ws/install/turtlesim/lib'
[2.944s] Level 1:colcon.colcon_core.shell:create_environment_hook('turtlesim', 'ld_library_path_lib')
[2.945s] INFO:colcon.colcon_core.shell:Creating environment hook '/home/aisd/ros2_ws/install/turtlesim/share/turtlesim/hook/ld_library_path_lib.ps1'
[2.946s] INFO:colcon.colcon_core.shell:Creating environment descriptor '/home/aisd/ros2_ws/install/turtlesim/share/turtlesim/hook/ld_library_path_lib.dsv'
[2.947s] INFO:colcon.colcon_core.shell:Creating environment hook '/home/aisd/ros2_ws/install/turtlesim/share/turtlesim/hook/ld_library_path_lib.sh'
[2.947s] Level 1:colcon.colcon_core.environment:checking '/home/aisd/ros2_ws/install/turtlesim/bin'
[2.947s] Level 1:colcon.colcon_core.environment:checking '/home/aisd/ros2_ws/install/turtlesim/lib/pkgconfig/turtlesim.pc'
[2.948s] Level 1:colcon.colcon_core.environment:checking '/home/aisd/ros2_ws/install/turtlesim/lib/python3.8/site-packages'
[2.948s] Level 1:colcon.colcon_core.shell:create_environment_hook('turtlesim', 'pythonpath')
[2.949s] INFO:colcon.colcon_core.shell:Creating environment hook '/home/aisd/ros2_ws/install/turtlesim/share/turtlesim/hook/pythonpath.ps1'
[2.950s] INFO:colcon.colcon_core.shell:Creating environment descriptor '/home/aisd/ros2_ws/install/turtlesim/share/turtlesim/hook/pythonpath.dsv'
[2.951s] INFO:colcon.colcon_core.shell:Creating environment hook '/home/aisd/ros2_ws/install/turtlesim/share/turtlesim/hook/pythonpath.sh'
[2.951s] Level 1:colcon.colcon_core.environment:checking '/home/aisd/ros2_ws/install/turtlesim/bin'
[2.954s] INFO:colcon.colcon_core.shell:Creating package script '/home/aisd/ros2_ws/install/turtlesim/share/turtlesim/package.ps1'
[2.955s] INFO:colcon.colcon_core.shell:Creating package descriptor '/home/aisd/ros2_ws/install/turtlesim/share/turtlesim/package.dsv'
[2.956s] INFO:colcon.colcon_core.shell:Creating package script '/home/aisd/ros2_ws/install/turtlesim/share/turtlesim/package.sh'
[2.957s] INFO:colcon.colcon_core.shell:Creating package script '/home/aisd/ros2_ws/install/turtlesim/share/turtlesim/package.bash'
[2.958s] INFO:colcon.colcon_core.shell:Creating package script '/home/aisd/ros2_ws/install/turtlesim/share/turtlesim/package.zsh'
[2.959s] Level 1:colcon.colcon_core.environment:create_file_with_runtime_dependencies(/home/aisd/ros2_ws/install/turtlesim/share/colcon-core/packages/turtlesim)
[2.977s] DEBUG:colcon.colcon_core.event_handler.log_command:Invoking command in '/home/aisd/ros2_ws/src/aisd-vahabbayat/aisd_motion': AMENT_PREFIX_PATH=/home/aisd/ros2_ws/install/aisd_interfaces:${AMENT_PREFIX_PATH} CMAKE_PREFIX_PATH=/home/aisd/ros2_ws/install/aisd_interfaces LD_LIBRARY_PATH=/home/aisd/ros2_ws/install/aisd_interfaces/lib:${LD_LIBRARY_PATH} PYTHONPATH=/home/aisd/ros2_ws/install/aisd_motion/lib/python3.8/site-packages:/home/aisd/ros2_ws/install/aisd_interfaces/lib/python3.8/site-packages:${PYTHONPATH} /usr/bin/python3 setup.py egg_info --egg-base ../../../build/aisd_motion build --build-base /home/aisd/ros2_ws/build/aisd_motion/build install --prefix /home/aisd/ros2_ws/install/aisd_motion --record /home/aisd/ros2_ws/build/aisd_motion/install.log --single-version-externally-managed
[3.319s] Level 1:colcon.colcon_core.environment:checking '/home/aisd/ros2_ws/install/aisd_motion' for CMake module files
[3.321s] DEBUG:colcon.colcon_core.event_handler.log_command:Invoked command in '/home/aisd/ros2_ws/src/aisd-vahabbayat/aisd_motion' returned '0': AMENT_PREFIX_PATH=/home/aisd/ros2_ws/install/aisd_interfaces:${AMENT_PREFIX_PATH} CMAKE_PREFIX_PATH=/home/aisd/ros2_ws/install/aisd_interfaces LD_LIBRARY_PATH=/home/aisd/ros2_ws/install/aisd_interfaces/lib:${LD_LIBRARY_PATH} PYTHONPATH=/home/aisd/ros2_ws/install/aisd_motion/lib/python3.8/site-packages:/home/aisd/ros2_ws/install/aisd_interfaces/lib/python3.8/site-packages:${PYTHONPATH} /usr/bin/python3 setup.py egg_info --egg-base ../../../build/aisd_motion build --build-base /home/aisd/ros2_ws/build/aisd_motion/build install --prefix /home/aisd/ros2_ws/install/aisd_motion --record /home/aisd/ros2_ws/build/aisd_motion/install.log --single-version-externally-managed
[3.323s] Level 1:colcon.colcon_core.environment:checking '/home/aisd/ros2_ws/install/aisd_motion' for CMake config files
[3.323s] Level 1:colcon.colcon_core.environment:checking '/home/aisd/ros2_ws/install/aisd_motion/lib'
[3.324s] Level 1:colcon.colcon_core.environment:checking '/home/aisd/ros2_ws/install/aisd_motion/bin'
[3.324s] Level 1:colcon.colcon_core.environment:checking '/home/aisd/ros2_ws/install/aisd_motion/lib/pkgconfig/aisd_motion.pc'
[3.325s] Level 1:colcon.colcon_core.environment:checking '/home/aisd/ros2_ws/install/aisd_motion/lib/python3.8/site-packages'
[3.325s] Level 1:colcon.colcon_core.shell:create_environment_hook('aisd_motion', 'pythonpath')
[3.329s] INFO:colcon.colcon_core.shell:Creating environment hook '/home/aisd/ros2_ws/install/aisd_motion/share/aisd_motion/hook/pythonpath.ps1'
[3.331s] INFO:colcon.colcon_core.shell:Creating environment descriptor '/home/aisd/ros2_ws/install/aisd_motion/share/aisd_motion/hook/pythonpath.dsv'
[3.331s] INFO:colcon.colcon_core.shell:Creating environment hook '/home/aisd/ros2_ws/install/aisd_motion/share/aisd_motion/hook/pythonpath.sh'
[3.334s] Level 1:colcon.colcon_core.environment:checking '/home/aisd/ros2_ws/install/aisd_motion/bin'
[3.335s] Level 1:colcon.colcon_core.environment:create_environment_scripts_only(aisd_motion)
[3.337s] INFO:colcon.colcon_core.shell:Creating package script '/home/aisd/ros2_ws/install/aisd_motion/share/aisd_motion/package.ps1'
[3.339s] INFO:colcon.colcon_core.shell:Creating package descriptor '/home/aisd/ros2_ws/install/aisd_motion/share/aisd_motion/package.dsv'
[3.339s] INFO:colcon.colcon_core.shell:Creating package script '/home/aisd/ros2_ws/install/aisd_motion/share/aisd_motion/package.sh'
[3.341s] INFO:colcon.colcon_core.shell:Creating package script '/home/aisd/ros2_ws/install/aisd_motion/share/aisd_motion/package.bash'
[3.342s] INFO:colcon.colcon_core.shell:Creating package script '/home/aisd/ros2_ws/install/aisd_motion/share/aisd_motion/package.zsh'
[3.344s] Level 1:colcon.colcon_core.environment:create_file_with_runtime_dependencies(/home/aisd/ros2_ws/install/aisd_motion/share/colcon-core/packages/aisd_motion)
[3.347s] INFO:colcon.colcon_ros.task.ament_python.build:Building ROS package in '/home/aisd/ros2_ws/src/aisd-vahabbayat/aisd_vision' with build type 'ament_python'
[3.347s] Level 1:colcon.colcon_core.shell:create_environment_hook('aisd_vision', 'ament_prefix_path')
[3.349s] INFO:colcon.colcon_core.shell:Creating environment hook '/home/aisd/ros2_ws/install/aisd_vision/share/aisd_vision/hook/ament_prefix_path.ps1'
[3.353s] INFO:colcon.colcon_core.shell:Creating environment descriptor '/home/aisd/ros2_ws/install/aisd_vision/share/aisd_vision/hook/ament_prefix_path.dsv'
[3.355s] INFO:colcon.colcon_core.shell:Creating environment hook '/home/aisd/ros2_ws/install/aisd_vision/share/aisd_vision/hook/ament_prefix_path.sh'
[3.360s] INFO:colcon.colcon_core.shell:Skip shell extension 'powershell' for command environment: Not usable outside of PowerShell
[3.360s] DEBUG:colcon.colcon_core.shell:Skip shell extension 'dsv' for command environment
[3.615s] INFO:colcon.colcon_core.task.python.build:Building Python package in '/home/aisd/ros2_ws/src/aisd-vahabbayat/aisd_vision'
[3.618s] INFO:colcon.colcon_core.shell:Skip shell extension 'powershell' for command environment: Not usable outside of PowerShell
[3.619s] DEBUG:colcon.colcon_core.shell:Skip shell extension 'dsv' for command environment
[3.632s] Level 1:colcon.colcon_core.environment:create_environment_scripts_only(turtlesim)
[3.635s] Level 1:colcon.colcon_core.environment:checking '/home/aisd/ros2_ws/install/turtlesim' for CMake module files
[3.636s] Level 1:colcon.colcon_core.environment:checking '/home/aisd/ros2_ws/install/turtlesim' for CMake config files
[3.637s] Level 1:colcon.colcon_core.shell:create_environment_hook('turtlesim', 'cmake_prefix_path')
[3.639s] INFO:colcon.colcon_core.shell:Creating environment hook '/home/aisd/ros2_ws/install/turtlesim/share/turtlesim/hook/cmake_prefix_path.ps1'
[3.640s] INFO:colcon.colcon_core.shell:Creating environment descriptor '/home/aisd/ros2_ws/install/turtlesim/share/turtlesim/hook/cmake_prefix_path.dsv'
[3.642s] INFO:colcon.colcon_core.shell:Creating environment hook '/home/aisd/ros2_ws/install/turtlesim/share/turtlesim/hook/cmake_prefix_path.sh'
[3.647s] Level 1:colcon.colcon_core.environment:checking '/home/aisd/ros2_ws/install/turtlesim/lib'
[3.647s] Level 1:colcon.colcon_core.shell:create_environment_hook('turtlesim', 'ld_library_path_lib')
[3.648s] INFO:colcon.colcon_core.shell:Creating environment hook '/home/aisd/ros2_ws/install/turtlesim/share/turtlesim/hook/ld_library_path_lib.ps1'
[3.650s] INFO:colcon.colcon_core.shell:Creating environment descriptor '/home/aisd/ros2_ws/install/turtlesim/share/turtlesim/hook/ld_library_path_lib.dsv'
[3.651s] INFO:colcon.colcon_core.shell:Creating environment hook '/home/aisd/ros2_ws/install/turtlesim/share/turtlesim/hook/ld_library_path_lib.sh'
[3.652s] Level 1:colcon.colcon_core.environment:checking '/home/aisd/ros2_ws/install/turtlesim/bin'
[3.652s] Level 1:colcon.colcon_core.environment:checking '/home/aisd/ros2_ws/install/turtlesim/lib/pkgconfig/turtlesim.pc'
[3.652s] Level 1:colcon.colcon_core.environment:checking '/home/aisd/ros2_ws/install/turtlesim/lib/python3.8/site-packages'
[3.652s] Level 1:colcon.colcon_core.shell:create_environment_hook('turtlesim', 'pythonpath')
[3.653s] INFO:colcon.colcon_core.shell:Creating environment hook '/home/aisd/ros2_ws/install/turtlesim/share/turtlesim/hook/pythonpath.ps1'
[3.654s] INFO:colcon.colcon_core.shell:Creating environment descriptor '/home/aisd/ros2_ws/install/turtlesim/share/turtlesim/hook/pythonpath.dsv'
[3.655s] INFO:colcon.colcon_core.shell:Creating environment hook '/home/aisd/ros2_ws/install/turtlesim/share/turtlesim/hook/pythonpath.sh'
[3.655s] Level 1:colcon.colcon_core.environment:checking '/home/aisd/ros2_ws/install/turtlesim/bin'
[3.657s] INFO:colcon.colcon_core.shell:Creating package script '/home/aisd/ros2_ws/install/turtlesim/share/turtlesim/package.ps1'
[3.658s] INFO:colcon.colcon_core.shell:Creating package descriptor '/home/aisd/ros2_ws/install/turtlesim/share/turtlesim/package.dsv'
[3.659s] INFO:colcon.colcon_core.shell:Creating package script '/home/aisd/ros2_ws/install/turtlesim/share/turtlesim/package.sh'
[3.660s] INFO:colcon.colcon_core.shell:Creating package script '/home/aisd/ros2_ws/install/turtlesim/share/turtlesim/package.bash'
[3.660s] INFO:colcon.colcon_core.shell:Creating package script '/home/aisd/ros2_ws/install/turtlesim/share/turtlesim/package.zsh'
[3.661s] Level 1:colcon.colcon_core.environment:create_file_with_runtime_dependencies(/home/aisd/ros2_ws/install/turtlesim/share/colcon-core/packages/turtlesim)
[4.388s] DEBUG:colcon.colcon_core.event_handler.log_command:Invoking command in '/home/aisd/ros2_ws/src/aisd-vahabbayat/aisd_vision': AMENT_PREFIX_PATH=/home/aisd/ros2_ws/install/aisd_interfaces:${AMENT_PREFIX_PATH} CMAKE_PREFIX_PATH=/home/aisd/ros2_ws/install/aisd_interfaces LD_LIBRARY_PATH=/home/aisd/ros2_ws/install/aisd_interfaces/lib:${LD_LIBRARY_PATH} PYTHONPATH=/home/aisd/ros2_ws/install/aisd_vision/lib/python3.8/site-packages:/home/aisd/ros2_ws/install/aisd_interfaces/lib/python3.8/site-packages:${PYTHONPATH} /usr/bin/python3 setup.py egg_info --egg-base ../../../build/aisd_vision build --build-base /home/aisd/ros2_ws/build/aisd_vision/build install --prefix /home/aisd/ros2_ws/install/aisd_vision --record /home/aisd/ros2_ws/build/aisd_vision/install.log --single-version-externally-managed
[5.209s] Level 1:colcon.colcon_core.environment:checking '/home/aisd/ros2_ws/install/aisd_vision' for CMake module files
[5.210s] Level 1:colcon.colcon_core.environment:checking '/home/aisd/ros2_ws/install/aisd_vision' for CMake config files
[5.214s] DEBUG:colcon.colcon_core.event_handler.log_command:Invoked command in '/home/aisd/ros2_ws/src/aisd-vahabbayat/aisd_vision' returned '0': AMENT_PREFIX_PATH=/home/aisd/ros2_ws/install/aisd_interfaces:${AMENT_PREFIX_PATH} CMAKE_PREFIX_PATH=/home/aisd/ros2_ws/install/aisd_interfaces LD_LIBRARY_PATH=/home/aisd/ros2_ws/install/aisd_interfaces/lib:${LD_LIBRARY_PATH} PYTHONPATH=/home/aisd/ros2_ws/install/aisd_vision/lib/python3.8/site-packages:/home/aisd/ros2_ws/install/aisd_interfaces/lib/python3.8/site-packages:${PYTHONPATH} /usr/bin/python3 setup.py egg_info --egg-base ../../../build/aisd_vision build --build-base /home/aisd/ros2_ws/build/aisd_vision/build install --prefix /home/aisd/ros2_ws/install/aisd_vision --record /home/aisd/ros2_ws/build/aisd_vision/install.log --single-version-externally-managed
[5.215s] Level 1:colcon.colcon_core.environment:checking '/home/aisd/ros2_ws/install/aisd_vision/lib'
[5.215s] Level 1:colcon.colcon_core.environment:checking '/home/aisd/ros2_ws/install/aisd_vision/bin'
[5.215s] Level 1:colcon.colcon_core.environment:checking '/home/aisd/ros2_ws/install/aisd_vision/lib/pkgconfig/aisd_vision.pc'
[5.216s] Level 1:colcon.colcon_core.environment:checking '/home/aisd/ros2_ws/install/aisd_vision/lib/python3.8/site-packages'
[5.216s] Level 1:colcon.colcon_core.shell:create_environment_hook('aisd_vision', 'pythonpath')
[5.217s] INFO:colcon.colcon_core.shell:Creating environment hook '/home/aisd/ros2_ws/install/aisd_vision/share/aisd_vision/hook/pythonpath.ps1'
[5.218s] INFO:colcon.colcon_core.shell:Creating environment descriptor '/home/aisd/ros2_ws/install/aisd_vision/share/aisd_vision/hook/pythonpath.dsv'
[5.219s] INFO:colcon.colcon_core.shell:Creating environment hook '/home/aisd/ros2_ws/install/aisd_vision/share/aisd_vision/hook/pythonpath.sh'
[5.219s] Level 1:colcon.colcon_core.environment:checking '/home/aisd/ros2_ws/install/aisd_vision/bin'
[5.219s] Level 1:colcon.colcon_core.environment:create_environment_scripts_only(aisd_vision)
[5.221s] INFO:colcon.colcon_core.shell:Creating package script '/home/aisd/ros2_ws/install/aisd_vision/share/aisd_vision/package.ps1'
[5.222s] INFO:colcon.colcon_core.shell:Creating package descriptor '/home/aisd/ros2_ws/install/aisd_vision/share/aisd_vision/package.dsv'
[5.223s] INFO:colcon.colcon_core.shell:Creating package script '/home/aisd/ros2_ws/install/aisd_vision/share/aisd_vision/package.sh'
[5.224s] INFO:colcon.colcon_core.shell:Creating package script '/home/aisd/ros2_ws/install/aisd_vision/share/aisd_vision/package.bash'
[5.224s] INFO:colcon.colcon_core.shell:Creating package script '/home/aisd/ros2_ws/install/aisd_vision/share/aisd_vision/package.zsh'
[5.224s] Level 1:colcon.colcon_core.environment:create_file_with_runtime_dependencies(/home/aisd/ros2_ws/install/aisd_vision/share/colcon-core/packages/aisd_vision)
[5.226s] DEBUG:colcon.colcon_parallel_executor.executor.parallel:closing loop
[5.226s] DEBUG:colcon.colcon_parallel_executor.executor.parallel:loop closed
[5.227s] DEBUG:colcon.colcon_parallel_executor.executor.parallel:run_until_complete finished with '0'
[5.227s] DEBUG:colcon.colcon_core.event_reactor:joining thread
[5.249s] INFO:colcon.colcon_core.plugin_system:Skipping extension 'colcon_notification.desktop_notification.notify_send': Could not find 'notify-send'
[5.249s] INFO:colcon.colcon_core.plugin_system:Skipping extension 'colcon_notification.desktop_notification.terminal_notifier': Not used on non-Darwin systems
[5.249s] INFO:colcon.colcon_core.plugin_system:Skipping extension 'colcon_notification.desktop_notification.win32': Not used on non-Windows systems
[5.249s] INFO:colcon.colcon_notification.desktop_notification:Sending desktop notification using 'notify2'
[5.250s] DEBUG:colcon.colcon_notification.desktop_notification.notify2:Failed to initialize notify2: org.freedesktop.DBus.Error.ServiceUnknown: The name org.freedesktop.Notifications was not provided by any .service files
[5.251s] DEBUG:colcon.colcon_core.event_reactor:joined thread
[5.252s] INFO:colcon.colcon_core.shell:Creating prefix script '/home/aisd/ros2_ws/install/local_setup.ps1'
[5.253s] INFO:colcon.colcon_core.shell:Creating prefix util module '/home/aisd/ros2_ws/install/_local_setup_util_ps1.py'
[5.255s] INFO:colcon.colcon_core.shell:Creating prefix chain script '/home/aisd/ros2_ws/install/setup.ps1'
[5.257s] INFO:colcon.colcon_core.shell:Creating prefix script '/home/aisd/ros2_ws/install/local_setup.sh'
[5.259s] INFO:colcon.colcon_core.shell:Creating prefix util module '/home/aisd/ros2_ws/install/_local_setup_util_sh.py'
[5.259s] INFO:colcon.colcon_core.shell:Creating prefix chain script '/home/aisd/ros2_ws/install/setup.sh'
[5.262s] INFO:colcon.colcon_core.shell:Creating prefix script '/home/aisd/ros2_ws/install/local_setup.bash'
[5.262s] INFO:colcon.colcon_core.shell:Creating prefix chain script '/home/aisd/ros2_ws/install/setup.bash'
[5.264s] INFO:colcon.colcon_core.shell:Creating prefix script '/home/aisd/ros2_ws/install/local_setup.zsh'
[5.264s] INFO:colcon.colcon_core.shell:Creating prefix chain script '/home/aisd/ros2_ws/install/setup.zsh'
