[1.953s] DEBUG:colcon:Command line arguments: ['/usr/bin/colcon', 'build']
[1.954s] DEBUG:colcon:Parsed command line arguments: Namespace(allow_overriding=[], ament_cmake_args=None, base_paths=['.'], build_base='build', catkin_cmake_args=None, catkin_skip_building_tests=False, cmake_args=None, cmake_clean_cache=False, cmake_clean_first=False, cmake_force_configure=False, cmake_target=None, cmake_target_skip_unavailable=False, continue_on_error=False, event_handlers=None, executor='parallel', ignore_user_meta=False, install_base='install', log_base=None, log_level=None, main=<bound method BuildVerb.main of <colcon_core.verb.build.BuildVerb object at 0x7fc23ba84c40>>, merge_install=False, metas=['./colcon.meta'], packages_above=None, packages_above_and_dependencies=None, packages_above_depth=None, packages_end=None, packages_ignore=None, packages_ignore_regex=None, packages_select=None, packages_select_build_failed=False, packages_select_by_dep=None, packages_select_regex=None, packages_select_test_failures=False, packages_skip=None, packages_skip_build_finished=False, packages_skip_by_dep=None, packages_skip_regex=None, packages_skip_test_passed=False, packages_skip_up_to=None, packages_start=None, packages_up_to=None, packages_up_to_regex=None, parallel_workers=2, paths=None, symlink_install=False, test_result_base=None, verb_extension=<colcon_core.verb.build.BuildVerb object at 0x7fc23ba84c40>, verb_name='build', verb_parser=<colcon_defaults.argument_parser.defaults.DefaultArgumentsDecorator object at 0x7fc23ba901f0>)
[2.390s] Level 1:colcon.colcon_core.package_discovery:discover_packages(colcon_meta) check parameters
[2.390s] Level 1:colcon.colcon_core.package_discovery:discover_packages(recursive) check parameters
[2.390s] Level 1:colcon.colcon_core.package_discovery:discover_packages(ignore) check parameters
[2.390s] Level 1:colcon.colcon_core.package_discovery:discover_packages(path) check parameters
[2.390s] Level 1:colcon.colcon_core.package_discovery:discover_packages(colcon_meta) discover
[2.390s] Level 1:colcon.colcon_core.package_discovery:discover_packages(recursive) discover
[2.391s] INFO:colcon.colcon_core.package_discovery:Crawling recursively for packages in '/home/aisd/ros2_ws'
[2.391s] Level 1:colcon.colcon_core.package_identification:_identify(.) by extensions ['ignore', 'ignore_ament_install']
[2.391s] Level 1:colcon.colcon_core.package_identification:_identify(.) by extension 'ignore'
[2.391s] Level 1:colcon.colcon_core.package_identification:_identify(.) by extension 'ignore_ament_install'
[2.392s] Level 1:colcon.colcon_core.package_identification:_identify(.) by extensions ['colcon_pkg']
[2.392s] Level 1:colcon.colcon_core.package_identification:_identify(.) by extension 'colcon_pkg'
[2.392s] Level 1:colcon.colcon_core.package_identification:_identify(.) by extensions ['colcon_meta']
[2.392s] Level 1:colcon.colcon_core.package_identification:_identify(.) by extension 'colcon_meta'
[2.392s] Level 1:colcon.colcon_core.package_identification:_identify(.) by extensions ['ros']
[2.392s] Level 1:colcon.colcon_core.package_identification:_identify(.) by extension 'ros'
[2.489s] Level 1:colcon.colcon_core.package_identification:_identify(.) by extensions ['cmake', 'python']
[2.489s] Level 1:colcon.colcon_core.package_identification:_identify(.) by extension 'cmake'
[2.490s] Level 1:colcon.colcon_core.package_identification:_identify(.) by extension 'python'
[2.490s] Level 1:colcon.colcon_core.package_identification:_identify(.) by extensions ['python_setup_py']
[2.490s] Level 1:colcon.colcon_core.package_identification:_identify(.) by extension 'python_setup_py'
[2.490s] Level 1:colcon.colcon_core.package_identification:_identify(build) by extensions ['ignore', 'ignore_ament_install']
[2.490s] Level 1:colcon.colcon_core.package_identification:_identify(build) by extension 'ignore'
[2.490s] Level 1:colcon.colcon_core.package_identification:_identify(build) ignored
[2.491s] Level 1:colcon.colcon_core.package_identification:_identify(install) by extensions ['ignore', 'ignore_ament_install']
[2.491s] Level 1:colcon.colcon_core.package_identification:_identify(install) by extension 'ignore'
[2.491s] Level 1:colcon.colcon_core.package_identification:_identify(install) ignored
[2.491s] Level 1:colcon.colcon_core.package_identification:_identify(log) by extensions ['ignore', 'ignore_ament_install']
[2.491s] Level 1:colcon.colcon_core.package_identification:_identify(log) by extension 'ignore'
[2.491s] Level 1:colcon.colcon_core.package_identification:_identify(log) ignored
[2.492s] Level 1:colcon.colcon_core.package_identification:_identify(src) by extensions ['ignore', 'ignore_ament_install']
[2.492s] Level 1:colcon.colcon_core.package_identification:_identify(src) by extension 'ignore'
[2.492s] Level 1:colcon.colcon_core.package_identification:_identify(src) by extension 'ignore_ament_install'
[2.492s] Level 1:colcon.colcon_core.package_identification:_identify(src) by extensions ['colcon_pkg']
[2.492s] Level 1:colcon.colcon_core.package_identification:_identify(src) by extension 'colcon_pkg'
[2.492s] Level 1:colcon.colcon_core.package_identification:_identify(src) by extensions ['colcon_meta']
[2.492s] Level 1:colcon.colcon_core.package_identification:_identify(src) by extension 'colcon_meta'
[2.492s] Level 1:colcon.colcon_core.package_identification:_identify(src) by extensions ['ros']
[2.492s] Level 1:colcon.colcon_core.package_identification:_identify(src) by extension 'ros'
[2.493s] Level 1:colcon.colcon_core.package_identification:_identify(src) by extensions ['cmake', 'python']
[2.493s] Level 1:colcon.colcon_core.package_identification:_identify(src) by extension 'cmake'
[2.493s] Level 1:colcon.colcon_core.package_identification:_identify(src) by extension 'python'
[2.493s] Level 1:colcon.colcon_core.package_identification:_identify(src) by extensions ['python_setup_py']
[2.493s] Level 1:colcon.colcon_core.package_identification:_identify(src) by extension 'python_setup_py'
[2.493s] Level 1:colcon.colcon_core.package_identification:_identify(src/aisd-vahabbayat) by extensions ['ignore', 'ignore_ament_install']
[2.493s] Level 1:colcon.colcon_core.package_identification:_identify(src/aisd-vahabbayat) by extension 'ignore'
[2.493s] Level 1:colcon.colcon_core.package_identification:_identify(src/aisd-vahabbayat) by extension 'ignore_ament_install'
[2.494s] Level 1:colcon.colcon_core.package_identification:_identify(src/aisd-vahabbayat) by extensions ['colcon_pkg']
[2.494s] Level 1:colcon.colcon_core.package_identification:_identify(src/aisd-vahabbayat) by extension 'colcon_pkg'
[2.494s] Level 1:colcon.colcon_core.package_identification:_identify(src/aisd-vahabbayat) by extensions ['colcon_meta']
[2.494s] Level 1:colcon.colcon_core.package_identification:_identify(src/aisd-vahabbayat) by extension 'colcon_meta'
[2.494s] Level 1:colcon.colcon_core.package_identification:_identify(src/aisd-vahabbayat) by extensions ['ros']
[2.494s] Level 1:colcon.colcon_core.package_identification:_identify(src/aisd-vahabbayat) by extension 'ros'
[2.494s] Level 1:colcon.colcon_core.package_identification:_identify(src/aisd-vahabbayat) by extensions ['cmake', 'python']
[2.494s] Level 1:colcon.colcon_core.package_identification:_identify(src/aisd-vahabbayat) by extension 'cmake'
[2.494s] Level 1:colcon.colcon_core.package_identification:_identify(src/aisd-vahabbayat) by extension 'python'
[2.494s] Level 1:colcon.colcon_core.package_identification:_identify(src/aisd-vahabbayat) by extensions ['python_setup_py']
[2.494s] Level 1:colcon.colcon_core.package_identification:_identify(src/aisd-vahabbayat) by extension 'python_setup_py'
[2.524s] Level 1:colcon.colcon_core.package_identification:_identify(src/aisd-vahabbayat/aisd_interfaces) by extensions ['ignore', 'ignore_ament_install']
[2.524s] Level 1:colcon.colcon_core.package_identification:_identify(src/aisd-vahabbayat/aisd_interfaces) by extension 'ignore'
[2.525s] Level 1:colcon.colcon_core.package_identification:_identify(src/aisd-vahabbayat/aisd_interfaces) by extension 'ignore_ament_install'
[2.525s] Level 1:colcon.colcon_core.package_identification:_identify(src/aisd-vahabbayat/aisd_interfaces) by extensions ['colcon_pkg']
[2.525s] Level 1:colcon.colcon_core.package_identification:_identify(src/aisd-vahabbayat/aisd_interfaces) by extension 'colcon_pkg'
[2.525s] Level 1:colcon.colcon_core.package_identification:_identify(src/aisd-vahabbayat/aisd_interfaces) by extensions ['colcon_meta']
[2.525s] Level 1:colcon.colcon_core.package_identification:_identify(src/aisd-vahabbayat/aisd_interfaces) by extension 'colcon_meta'
[2.525s] Level 1:colcon.colcon_core.package_identification:_identify(src/aisd-vahabbayat/aisd_interfaces) by extensions ['ros']
[2.525s] Level 1:colcon.colcon_core.package_identification:_identify(src/aisd-vahabbayat/aisd_interfaces) by extension 'ros'
[2.543s] DEBUG:colcon.colcon_core.package_identification:Package 'src/aisd-vahabbayat/aisd_interfaces' with type 'ros.ament_cmake' and name 'aisd_interfaces'
[2.543s] Level 1:colcon.colcon_core.package_identification:_identify(src/aisd-vahabbayat/aisd_motion) by extensions ['ignore', 'ignore_ament_install']
[2.543s] Level 1:colcon.colcon_core.package_identification:_identify(src/aisd-vahabbayat/aisd_motion) by extension 'ignore'
[2.543s] Level 1:colcon.colcon_core.package_identification:_identify(src/aisd-vahabbayat/aisd_motion) by extension 'ignore_ament_install'
[2.543s] Level 1:colcon.colcon_core.package_identification:_identify(src/aisd-vahabbayat/aisd_motion) by extensions ['colcon_pkg']
[2.544s] Level 1:colcon.colcon_core.package_identification:_identify(src/aisd-vahabbayat/aisd_motion) by extension 'colcon_pkg'
[2.544s] Level 1:colcon.colcon_core.package_identification:_identify(src/aisd-vahabbayat/aisd_motion) by extensions ['colcon_meta']
[2.544s] Level 1:colcon.colcon_core.package_identification:_identify(src/aisd-vahabbayat/aisd_motion) by extension 'colcon_meta'
[2.544s] Level 1:colcon.colcon_core.package_identification:_identify(src/aisd-vahabbayat/aisd_motion) by extensions ['ros']
[2.544s] Level 1:colcon.colcon_core.package_identification:_identify(src/aisd-vahabbayat/aisd_motion) by extension 'ros'
[2.545s] DEBUG:colcon.colcon_core.package_identification:Package 'src/aisd-vahabbayat/aisd_motion' with type 'ros.ament_python' and name 'aisd_motion'
[2.545s] Level 1:colcon.colcon_core.package_identification:_identify(src/aisd-vahabbayat/aisd_vision) by extensions ['ignore', 'ignore_ament_install']
[2.545s] Level 1:colcon.colcon_core.package_identification:_identify(src/aisd-vahabbayat/aisd_vision) by extension 'ignore'
[2.546s] Level 1:colcon.colcon_core.package_identification:_identify(src/aisd-vahabbayat/aisd_vision) by extension 'ignore_ament_install'
[2.546s] Level 1:colcon.colcon_core.package_identification:_identify(src/aisd-vahabbayat/aisd_vision) by extensions ['colcon_pkg']
[2.546s] Level 1:colcon.colcon_core.package_identification:_identify(src/aisd-vahabbayat/aisd_vision) by extension 'colcon_pkg'
[2.546s] Level 1:colcon.colcon_core.package_identification:_identify(src/aisd-vahabbayat/aisd_vision) by extensions ['colcon_meta']
[2.546s] Level 1:colcon.colcon_core.package_identification:_identify(src/aisd-vahabbayat/aisd_vision) by extension 'colcon_meta'
[2.546s] Level 1:colcon.colcon_core.package_identification:_identify(src/aisd-vahabbayat/aisd_vision) by extensions ['ros']
[2.546s] Level 1:colcon.colcon_core.package_identification:_identify(src/aisd-vahabbayat/aisd_vision) by extension 'ros'
[2.548s] DEBUG:colcon.colcon_core.package_identification:Package 'src/aisd-vahabbayat/aisd_vision' with type 'ros.ament_python' and name 'aisd_vision'
[2.561s] Level 1:colcon.colcon_core.package_identification:_identify(src/ros_tutorials) by extensions ['ignore', 'ignore_ament_install']
[2.561s] Level 1:colcon.colcon_core.package_identification:_identify(src/ros_tutorials) by extension 'ignore'
[2.561s] Level 1:colcon.colcon_core.package_identification:_identify(src/ros_tutorials) by extension 'ignore_ament_install'
[2.561s] Level 1:colcon.colcon_core.package_identification:_identify(src/ros_tutorials) by extensions ['colcon_pkg']
[2.562s] Level 1:colcon.colcon_core.package_identification:_identify(src/ros_tutorials) by extension 'colcon_pkg'
[2.562s] Level 1:colcon.colcon_core.package_identification:_identify(src/ros_tutorials) by extensions ['colcon_meta']
[2.562s] Level 1:colcon.colcon_core.package_identification:_identify(src/ros_tutorials) by extension 'colcon_meta'
[2.562s] Level 1:colcon.colcon_core.package_identification:_identify(src/ros_tutorials) by extensions ['ros']
[2.562s] Level 1:colcon.colcon_core.package_identification:_identify(src/ros_tutorials) by extension 'ros'
[2.562s] Level 1:colcon.colcon_core.package_identification:_identify(src/ros_tutorials) by extensions ['cmake', 'python']
[2.562s] Level 1:colcon.colcon_core.package_identification:_identify(src/ros_tutorials) by extension 'cmake'
[2.562s] Level 1:colcon.colcon_core.package_identification:_identify(src/ros_tutorials) by extension 'python'
[2.562s] Level 1:colcon.colcon_core.package_identification:_identify(src/ros_tutorials) by extensions ['python_setup_py']
[2.562s] Level 1:colcon.colcon_core.package_identification:_identify(src/ros_tutorials) by extension 'python_setup_py'
[2.564s] Level 1:colcon.colcon_core.package_identification:_identify(src/ros_tutorials/ros_tutorials) by extensions ['ignore', 'ignore_ament_install']
[2.565s] Level 1:colcon.colcon_core.package_identification:_identify(src/ros_tutorials/ros_tutorials) by extension 'ignore'
[2.565s] Level 1:colcon.colcon_core.package_identification:_identify(src/ros_tutorials/ros_tutorials) ignored
[2.567s] Level 1:colcon.colcon_core.package_identification:_identify(src/ros_tutorials/roscpp_tutorials) by extensions ['ignore', 'ignore_ament_install']
[2.567s] Level 1:colcon.colcon_core.package_identification:_identify(src/ros_tutorials/roscpp_tutorials) by extension 'ignore'
[2.567s] Level 1:colcon.colcon_core.package_identification:_identify(src/ros_tutorials/roscpp_tutorials) ignored
[2.569s] Level 1:colcon.colcon_core.package_identification:_identify(src/ros_tutorials/rospy_tutorials) by extensions ['ignore', 'ignore_ament_install']
[2.569s] Level 1:colcon.colcon_core.package_identification:_identify(src/ros_tutorials/rospy_tutorials) by extension 'ignore'
[2.569s] Level 1:colcon.colcon_core.package_identification:_identify(src/ros_tutorials/rospy_tutorials) ignored
[2.571s] Level 1:colcon.colcon_core.package_identification:_identify(src/ros_tutorials/turtlesim) by extensions ['ignore', 'ignore_ament_install']
[2.571s] Level 1:colcon.colcon_core.package_identification:_identify(src/ros_tutorials/turtlesim) by extension 'ignore'
[2.571s] Level 1:colcon.colcon_core.package_identification:_identify(src/ros_tutorials/turtlesim) by extension 'ignore_ament_install'
[2.572s] Level 1:colcon.colcon_core.package_identification:_identify(src/ros_tutorials/turtlesim) by extensions ['colcon_pkg']
[2.572s] Level 1:colcon.colcon_core.package_identification:_identify(src/ros_tutorials/turtlesim) by extension 'colcon_pkg'
[2.572s] Level 1:colcon.colcon_core.package_identification:_identify(src/ros_tutorials/turtlesim) by extensions ['colcon_meta']
[2.572s] Level 1:colcon.colcon_core.package_identification:_identify(src/ros_tutorials/turtlesim) by extension 'colcon_meta'
[2.572s] Level 1:colcon.colcon_core.package_identification:_identify(src/ros_tutorials/turtlesim) by extensions ['ros']
[2.572s] Level 1:colcon.colcon_core.package_identification:_identify(src/ros_tutorials/turtlesim) by extension 'ros'
[2.592s] DEBUG:colcon.colcon_core.package_identification:Package 'src/ros_tutorials/turtlesim' with type 'ros.ament_cmake' and name 'turtlesim'
[2.593s] Level 1:colcon.colcon_core.package_discovery:discover_packages(recursive) using defaults
[2.593s] Level 1:colcon.colcon_core.package_discovery:discover_packages(ignore) discover
[2.593s] Level 1:colcon.colcon_core.package_discovery:discover_packages(ignore) using defaults
[2.593s] Level 1:colcon.colcon_core.package_discovery:discover_packages(path) discover
[2.593s] Level 1:colcon.colcon_core.package_discovery:discover_packages(path) using defaults
[2.765s] Level 1:colcon.colcon_core.package_discovery:discover_packages(prefix_path) check parameters
[2.765s] Level 1:colcon.colcon_core.package_discovery:discover_packages(prefix_path) discover
[2.785s] DEBUG:colcon.colcon_installed_package_information.package_discovery:Found 181 installed packages in /opt/ros/galactic
[2.787s] Level 1:colcon.colcon_core.package_discovery:discover_packages(prefix_path) using defaults
[3.057s] Level 5:colcon.colcon_core.verb:set package 'aisd_interfaces' build argument 'cmake_args' from command line to 'None'
[3.057s] Level 5:colcon.colcon_core.verb:set package 'aisd_interfaces' build argument 'cmake_target' from command line to 'None'
[3.057s] Level 5:colcon.colcon_core.verb:set package 'aisd_interfaces' build argument 'cmake_target_skip_unavailable' from command line to 'False'
[3.057s] Level 5:colcon.colcon_core.verb:set package 'aisd_interfaces' build argument 'cmake_clean_cache' from command line to 'False'
[3.057s] Level 5:colcon.colcon_core.verb:set package 'aisd_interfaces' build argument 'cmake_clean_first' from command line to 'False'
[3.057s] Level 5:colcon.colcon_core.verb:set package 'aisd_interfaces' build argument 'cmake_force_configure' from command line to 'False'
[3.058s] Level 5:colcon.colcon_core.verb:set package 'aisd_interfaces' build argument 'ament_cmake_args' from command line to 'None'
[3.058s] Level 5:colcon.colcon_core.verb:set package 'aisd_interfaces' build argument 'catkin_cmake_args' from command line to 'None'
[3.058s] Level 5:colcon.colcon_core.verb:set package 'aisd_interfaces' build argument 'catkin_skip_building_tests' from command line to 'False'
[3.058s] DEBUG:colcon.colcon_core.verb:Building package 'aisd_interfaces' with the following arguments: {'ament_cmake_args': None, 'build_base': '/home/aisd/ros2_ws/build/aisd_interfaces', 'catkin_cmake_args': None, 'catkin_skip_building_tests': False, 'cmake_args': None, 'cmake_clean_cache': False, 'cmake_clean_first': False, 'cmake_force_configure': False, 'cmake_target': None, 'cmake_target_skip_unavailable': False, 'install_base': '/home/aisd/ros2_ws/install/aisd_interfaces', 'merge_install': False, 'path': '/home/aisd/ros2_ws/src/aisd-vahabbayat/aisd_interfaces', 'symlink_install': False, 'test_result_base': None}
[3.060s] Level 5:colcon.colcon_core.verb:set package 'turtlesim' build argument 'cmake_args' from command line to 'None'
[3.060s] Level 5:colcon.colcon_core.verb:set package 'turtlesim' build argument 'cmake_target' from command line to 'None'
[3.060s] Level 5:colcon.colcon_core.verb:set package 'turtlesim' build argument 'cmake_target_skip_unavailable' from command line to 'False'
[3.060s] Level 5:colcon.colcon_core.verb:set package 'turtlesim' build argument 'cmake_clean_cache' from command line to 'False'
[3.060s] Level 5:colcon.colcon_core.verb:set package 'turtlesim' build argument 'cmake_clean_first' from command line to 'False'
[3.060s] Level 5:colcon.colcon_core.verb:set package 'turtlesim' build argument 'cmake_force_configure' from command line to 'False'
[3.060s] Level 5:colcon.colcon_core.verb:set package 'turtlesim' build argument 'ament_cmake_args' from command line to 'None'
[3.061s] Level 5:colcon.colcon_core.verb:set package 'turtlesim' build argument 'catkin_cmake_args' from command line to 'None'
[3.061s] Level 5:colcon.colcon_core.verb:set package 'turtlesim' build argument 'catkin_skip_building_tests' from command line to 'False'
[3.061s] DEBUG:colcon.colcon_core.verb:Building package 'turtlesim' with the following arguments: {'ament_cmake_args': None, 'build_base': '/home/aisd/ros2_ws/build/turtlesim', 'catkin_cmake_args': None, 'catkin_skip_building_tests': False, 'cmake_args': None, 'cmake_clean_cache': False, 'cmake_clean_first': False, 'cmake_force_configure': False, 'cmake_target': None, 'cmake_target_skip_unavailable': False, 'install_base': '/home/aisd/ros2_ws/install/turtlesim', 'merge_install': False, 'path': '/home/aisd/ros2_ws/src/ros_tutorials/turtlesim', 'symlink_install': False, 'test_result_base': None}
[3.063s] Level 5:colcon.colcon_core.verb:set package 'aisd_motion' build argument 'cmake_args' from command line to 'None'
[3.063s] Level 5:colcon.colcon_core.verb:set package 'aisd_motion' build argument 'cmake_target' from command line to 'None'
[3.063s] Level 5:colcon.colcon_core.verb:set package 'aisd_motion' build argument 'cmake_target_skip_unavailable' from command line to 'False'
[3.063s] Level 5:colcon.colcon_core.verb:set package 'aisd_motion' build argument 'cmake_clean_cache' from command line to 'False'
[3.063s] Level 5:colcon.colcon_core.verb:set package 'aisd_motion' build argument 'cmake_clean_first' from command line to 'False'
[3.063s] Level 5:colcon.colcon_core.verb:set package 'aisd_motion' build argument 'cmake_force_configure' from command line to 'False'
[3.063s] Level 5:colcon.colcon_core.verb:set package 'aisd_motion' build argument 'ament_cmake_args' from command line to 'None'
[3.063s] Level 5:colcon.colcon_core.verb:set package 'aisd_motion' build argument 'catkin_cmake_args' from command line to 'None'
[3.063s] Level 5:colcon.colcon_core.verb:set package 'aisd_motion' build argument 'catkin_skip_building_tests' from command line to 'False'
[3.063s] DEBUG:colcon.colcon_core.verb:Building package 'aisd_motion' with the following arguments: {'ament_cmake_args': None, 'build_base': '/home/aisd/ros2_ws/build/aisd_motion', 'catkin_cmake_args': None, 'catkin_skip_building_tests': False, 'cmake_args': None, 'cmake_clean_cache': False, 'cmake_clean_first': False, 'cmake_force_configure': False, 'cmake_target': None, 'cmake_target_skip_unavailable': False, 'install_base': '/home/aisd/ros2_ws/install/aisd_motion', 'merge_install': False, 'path': '/home/aisd/ros2_ws/src/aisd-vahabbayat/aisd_motion', 'symlink_install': False, 'test_result_base': None}
[3.065s] Level 5:colcon.colcon_core.verb:set package 'aisd_vision' build argument 'cmake_args' from command line to 'None'
[3.065s] Level 5:colcon.colcon_core.verb:set package 'aisd_vision' build argument 'cmake_target' from command line to 'None'
[3.065s] Level 5:colcon.colcon_core.verb:set package 'aisd_vision' build argument 'cmake_target_skip_unavailable' from command line to 'False'
[3.065s] Level 5:colcon.colcon_core.verb:set package 'aisd_vision' build argument 'cmake_clean_cache' from command line to 'False'
[3.065s] Level 5:colcon.colcon_core.verb:set package 'aisd_vision' build argument 'cmake_clean_first' from command line to 'False'
[3.065s] Level 5:colcon.colcon_core.verb:set package 'aisd_vision' build argument 'cmake_force_configure' from command line to 'False'
[3.065s] Level 5:colcon.colcon_core.verb:set package 'aisd_vision' build argument 'ament_cmake_args' from command line to 'None'
[3.065s] Level 5:colcon.colcon_core.verb:set package 'aisd_vision' build argument 'catkin_cmake_args' from command line to 'None'
[3.066s] Level 5:colcon.colcon_core.verb:set package 'aisd_vision' build argument 'catkin_skip_building_tests' from command line to 'False'
[3.066s] DEBUG:colcon.colcon_core.verb:Building package 'aisd_vision' with the following arguments: {'ament_cmake_args': None, 'build_base': '/home/aisd/ros2_ws/build/aisd_vision', 'catkin_cmake_args': None, 'catkin_skip_building_tests': False, 'cmake_args': None, 'cmake_clean_cache': False, 'cmake_clean_first': False, 'cmake_force_configure': False, 'cmake_target': None, 'cmake_target_skip_unavailable': False, 'install_base': '/home/aisd/ros2_ws/install/aisd_vision', 'merge_install': False, 'path': '/home/aisd/ros2_ws/src/aisd-vahabbayat/aisd_vision', 'symlink_install': False, 'test_result_base': None}
[3.067s] INFO:colcon.colcon_core.executor:Executing jobs using 'parallel' executor
[3.081s] DEBUG:colcon.colcon_parallel_executor.executor.parallel:run_until_complete
[3.082s] INFO:colcon.colcon_ros.task.ament_cmake.build:Building ROS package in '/home/aisd/ros2_ws/src/aisd-vahabbayat/aisd_interfaces' with build type 'ament_cmake'
[3.082s] INFO:colcon.colcon_cmake.task.cmake.build:Building CMake package in '/home/aisd/ros2_ws/src/aisd-vahabbayat/aisd_interfaces'
[3.144s] INFO:colcon.colcon_core.plugin_system:Skipping extension 'colcon_core.shell.bat': Not used on non-Windows systems
[3.144s] INFO:colcon.colcon_core.shell:Skip shell extension 'powershell' for command environment: Not usable outside of PowerShell
[3.144s] DEBUG:colcon.colcon_core.shell:Skip shell extension 'dsv' for command environment
[3.174s] INFO:colcon.colcon_ros.task.ament_cmake.build:Building ROS package in '/home/aisd/ros2_ws/src/ros_tutorials/turtlesim' with build type 'ament_cmake'
[3.175s] INFO:colcon.colcon_cmake.task.cmake.build:Building CMake package in '/home/aisd/ros2_ws/src/ros_tutorials/turtlesim'
[3.179s] INFO:colcon.colcon_core.shell:Skip shell extension 'powershell' for command environment: Not usable outside of PowerShell
[3.179s] DEBUG:colcon.colcon_core.shell:Skip shell extension 'dsv' for command environment
[3.268s] DEBUG:colcon.colcon_core.event_handler.log_command:Invoking command in '/home/aisd/ros2_ws/build/aisd_interfaces': CMAKE_PREFIX_PATH=/opt/ros/galactic /usr/bin/cmake --build /home/aisd/ros2_ws/build/aisd_interfaces -- -j2 -l2
[3.388s] DEBUG:colcon.colcon_core.event_handler.log_command:Invoking command in '/home/aisd/ros2_ws/build/turtlesim': CMAKE_PREFIX_PATH=/opt/ros/galactic /usr/bin/cmake --build /home/aisd/ros2_ws/build/turtlesim -- -j2 -l2
[7.401s] DEBUG:colcon.colcon_core.event_handler.log_command:Invoked command in '/home/aisd/ros2_ws/build/aisd_interfaces' returned '0': CMAKE_PREFIX_PATH=/opt/ros/galactic /usr/bin/cmake --build /home/aisd/ros2_ws/build/aisd_interfaces -- -j2 -l2
[7.810s] DEBUG:colcon.colcon_core.event_handler.log_command:Invoked command in '/home/aisd/ros2_ws/build/turtlesim' returned '0': CMAKE_PREFIX_PATH=/opt/ros/galactic /usr/bin/cmake --build /home/aisd/ros2_ws/build/turtlesim -- -j2 -l2
[7.885s] DEBUG:colcon.colcon_core.event_handler.log_command:Invoking command in '/home/aisd/ros2_ws/build/aisd_interfaces': CMAKE_PREFIX_PATH=/opt/ros/galactic /usr/bin/cmake --install /home/aisd/ros2_ws/build/aisd_interfaces
[8.476s] Level 1:colcon.colcon_core.environment:create_environment_scripts_only(aisd_interfaces)
[8.484s] DEBUG:colcon.colcon_core.event_handler.log_command:Invoked command in '/home/aisd/ros2_ws/build/aisd_interfaces' returned '0': CMAKE_PREFIX_PATH=/opt/ros/galactic /usr/bin/cmake --install /home/aisd/ros2_ws/build/aisd_interfaces
[8.724s] Level 1:colcon.colcon_core.environment:checking '/home/aisd/ros2_ws/install/aisd_interfaces' for CMake module files
[8.725s] Level 1:colcon.colcon_core.environment:checking '/home/aisd/ros2_ws/install/aisd_interfaces' for CMake config files
[8.729s] Level 1:colcon.colcon_core.shell:create_environment_hook('aisd_interfaces', 'cmake_prefix_path')
[8.732s] INFO:colcon.colcon_core.shell:Creating environment hook '/home/aisd/ros2_ws/install/aisd_interfaces/share/aisd_interfaces/hook/cmake_prefix_path.ps1'
[8.750s] INFO:colcon.colcon_core.shell:Creating environment descriptor '/home/aisd/ros2_ws/install/aisd_interfaces/share/aisd_interfaces/hook/cmake_prefix_path.dsv'
[8.780s] INFO:colcon.colcon_core.shell:Creating environment hook '/home/aisd/ros2_ws/install/aisd_interfaces/share/aisd_interfaces/hook/cmake_prefix_path.sh'
[8.785s] Level 1:colcon.colcon_core.environment:checking '/home/aisd/ros2_ws/install/aisd_interfaces/lib'
[8.786s] Level 1:colcon.colcon_core.shell:create_environment_hook('aisd_interfaces', 'ld_library_path_lib')
[8.789s] INFO:colcon.colcon_core.shell:Creating environment hook '/home/aisd/ros2_ws/install/aisd_interfaces/share/aisd_interfaces/hook/ld_library_path_lib.ps1'
[8.790s] INFO:colcon.colcon_core.shell:Creating environment descriptor '/home/aisd/ros2_ws/install/aisd_interfaces/share/aisd_interfaces/hook/ld_library_path_lib.dsv'
[8.792s] INFO:colcon.colcon_core.shell:Creating environment hook '/home/aisd/ros2_ws/install/aisd_interfaces/share/aisd_interfaces/hook/ld_library_path_lib.sh'
[8.793s] Level 1:colcon.colcon_core.environment:checking '/home/aisd/ros2_ws/install/aisd_interfaces/bin'
[8.793s] Level 1:colcon.colcon_core.environment:checking '/home/aisd/ros2_ws/install/aisd_interfaces/lib/pkgconfig/aisd_interfaces.pc'
[8.794s] Level 1:colcon.colcon_core.environment:checking '/home/aisd/ros2_ws/install/aisd_interfaces/lib/python3.8/site-packages'
[8.795s] Level 1:colcon.colcon_core.shell:create_environment_hook('aisd_interfaces', 'pythonpath')
[8.797s] INFO:colcon.colcon_core.shell:Creating environment hook '/home/aisd/ros2_ws/install/aisd_interfaces/share/aisd_interfaces/hook/pythonpath.ps1'
[8.800s] INFO:colcon.colcon_core.shell:Creating environment descriptor '/home/aisd/ros2_ws/install/aisd_interfaces/share/aisd_interfaces/hook/pythonpath.dsv'
[8.801s] INFO:colcon.colcon_core.shell:Creating environment hook '/home/aisd/ros2_ws/install/aisd_interfaces/share/aisd_interfaces/hook/pythonpath.sh'
[8.804s] Level 1:colcon.colcon_core.environment:checking '/home/aisd/ros2_ws/install/aisd_interfaces/bin'
[8.807s] INFO:colcon.colcon_core.shell:Creating package script '/home/aisd/ros2_ws/install/aisd_interfaces/share/aisd_interfaces/package.ps1'
[8.811s] INFO:colcon.colcon_core.shell:Creating package descriptor '/home/aisd/ros2_ws/install/aisd_interfaces/share/aisd_interfaces/package.dsv'
[8.815s] INFO:colcon.colcon_core.shell:Creating package script '/home/aisd/ros2_ws/install/aisd_interfaces/share/aisd_interfaces/package.sh'
[8.819s] INFO:colcon.colcon_core.shell:Creating package script '/home/aisd/ros2_ws/install/aisd_interfaces/share/aisd_interfaces/package.bash'
[8.833s] INFO:colcon.colcon_core.shell:Creating package script '/home/aisd/ros2_ws/install/aisd_interfaces/share/aisd_interfaces/package.zsh'
[8.842s] Level 1:colcon.colcon_core.environment:create_file_with_runtime_dependencies(/home/aisd/ros2_ws/install/aisd_interfaces/share/colcon-core/packages/aisd_interfaces)
[8.856s] DEBUG:colcon.colcon_core.event_handler.log_command:Invoking command in '/home/aisd/ros2_ws/build/turtlesim': CMAKE_PREFIX_PATH=/opt/ros/galactic /usr/bin/cmake --install /home/aisd/ros2_ws/build/turtlesim
[9.273s] Level 1:colcon.colcon_core.environment:create_environment_scripts_only(aisd_interfaces)
[9.277s] Level 1:colcon.colcon_core.environment:checking '/home/aisd/ros2_ws/install/aisd_interfaces' for CMake module files
[9.278s] Level 1:colcon.colcon_core.environment:checking '/home/aisd/ros2_ws/install/aisd_interfaces' for CMake config files
[9.279s] Level 1:colcon.colcon_core.shell:create_environment_hook('aisd_interfaces', 'cmake_prefix_path')
[9.282s] INFO:colcon.colcon_core.shell:Creating environment hook '/home/aisd/ros2_ws/install/aisd_interfaces/share/aisd_interfaces/hook/cmake_prefix_path.ps1'
[9.283s] INFO:colcon.colcon_core.shell:Creating environment descriptor '/home/aisd/ros2_ws/install/aisd_interfaces/share/aisd_interfaces/hook/cmake_prefix_path.dsv'
[9.287s] INFO:colcon.colcon_core.shell:Creating environment hook '/home/aisd/ros2_ws/install/aisd_interfaces/share/aisd_interfaces/hook/cmake_prefix_path.sh'
[9.288s] Level 1:colcon.colcon_core.environment:checking '/home/aisd/ros2_ws/install/aisd_interfaces/lib'
[9.288s] Level 1:colcon.colcon_core.shell:create_environment_hook('aisd_interfaces', 'ld_library_path_lib')
[9.293s] INFO:colcon.colcon_core.shell:Creating environment hook '/home/aisd/ros2_ws/install/aisd_interfaces/share/aisd_interfaces/hook/ld_library_path_lib.ps1'
[9.295s] INFO:colcon.colcon_core.shell:Creating environment descriptor '/home/aisd/ros2_ws/install/aisd_interfaces/share/aisd_interfaces/hook/ld_library_path_lib.dsv'
[9.297s] INFO:colcon.colcon_core.shell:Creating environment hook '/home/aisd/ros2_ws/install/aisd_interfaces/share/aisd_interfaces/hook/ld_library_path_lib.sh'
[9.298s] Level 1:colcon.colcon_core.environment:checking '/home/aisd/ros2_ws/install/aisd_interfaces/bin'
[9.298s] Level 1:colcon.colcon_core.environment:checking '/home/aisd/ros2_ws/install/aisd_interfaces/lib/pkgconfig/aisd_interfaces.pc'
[9.299s] Level 1:colcon.colcon_core.environment:checking '/home/aisd/ros2_ws/install/aisd_interfaces/lib/python3.8/site-packages'
[9.300s] Level 1:colcon.colcon_core.shell:create_environment_hook('aisd_interfaces', 'pythonpath')
[9.303s] INFO:colcon.colcon_core.shell:Creating environment hook '/home/aisd/ros2_ws/install/aisd_interfaces/share/aisd_interfaces/hook/pythonpath.ps1'
[9.304s] INFO:colcon.colcon_core.shell:Creating environment descriptor '/home/aisd/ros2_ws/install/aisd_interfaces/share/aisd_interfaces/hook/pythonpath.dsv'
[9.307s] INFO:colcon.colcon_core.shell:Creating environment hook '/home/aisd/ros2_ws/install/aisd_interfaces/share/aisd_interfaces/hook/pythonpath.sh'
[9.309s] Level 1:colcon.colcon_core.environment:checking '/home/aisd/ros2_ws/install/aisd_interfaces/bin'
[9.315s] INFO:colcon.colcon_core.shell:Creating package script '/home/aisd/ros2_ws/install/aisd_interfaces/share/aisd_interfaces/package.ps1'
[9.317s] INFO:colcon.colcon_core.shell:Creating package descriptor '/home/aisd/ros2_ws/install/aisd_interfaces/share/aisd_interfaces/package.dsv'
[9.319s] INFO:colcon.colcon_core.shell:Creating package script '/home/aisd/ros2_ws/install/aisd_interfaces/share/aisd_interfaces/package.sh'
[9.320s] INFO:colcon.colcon_core.shell:Creating package script '/home/aisd/ros2_ws/install/aisd_interfaces/share/aisd_interfaces/package.bash'
[9.322s] INFO:colcon.colcon_core.shell:Creating package script '/home/aisd/ros2_ws/install/aisd_interfaces/share/aisd_interfaces/package.zsh'
[9.324s] Level 1:colcon.colcon_core.environment:create_file_with_runtime_dependencies(/home/aisd/ros2_ws/install/aisd_interfaces/share/colcon-core/packages/aisd_interfaces)
[9.328s] INFO:colcon.colcon_ros.task.ament_python.build:Building ROS package in '/home/aisd/ros2_ws/src/aisd-vahabbayat/aisd_motion' with build type 'ament_python'
[9.329s] Level 1:colcon.colcon_core.shell:create_environment_hook('aisd_motion', 'ament_prefix_path')
[9.332s] INFO:colcon.colcon_core.shell:Creating environment hook '/home/aisd/ros2_ws/install/aisd_motion/share/aisd_motion/hook/ament_prefix_path.ps1'
[9.399s] INFO:colcon.colcon_core.shell:Creating environment descriptor '/home/aisd/ros2_ws/install/aisd_motion/share/aisd_motion/hook/ament_prefix_path.dsv'
[9.400s] INFO:colcon.colcon_core.shell:Creating environment hook '/home/aisd/ros2_ws/install/aisd_motion/share/aisd_motion/hook/ament_prefix_path.sh'
[9.405s] INFO:colcon.colcon_core.shell:Skip shell extension 'powershell' for command environment: Not usable outside of PowerShell
[9.405s] DEBUG:colcon.colcon_core.shell:Skip shell extension 'dsv' for command environment
[10.141s] INFO:colcon.colcon_core.task.python.build:Building Python package in '/home/aisd/ros2_ws/src/aisd-vahabbayat/aisd_motion'
[10.151s] INFO:colcon.colcon_core.shell:Skip shell extension 'powershell' for command environment: Not usable outside of PowerShell
[10.151s] DEBUG:colcon.colcon_core.shell:Skip shell extension 'dsv' for command environment
[10.182s] Level 1:colcon.colcon_core.environment:create_environment_scripts_only(turtlesim)
[10.189s] Level 1:colcon.colcon_core.environment:checking '/home/aisd/ros2_ws/install/turtlesim' for CMake module files
[10.197s] Level 1:colcon.colcon_core.environment:checking '/home/aisd/ros2_ws/install/turtlesim' for CMake config files
[10.168s] DEBUG:colcon.colcon_core.event_handler.log_command:Invoked command in '/home/aisd/ros2_ws/build/turtlesim' returned '0': CMAKE_PREFIX_PATH=/opt/ros/galactic /usr/bin/cmake --install /home/aisd/ros2_ws/build/turtlesim
[10.214s] Level 1:colcon.colcon_core.shell:create_environment_hook('turtlesim', 'cmake_prefix_path')
[10.220s] INFO:colcon.colcon_core.shell:Creating environment hook '/home/aisd/ros2_ws/install/turtlesim/share/turtlesim/hook/cmake_prefix_path.ps1'
[10.226s] INFO:colcon.colcon_core.shell:Creating environment descriptor '/home/aisd/ros2_ws/install/turtlesim/share/turtlesim/hook/cmake_prefix_path.dsv'
[10.228s] INFO:colcon.colcon_core.shell:Creating environment hook '/home/aisd/ros2_ws/install/turtlesim/share/turtlesim/hook/cmake_prefix_path.sh'
[10.235s] Level 1:colcon.colcon_core.environment:checking '/home/aisd/ros2_ws/install/turtlesim/lib'
[10.235s] Level 1:colcon.colcon_core.shell:create_environment_hook('turtlesim', 'ld_library_path_lib')
[10.239s] INFO:colcon.colcon_core.shell:Creating environment hook '/home/aisd/ros2_ws/install/turtlesim/share/turtlesim/hook/ld_library_path_lib.ps1'
[10.243s] INFO:colcon.colcon_core.shell:Creating environment descriptor '/home/aisd/ros2_ws/install/turtlesim/share/turtlesim/hook/ld_library_path_lib.dsv'
[10.246s] INFO:colcon.colcon_core.shell:Creating environment hook '/home/aisd/ros2_ws/install/turtlesim/share/turtlesim/hook/ld_library_path_lib.sh'
[10.253s] Level 1:colcon.colcon_core.environment:checking '/home/aisd/ros2_ws/install/turtlesim/bin'
[10.253s] Level 1:colcon.colcon_core.environment:checking '/home/aisd/ros2_ws/install/turtlesim/lib/pkgconfig/turtlesim.pc'
[10.254s] Level 1:colcon.colcon_core.environment:checking '/home/aisd/ros2_ws/install/turtlesim/lib/python3.8/site-packages'
[10.254s] Level 1:colcon.colcon_core.shell:create_environment_hook('turtlesim', 'pythonpath')
[10.258s] INFO:colcon.colcon_core.shell:Creating environment hook '/home/aisd/ros2_ws/install/turtlesim/share/turtlesim/hook/pythonpath.ps1'
[10.260s] INFO:colcon.colcon_core.shell:Creating environment descriptor '/home/aisd/ros2_ws/install/turtlesim/share/turtlesim/hook/pythonpath.dsv'
[10.264s] INFO:colcon.colcon_core.shell:Creating environment hook '/home/aisd/ros2_ws/install/turtlesim/share/turtlesim/hook/pythonpath.sh'
[10.268s] Level 1:colcon.colcon_core.environment:checking '/home/aisd/ros2_ws/install/turtlesim/bin'
[10.274s] INFO:colcon.colcon_core.shell:Creating package script '/home/aisd/ros2_ws/install/turtlesim/share/turtlesim/package.ps1'
[10.279s] INFO:colcon.colcon_core.shell:Creating package descriptor '/home/aisd/ros2_ws/install/turtlesim/share/turtlesim/package.dsv'
[10.283s] INFO:colcon.colcon_core.shell:Creating package script '/home/aisd/ros2_ws/install/turtlesim/share/turtlesim/package.sh'
[10.285s] INFO:colcon.colcon_core.shell:Creating package script '/home/aisd/ros2_ws/install/turtlesim/share/turtlesim/package.bash'
[10.287s] INFO:colcon.colcon_core.shell:Creating package script '/home/aisd/ros2_ws/install/turtlesim/share/turtlesim/package.zsh'
[10.289s] Level 1:colcon.colcon_core.environment:create_file_with_runtime_dependencies(/home/aisd/ros2_ws/install/turtlesim/share/colcon-core/packages/turtlesim)
[11.182s] Level 1:colcon.colcon_core.environment:create_environment_scripts_only(turtlesim)
[11.191s] Level 1:colcon.colcon_core.environment:checking '/home/aisd/ros2_ws/install/turtlesim' for CMake module files
[11.199s] Level 1:colcon.colcon_core.environment:checking '/home/aisd/ros2_ws/install/turtlesim' for CMake config files
[11.200s] Level 1:colcon.colcon_core.shell:create_environment_hook('turtlesim', 'cmake_prefix_path')
[11.203s] INFO:colcon.colcon_core.shell:Creating environment hook '/home/aisd/ros2_ws/install/turtlesim/share/turtlesim/hook/cmake_prefix_path.ps1'
[11.209s] INFO:colcon.colcon_core.shell:Creating environment descriptor '/home/aisd/ros2_ws/install/turtlesim/share/turtlesim/hook/cmake_prefix_path.dsv'
[11.182s] INFO:colcon.colcon_core.shell:Creating environment hook '/home/aisd/ros2_ws/install/turtlesim/share/turtlesim/hook/cmake_prefix_path.sh'
[11.184s] Level 1:colcon.colcon_core.environment:checking '/home/aisd/ros2_ws/install/turtlesim/lib'
[11.185s] Level 1:colcon.colcon_core.shell:create_environment_hook('turtlesim', 'ld_library_path_lib')
[11.188s] INFO:colcon.colcon_core.shell:Creating environment hook '/home/aisd/ros2_ws/install/turtlesim/share/turtlesim/hook/ld_library_path_lib.ps1'
[11.190s] INFO:colcon.colcon_core.shell:Creating environment descriptor '/home/aisd/ros2_ws/install/turtlesim/share/turtlesim/hook/ld_library_path_lib.dsv'
[11.192s] INFO:colcon.colcon_core.shell:Creating environment hook '/home/aisd/ros2_ws/install/turtlesim/share/turtlesim/hook/ld_library_path_lib.sh'
[11.194s] Level 1:colcon.colcon_core.environment:checking '/home/aisd/ros2_ws/install/turtlesim/bin'
[11.194s] Level 1:colcon.colcon_core.environment:checking '/home/aisd/ros2_ws/install/turtlesim/lib/pkgconfig/turtlesim.pc'
[11.195s] Level 1:colcon.colcon_core.environment:checking '/home/aisd/ros2_ws/install/turtlesim/lib/python3.8/site-packages'
[11.195s] Level 1:colcon.colcon_core.shell:create_environment_hook('turtlesim', 'pythonpath')
[11.198s] INFO:colcon.colcon_core.shell:Creating environment hook '/home/aisd/ros2_ws/install/turtlesim/share/turtlesim/hook/pythonpath.ps1'
[11.199s] INFO:colcon.colcon_core.shell:Creating environment descriptor '/home/aisd/ros2_ws/install/turtlesim/share/turtlesim/hook/pythonpath.dsv'
[11.236s] INFO:colcon.colcon_core.shell:Creating environment hook '/home/aisd/ros2_ws/install/turtlesim/share/turtlesim/hook/pythonpath.sh'
[11.244s] Level 1:colcon.colcon_core.environment:checking '/home/aisd/ros2_ws/install/turtlesim/bin'
[11.252s] INFO:colcon.colcon_core.shell:Creating package script '/home/aisd/ros2_ws/install/turtlesim/share/turtlesim/package.ps1'
[11.254s] INFO:colcon.colcon_core.shell:Creating package descriptor '/home/aisd/ros2_ws/install/turtlesim/share/turtlesim/package.dsv'
[11.256s] INFO:colcon.colcon_core.shell:Creating package script '/home/aisd/ros2_ws/install/turtlesim/share/turtlesim/package.sh'
[11.258s] INFO:colcon.colcon_core.shell:Creating package script '/home/aisd/ros2_ws/install/turtlesim/share/turtlesim/package.bash'
[11.260s] INFO:colcon.colcon_core.shell:Creating package script '/home/aisd/ros2_ws/install/turtlesim/share/turtlesim/package.zsh'
[11.262s] Level 1:colcon.colcon_core.environment:create_file_with_runtime_dependencies(/home/aisd/ros2_ws/install/turtlesim/share/colcon-core/packages/turtlesim)
[11.264s] INFO:colcon.colcon_ros.task.ament_python.build:Building ROS package in '/home/aisd/ros2_ws/src/aisd-vahabbayat/aisd_vision' with build type 'ament_python'
[11.264s] Level 1:colcon.colcon_core.shell:create_environment_hook('aisd_vision', 'ament_prefix_path')
[11.267s] INFO:colcon.colcon_core.shell:Creating environment hook '/home/aisd/ros2_ws/install/aisd_vision/share/aisd_vision/hook/ament_prefix_path.ps1'
[11.304s] INFO:colcon.colcon_core.shell:Creating environment descriptor '/home/aisd/ros2_ws/install/aisd_vision/share/aisd_vision/hook/ament_prefix_path.dsv'
[11.305s] INFO:colcon.colcon_core.shell:Creating environment hook '/home/aisd/ros2_ws/install/aisd_vision/share/aisd_vision/hook/ament_prefix_path.sh'
[11.311s] INFO:colcon.colcon_core.shell:Skip shell extension 'powershell' for command environment: Not usable outside of PowerShell
[11.311s] DEBUG:colcon.colcon_core.shell:Skip shell extension 'dsv' for command environment
[11.860s] INFO:colcon.colcon_core.task.python.build:Building Python package in '/home/aisd/ros2_ws/src/aisd-vahabbayat/aisd_vision'
[11.866s] INFO:colcon.colcon_core.shell:Skip shell extension 'powershell' for command environment: Not usable outside of PowerShell
[11.867s] DEBUG:colcon.colcon_core.shell:Skip shell extension 'dsv' for command environment
[12.752s] DEBUG:colcon.colcon_core.event_handler.log_command:Invoking command in '/home/aisd/ros2_ws/src/aisd-vahabbayat/aisd_motion': AMENT_PREFIX_PATH=/home/aisd/ros2_ws/install/aisd_interfaces:${AMENT_PREFIX_PATH} CMAKE_PREFIX_PATH=/home/aisd/ros2_ws/install/aisd_interfaces LD_LIBRARY_PATH=/home/aisd/ros2_ws/install/aisd_interfaces/lib:${LD_LIBRARY_PATH} PYTHONPATH=/home/aisd/ros2_ws/install/aisd_motion/lib/python3.8/site-packages:/home/aisd/ros2_ws/install/aisd_interfaces/lib/python3.8/site-packages:${PYTHONPATH} /usr/bin/python3 setup.py egg_info --egg-base ../../../build/aisd_motion build --build-base /home/aisd/ros2_ws/build/aisd_motion/build install --prefix /home/aisd/ros2_ws/install/aisd_motion --record /home/aisd/ros2_ws/build/aisd_motion/install.log --single-version-externally-managed
[13.140s] DEBUG:colcon.colcon_core.event_handler.log_command:Invoking command in '/home/aisd/ros2_ws/src/aisd-vahabbayat/aisd_vision': AMENT_PREFIX_PATH=/home/aisd/ros2_ws/install/aisd_interfaces:${AMENT_PREFIX_PATH} CMAKE_PREFIX_PATH=/home/aisd/ros2_ws/install/aisd_interfaces LD_LIBRARY_PATH=/home/aisd/ros2_ws/install/aisd_interfaces/lib:${LD_LIBRARY_PATH} PYTHONPATH=/home/aisd/ros2_ws/install/aisd_vision/lib/python3.8/site-packages:/home/aisd/ros2_ws/install/aisd_interfaces/lib/python3.8/site-packages:${PYTHONPATH} /usr/bin/python3 setup.py egg_info --egg-base ../../../build/aisd_vision build --build-base /home/aisd/ros2_ws/build/aisd_vision/build install --prefix /home/aisd/ros2_ws/install/aisd_vision --record /home/aisd/ros2_ws/build/aisd_vision/install.log --single-version-externally-managed
[13.728s] DEBUG:colcon.colcon_core.event_handler.log_command:Invoked command in '/home/aisd/ros2_ws/src/aisd-vahabbayat/aisd_motion' returned '0': AMENT_PREFIX_PATH=/home/aisd/ros2_ws/install/aisd_interfaces:${AMENT_PREFIX_PATH} CMAKE_PREFIX_PATH=/home/aisd/ros2_ws/install/aisd_interfaces LD_LIBRARY_PATH=/home/aisd/ros2_ws/install/aisd_interfaces/lib:${LD_LIBRARY_PATH} PYTHONPATH=/home/aisd/ros2_ws/install/aisd_motion/lib/python3.8/site-packages:/home/aisd/ros2_ws/install/aisd_interfaces/lib/python3.8/site-packages:${PYTHONPATH} /usr/bin/python3 setup.py egg_info --egg-base ../../../build/aisd_motion build --build-base /home/aisd/ros2_ws/build/aisd_motion/build install --prefix /home/aisd/ros2_ws/install/aisd_motion --record /home/aisd/ros2_ws/build/aisd_motion/install.log --single-version-externally-managed
[13.701s] Level 1:colcon.colcon_core.environment:checking '/home/aisd/ros2_ws/install/aisd_motion' for CMake module files
[13.705s] Level 1:colcon.colcon_core.environment:checking '/home/aisd/ros2_ws/install/aisd_motion' for CMake config files
[13.719s] Level 1:colcon.colcon_core.environment:checking '/home/aisd/ros2_ws/install/aisd_motion/lib'
[13.719s] Level 1:colcon.colcon_core.environment:checking '/home/aisd/ros2_ws/install/aisd_motion/bin'
[13.720s] Level 1:colcon.colcon_core.environment:checking '/home/aisd/ros2_ws/install/aisd_motion/lib/pkgconfig/aisd_motion.pc'
[13.720s] Level 1:colcon.colcon_core.environment:checking '/home/aisd/ros2_ws/install/aisd_motion/lib/python3.8/site-packages'
[13.720s] Level 1:colcon.colcon_core.shell:create_environment_hook('aisd_motion', 'pythonpath')
[13.724s] INFO:colcon.colcon_core.shell:Creating environment hook '/home/aisd/ros2_ws/install/aisd_motion/share/aisd_motion/hook/pythonpath.ps1'
[13.726s] INFO:colcon.colcon_core.shell:Creating environment descriptor '/home/aisd/ros2_ws/install/aisd_motion/share/aisd_motion/hook/pythonpath.dsv'
[13.729s] INFO:colcon.colcon_core.shell:Creating environment hook '/home/aisd/ros2_ws/install/aisd_motion/share/aisd_motion/hook/pythonpath.sh'
[13.734s] Level 1:colcon.colcon_core.environment:checking '/home/aisd/ros2_ws/install/aisd_motion/bin'
[13.737s] Level 1:colcon.colcon_core.environment:create_environment_scripts_only(aisd_motion)
[13.749s] INFO:colcon.colcon_core.shell:Creating package script '/home/aisd/ros2_ws/install/aisd_motion/share/aisd_motion/package.ps1'
[13.754s] INFO:colcon.colcon_core.shell:Creating package descriptor '/home/aisd/ros2_ws/install/aisd_motion/share/aisd_motion/package.dsv'
[13.758s] INFO:colcon.colcon_core.shell:Creating package script '/home/aisd/ros2_ws/install/aisd_motion/share/aisd_motion/package.sh'
[13.766s] INFO:colcon.colcon_core.shell:Creating package script '/home/aisd/ros2_ws/install/aisd_motion/share/aisd_motion/package.bash'
[13.772s] INFO:colcon.colcon_core.shell:Creating package script '/home/aisd/ros2_ws/install/aisd_motion/share/aisd_motion/package.zsh'
[13.774s] Level 1:colcon.colcon_core.environment:create_file_with_runtime_dependencies(/home/aisd/ros2_ws/install/aisd_motion/share/colcon-core/packages/aisd_motion)
[13.916s] Level 1:colcon.colcon_core.environment:checking '/home/aisd/ros2_ws/install/aisd_vision' for CMake module files
[13.932s] DEBUG:colcon.colcon_core.event_handler.log_command:Invoked command in '/home/aisd/ros2_ws/src/aisd-vahabbayat/aisd_vision' returned '0': AMENT_PREFIX_PATH=/home/aisd/ros2_ws/install/aisd_interfaces:${AMENT_PREFIX_PATH} CMAKE_PREFIX_PATH=/home/aisd/ros2_ws/install/aisd_interfaces LD_LIBRARY_PATH=/home/aisd/ros2_ws/install/aisd_interfaces/lib:${LD_LIBRARY_PATH} PYTHONPATH=/home/aisd/ros2_ws/install/aisd_vision/lib/python3.8/site-packages:/home/aisd/ros2_ws/install/aisd_interfaces/lib/python3.8/site-packages:${PYTHONPATH} /usr/bin/python3 setup.py egg_info --egg-base ../../../build/aisd_vision build --build-base /home/aisd/ros2_ws/build/aisd_vision/build install --prefix /home/aisd/ros2_ws/install/aisd_vision --record /home/aisd/ros2_ws/build/aisd_vision/install.log --single-version-externally-managed
[13.916s] Level 1:colcon.colcon_core.environment:checking '/home/aisd/ros2_ws/install/aisd_vision' for CMake config files
[13.916s] Level 1:colcon.colcon_core.environment:checking '/home/aisd/ros2_ws/install/aisd_vision/lib'
[13.917s] Level 1:colcon.colcon_core.environment:checking '/home/aisd/ros2_ws/install/aisd_vision/bin'
[13.917s] Level 1:colcon.colcon_core.environment:checking '/home/aisd/ros2_ws/install/aisd_vision/lib/pkgconfig/aisd_vision.pc'
[13.918s] Level 1:colcon.colcon_core.environment:checking '/home/aisd/ros2_ws/install/aisd_vision/lib/python3.8/site-packages'
[13.918s] Level 1:colcon.colcon_core.shell:create_environment_hook('aisd_vision', 'pythonpath')
[13.921s] INFO:colcon.colcon_core.shell:Creating environment hook '/home/aisd/ros2_ws/install/aisd_vision/share/aisd_vision/hook/pythonpath.ps1'
[13.923s] INFO:colcon.colcon_core.shell:Creating environment descriptor '/home/aisd/ros2_ws/install/aisd_vision/share/aisd_vision/hook/pythonpath.dsv'
[13.925s] INFO:colcon.colcon_core.shell:Creating environment hook '/home/aisd/ros2_ws/install/aisd_vision/share/aisd_vision/hook/pythonpath.sh'
[13.929s] Level 1:colcon.colcon_core.environment:checking '/home/aisd/ros2_ws/install/aisd_vision/bin'
[13.929s] Level 1:colcon.colcon_core.environment:create_environment_scripts_only(aisd_vision)
[13.936s] INFO:colcon.colcon_core.shell:Creating package script '/home/aisd/ros2_ws/install/aisd_vision/share/aisd_vision/package.ps1'
[13.940s] INFO:colcon.colcon_core.shell:Creating package descriptor '/home/aisd/ros2_ws/install/aisd_vision/share/aisd_vision/package.dsv'
[13.942s] INFO:colcon.colcon_core.shell:Creating package script '/home/aisd/ros2_ws/install/aisd_vision/share/aisd_vision/package.sh'
[13.945s] INFO:colcon.colcon_core.shell:Creating package script '/home/aisd/ros2_ws/install/aisd_vision/share/aisd_vision/package.bash'
[13.947s] INFO:colcon.colcon_core.shell:Creating package script '/home/aisd/ros2_ws/install/aisd_vision/share/aisd_vision/package.zsh'
[13.950s] Level 1:colcon.colcon_core.environment:create_file_with_runtime_dependencies(/home/aisd/ros2_ws/install/aisd_vision/share/colcon-core/packages/aisd_vision)
[13.953s] DEBUG:colcon.colcon_parallel_executor.executor.parallel:closing loop
[13.954s] DEBUG:colcon.colcon_parallel_executor.executor.parallel:loop closed
[13.988s] DEBUG:colcon.colcon_parallel_executor.executor.parallel:run_until_complete finished with '0'
[13.989s] DEBUG:colcon.colcon_core.event_reactor:joining thread
[14.007s] INFO:colcon.colcon_core.plugin_system:Skipping extension 'colcon_notification.desktop_notification.notify_send': Could not find 'notify-send'
[14.007s] INFO:colcon.colcon_core.plugin_system:Skipping extension 'colcon_notification.desktop_notification.terminal_notifier': Not used on non-Darwin systems
[14.008s] INFO:colcon.colcon_core.plugin_system:Skipping extension 'colcon_notification.desktop_notification.win32': Not used on non-Windows systems
[14.008s] INFO:colcon.colcon_notification.desktop_notification:Sending desktop notification using 'notify2'
[14.240s] DEBUG:colcon.colcon_notification.desktop_notification.notify2:Failed to initialize notify2: org.freedesktop.DBus.Error.ServiceUnknown: The name org.freedesktop.Notifications was not provided by any .service files
[14.246s] DEBUG:colcon.colcon_core.event_reactor:joined thread
[14.249s] INFO:colcon.colcon_core.shell:Creating prefix script '/home/aisd/ros2_ws/install/local_setup.ps1'
[14.253s] INFO:colcon.colcon_core.shell:Creating prefix util module '/home/aisd/ros2_ws/install/_local_setup_util_ps1.py'
[14.258s] INFO:colcon.colcon_core.shell:Creating prefix chain script '/home/aisd/ros2_ws/install/setup.ps1'
[14.263s] INFO:colcon.colcon_core.shell:Creating prefix script '/home/aisd/ros2_ws/install/local_setup.sh'
[14.266s] INFO:colcon.colcon_core.shell:Creating prefix util module '/home/aisd/ros2_ws/install/_local_setup_util_sh.py'
[14.268s] INFO:colcon.colcon_core.shell:Creating prefix chain script '/home/aisd/ros2_ws/install/setup.sh'
[14.275s] INFO:colcon.colcon_core.shell:Creating prefix script '/home/aisd/ros2_ws/install/local_setup.bash'
[14.278s] INFO:colcon.colcon_core.shell:Creating prefix chain script '/home/aisd/ros2_ws/install/setup.bash'
[14.283s] INFO:colcon.colcon_core.shell:Creating prefix script '/home/aisd/ros2_ws/install/local_setup.zsh'
[14.287s] INFO:colcon.colcon_core.shell:Creating prefix chain script '/home/aisd/ros2_ws/install/setup.zsh'
