[3.424s] Invoking command in '/home/aisd/ros2_ws/src/aisd-vahabbayat/aisd_motion': AMENT_PREFIX_PATH=/home/aisd/ros2_ws/install/aisd_interfaces:${AMENT_PREFIX_PATH} CMAKE_PREFIX_PATH=/home/aisd/ros2_ws/install/aisd_interfaces LD_LIBRARY_PATH=/home/aisd/ros2_ws/install/aisd_interfaces/lib:${LD_LIBRARY_PATH} PYTHONPATH=/home/aisd/ros2_ws/install/aisd_motion/lib/python3.8/site-packages:/home/aisd/ros2_ws/install/aisd_interfaces/lib/python3.8/site-packages:${PYTHONPATH} /usr/bin/python3 setup.py egg_info --egg-base ../../../build/aisd_motion build --build-base /home/aisd/ros2_ws/build/aisd_motion/build install --prefix /home/aisd/ros2_ws/install/aisd_motion --record /home/aisd/ros2_ws/build/aisd_motion/install.log --single-version-externally-managed
[3.893s] running egg_info
[3.900s] writing ../../../build/aisd_motion/aisd_motion.egg-info/PKG-INFO
[3.927s] writing dependency_links to ../../../build/aisd_motion/aisd_motion.egg-info/dependency_links.txt
[3.929s] writing entry points to ../../../build/aisd_motion/aisd_motion.egg-info/entry_points.txt
[3.930s] writing requirements to ../../../build/aisd_motion/aisd_motion.egg-info/requires.txt
[3.931s] writing top-level names to ../../../build/aisd_motion/aisd_motion.egg-info/top_level.txt
[4.189s] reading manifest file '../../../build/aisd_motion/aisd_motion.egg-info/SOURCES.txt'
[4.206s] writing manifest file '../../../build/aisd_motion/aisd_motion.egg-info/SOURCES.txt'
[4.206s] running build
[4.207s] running build_py
[4.229s] copying aisd_motion/move.py -> /home/aisd/ros2_ws/build/aisd_motion/build/lib/aisd_motion
[4.230s] running install
[4.231s] running install_lib
[4.236s] copying /home/aisd/ros2_ws/build/aisd_motion/build/lib/aisd_motion/move.py -> /home/aisd/ros2_ws/install/aisd_motion/lib/python3.8/site-packages/aisd_motion
[4.239s] byte-compiling /home/aisd/ros2_ws/install/aisd_motion/lib/python3.8/site-packages/aisd_motion/move.py to move.cpython-38.pyc
[4.243s] running install_data
[4.259s] copying package.xml -> /home/aisd/ros2_ws/install/aisd_motion/share/aisd_motion
[4.272s] running install_egg_info
[4.272s] removing '/home/aisd/ros2_ws/install/aisd_motion/lib/python3.8/site-packages/aisd_motion-0.0.0-py3.8.egg-info' (and everything under it)
[4.272s] Copying ../../../build/aisd_motion/aisd_motion.egg-info to /home/aisd/ros2_ws/install/aisd_motion/lib/python3.8/site-packages/aisd_motion-0.0.0-py3.8.egg-info
[4.272s] running install_scripts
[4.338s] Installing move script to /home/aisd/ros2_ws/install/aisd_motion/lib/aisd_motion
[4.349s] writing list of installed files to '/home/aisd/ros2_ws/build/aisd_motion/install.log'
[4.399s] Invoked command in '/home/aisd/ros2_ws/src/aisd-vahabbayat/aisd_motion' returned '0': AMENT_PREFIX_PATH=/home/aisd/ros2_ws/install/aisd_interfaces:${AMENT_PREFIX_PATH} CMAKE_PREFIX_PATH=/home/aisd/ros2_ws/install/aisd_interfaces LD_LIBRARY_PATH=/home/aisd/ros2_ws/install/aisd_interfaces/lib:${LD_LIBRARY_PATH} PYTHONPATH=/home/aisd/ros2_ws/install/aisd_motion/lib/python3.8/site-packages:/home/aisd/ros2_ws/install/aisd_interfaces/lib/python3.8/site-packages:${PYTHONPATH} /usr/bin/python3 setup.py egg_info --egg-base ../../../build/aisd_motion build --build-base /home/aisd/ros2_ws/build/aisd_motion/build install --prefix /home/aisd/ros2_ws/install/aisd_motion --record /home/aisd/ros2_ws/build/aisd_motion/install.log --single-version-externally-managed
