[0.441s] DEBUG:colcon:Command line arguments: ['/usr/bin/colcon', 'build']
[0.441s] DEBUG:colcon:Parsed command line arguments: Namespace(allow_overriding=[], ament_cmake_args=None, base_paths=['.'], build_base='build', catkin_cmake_args=None, catkin_skip_building_tests=False, cmake_args=None, cmake_clean_cache=False, cmake_clean_first=False, cmake_force_configure=False, cmake_target=None, cmake_target_skip_unavailable=False, continue_on_error=False, event_handlers=None, executor='parallel', ignore_user_meta=False, install_base='install', log_base=None, log_level=None, main=<bound method BuildVerb.main of <colcon_core.verb.build.BuildVerb object at 0x7f544beb7dc0>>, merge_install=False, metas=['./colcon.meta'], packages_above=None, packages_above_and_dependencies=None, packages_above_depth=None, packages_end=None, packages_ignore=None, packages_ignore_regex=None, packages_select=None, packages_select_build_failed=False, packages_select_by_dep=None, packages_select_regex=None, packages_select_test_failures=False, packages_skip=None, packages_skip_build_finished=False, packages_skip_by_dep=None, packages_skip_regex=None, packages_skip_test_passed=False, packages_skip_up_to=None, packages_start=None, packages_up_to=None, packages_up_to_regex=None, parallel_workers=2, paths=None, symlink_install=False, test_result_base=None, verb_extension=<colcon_core.verb.build.BuildVerb object at 0x7f544beb7dc0>, verb_name='build', verb_parser=<colcon_defaults.argument_parser.defaults.DefaultArgumentsDecorator object at 0x7f544bec3370>)
[0.493s] Level 1:colcon.colcon_core.package_discovery:discover_packages(colcon_meta) check parameters
[0.493s] Level 1:colcon.colcon_core.package_discovery:discover_packages(recursive) check parameters
[0.493s] Level 1:colcon.colcon_core.package_discovery:discover_packages(ignore) check parameters
[0.493s] Level 1:colcon.colcon_core.package_discovery:discover_packages(path) check parameters
[0.493s] Level 1:colcon.colcon_core.package_discovery:discover_packages(colcon_meta) discover
[0.494s] Level 1:colcon.colcon_core.package_discovery:discover_packages(recursive) discover
[0.494s] INFO:colcon.colcon_core.package_discovery:Crawling recursively for packages in '/home/aisd/ros2_ws'
[0.494s] Level 1:colcon.colcon_core.package_identification:_identify(.) by extensions ['ignore', 'ignore_ament_install']
[0.494s] Level 1:colcon.colcon_core.package_identification:_identify(.) by extension 'ignore'
[0.494s] Level 1:colcon.colcon_core.package_identification:_identify(.) by extension 'ignore_ament_install'
[0.494s] Level 1:colcon.colcon_core.package_identification:_identify(.) by extensions ['colcon_pkg']
[0.494s] Level 1:colcon.colcon_core.package_identification:_identify(.) by extension 'colcon_pkg'
[0.495s] Level 1:colcon.colcon_core.package_identification:_identify(.) by extensions ['colcon_meta']
[0.495s] Level 1:colcon.colcon_core.package_identification:_identify(.) by extension 'colcon_meta'
[0.495s] Level 1:colcon.colcon_core.package_identification:_identify(.) by extensions ['ros']
[0.495s] Level 1:colcon.colcon_core.package_identification:_identify(.) by extension 'ros'
[0.516s] Level 1:colcon.colcon_core.package_identification:_identify(.) by extensions ['cmake', 'python']
[0.516s] Level 1:colcon.colcon_core.package_identification:_identify(.) by extension 'cmake'
[0.516s] Level 1:colcon.colcon_core.package_identification:_identify(.) by extension 'python'
[0.516s] Level 1:colcon.colcon_core.package_identification:_identify(.) by extensions ['python_setup_py']
[0.516s] Level 1:colcon.colcon_core.package_identification:_identify(.) by extension 'python_setup_py'
[0.517s] Level 1:colcon.colcon_core.package_identification:_identify(build) by extensions ['ignore', 'ignore_ament_install']
[0.517s] Level 1:colcon.colcon_core.package_identification:_identify(build) by extension 'ignore'
[0.517s] Level 1:colcon.colcon_core.package_identification:_identify(build) ignored
[0.517s] Level 1:colcon.colcon_core.package_identification:_identify(install) by extensions ['ignore', 'ignore_ament_install']
[0.517s] Level 1:colcon.colcon_core.package_identification:_identify(install) by extension 'ignore'
[0.518s] Level 1:colcon.colcon_core.package_identification:_identify(install) ignored
[0.518s] Level 1:colcon.colcon_core.package_identification:_identify(log) by extensions ['ignore', 'ignore_ament_install']
[0.518s] Level 1:colcon.colcon_core.package_identification:_identify(log) by extension 'ignore'
[0.518s] Level 1:colcon.colcon_core.package_identification:_identify(log) ignored
[0.518s] Level 1:colcon.colcon_core.package_identification:_identify(src) by extensions ['ignore', 'ignore_ament_install']
[0.518s] Level 1:colcon.colcon_core.package_identification:_identify(src) by extension 'ignore'
[0.519s] Level 1:colcon.colcon_core.package_identification:_identify(src) by extension 'ignore_ament_install'
[0.519s] Level 1:colcon.colcon_core.package_identification:_identify(src) by extensions ['colcon_pkg']
[0.519s] Level 1:colcon.colcon_core.package_identification:_identify(src) by extension 'colcon_pkg'
[0.519s] Level 1:colcon.colcon_core.package_identification:_identify(src) by extensions ['colcon_meta']
[0.519s] Level 1:colcon.colcon_core.package_identification:_identify(src) by extension 'colcon_meta'
[0.519s] Level 1:colcon.colcon_core.package_identification:_identify(src) by extensions ['ros']
[0.519s] Level 1:colcon.colcon_core.package_identification:_identify(src) by extension 'ros'
[0.519s] Level 1:colcon.colcon_core.package_identification:_identify(src) by extensions ['cmake', 'python']
[0.519s] Level 1:colcon.colcon_core.package_identification:_identify(src) by extension 'cmake'
[0.519s] Level 1:colcon.colcon_core.package_identification:_identify(src) by extension 'python'
[0.520s] Level 1:colcon.colcon_core.package_identification:_identify(src) by extensions ['python_setup_py']
[0.520s] Level 1:colcon.colcon_core.package_identification:_identify(src) by extension 'python_setup_py'
[0.520s] Level 1:colcon.colcon_core.package_identification:_identify(src/aisd-vahabbayat) by extensions ['ignore', 'ignore_ament_install']
[0.520s] Level 1:colcon.colcon_core.package_identification:_identify(src/aisd-vahabbayat) by extension 'ignore'
[0.520s] Level 1:colcon.colcon_core.package_identification:_identify(src/aisd-vahabbayat) by extension 'ignore_ament_install'
[0.520s] Level 1:colcon.colcon_core.package_identification:_identify(src/aisd-vahabbayat) by extensions ['colcon_pkg']
[0.520s] Level 1:colcon.colcon_core.package_identification:_identify(src/aisd-vahabbayat) by extension 'colcon_pkg'
[0.520s] Level 1:colcon.colcon_core.package_identification:_identify(src/aisd-vahabbayat) by extensions ['colcon_meta']
[0.520s] Level 1:colcon.colcon_core.package_identification:_identify(src/aisd-vahabbayat) by extension 'colcon_meta'
[0.521s] Level 1:colcon.colcon_core.package_identification:_identify(src/aisd-vahabbayat) by extensions ['ros']
[0.521s] Level 1:colcon.colcon_core.package_identification:_identify(src/aisd-vahabbayat) by extension 'ros'
[0.521s] Level 1:colcon.colcon_core.package_identification:_identify(src/aisd-vahabbayat) by extensions ['cmake', 'python']
[0.521s] Level 1:colcon.colcon_core.package_identification:_identify(src/aisd-vahabbayat) by extension 'cmake'
[0.521s] Level 1:colcon.colcon_core.package_identification:_identify(src/aisd-vahabbayat) by extension 'python'
[0.521s] Level 1:colcon.colcon_core.package_identification:_identify(src/aisd-vahabbayat) by extensions ['python_setup_py']
[0.521s] Level 1:colcon.colcon_core.package_identification:_identify(src/aisd-vahabbayat) by extension 'python_setup_py'
[0.521s] Level 1:colcon.colcon_core.package_identification:_identify(src/aisd-vahabbayat/aisd_interfaces) by extensions ['ignore', 'ignore_ament_install']
[0.522s] Level 1:colcon.colcon_core.package_identification:_identify(src/aisd-vahabbayat/aisd_interfaces) by extension 'ignore'
[0.522s] Level 1:colcon.colcon_core.package_identification:_identify(src/aisd-vahabbayat/aisd_interfaces) by extension 'ignore_ament_install'
[0.522s] Level 1:colcon.colcon_core.package_identification:_identify(src/aisd-vahabbayat/aisd_interfaces) by extensions ['colcon_pkg']
[0.522s] Level 1:colcon.colcon_core.package_identification:_identify(src/aisd-vahabbayat/aisd_interfaces) by extension 'colcon_pkg'
[0.522s] Level 1:colcon.colcon_core.package_identification:_identify(src/aisd-vahabbayat/aisd_interfaces) by extensions ['colcon_meta']
[0.522s] Level 1:colcon.colcon_core.package_identification:_identify(src/aisd-vahabbayat/aisd_interfaces) by extension 'colcon_meta'
[0.522s] Level 1:colcon.colcon_core.package_identification:_identify(src/aisd-vahabbayat/aisd_interfaces) by extensions ['ros']
[0.522s] Level 1:colcon.colcon_core.package_identification:_identify(src/aisd-vahabbayat/aisd_interfaces) by extension 'ros'
[0.527s] DEBUG:colcon.colcon_core.package_identification:Package 'src/aisd-vahabbayat/aisd_interfaces' with type 'ros.ament_cmake' and name 'aisd_interfaces'
[0.527s] Level 1:colcon.colcon_core.package_identification:_identify(src/aisd-vahabbayat/aisd_motion) by extensions ['ignore', 'ignore_ament_install']
[0.528s] Level 1:colcon.colcon_core.package_identification:_identify(src/aisd-vahabbayat/aisd_motion) by extension 'ignore'
[0.528s] Level 1:colcon.colcon_core.package_identification:_identify(src/aisd-vahabbayat/aisd_motion) by extension 'ignore_ament_install'
[0.528s] Level 1:colcon.colcon_core.package_identification:_identify(src/aisd-vahabbayat/aisd_motion) by extensions ['colcon_pkg']
[0.528s] Level 1:colcon.colcon_core.package_identification:_identify(src/aisd-vahabbayat/aisd_motion) by extension 'colcon_pkg'
[0.528s] Level 1:colcon.colcon_core.package_identification:_identify(src/aisd-vahabbayat/aisd_motion) by extensions ['colcon_meta']
[0.528s] Level 1:colcon.colcon_core.package_identification:_identify(src/aisd-vahabbayat/aisd_motion) by extension 'colcon_meta'
[0.528s] Level 1:colcon.colcon_core.package_identification:_identify(src/aisd-vahabbayat/aisd_motion) by extensions ['ros']
[0.528s] Level 1:colcon.colcon_core.package_identification:_identify(src/aisd-vahabbayat/aisd_motion) by extension 'ros'
[0.529s] DEBUG:colcon.colcon_core.package_identification:Package 'src/aisd-vahabbayat/aisd_motion' with type 'ros.ament_python' and name 'aisd_motion'
[0.530s] Level 1:colcon.colcon_core.package_identification:_identify(src/aisd-vahabbayat/aisd_vision) by extensions ['ignore', 'ignore_ament_install']
[0.530s] Level 1:colcon.colcon_core.package_identification:_identify(src/aisd-vahabbayat/aisd_vision) by extension 'ignore'
[0.530s] Level 1:colcon.colcon_core.package_identification:_identify(src/aisd-vahabbayat/aisd_vision) by extension 'ignore_ament_install'
[0.530s] Level 1:colcon.colcon_core.package_identification:_identify(src/aisd-vahabbayat/aisd_vision) by extensions ['colcon_pkg']
[0.530s] Level 1:colcon.colcon_core.package_identification:_identify(src/aisd-vahabbayat/aisd_vision) by extension 'colcon_pkg'
[0.530s] Level 1:colcon.colcon_core.package_identification:_identify(src/aisd-vahabbayat/aisd_vision) by extensions ['colcon_meta']
[0.530s] Level 1:colcon.colcon_core.package_identification:_identify(src/aisd-vahabbayat/aisd_vision) by extension 'colcon_meta'
[0.531s] Level 1:colcon.colcon_core.package_identification:_identify(src/aisd-vahabbayat/aisd_vision) by extensions ['ros']
[0.531s] Level 1:colcon.colcon_core.package_identification:_identify(src/aisd-vahabbayat/aisd_vision) by extension 'ros'
[0.533s] DEBUG:colcon.colcon_core.package_identification:Package 'src/aisd-vahabbayat/aisd_vision' with type 'ros.ament_python' and name 'aisd_vision'
[0.533s] Level 1:colcon.colcon_core.package_identification:_identify(src/ros_tutorials) by extensions ['ignore', 'ignore_ament_install']
[0.533s] Level 1:colcon.colcon_core.package_identification:_identify(src/ros_tutorials) by extension 'ignore'
[0.533s] Level 1:colcon.colcon_core.package_identification:_identify(src/ros_tutorials) by extension 'ignore_ament_install'
[0.533s] Level 1:colcon.colcon_core.package_identification:_identify(src/ros_tutorials) by extensions ['colcon_pkg']
[0.533s] Level 1:colcon.colcon_core.package_identification:_identify(src/ros_tutorials) by extension 'colcon_pkg'
[0.534s] Level 1:colcon.colcon_core.package_identification:_identify(src/ros_tutorials) by extensions ['colcon_meta']
[0.534s] Level 1:colcon.colcon_core.package_identification:_identify(src/ros_tutorials) by extension 'colcon_meta'
[0.534s] Level 1:colcon.colcon_core.package_identification:_identify(src/ros_tutorials) by extensions ['ros']
[0.534s] Level 1:colcon.colcon_core.package_identification:_identify(src/ros_tutorials) by extension 'ros'
[0.534s] Level 1:colcon.colcon_core.package_identification:_identify(src/ros_tutorials) by extensions ['cmake', 'python']
[0.534s] Level 1:colcon.colcon_core.package_identification:_identify(src/ros_tutorials) by extension 'cmake'
[0.534s] Level 1:colcon.colcon_core.package_identification:_identify(src/ros_tutorials) by extension 'python'
[0.534s] Level 1:colcon.colcon_core.package_identification:_identify(src/ros_tutorials) by extensions ['python_setup_py']
[0.534s] Level 1:colcon.colcon_core.package_identification:_identify(src/ros_tutorials) by extension 'python_setup_py'
[0.535s] Level 1:colcon.colcon_core.package_identification:_identify(src/ros_tutorials/ros_tutorials) by extensions ['ignore', 'ignore_ament_install']
[0.535s] Level 1:colcon.colcon_core.package_identification:_identify(src/ros_tutorials/ros_tutorials) by extension 'ignore'
[0.535s] Level 1:colcon.colcon_core.package_identification:_identify(src/ros_tutorials/ros_tutorials) ignored
[0.535s] Level 1:colcon.colcon_core.package_identification:_identify(src/ros_tutorials/roscpp_tutorials) by extensions ['ignore', 'ignore_ament_install']
[0.535s] Level 1:colcon.colcon_core.package_identification:_identify(src/ros_tutorials/roscpp_tutorials) by extension 'ignore'
[0.535s] Level 1:colcon.colcon_core.package_identification:_identify(src/ros_tutorials/roscpp_tutorials) ignored
[0.536s] Level 1:colcon.colcon_core.package_identification:_identify(src/ros_tutorials/rospy_tutorials) by extensions ['ignore', 'ignore_ament_install']
[0.536s] Level 1:colcon.colcon_core.package_identification:_identify(src/ros_tutorials/rospy_tutorials) by extension 'ignore'
[0.536s] Level 1:colcon.colcon_core.package_identification:_identify(src/ros_tutorials/rospy_tutorials) ignored
[0.536s] Level 1:colcon.colcon_core.package_identification:_identify(src/ros_tutorials/turtlesim) by extensions ['ignore', 'ignore_ament_install']
[0.536s] Level 1:colcon.colcon_core.package_identification:_identify(src/ros_tutorials/turtlesim) by extension 'ignore'
[0.536s] Level 1:colcon.colcon_core.package_identification:_identify(src/ros_tutorials/turtlesim) by extension 'ignore_ament_install'
[0.536s] Level 1:colcon.colcon_core.package_identification:_identify(src/ros_tutorials/turtlesim) by extensions ['colcon_pkg']
[0.537s] Level 1:colcon.colcon_core.package_identification:_identify(src/ros_tutorials/turtlesim) by extension 'colcon_pkg'
[0.537s] Level 1:colcon.colcon_core.package_identification:_identify(src/ros_tutorials/turtlesim) by extensions ['colcon_meta']
[0.537s] Level 1:colcon.colcon_core.package_identification:_identify(src/ros_tutorials/turtlesim) by extension 'colcon_meta'
[0.537s] Level 1:colcon.colcon_core.package_identification:_identify(src/ros_tutorials/turtlesim) by extensions ['ros']
[0.537s] Level 1:colcon.colcon_core.package_identification:_identify(src/ros_tutorials/turtlesim) by extension 'ros'
[0.539s] DEBUG:colcon.colcon_core.package_identification:Package 'src/ros_tutorials/turtlesim' with type 'ros.ament_cmake' and name 'turtlesim'
[0.539s] Level 1:colcon.colcon_core.package_discovery:discover_packages(recursive) using defaults
[0.539s] Level 1:colcon.colcon_core.package_discovery:discover_packages(ignore) discover
[0.539s] Level 1:colcon.colcon_core.package_discovery:discover_packages(ignore) using defaults
[0.539s] Level 1:colcon.colcon_core.package_discovery:discover_packages(path) discover
[0.539s] Level 1:colcon.colcon_core.package_discovery:discover_packages(path) using defaults
[0.594s] Level 1:colcon.colcon_core.package_discovery:discover_packages(prefix_path) check parameters
[0.594s] Level 1:colcon.colcon_core.package_discovery:discover_packages(prefix_path) discover
[0.600s] DEBUG:colcon.colcon_installed_package_information.package_discovery:Found 181 installed packages in /opt/ros/galactic
[0.602s] Level 1:colcon.colcon_core.package_discovery:discover_packages(prefix_path) using defaults
[0.704s] Level 5:colcon.colcon_core.verb:set package 'aisd_interfaces' build argument 'cmake_args' from command line to 'None'
[0.705s] Level 5:colcon.colcon_core.verb:set package 'aisd_interfaces' build argument 'cmake_target' from command line to 'None'
[0.705s] Level 5:colcon.colcon_core.verb:set package 'aisd_interfaces' build argument 'cmake_target_skip_unavailable' from command line to 'False'
[0.705s] Level 5:colcon.colcon_core.verb:set package 'aisd_interfaces' build argument 'cmake_clean_cache' from command line to 'False'
[0.705s] Level 5:colcon.colcon_core.verb:set package 'aisd_interfaces' build argument 'cmake_clean_first' from command line to 'False'
[0.705s] Level 5:colcon.colcon_core.verb:set package 'aisd_interfaces' build argument 'cmake_force_configure' from command line to 'False'
[0.705s] Level 5:colcon.colcon_core.verb:set package 'aisd_interfaces' build argument 'ament_cmake_args' from command line to 'None'
[0.705s] Level 5:colcon.colcon_core.verb:set package 'aisd_interfaces' build argument 'catkin_cmake_args' from command line to 'None'
[0.705s] Level 5:colcon.colcon_core.verb:set package 'aisd_interfaces' build argument 'catkin_skip_building_tests' from command line to 'False'
[0.705s] DEBUG:colcon.colcon_core.verb:Building package 'aisd_interfaces' with the following arguments: {'ament_cmake_args': None, 'build_base': '/home/aisd/ros2_ws/build/aisd_interfaces', 'catkin_cmake_args': None, 'catkin_skip_building_tests': False, 'cmake_args': None, 'cmake_clean_cache': False, 'cmake_clean_first': False, 'cmake_force_configure': False, 'cmake_target': None, 'cmake_target_skip_unavailable': False, 'install_base': '/home/aisd/ros2_ws/install/aisd_interfaces', 'merge_install': False, 'path': '/home/aisd/ros2_ws/src/aisd-vahabbayat/aisd_interfaces', 'symlink_install': False, 'test_result_base': None}
[0.707s] Level 5:colcon.colcon_core.verb:set package 'turtlesim' build argument 'cmake_args' from command line to 'None'
[0.707s] Level 5:colcon.colcon_core.verb:set package 'turtlesim' build argument 'cmake_target' from command line to 'None'
[0.707s] Level 5:colcon.colcon_core.verb:set package 'turtlesim' build argument 'cmake_target_skip_unavailable' from command line to 'False'
[0.707s] Level 5:colcon.colcon_core.verb:set package 'turtlesim' build argument 'cmake_clean_cache' from command line to 'False'
[0.707s] Level 5:colcon.colcon_core.verb:set package 'turtlesim' build argument 'cmake_clean_first' from command line to 'False'
[0.707s] Level 5:colcon.colcon_core.verb:set package 'turtlesim' build argument 'cmake_force_configure' from command line to 'False'
[0.707s] Level 5:colcon.colcon_core.verb:set package 'turtlesim' build argument 'ament_cmake_args' from command line to 'None'
[0.708s] Level 5:colcon.colcon_core.verb:set package 'turtlesim' build argument 'catkin_cmake_args' from command line to 'None'
[0.708s] Level 5:colcon.colcon_core.verb:set package 'turtlesim' build argument 'catkin_skip_building_tests' from command line to 'False'
[0.708s] DEBUG:colcon.colcon_core.verb:Building package 'turtlesim' with the following arguments: {'ament_cmake_args': None, 'build_base': '/home/aisd/ros2_ws/build/turtlesim', 'catkin_cmake_args': None, 'catkin_skip_building_tests': False, 'cmake_args': None, 'cmake_clean_cache': False, 'cmake_clean_first': False, 'cmake_force_configure': False, 'cmake_target': None, 'cmake_target_skip_unavailable': False, 'install_base': '/home/aisd/ros2_ws/install/turtlesim', 'merge_install': False, 'path': '/home/aisd/ros2_ws/src/ros_tutorials/turtlesim', 'symlink_install': False, 'test_result_base': None}
[0.710s] Level 5:colcon.colcon_core.verb:set package 'aisd_motion' build argument 'cmake_args' from command line to 'None'
[0.710s] Level 5:colcon.colcon_core.verb:set package 'aisd_motion' build argument 'cmake_target' from command line to 'None'
[0.710s] Level 5:colcon.colcon_core.verb:set package 'aisd_motion' build argument 'cmake_target_skip_unavailable' from command line to 'False'
[0.710s] Level 5:colcon.colcon_core.verb:set package 'aisd_motion' build argument 'cmake_clean_cache' from command line to 'False'
[0.710s] Level 5:colcon.colcon_core.verb:set package 'aisd_motion' build argument 'cmake_clean_first' from command line to 'False'
[0.710s] Level 5:colcon.colcon_core.verb:set package 'aisd_motion' build argument 'cmake_force_configure' from command line to 'False'
[0.710s] Level 5:colcon.colcon_core.verb:set package 'aisd_motion' build argument 'ament_cmake_args' from command line to 'None'
[0.710s] Level 5:colcon.colcon_core.verb:set package 'aisd_motion' build argument 'catkin_cmake_args' from command line to 'None'
[0.710s] Level 5:colcon.colcon_core.verb:set package 'aisd_motion' build argument 'catkin_skip_building_tests' from command line to 'False'
[0.710s] DEBUG:colcon.colcon_core.verb:Building package 'aisd_motion' with the following arguments: {'ament_cmake_args': None, 'build_base': '/home/aisd/ros2_ws/build/aisd_motion', 'catkin_cmake_args': None, 'catkin_skip_building_tests': False, 'cmake_args': None, 'cmake_clean_cache': False, 'cmake_clean_first': False, 'cmake_force_configure': False, 'cmake_target': None, 'cmake_target_skip_unavailable': False, 'install_base': '/home/aisd/ros2_ws/install/aisd_motion', 'merge_install': False, 'path': '/home/aisd/ros2_ws/src/aisd-vahabbayat/aisd_motion', 'symlink_install': False, 'test_result_base': None}
[0.712s] Level 5:colcon.colcon_core.verb:set package 'aisd_vision' build argument 'cmake_args' from command line to 'None'
[0.712s] Level 5:colcon.colcon_core.verb:set package 'aisd_vision' build argument 'cmake_target' from command line to 'None'
[0.712s] Level 5:colcon.colcon_core.verb:set package 'aisd_vision' build argument 'cmake_target_skip_unavailable' from command line to 'False'
[0.712s] Level 5:colcon.colcon_core.verb:set package 'aisd_vision' build argument 'cmake_clean_cache' from command line to 'False'
[0.712s] Level 5:colcon.colcon_core.verb:set package 'aisd_vision' build argument 'cmake_clean_first' from command line to 'False'
[0.712s] Level 5:colcon.colcon_core.verb:set package 'aisd_vision' build argument 'cmake_force_configure' from command line to 'False'
[0.712s] Level 5:colcon.colcon_core.verb:set package 'aisd_vision' build argument 'ament_cmake_args' from command line to 'None'
[0.712s] Level 5:colcon.colcon_core.verb:set package 'aisd_vision' build argument 'catkin_cmake_args' from command line to 'None'
[0.713s] Level 5:colcon.colcon_core.verb:set package 'aisd_vision' build argument 'catkin_skip_building_tests' from command line to 'False'
[0.713s] DEBUG:colcon.colcon_core.verb:Building package 'aisd_vision' with the following arguments: {'ament_cmake_args': None, 'build_base': '/home/aisd/ros2_ws/build/aisd_vision', 'catkin_cmake_args': None, 'catkin_skip_building_tests': False, 'cmake_args': None, 'cmake_clean_cache': False, 'cmake_clean_first': False, 'cmake_force_configure': False, 'cmake_target': None, 'cmake_target_skip_unavailable': False, 'install_base': '/home/aisd/ros2_ws/install/aisd_vision', 'merge_install': False, 'path': '/home/aisd/ros2_ws/src/aisd-vahabbayat/aisd_vision', 'symlink_install': False, 'test_result_base': None}
[0.714s] INFO:colcon.colcon_core.executor:Executing jobs using 'parallel' executor
[0.738s] DEBUG:colcon.colcon_parallel_executor.executor.parallel:run_until_complete
[0.738s] INFO:colcon.colcon_ros.task.ament_cmake.build:Building ROS package in '/home/aisd/ros2_ws/src/aisd-vahabbayat/aisd_interfaces' with build type 'ament_cmake'
[0.738s] INFO:colcon.colcon_cmake.task.cmake.build:Building CMake package in '/home/aisd/ros2_ws/src/aisd-vahabbayat/aisd_interfaces'
[0.758s] INFO:colcon.colcon_core.plugin_system:Skipping extension 'colcon_core.shell.bat': Not used on non-Windows systems
[0.758s] INFO:colcon.colcon_core.shell:Skip shell extension 'powershell' for command environment: Not usable outside of PowerShell
[0.758s] DEBUG:colcon.colcon_core.shell:Skip shell extension 'dsv' for command environment
[0.836s] INFO:colcon.colcon_ros.task.ament_cmake.build:Building ROS package in '/home/aisd/ros2_ws/src/ros_tutorials/turtlesim' with build type 'ament_cmake'
[0.836s] INFO:colcon.colcon_cmake.task.cmake.build:Building CMake package in '/home/aisd/ros2_ws/src/ros_tutorials/turtlesim'
[0.836s] INFO:colcon.colcon_core.shell:Skip shell extension 'powershell' for command environment: Not usable outside of PowerShell
[0.836s] DEBUG:colcon.colcon_core.shell:Skip shell extension 'dsv' for command environment
[0.989s] DEBUG:colcon.colcon_core.event_handler.log_command:Invoking command in '/home/aisd/ros2_ws/build/aisd_interfaces': CMAKE_PREFIX_PATH=/opt/ros/galactic /usr/bin/cmake --build /home/aisd/ros2_ws/build/aisd_interfaces -- -j2 -l2
[1.033s] DEBUG:colcon.colcon_core.event_handler.log_command:Invoking command in '/home/aisd/ros2_ws/build/turtlesim': CMAKE_PREFIX_PATH=/opt/ros/galactic /usr/bin/cmake --build /home/aisd/ros2_ws/build/turtlesim -- -j2 -l2
[4.486s] DEBUG:colcon.colcon_core.event_handler.log_command:Invoked command in '/home/aisd/ros2_ws/build/aisd_interfaces' returned '0': CMAKE_PREFIX_PATH=/opt/ros/galactic /usr/bin/cmake --build /home/aisd/ros2_ws/build/aisd_interfaces -- -j2 -l2
[4.627s] DEBUG:colcon.colcon_core.event_handler.log_command:Invoked command in '/home/aisd/ros2_ws/build/turtlesim' returned '0': CMAKE_PREFIX_PATH=/opt/ros/galactic /usr/bin/cmake --build /home/aisd/ros2_ws/build/turtlesim -- -j2 -l2
[5.247s] DEBUG:colcon.colcon_core.event_handler.log_command:Invoking command in '/home/aisd/ros2_ws/build/aisd_interfaces': CMAKE_PREFIX_PATH=/opt/ros/galactic /usr/bin/cmake --install /home/aisd/ros2_ws/build/aisd_interfaces
[6.108s] Level 1:colcon.colcon_core.environment:create_environment_scripts_only(aisd_interfaces)
[6.122s] DEBUG:colcon.colcon_core.event_handler.log_command:Invoked command in '/home/aisd/ros2_ws/build/aisd_interfaces' returned '0': CMAKE_PREFIX_PATH=/opt/ros/galactic /usr/bin/cmake --install /home/aisd/ros2_ws/build/aisd_interfaces
[6.125s] Level 1:colcon.colcon_core.environment:checking '/home/aisd/ros2_ws/install/aisd_interfaces' for CMake module files
[6.126s] Level 1:colcon.colcon_core.environment:checking '/home/aisd/ros2_ws/install/aisd_interfaces' for CMake config files
[6.127s] Level 1:colcon.colcon_core.shell:create_environment_hook('aisd_interfaces', 'cmake_prefix_path')
[6.131s] INFO:colcon.colcon_core.shell:Creating environment hook '/home/aisd/ros2_ws/install/aisd_interfaces/share/aisd_interfaces/hook/cmake_prefix_path.ps1'
[6.133s] INFO:colcon.colcon_core.shell:Creating environment descriptor '/home/aisd/ros2_ws/install/aisd_interfaces/share/aisd_interfaces/hook/cmake_prefix_path.dsv'
[6.135s] INFO:colcon.colcon_core.shell:Creating environment hook '/home/aisd/ros2_ws/install/aisd_interfaces/share/aisd_interfaces/hook/cmake_prefix_path.sh'
[6.148s] Level 1:colcon.colcon_core.environment:checking '/home/aisd/ros2_ws/install/aisd_interfaces/lib'
[6.149s] Level 1:colcon.colcon_core.shell:create_environment_hook('aisd_interfaces', 'ld_library_path_lib')
[6.153s] INFO:colcon.colcon_core.shell:Creating environment hook '/home/aisd/ros2_ws/install/aisd_interfaces/share/aisd_interfaces/hook/ld_library_path_lib.ps1'
[6.155s] INFO:colcon.colcon_core.shell:Creating environment descriptor '/home/aisd/ros2_ws/install/aisd_interfaces/share/aisd_interfaces/hook/ld_library_path_lib.dsv'
[6.157s] INFO:colcon.colcon_core.shell:Creating environment hook '/home/aisd/ros2_ws/install/aisd_interfaces/share/aisd_interfaces/hook/ld_library_path_lib.sh'
[6.158s] Level 1:colcon.colcon_core.environment:checking '/home/aisd/ros2_ws/install/aisd_interfaces/bin'
[6.158s] Level 1:colcon.colcon_core.environment:checking '/home/aisd/ros2_ws/install/aisd_interfaces/lib/pkgconfig/aisd_interfaces.pc'
[6.160s] Level 1:colcon.colcon_core.environment:checking '/home/aisd/ros2_ws/install/aisd_interfaces/lib/python3.8/site-packages'
[6.160s] Level 1:colcon.colcon_core.shell:create_environment_hook('aisd_interfaces', 'pythonpath')
[6.163s] INFO:colcon.colcon_core.shell:Creating environment hook '/home/aisd/ros2_ws/install/aisd_interfaces/share/aisd_interfaces/hook/pythonpath.ps1'
[6.164s] INFO:colcon.colcon_core.shell:Creating environment descriptor '/home/aisd/ros2_ws/install/aisd_interfaces/share/aisd_interfaces/hook/pythonpath.dsv'
[6.169s] INFO:colcon.colcon_core.shell:Creating environment hook '/home/aisd/ros2_ws/install/aisd_interfaces/share/aisd_interfaces/hook/pythonpath.sh'
[6.170s] Level 1:colcon.colcon_core.environment:checking '/home/aisd/ros2_ws/install/aisd_interfaces/bin'
[6.175s] INFO:colcon.colcon_core.shell:Creating package script '/home/aisd/ros2_ws/install/aisd_interfaces/share/aisd_interfaces/package.ps1'
[6.177s] INFO:colcon.colcon_core.shell:Creating package descriptor '/home/aisd/ros2_ws/install/aisd_interfaces/share/aisd_interfaces/package.dsv'
[6.179s] INFO:colcon.colcon_core.shell:Creating package script '/home/aisd/ros2_ws/install/aisd_interfaces/share/aisd_interfaces/package.sh'
[6.181s] INFO:colcon.colcon_core.shell:Creating package script '/home/aisd/ros2_ws/install/aisd_interfaces/share/aisd_interfaces/package.bash'
[6.185s] INFO:colcon.colcon_core.shell:Creating package script '/home/aisd/ros2_ws/install/aisd_interfaces/share/aisd_interfaces/package.zsh'
[6.189s] Level 1:colcon.colcon_core.environment:create_file_with_runtime_dependencies(/home/aisd/ros2_ws/install/aisd_interfaces/share/colcon-core/packages/aisd_interfaces)
[6.479s] DEBUG:colcon.colcon_core.event_handler.log_command:Invoking command in '/home/aisd/ros2_ws/build/turtlesim': CMAKE_PREFIX_PATH=/opt/ros/galactic /usr/bin/cmake --install /home/aisd/ros2_ws/build/turtlesim
[7.167s] Level 1:colcon.colcon_core.environment:create_environment_scripts_only(turtlesim)
[7.172s] Level 1:colcon.colcon_core.environment:checking '/home/aisd/ros2_ws/install/turtlesim' for CMake module files
[7.175s] DEBUG:colcon.colcon_core.event_handler.log_command:Invoked command in '/home/aisd/ros2_ws/build/turtlesim' returned '0': CMAKE_PREFIX_PATH=/opt/ros/galactic /usr/bin/cmake --install /home/aisd/ros2_ws/build/turtlesim
[7.178s] Level 1:colcon.colcon_core.environment:checking '/home/aisd/ros2_ws/install/turtlesim' for CMake config files
[7.183s] Level 1:colcon.colcon_core.shell:create_environment_hook('turtlesim', 'cmake_prefix_path')
[7.186s] INFO:colcon.colcon_core.shell:Creating environment hook '/home/aisd/ros2_ws/install/turtlesim/share/turtlesim/hook/cmake_prefix_path.ps1'
[7.191s] INFO:colcon.colcon_core.shell:Creating environment descriptor '/home/aisd/ros2_ws/install/turtlesim/share/turtlesim/hook/cmake_prefix_path.dsv'
[7.194s] INFO:colcon.colcon_core.shell:Creating environment hook '/home/aisd/ros2_ws/install/turtlesim/share/turtlesim/hook/cmake_prefix_path.sh'
[7.197s] Level 1:colcon.colcon_core.environment:checking '/home/aisd/ros2_ws/install/turtlesim/lib'
[7.198s] Level 1:colcon.colcon_core.shell:create_environment_hook('turtlesim', 'ld_library_path_lib')
[7.204s] INFO:colcon.colcon_core.shell:Creating environment hook '/home/aisd/ros2_ws/install/turtlesim/share/turtlesim/hook/ld_library_path_lib.ps1'
[7.206s] INFO:colcon.colcon_core.shell:Creating environment descriptor '/home/aisd/ros2_ws/install/turtlesim/share/turtlesim/hook/ld_library_path_lib.dsv'
[7.210s] INFO:colcon.colcon_core.shell:Creating environment hook '/home/aisd/ros2_ws/install/turtlesim/share/turtlesim/hook/ld_library_path_lib.sh'
[7.213s] Level 1:colcon.colcon_core.environment:checking '/home/aisd/ros2_ws/install/turtlesim/bin'
[7.213s] Level 1:colcon.colcon_core.environment:checking '/home/aisd/ros2_ws/install/turtlesim/lib/pkgconfig/turtlesim.pc'
[7.214s] Level 1:colcon.colcon_core.environment:checking '/home/aisd/ros2_ws/install/turtlesim/lib/python3.8/site-packages'
[7.214s] Level 1:colcon.colcon_core.shell:create_environment_hook('turtlesim', 'pythonpath')
[7.223s] INFO:colcon.colcon_core.shell:Creating environment hook '/home/aisd/ros2_ws/install/turtlesim/share/turtlesim/hook/pythonpath.ps1'
[7.225s] INFO:colcon.colcon_core.shell:Creating environment descriptor '/home/aisd/ros2_ws/install/turtlesim/share/turtlesim/hook/pythonpath.dsv'
[7.226s] INFO:colcon.colcon_core.shell:Creating environment hook '/home/aisd/ros2_ws/install/turtlesim/share/turtlesim/hook/pythonpath.sh'
[7.228s] Level 1:colcon.colcon_core.environment:checking '/home/aisd/ros2_ws/install/turtlesim/bin'
[7.232s] INFO:colcon.colcon_core.shell:Creating package script '/home/aisd/ros2_ws/install/turtlesim/share/turtlesim/package.ps1'
[7.233s] INFO:colcon.colcon_core.shell:Creating package descriptor '/home/aisd/ros2_ws/install/turtlesim/share/turtlesim/package.dsv'
[7.234s] INFO:colcon.colcon_core.shell:Creating package script '/home/aisd/ros2_ws/install/turtlesim/share/turtlesim/package.sh'
[7.237s] INFO:colcon.colcon_core.shell:Creating package script '/home/aisd/ros2_ws/install/turtlesim/share/turtlesim/package.bash'
[7.238s] INFO:colcon.colcon_core.shell:Creating package script '/home/aisd/ros2_ws/install/turtlesim/share/turtlesim/package.zsh'
[7.239s] Level 1:colcon.colcon_core.environment:create_file_with_runtime_dependencies(/home/aisd/ros2_ws/install/turtlesim/share/colcon-core/packages/turtlesim)
[7.299s] Level 1:colcon.colcon_core.environment:create_environment_scripts_only(aisd_interfaces)
[7.310s] Level 1:colcon.colcon_core.environment:checking '/home/aisd/ros2_ws/install/aisd_interfaces' for CMake module files
[7.312s] Level 1:colcon.colcon_core.environment:checking '/home/aisd/ros2_ws/install/aisd_interfaces' for CMake config files
[7.313s] Level 1:colcon.colcon_core.shell:create_environment_hook('aisd_interfaces', 'cmake_prefix_path')
[7.319s] INFO:colcon.colcon_core.shell:Creating environment hook '/home/aisd/ros2_ws/install/aisd_interfaces/share/aisd_interfaces/hook/cmake_prefix_path.ps1'
[7.321s] INFO:colcon.colcon_core.shell:Creating environment descriptor '/home/aisd/ros2_ws/install/aisd_interfaces/share/aisd_interfaces/hook/cmake_prefix_path.dsv'
[7.322s] INFO:colcon.colcon_core.shell:Creating environment hook '/home/aisd/ros2_ws/install/aisd_interfaces/share/aisd_interfaces/hook/cmake_prefix_path.sh'
[7.325s] Level 1:colcon.colcon_core.environment:checking '/home/aisd/ros2_ws/install/aisd_interfaces/lib'
[7.325s] Level 1:colcon.colcon_core.shell:create_environment_hook('aisd_interfaces', 'ld_library_path_lib')
[7.328s] INFO:colcon.colcon_core.shell:Creating environment hook '/home/aisd/ros2_ws/install/aisd_interfaces/share/aisd_interfaces/hook/ld_library_path_lib.ps1'
[7.329s] INFO:colcon.colcon_core.shell:Creating environment descriptor '/home/aisd/ros2_ws/install/aisd_interfaces/share/aisd_interfaces/hook/ld_library_path_lib.dsv'
[7.330s] INFO:colcon.colcon_core.shell:Creating environment hook '/home/aisd/ros2_ws/install/aisd_interfaces/share/aisd_interfaces/hook/ld_library_path_lib.sh'
[7.331s] Level 1:colcon.colcon_core.environment:checking '/home/aisd/ros2_ws/install/aisd_interfaces/bin'
[7.331s] Level 1:colcon.colcon_core.environment:checking '/home/aisd/ros2_ws/install/aisd_interfaces/lib/pkgconfig/aisd_interfaces.pc'
[7.332s] Level 1:colcon.colcon_core.environment:checking '/home/aisd/ros2_ws/install/aisd_interfaces/lib/python3.8/site-packages'
[7.332s] Level 1:colcon.colcon_core.shell:create_environment_hook('aisd_interfaces', 'pythonpath')
[7.339s] INFO:colcon.colcon_core.shell:Creating environment hook '/home/aisd/ros2_ws/install/aisd_interfaces/share/aisd_interfaces/hook/pythonpath.ps1'
[7.340s] INFO:colcon.colcon_core.shell:Creating environment descriptor '/home/aisd/ros2_ws/install/aisd_interfaces/share/aisd_interfaces/hook/pythonpath.dsv'
[7.341s] INFO:colcon.colcon_core.shell:Creating environment hook '/home/aisd/ros2_ws/install/aisd_interfaces/share/aisd_interfaces/hook/pythonpath.sh'
[7.342s] Level 1:colcon.colcon_core.environment:checking '/home/aisd/ros2_ws/install/aisd_interfaces/bin'
[7.347s] INFO:colcon.colcon_core.shell:Creating package script '/home/aisd/ros2_ws/install/aisd_interfaces/share/aisd_interfaces/package.ps1'
[7.349s] INFO:colcon.colcon_core.shell:Creating package descriptor '/home/aisd/ros2_ws/install/aisd_interfaces/share/aisd_interfaces/package.dsv'
[7.358s] INFO:colcon.colcon_core.shell:Creating package script '/home/aisd/ros2_ws/install/aisd_interfaces/share/aisd_interfaces/package.sh'
[7.360s] INFO:colcon.colcon_core.shell:Creating package script '/home/aisd/ros2_ws/install/aisd_interfaces/share/aisd_interfaces/package.bash'
[7.363s] INFO:colcon.colcon_core.shell:Creating package script '/home/aisd/ros2_ws/install/aisd_interfaces/share/aisd_interfaces/package.zsh'
[7.366s] Level 1:colcon.colcon_core.environment:create_file_with_runtime_dependencies(/home/aisd/ros2_ws/install/aisd_interfaces/share/colcon-core/packages/aisd_interfaces)
[7.370s] INFO:colcon.colcon_ros.task.ament_python.build:Building ROS package in '/home/aisd/ros2_ws/src/aisd-vahabbayat/aisd_motion' with build type 'ament_python'
[7.371s] Level 1:colcon.colcon_core.shell:create_environment_hook('aisd_motion', 'ament_prefix_path')
[7.374s] INFO:colcon.colcon_core.shell:Creating environment hook '/home/aisd/ros2_ws/install/aisd_motion/share/aisd_motion/hook/ament_prefix_path.ps1'
[7.377s] INFO:colcon.colcon_core.shell:Creating environment descriptor '/home/aisd/ros2_ws/install/aisd_motion/share/aisd_motion/hook/ament_prefix_path.dsv'
[7.378s] INFO:colcon.colcon_core.shell:Creating environment hook '/home/aisd/ros2_ws/install/aisd_motion/share/aisd_motion/hook/ament_prefix_path.sh'
[7.386s] INFO:colcon.colcon_core.shell:Skip shell extension 'powershell' for command environment: Not usable outside of PowerShell
[7.386s] DEBUG:colcon.colcon_core.shell:Skip shell extension 'dsv' for command environment
[8.352s] INFO:colcon.colcon_core.task.python.build:Building Python package in '/home/aisd/ros2_ws/src/aisd-vahabbayat/aisd_motion'
[8.356s] INFO:colcon.colcon_core.shell:Skip shell extension 'powershell' for command environment: Not usable outside of PowerShell
[8.357s] DEBUG:colcon.colcon_core.shell:Skip shell extension 'dsv' for command environment
[10.037s] Level 1:colcon.colcon_core.environment:create_environment_scripts_only(turtlesim)
[10.047s] Level 1:colcon.colcon_core.environment:checking '/home/aisd/ros2_ws/install/turtlesim' for CMake module files
[10.050s] Level 1:colcon.colcon_core.environment:checking '/home/aisd/ros2_ws/install/turtlesim' for CMake config files
[10.053s] Level 1:colcon.colcon_core.shell:create_environment_hook('turtlesim', 'cmake_prefix_path')
[10.059s] INFO:colcon.colcon_core.shell:Creating environment hook '/home/aisd/ros2_ws/install/turtlesim/share/turtlesim/hook/cmake_prefix_path.ps1'
[10.061s] INFO:colcon.colcon_core.shell:Creating environment descriptor '/home/aisd/ros2_ws/install/turtlesim/share/turtlesim/hook/cmake_prefix_path.dsv'
[10.063s] INFO:colcon.colcon_core.shell:Creating environment hook '/home/aisd/ros2_ws/install/turtlesim/share/turtlesim/hook/cmake_prefix_path.sh'
[10.066s] Level 1:colcon.colcon_core.environment:checking '/home/aisd/ros2_ws/install/turtlesim/lib'
[10.066s] Level 1:colcon.colcon_core.shell:create_environment_hook('turtlesim', 'ld_library_path_lib')
[10.077s] INFO:colcon.colcon_core.shell:Creating environment hook '/home/aisd/ros2_ws/install/turtlesim/share/turtlesim/hook/ld_library_path_lib.ps1'
[10.085s] INFO:colcon.colcon_core.shell:Creating environment descriptor '/home/aisd/ros2_ws/install/turtlesim/share/turtlesim/hook/ld_library_path_lib.dsv'
[10.088s] INFO:colcon.colcon_core.shell:Creating environment hook '/home/aisd/ros2_ws/install/turtlesim/share/turtlesim/hook/ld_library_path_lib.sh'
[10.090s] Level 1:colcon.colcon_core.environment:checking '/home/aisd/ros2_ws/install/turtlesim/bin'
[10.090s] Level 1:colcon.colcon_core.environment:checking '/home/aisd/ros2_ws/install/turtlesim/lib/pkgconfig/turtlesim.pc'
[10.092s] Level 1:colcon.colcon_core.environment:checking '/home/aisd/ros2_ws/install/turtlesim/lib/python3.8/site-packages'
[10.092s] Level 1:colcon.colcon_core.shell:create_environment_hook('turtlesim', 'pythonpath')
[10.098s] INFO:colcon.colcon_core.shell:Creating environment hook '/home/aisd/ros2_ws/install/turtlesim/share/turtlesim/hook/pythonpath.ps1'
[10.099s] INFO:colcon.colcon_core.shell:Creating environment descriptor '/home/aisd/ros2_ws/install/turtlesim/share/turtlesim/hook/pythonpath.dsv'
[10.100s] INFO:colcon.colcon_core.shell:Creating environment hook '/home/aisd/ros2_ws/install/turtlesim/share/turtlesim/hook/pythonpath.sh'
[10.102s] Level 1:colcon.colcon_core.environment:checking '/home/aisd/ros2_ws/install/turtlesim/bin'
[10.132s] INFO:colcon.colcon_core.shell:Creating package script '/home/aisd/ros2_ws/install/turtlesim/share/turtlesim/package.ps1'
[10.140s] INFO:colcon.colcon_core.shell:Creating package descriptor '/home/aisd/ros2_ws/install/turtlesim/share/turtlesim/package.dsv'
[10.144s] INFO:colcon.colcon_core.shell:Creating package script '/home/aisd/ros2_ws/install/turtlesim/share/turtlesim/package.sh'
[10.156s] INFO:colcon.colcon_core.shell:Creating package script '/home/aisd/ros2_ws/install/turtlesim/share/turtlesim/package.bash'
[10.172s] INFO:colcon.colcon_core.shell:Creating package script '/home/aisd/ros2_ws/install/turtlesim/share/turtlesim/package.zsh'
[10.184s] Level 1:colcon.colcon_core.environment:create_file_with_runtime_dependencies(/home/aisd/ros2_ws/install/turtlesim/share/colcon-core/packages/turtlesim)
[10.196s] INFO:colcon.colcon_ros.task.ament_python.build:Building ROS package in '/home/aisd/ros2_ws/src/aisd-vahabbayat/aisd_vision' with build type 'ament_python'
[10.199s] Level 1:colcon.colcon_core.shell:create_environment_hook('aisd_vision', 'ament_prefix_path')
[10.243s] INFO:colcon.colcon_core.shell:Creating environment hook '/home/aisd/ros2_ws/install/aisd_vision/share/aisd_vision/hook/ament_prefix_path.ps1'
[10.244s] INFO:colcon.colcon_core.shell:Creating environment descriptor '/home/aisd/ros2_ws/install/aisd_vision/share/aisd_vision/hook/ament_prefix_path.dsv'
[10.245s] INFO:colcon.colcon_core.shell:Creating environment hook '/home/aisd/ros2_ws/install/aisd_vision/share/aisd_vision/hook/ament_prefix_path.sh'
[10.252s] INFO:colcon.colcon_core.shell:Skip shell extension 'powershell' for command environment: Not usable outside of PowerShell
[10.252s] DEBUG:colcon.colcon_core.shell:Skip shell extension 'dsv' for command environment
[10.285s] DEBUG:colcon.colcon_core.event_handler.log_command:Invoking command in '/home/aisd/ros2_ws/src/aisd-vahabbayat/aisd_motion': AMENT_PREFIX_PATH=/home/aisd/ros2_ws/install/aisd_interfaces:${AMENT_PREFIX_PATH} CMAKE_PREFIX_PATH=/home/aisd/ros2_ws/install/aisd_interfaces LD_LIBRARY_PATH=/home/aisd/ros2_ws/install/aisd_interfaces/lib:${LD_LIBRARY_PATH} PYTHONPATH=/home/aisd/ros2_ws/install/aisd_motion/lib/python3.8/site-packages:/home/aisd/ros2_ws/install/aisd_interfaces/lib/python3.8/site-packages:${PYTHONPATH} /usr/bin/python3 setup.py egg_info --egg-base ../../../build/aisd_motion build --build-base /home/aisd/ros2_ws/build/aisd_motion/build install --prefix /home/aisd/ros2_ws/install/aisd_motion --record /home/aisd/ros2_ws/build/aisd_motion/install.log --single-version-externally-managed
[10.999s] INFO:colcon.colcon_core.task.python.build:Building Python package in '/home/aisd/ros2_ws/src/aisd-vahabbayat/aisd_vision'
[11.008s] INFO:colcon.colcon_core.shell:Skip shell extension 'powershell' for command environment: Not usable outside of PowerShell
[11.008s] DEBUG:colcon.colcon_core.shell:Skip shell extension 'dsv' for command environment
[12.040s] DEBUG:colcon.colcon_core.event_handler.log_command:Invoking command in '/home/aisd/ros2_ws/src/aisd-vahabbayat/aisd_vision': AMENT_PREFIX_PATH=/home/aisd/ros2_ws/install/aisd_interfaces:${AMENT_PREFIX_PATH} CMAKE_PREFIX_PATH=/home/aisd/ros2_ws/install/aisd_interfaces LD_LIBRARY_PATH=/home/aisd/ros2_ws/install/aisd_interfaces/lib:${LD_LIBRARY_PATH} PYTHONPATH=/home/aisd/ros2_ws/install/aisd_vision/lib/python3.8/site-packages:/home/aisd/ros2_ws/install/aisd_interfaces/lib/python3.8/site-packages:${PYTHONPATH} /usr/bin/python3 setup.py egg_info --egg-base ../../../build/aisd_vision build --build-base /home/aisd/ros2_ws/build/aisd_vision/build install --prefix /home/aisd/ros2_ws/install/aisd_vision --record /home/aisd/ros2_ws/build/aisd_vision/install.log --single-version-externally-managed
[12.733s] Level 1:colcon.colcon_core.environment:checking '/home/aisd/ros2_ws/install/aisd_motion' for CMake module files
[12.734s] Level 1:colcon.colcon_core.environment:checking '/home/aisd/ros2_ws/install/aisd_motion' for CMake config files
[12.735s] Level 1:colcon.colcon_core.environment:checking '/home/aisd/ros2_ws/install/aisd_motion/lib'
[12.735s] Level 1:colcon.colcon_core.environment:checking '/home/aisd/ros2_ws/install/aisd_motion/bin'
[12.735s] Level 1:colcon.colcon_core.environment:checking '/home/aisd/ros2_ws/install/aisd_motion/lib/pkgconfig/aisd_motion.pc'
[12.736s] Level 1:colcon.colcon_core.environment:checking '/home/aisd/ros2_ws/install/aisd_motion/lib/python3.8/site-packages'
[12.736s] Level 1:colcon.colcon_core.shell:create_environment_hook('aisd_motion', 'pythonpath')
[12.738s] INFO:colcon.colcon_core.shell:Creating environment hook '/home/aisd/ros2_ws/install/aisd_motion/share/aisd_motion/hook/pythonpath.ps1'
[12.741s] DEBUG:colcon.colcon_core.event_handler.log_command:Invoked command in '/home/aisd/ros2_ws/src/aisd-vahabbayat/aisd_motion' returned '0': AMENT_PREFIX_PATH=/home/aisd/ros2_ws/install/aisd_interfaces:${AMENT_PREFIX_PATH} CMAKE_PREFIX_PATH=/home/aisd/ros2_ws/install/aisd_interfaces LD_LIBRARY_PATH=/home/aisd/ros2_ws/install/aisd_interfaces/lib:${LD_LIBRARY_PATH} PYTHONPATH=/home/aisd/ros2_ws/install/aisd_motion/lib/python3.8/site-packages:/home/aisd/ros2_ws/install/aisd_interfaces/lib/python3.8/site-packages:${PYTHONPATH} /usr/bin/python3 setup.py egg_info --egg-base ../../../build/aisd_motion build --build-base /home/aisd/ros2_ws/build/aisd_motion/build install --prefix /home/aisd/ros2_ws/install/aisd_motion --record /home/aisd/ros2_ws/build/aisd_motion/install.log --single-version-externally-managed
[12.741s] INFO:colcon.colcon_core.shell:Creating environment descriptor '/home/aisd/ros2_ws/install/aisd_motion/share/aisd_motion/hook/pythonpath.dsv'
[12.743s] INFO:colcon.colcon_core.shell:Creating environment hook '/home/aisd/ros2_ws/install/aisd_motion/share/aisd_motion/hook/pythonpath.sh'
[12.744s] Level 1:colcon.colcon_core.environment:checking '/home/aisd/ros2_ws/install/aisd_motion/bin'
[12.744s] Level 1:colcon.colcon_core.environment:create_environment_scripts_only(aisd_motion)
[12.748s] INFO:colcon.colcon_core.shell:Creating package script '/home/aisd/ros2_ws/install/aisd_motion/share/aisd_motion/package.ps1'
[12.750s] INFO:colcon.colcon_core.shell:Creating package descriptor '/home/aisd/ros2_ws/install/aisd_motion/share/aisd_motion/package.dsv'
[12.752s] INFO:colcon.colcon_core.shell:Creating package script '/home/aisd/ros2_ws/install/aisd_motion/share/aisd_motion/package.sh'
[12.754s] INFO:colcon.colcon_core.shell:Creating package script '/home/aisd/ros2_ws/install/aisd_motion/share/aisd_motion/package.bash'
[12.755s] INFO:colcon.colcon_core.shell:Creating package script '/home/aisd/ros2_ws/install/aisd_motion/share/aisd_motion/package.zsh'
[12.762s] Level 1:colcon.colcon_core.environment:create_file_with_runtime_dependencies(/home/aisd/ros2_ws/install/aisd_motion/share/colcon-core/packages/aisd_motion)
[13.050s] Level 1:colcon.colcon_core.environment:checking '/home/aisd/ros2_ws/install/aisd_vision' for CMake module files
[13.051s] Level 1:colcon.colcon_core.environment:checking '/home/aisd/ros2_ws/install/aisd_vision' for CMake config files
[13.052s] Level 1:colcon.colcon_core.environment:checking '/home/aisd/ros2_ws/install/aisd_vision/lib'
[13.053s] Level 1:colcon.colcon_core.environment:checking '/home/aisd/ros2_ws/install/aisd_vision/bin'
[13.053s] Level 1:colcon.colcon_core.environment:checking '/home/aisd/ros2_ws/install/aisd_vision/lib/pkgconfig/aisd_vision.pc'
[13.054s] Level 1:colcon.colcon_core.environment:checking '/home/aisd/ros2_ws/install/aisd_vision/lib/python3.8/site-packages'
[13.054s] Level 1:colcon.colcon_core.shell:create_environment_hook('aisd_vision', 'pythonpath')
[13.057s] INFO:colcon.colcon_core.shell:Creating environment hook '/home/aisd/ros2_ws/install/aisd_vision/share/aisd_vision/hook/pythonpath.ps1'
[13.059s] INFO:colcon.colcon_core.shell:Creating environment descriptor '/home/aisd/ros2_ws/install/aisd_vision/share/aisd_vision/hook/pythonpath.dsv'
[13.060s] INFO:colcon.colcon_core.shell:Creating environment hook '/home/aisd/ros2_ws/install/aisd_vision/share/aisd_vision/hook/pythonpath.sh'
[13.062s] Level 1:colcon.colcon_core.environment:checking '/home/aisd/ros2_ws/install/aisd_vision/bin'
[13.062s] Level 1:colcon.colcon_core.environment:create_environment_scripts_only(aisd_vision)
[13.065s] INFO:colcon.colcon_core.shell:Creating package script '/home/aisd/ros2_ws/install/aisd_vision/share/aisd_vision/package.ps1'
[13.067s] INFO:colcon.colcon_core.shell:Creating package descriptor '/home/aisd/ros2_ws/install/aisd_vision/share/aisd_vision/package.dsv'
[13.072s] INFO:colcon.colcon_core.shell:Creating package script '/home/aisd/ros2_ws/install/aisd_vision/share/aisd_vision/package.sh'
[13.074s] INFO:colcon.colcon_core.shell:Creating package script '/home/aisd/ros2_ws/install/aisd_vision/share/aisd_vision/package.bash'
[13.076s] INFO:colcon.colcon_core.shell:Creating package script '/home/aisd/ros2_ws/install/aisd_vision/share/aisd_vision/package.zsh'
[13.077s] Level 1:colcon.colcon_core.environment:create_file_with_runtime_dependencies(/home/aisd/ros2_ws/install/aisd_vision/share/colcon-core/packages/aisd_vision)
[13.079s] DEBUG:colcon.colcon_parallel_executor.executor.parallel:closing loop
[13.081s] DEBUG:colcon.colcon_parallel_executor.executor.parallel:loop closed
[13.081s] DEBUG:colcon.colcon_parallel_executor.executor.parallel:run_until_complete finished with '0'
[13.081s] DEBUG:colcon.colcon_core.event_reactor:joining thread
[13.081s] DEBUG:colcon.colcon_core.event_handler.log_command:Invoked command in '/home/aisd/ros2_ws/src/aisd-vahabbayat/aisd_vision' returned '0': AMENT_PREFIX_PATH=/home/aisd/ros2_ws/install/aisd_interfaces:${AMENT_PREFIX_PATH} CMAKE_PREFIX_PATH=/home/aisd/ros2_ws/install/aisd_interfaces LD_LIBRARY_PATH=/home/aisd/ros2_ws/install/aisd_interfaces/lib:${LD_LIBRARY_PATH} PYTHONPATH=/home/aisd/ros2_ws/install/aisd_vision/lib/python3.8/site-packages:/home/aisd/ros2_ws/install/aisd_interfaces/lib/python3.8/site-packages:${PYTHONPATH} /usr/bin/python3 setup.py egg_info --egg-base ../../../build/aisd_vision build --build-base /home/aisd/ros2_ws/build/aisd_vision/build install --prefix /home/aisd/ros2_ws/install/aisd_vision --record /home/aisd/ros2_ws/build/aisd_vision/install.log --single-version-externally-managed
[13.156s] INFO:colcon.colcon_core.plugin_system:Skipping extension 'colcon_notification.desktop_notification.notify_send': Could not find 'notify-send'
[13.156s] INFO:colcon.colcon_core.plugin_system:Skipping extension 'colcon_notification.desktop_notification.terminal_notifier': Not used on non-Darwin systems
[13.156s] INFO:colcon.colcon_core.plugin_system:Skipping extension 'colcon_notification.desktop_notification.win32': Not used on non-Windows systems
[13.156s] INFO:colcon.colcon_notification.desktop_notification:Sending desktop notification using 'notify2'
[13.184s] DEBUG:colcon.colcon_notification.desktop_notification.notify2:Failed to initialize notify2: org.freedesktop.DBus.Error.ServiceUnknown: The name org.freedesktop.Notifications was not provided by any .service files
[13.191s] DEBUG:colcon.colcon_core.event_reactor:joined thread
[13.201s] INFO:colcon.colcon_core.shell:Creating prefix script '/home/aisd/ros2_ws/install/local_setup.ps1'
[13.204s] INFO:colcon.colcon_core.shell:Creating prefix util module '/home/aisd/ros2_ws/install/_local_setup_util_ps1.py'
[13.208s] INFO:colcon.colcon_core.shell:Creating prefix chain script '/home/aisd/ros2_ws/install/setup.ps1'
[13.231s] INFO:colcon.colcon_core.shell:Creating prefix script '/home/aisd/ros2_ws/install/local_setup.sh'
[13.233s] INFO:colcon.colcon_core.shell:Creating prefix util module '/home/aisd/ros2_ws/install/_local_setup_util_sh.py'
[13.235s] INFO:colcon.colcon_core.shell:Creating prefix chain script '/home/aisd/ros2_ws/install/setup.sh'
[13.239s] INFO:colcon.colcon_core.shell:Creating prefix script '/home/aisd/ros2_ws/install/local_setup.bash'
[13.241s] INFO:colcon.colcon_core.shell:Creating prefix chain script '/home/aisd/ros2_ws/install/setup.bash'
[13.247s] INFO:colcon.colcon_core.shell:Creating prefix script '/home/aisd/ros2_ws/install/local_setup.zsh'
[13.249s] INFO:colcon.colcon_core.shell:Creating prefix chain script '/home/aisd/ros2_ws/install/setup.zsh'
