[1.143s] Invoking command in '/home/aisd/ros2_ws/src/aisd-vahabbayat/my_package': PYTHONPATH=/home/aisd/ros2_ws/install/my_package/lib/python3.8/site-packages:${PYTHONPATH} /usr/bin/python3 setup.py egg_info --egg-base ../../../build/my_package build --build-base /home/aisd/ros2_ws/build/my_package/build install --prefix /home/aisd/ros2_ws/install/my_package --record /home/aisd/ros2_ws/build/my_package/install.log --single-version-externally-managed
[1.468s] running egg_info
[1.473s] creating ../../../build/my_package/my_package.egg-info
[1.474s] writing ../../../build/my_package/my_package.egg-info/PKG-INFO
[1.474s] writing dependency_links to ../../../build/my_package/my_package.egg-info/dependency_links.txt
[1.474s] writing entry points to ../../../build/my_package/my_package.egg-info/entry_points.txt
[1.476s] writing requirements to ../../../build/my_package/my_package.egg-info/requires.txt
[1.476s] writing top-level names to ../../../build/my_package/my_package.egg-info/top_level.txt
[1.479s] writing manifest file '../../../build/my_package/my_package.egg-info/SOURCES.txt'
[1.545s] reading manifest file '../../../build/my_package/my_package.egg-info/SOURCES.txt'
[1.546s] writing manifest file '../../../build/my_package/my_package.egg-info/SOURCES.txt'
[1.547s] running build
[1.547s] running build_py
[1.548s] creating /home/aisd/ros2_ws/build/my_package/build
[1.548s] creating /home/aisd/ros2_ws/build/my_package/build/lib
[1.548s] creating /home/aisd/ros2_ws/build/my_package/build/lib/my_package
[1.549s] copying my_package/__init__.py -> /home/aisd/ros2_ws/build/my_package/build/lib/my_package
[1.549s] copying my_package/my_node.py -> /home/aisd/ros2_ws/build/my_package/build/lib/my_package
[1.611s] running install
[1.612s] running install_lib
[1.615s] creating /home/aisd/ros2_ws/install/my_package/lib/python3.8/site-packages/my_package
[1.616s] copying /home/aisd/ros2_ws/build/my_package/build/lib/my_package/__init__.py -> /home/aisd/ros2_ws/install/my_package/lib/python3.8/site-packages/my_package
[1.616s] copying /home/aisd/ros2_ws/build/my_package/build/lib/my_package/my_node.py -> /home/aisd/ros2_ws/install/my_package/lib/python3.8/site-packages/my_package
[1.616s] byte-compiling /home/aisd/ros2_ws/install/my_package/lib/python3.8/site-packages/my_package/__init__.py to __init__.cpython-38.pyc
[1.617s] byte-compiling /home/aisd/ros2_ws/install/my_package/lib/python3.8/site-packages/my_package/my_node.py to my_node.cpython-38.pyc
[1.617s] running install_data
[1.618s] creating /home/aisd/ros2_ws/install/my_package/share/ament_index
[1.618s] creating /home/aisd/ros2_ws/install/my_package/share/ament_index/resource_index
[1.618s] creating /home/aisd/ros2_ws/install/my_package/share/ament_index/resource_index/packages
[1.618s] copying resource/my_package -> /home/aisd/ros2_ws/install/my_package/share/ament_index/resource_index/packages
[1.618s] copying package.xml -> /home/aisd/ros2_ws/install/my_package/share/my_package
[1.619s] running install_egg_info
[1.620s] Copying ../../../build/my_package/my_package.egg-info to /home/aisd/ros2_ws/install/my_package/lib/python3.8/site-packages/my_package-0.0.0-py3.8.egg-info
[1.621s] running install_scripts
[1.638s] Installing my_node script to /home/aisd/ros2_ws/install/my_package/lib/my_package
[1.638s] writing list of installed files to '/home/aisd/ros2_ws/build/my_package/install.log'
[1.671s] Invoked command in '/home/aisd/ros2_ws/src/aisd-vahabbayat/my_package' returned '0': PYTHONPATH=/home/aisd/ros2_ws/install/my_package/lib/python3.8/site-packages:${PYTHONPATH} /usr/bin/python3 setup.py egg_info --egg-base ../../../build/my_package build --build-base /home/aisd/ros2_ws/build/my_package/build install --prefix /home/aisd/ros2_ws/install/my_package --record /home/aisd/ros2_ws/build/my_package/install.log --single-version-externally-managed
