[0.166s] Invoking command in '/home/aisd/ros2_ws/build/turtlesim': CMAKE_PREFIX_PATH=/opt/ros/galactic /usr/bin/cmake --build /home/aisd/ros2_ws/build/turtlesim -- -j2 -l2
[0.560s] [  1%] Built target turtlesim__cpp
[0.658s] [ 11%] Built target turtlesim__rosidl_generator_c
[1.003s] [ 21%] Built target turtlesim__rosidl_typesupport_introspection_cpp
[1.057s] [ 31%] Built target turtlesim__rosidl_typesupport_cpp
[1.309s] [ 41%] Built target turtlesim__rosidl_typesupport_fastrtps_cpp
[1.427s] [ 51%] Built target turtlesim__rosidl_typesupport_introspection_c
[1.545s] [ 61%] Built target turtlesim__rosidl_typesupport_c
[1.766s] [ 71%] Built target turtlesim__rosidl_typesupport_fastrtps_c
[1.901s] [ 71%] Built target turtlesim
[2.067s] [ 73%] Built target mimic
[2.181s] [ 74%] Built target turtlesim__py
[2.421s] [ 76%] Built target draw_square
[2.458s] [ 78%] Built target turtle_teleop_key
[2.841s] [ 84%] Built target turtlesim_node
[2.910s] [ 93%] Built target turtlesim__python
[3.080s] [ 95%] Built target turtlesim__rosidl_typesupport_fastrtps_c__pyext
[3.246s] [ 97%] Built target turtlesim__rosidl_typesupport_introspection_c__pyext
[3.573s] [100%] Built target turtlesim__rosidl_typesupport_c__pyext
[3.760s] Invoked command in '/home/aisd/ros2_ws/build/turtlesim' returned '0': CMAKE_PREFIX_PATH=/opt/ros/galactic /usr/bin/cmake --build /home/aisd/ros2_ws/build/turtlesim -- -j2 -l2
[5.611s] Invoking command in '/home/aisd/ros2_ws/build/turtlesim': CMAKE_PREFIX_PATH=/opt/ros/galactic /usr/bin/cmake --install /home/aisd/ros2_ws/build/turtlesim
[5.840s] -- Install configuration: ""
[5.855s] -- Up-to-date: /home/aisd/ros2_ws/install/turtlesim/share/ament_index/resource_index/rosidl_interfaces/turtlesim
[5.855s] -- Up-to-date: /home/aisd/ros2_ws/install/turtlesim/include/turtlesim
[5.855s] -- Up-to-date: /home/aisd/ros2_ws/install/turtlesim/include/turtlesim/msg
[5.856s] -- Up-to-date: /home/aisd/ros2_ws/install/turtlesim/include/turtlesim/msg/color.h
[5.857s] -- Up-to-date: /home/aisd/ros2_ws/install/turtlesim/include/turtlesim/msg/rosidl_generator_c__visibility_control.h
[5.857s] -- Up-to-date: /home/aisd/ros2_ws/install/turtlesim/include/turtlesim/msg/pose.h
[5.858s] -- Up-to-date: /home/aisd/ros2_ws/install/turtlesim/include/turtlesim/msg/detail
[5.858s] -- Up-to-date: /home/aisd/ros2_ws/install/turtlesim/include/turtlesim/msg/detail/color__functions.c
[5.858s] -- Up-to-date: /home/aisd/ros2_ws/install/turtlesim/include/turtlesim/msg/detail/pose__functions.c
[5.858s] -- Up-to-date: /home/aisd/ros2_ws/install/turtlesim/include/turtlesim/msg/detail/pose__struct.h
[5.858s] -- Up-to-date: /home/aisd/ros2_ws/install/turtlesim/include/turtlesim/msg/detail/color__type_support.h
[5.858s] -- Up-to-date: /home/aisd/ros2_ws/install/turtlesim/include/turtlesim/msg/detail/pose__functions.h
[5.858s] -- Up-to-date: /home/aisd/ros2_ws/install/turtlesim/include/turtlesim/msg/detail/color__functions.h
[5.859s] -- Up-to-date: /home/aisd/ros2_ws/install/turtlesim/include/turtlesim/msg/detail/color__struct.h
[5.859s] -- Up-to-date: /home/aisd/ros2_ws/install/turtlesim/include/turtlesim/msg/detail/pose__type_support.h
[5.859s] -- Up-to-date: /home/aisd/ros2_ws/install/turtlesim/include/turtlesim/action
[5.859s] -- Up-to-date: /home/aisd/ros2_ws/install/turtlesim/include/turtlesim/action/rotate_absolute.h
[5.859s] -- Up-to-date: /home/aisd/ros2_ws/install/turtlesim/include/turtlesim/action/detail
[5.859s] -- Up-to-date: /home/aisd/ros2_ws/install/turtlesim/include/turtlesim/action/detail/rotate_absolute__type_support.h
[5.859s] -- Up-to-date: /home/aisd/ros2_ws/install/turtlesim/include/turtlesim/action/detail/rotate_absolute__functions.h
[5.860s] -- Up-to-date: /home/aisd/ros2_ws/install/turtlesim/include/turtlesim/action/detail/rotate_absolute__struct.h
[5.860s] -- Up-to-date: /home/aisd/ros2_ws/install/turtlesim/include/turtlesim/action/detail/rotate_absolute__functions.c
[5.860s] -- Up-to-date: /home/aisd/ros2_ws/install/turtlesim/include/turtlesim/srv
[5.860s] -- Up-to-date: /home/aisd/ros2_ws/install/turtlesim/include/turtlesim/srv/teleport_absolute.h
[5.860s] -- Up-to-date: /home/aisd/ros2_ws/install/turtlesim/include/turtlesim/srv/set_pen.h
[5.860s] -- Up-to-date: /home/aisd/ros2_ws/install/turtlesim/include/turtlesim/srv/teleport_relative.h
[5.860s] -- Up-to-date: /home/aisd/ros2_ws/install/turtlesim/include/turtlesim/srv/detail
[5.861s] -- Up-to-date: /home/aisd/ros2_ws/install/turtlesim/include/turtlesim/srv/detail/teleport_absolute__type_support.h
[5.861s] -- Up-to-date: /home/aisd/ros2_ws/install/turtlesim/include/turtlesim/srv/detail/teleport_absolute__functions.c
[5.861s] -- Up-to-date: /home/aisd/ros2_ws/install/turtlesim/include/turtlesim/srv/detail/kill__functions.h
[5.861s] -- Up-to-date: /home/aisd/ros2_ws/install/turtlesim/include/turtlesim/srv/detail/teleport_relative__functions.h
[5.861s] -- Up-to-date: /home/aisd/ros2_ws/install/turtlesim/include/turtlesim/srv/detail/teleport_relative__type_support.h
[5.861s] -- Up-to-date: /home/aisd/ros2_ws/install/turtlesim/include/turtlesim/srv/detail/set_pen__functions.c
[5.861s] -- Up-to-date: /home/aisd/ros2_ws/install/turtlesim/include/turtlesim/srv/detail/spawn__type_support.h
[5.862s] -- Up-to-date: /home/aisd/ros2_ws/install/turtlesim/include/turtlesim/srv/detail/teleport_absolute__functions.h
[5.862s] -- Up-to-date: /home/aisd/ros2_ws/install/turtlesim/include/turtlesim/srv/detail/spawn__functions.c
[5.862s] -- Up-to-date: /home/aisd/ros2_ws/install/turtlesim/include/turtlesim/srv/detail/set_pen__functions.h
[5.862s] -- Up-to-date: /home/aisd/ros2_ws/install/turtlesim/include/turtlesim/srv/detail/teleport_absolute__struct.h
[5.886s] -- Up-to-date: /home/aisd/ros2_ws/install/turtlesim/include/turtlesim/srv/detail/kill__type_support.h
[5.887s] -- Up-to-date: /home/aisd/ros2_ws/install/turtlesim/include/turtlesim/srv/detail/set_pen__struct.h
[5.887s] -- Up-to-date: /home/aisd/ros2_ws/install/turtlesim/include/turtlesim/srv/detail/spawn__functions.h
[5.887s] -- Up-to-date: /home/aisd/ros2_ws/install/turtlesim/include/turtlesim/srv/detail/kill__struct.h
[5.888s] -- Up-to-date: /home/aisd/ros2_ws/install/turtlesim/include/turtlesim/srv/detail/teleport_relative__functions.c
[5.888s] -- Up-to-date: /home/aisd/ros2_ws/install/turtlesim/include/turtlesim/srv/detail/set_pen__type_support.h
[5.888s] -- Up-to-date: /home/aisd/ros2_ws/install/turtlesim/include/turtlesim/srv/detail/spawn__struct.h
[5.888s] -- Up-to-date: /home/aisd/ros2_ws/install/turtlesim/include/turtlesim/srv/detail/kill__functions.c
[5.888s] -- Up-to-date: /home/aisd/ros2_ws/install/turtlesim/include/turtlesim/srv/detail/teleport_relative__struct.h
[5.889s] -- Up-to-date: /home/aisd/ros2_ws/install/turtlesim/include/turtlesim/srv/kill.h
[5.889s] -- Up-to-date: /home/aisd/ros2_ws/install/turtlesim/include/turtlesim/srv/spawn.h
[5.889s] -- Up-to-date: /home/aisd/ros2_ws/install/turtlesim/share/turtlesim/environment/library_path.sh
[5.889s] -- Up-to-date: /home/aisd/ros2_ws/install/turtlesim/share/turtlesim/environment/library_path.dsv
[5.889s] -- Up-to-date: /home/aisd/ros2_ws/install/turtlesim/lib/libturtlesim__rosidl_generator_c.so
[5.889s] -- Up-to-date: /home/aisd/ros2_ws/install/turtlesim/include/turtlesim
[5.890s] -- Up-to-date: /home/aisd/ros2_ws/install/turtlesim/include/turtlesim/msg
[5.890s] -- Up-to-date: /home/aisd/ros2_ws/install/turtlesim/include/turtlesim/msg/rosidl_typesupport_fastrtps_c__visibility_control.h
[5.895s] -- Up-to-date: /home/aisd/ros2_ws/install/turtlesim/include/turtlesim/msg/detail
[5.895s] -- Up-to-date: /home/aisd/ros2_ws/install/turtlesim/include/turtlesim/msg/detail/pose__rosidl_typesupport_fastrtps_c.h
[5.896s] -- Up-to-date: /home/aisd/ros2_ws/install/turtlesim/include/turtlesim/msg/detail/color__rosidl_typesupport_fastrtps_c.h
[5.899s] -- Up-to-date: /home/aisd/ros2_ws/install/turtlesim/include/turtlesim/action
[5.904s] -- Up-to-date: /home/aisd/ros2_ws/install/turtlesim/include/turtlesim/action/detail
[5.907s] -- Up-to-date: /home/aisd/ros2_ws/install/turtlesim/include/turtlesim/action/detail/rotate_absolute__rosidl_typesupport_fastrtps_c.h
[5.911s] -- Up-to-date: /home/aisd/ros2_ws/install/turtlesim/include/turtlesim/srv
[5.913s] -- Up-to-date: /home/aisd/ros2_ws/install/turtlesim/include/turtlesim/srv/detail
[5.927s] -- Up-to-date: /home/aisd/ros2_ws/install/turtlesim/include/turtlesim/srv/detail/spawn__rosidl_typesupport_fastrtps_c.h
[5.927s] -- Up-to-date: /home/aisd/ros2_ws/install/turtlesim/include/turtlesim/srv/detail/teleport_relative__rosidl_typesupport_fastrtps_c.h
[5.928s] -- Up-to-date: /home/aisd/ros2_ws/install/turtlesim/include/turtlesim/srv/detail/teleport_absolute__rosidl_typesupport_fastrtps_c.h
[5.928s] -- Up-to-date: /home/aisd/ros2_ws/install/turtlesim/include/turtlesim/srv/detail/set_pen__rosidl_typesupport_fastrtps_c.h
[5.929s] -- Up-to-date: /home/aisd/ros2_ws/install/turtlesim/include/turtlesim/srv/detail/kill__rosidl_typesupport_fastrtps_c.h
[5.934s] -- Up-to-date: /home/aisd/ros2_ws/install/turtlesim/lib/libturtlesim__rosidl_typesupport_fastrtps_c.so
[5.936s] -- Up-to-date: /home/aisd/ros2_ws/install/turtlesim/include/turtlesim
[5.936s] -- Up-to-date: /home/aisd/ros2_ws/install/turtlesim/include/turtlesim/msg
[5.937s] -- Up-to-date: /home/aisd/ros2_ws/install/turtlesim/include/turtlesim/msg/rosidl_typesupport_fastrtps_cpp__visibility_control.h
[5.939s] -- Up-to-date: /home/aisd/ros2_ws/install/turtlesim/include/turtlesim/msg/detail
[5.939s] -- Up-to-date: /home/aisd/ros2_ws/install/turtlesim/include/turtlesim/msg/detail/dds_fastrtps
[5.940s] -- Up-to-date: /home/aisd/ros2_ws/install/turtlesim/include/turtlesim/msg/detail/pose__rosidl_typesupport_fastrtps_cpp.hpp
[5.941s] -- Up-to-date: /home/aisd/ros2_ws/install/turtlesim/include/turtlesim/msg/detail/color__rosidl_typesupport_fastrtps_cpp.hpp
[5.942s] -- Up-to-date: /home/aisd/ros2_ws/install/turtlesim/include/turtlesim/action
[5.942s] -- Up-to-date: /home/aisd/ros2_ws/install/turtlesim/include/turtlesim/action/detail
[5.943s] -- Up-to-date: /home/aisd/ros2_ws/install/turtlesim/include/turtlesim/action/detail/dds_fastrtps
[5.944s] -- Up-to-date: /home/aisd/ros2_ws/install/turtlesim/include/turtlesim/action/detail/rotate_absolute__rosidl_typesupport_fastrtps_cpp.hpp
[5.944s] -- Up-to-date: /home/aisd/ros2_ws/install/turtlesim/include/turtlesim/srv
[5.944s] -- Up-to-date: /home/aisd/ros2_ws/install/turtlesim/include/turtlesim/srv/detail
[5.945s] -- Up-to-date: /home/aisd/ros2_ws/install/turtlesim/include/turtlesim/srv/detail/teleport_relative__rosidl_typesupport_fastrtps_cpp.hpp
[5.946s] -- Up-to-date: /home/aisd/ros2_ws/install/turtlesim/include/turtlesim/srv/detail/set_pen__rosidl_typesupport_fastrtps_cpp.hpp
[5.946s] -- Up-to-date: /home/aisd/ros2_ws/install/turtlesim/include/turtlesim/srv/detail/dds_fastrtps
[5.947s] -- Up-to-date: /home/aisd/ros2_ws/install/turtlesim/include/turtlesim/srv/detail/spawn__rosidl_typesupport_fastrtps_cpp.hpp
[5.948s] -- Up-to-date: /home/aisd/ros2_ws/install/turtlesim/include/turtlesim/srv/detail/teleport_absolute__rosidl_typesupport_fastrtps_cpp.hpp
[5.948s] -- Up-to-date: /home/aisd/ros2_ws/install/turtlesim/include/turtlesim/srv/detail/kill__rosidl_typesupport_fastrtps_cpp.hpp
[5.950s] -- Up-to-date: /home/aisd/ros2_ws/install/turtlesim/lib/libturtlesim__rosidl_typesupport_fastrtps_cpp.so
[5.951s] -- Up-to-date: /home/aisd/ros2_ws/install/turtlesim/include/turtlesim
[5.952s] -- Up-to-date: /home/aisd/ros2_ws/install/turtlesim/include/turtlesim/msg
[5.953s] -- Up-to-date: /home/aisd/ros2_ws/install/turtlesim/include/turtlesim/msg/rosidl_typesupport_introspection_c__visibility_control.h
[5.953s] -- Up-to-date: /home/aisd/ros2_ws/install/turtlesim/include/turtlesim/msg/detail
[5.954s] -- Up-to-date: /home/aisd/ros2_ws/install/turtlesim/include/turtlesim/msg/detail/color__rosidl_typesupport_introspection_c.h
[5.955s] -- Up-to-date: /home/aisd/ros2_ws/install/turtlesim/include/turtlesim/msg/detail/pose__rosidl_typesupport_introspection_c.h
[5.965s] -- Up-to-date: /home/aisd/ros2_ws/install/turtlesim/include/turtlesim/msg/detail/color__type_support.c
[5.966s] -- Up-to-date: /home/aisd/ros2_ws/install/turtlesim/include/turtlesim/msg/detail/pose__type_support.c
[5.967s] -- Up-to-date: /home/aisd/ros2_ws/install/turtlesim/include/turtlesim/action
[5.967s] -- Up-to-date: /home/aisd/ros2_ws/install/turtlesim/include/turtlesim/action/detail
[5.967s] -- Up-to-date: /home/aisd/ros2_ws/install/turtlesim/include/turtlesim/action/detail/rotate_absolute__type_support.c
[5.968s] -- Up-to-date: /home/aisd/ros2_ws/install/turtlesim/include/turtlesim/action/detail/rotate_absolute__rosidl_typesupport_introspection_c.h
[5.969s] -- Up-to-date: /home/aisd/ros2_ws/install/turtlesim/include/turtlesim/srv
[5.969s] -- Up-to-date: /home/aisd/ros2_ws/install/turtlesim/include/turtlesim/srv/detail
[5.970s] -- Up-to-date: /home/aisd/ros2_ws/install/turtlesim/include/turtlesim/srv/detail/kill__rosidl_typesupport_introspection_c.h
[5.970s] -- Up-to-date: /home/aisd/ros2_ws/install/turtlesim/include/turtlesim/srv/detail/kill__type_support.c
[5.970s] -- Up-to-date: /home/aisd/ros2_ws/install/turtlesim/include/turtlesim/srv/detail/spawn__rosidl_typesupport_introspection_c.h
[5.970s] -- Up-to-date: /home/aisd/ros2_ws/install/turtlesim/include/turtlesim/srv/detail/teleport_relative__rosidl_typesupport_introspection_c.h
[5.970s] -- Up-to-date: /home/aisd/ros2_ws/install/turtlesim/include/turtlesim/srv/detail/teleport_relative__type_support.c
[5.970s] -- Up-to-date: /home/aisd/ros2_ws/install/turtlesim/include/turtlesim/srv/detail/teleport_absolute__rosidl_typesupport_introspection_c.h
[5.971s] -- Up-to-date: /home/aisd/ros2_ws/install/turtlesim/include/turtlesim/srv/detail/set_pen__type_support.c
[5.971s] -- Up-to-date: /home/aisd/ros2_ws/install/turtlesim/include/turtlesim/srv/detail/teleport_absolute__type_support.c
[5.975s] -- Up-to-date: /home/aisd/ros2_ws/install/turtlesim/include/turtlesim/srv/detail/spawn__type_support.c
[5.975s] -- Up-to-date: /home/aisd/ros2_ws/install/turtlesim/include/turtlesim/srv/detail/set_pen__rosidl_typesupport_introspection_c.h
[5.975s] -- Up-to-date: /home/aisd/ros2_ws/install/turtlesim/lib/libturtlesim__rosidl_typesupport_introspection_c.so
[5.978s] -- Up-to-date: /home/aisd/ros2_ws/install/turtlesim/lib/libturtlesim__rosidl_typesupport_c.so
[5.979s] -- Up-to-date: /home/aisd/ros2_ws/install/turtlesim/include/turtlesim
[5.979s] -- Up-to-date: /home/aisd/ros2_ws/install/turtlesim/include/turtlesim/msg
[5.980s] -- Up-to-date: /home/aisd/ros2_ws/install/turtlesim/include/turtlesim/msg/color.hpp
[5.980s] -- Up-to-date: /home/aisd/ros2_ws/install/turtlesim/include/turtlesim/msg/detail
[5.981s] -- Up-to-date: /home/aisd/ros2_ws/install/turtlesim/include/turtlesim/msg/detail/pose__struct.hpp
[5.981s] -- Up-to-date: /home/aisd/ros2_ws/install/turtlesim/include/turtlesim/msg/detail/color__struct.hpp
[5.981s] -- Up-to-date: /home/aisd/ros2_ws/install/turtlesim/include/turtlesim/msg/detail/color__builder.hpp
[5.981s] -- Up-to-date: /home/aisd/ros2_ws/install/turtlesim/include/turtlesim/msg/detail/pose__traits.hpp
[5.982s] -- Up-to-date: /home/aisd/ros2_ws/install/turtlesim/include/turtlesim/msg/detail/pose__builder.hpp
[5.982s] -- Up-to-date: /home/aisd/ros2_ws/install/turtlesim/include/turtlesim/msg/detail/color__traits.hpp
[5.982s] -- Up-to-date: /home/aisd/ros2_ws/install/turtlesim/include/turtlesim/msg/pose.hpp
[5.982s] -- Up-to-date: /home/aisd/ros2_ws/install/turtlesim/include/turtlesim/action
[5.982s] -- Up-to-date: /home/aisd/ros2_ws/install/turtlesim/include/turtlesim/action/rotate_absolute.hpp
[5.982s] -- Up-to-date: /home/aisd/ros2_ws/install/turtlesim/include/turtlesim/action/detail
[5.990s] -- Up-to-date: /home/aisd/ros2_ws/install/turtlesim/include/turtlesim/action/detail/rotate_absolute__struct.hpp
[5.991s] -- Up-to-date: /home/aisd/ros2_ws/install/turtlesim/include/turtlesim/action/detail/rotate_absolute__builder.hpp
[5.994s] -- Up-to-date: /home/aisd/ros2_ws/install/turtlesim/include/turtlesim/action/detail/rotate_absolute__traits.hpp
[5.995s] -- Up-to-date: /home/aisd/ros2_ws/install/turtlesim/include/turtlesim/srv
[5.995s] -- Up-to-date: /home/aisd/ros2_ws/install/turtlesim/include/turtlesim/srv/teleport_absolute.hpp
[5.995s] -- Up-to-date: /home/aisd/ros2_ws/install/turtlesim/include/turtlesim/srv/set_pen.hpp
[6.000s] -- Up-to-date: /home/aisd/ros2_ws/install/turtlesim/include/turtlesim/srv/kill.hpp
[6.001s] -- Up-to-date: /home/aisd/ros2_ws/install/turtlesim/include/turtlesim/srv/spawn.hpp
[6.002s] -- Up-to-date: /home/aisd/ros2_ws/install/turtlesim/include/turtlesim/srv/teleport_relative.hpp
[6.002s] -- Up-to-date: /home/aisd/ros2_ws/install/turtlesim/include/turtlesim/srv/detail
[6.011s] -- Up-to-date: /home/aisd/ros2_ws/install/turtlesim/include/turtlesim/srv/detail/teleport_relative__struct.hpp
[6.015s] -- Up-to-date: /home/aisd/ros2_ws/install/turtlesim/include/turtlesim/srv/detail/teleport_relative__builder.hpp
[6.015s] -- Up-to-date: /home/aisd/ros2_ws/install/turtlesim/include/turtlesim/srv/detail/kill__struct.hpp
[6.016s] -- Up-to-date: /home/aisd/ros2_ws/install/turtlesim/include/turtlesim/srv/detail/teleport_absolute__struct.hpp
[6.026s] -- Up-to-date: /home/aisd/ros2_ws/install/turtlesim/include/turtlesim/srv/detail/spawn__traits.hpp
[6.027s] -- Up-to-date: /home/aisd/ros2_ws/install/turtlesim/include/turtlesim/srv/detail/teleport_relative__traits.hpp
[6.027s] -- Up-to-date: /home/aisd/ros2_ws/install/turtlesim/include/turtlesim/srv/detail/set_pen__struct.hpp
[6.028s] -- Up-to-date: /home/aisd/ros2_ws/install/turtlesim/include/turtlesim/srv/detail/teleport_absolute__builder.hpp
[6.028s] -- Up-to-date: /home/aisd/ros2_ws/install/turtlesim/include/turtlesim/srv/detail/kill__traits.hpp
[6.028s] -- Up-to-date: /home/aisd/ros2_ws/install/turtlesim/include/turtlesim/srv/detail/set_pen__traits.hpp
[6.029s] -- Up-to-date: /home/aisd/ros2_ws/install/turtlesim/include/turtlesim/srv/detail/spawn__builder.hpp
[6.029s] -- Up-to-date: /home/aisd/ros2_ws/install/turtlesim/include/turtlesim/srv/detail/kill__builder.hpp
[6.029s] -- Up-to-date: /home/aisd/ros2_ws/install/turtlesim/include/turtlesim/srv/detail/spawn__struct.hpp
[6.029s] -- Up-to-date: /home/aisd/ros2_ws/install/turtlesim/include/turtlesim/srv/detail/teleport_absolute__traits.hpp
[6.029s] -- Up-to-date: /home/aisd/ros2_ws/install/turtlesim/include/turtlesim/srv/detail/set_pen__builder.hpp
[6.030s] -- Up-to-date: /home/aisd/ros2_ws/install/turtlesim/include/turtlesim
[6.030s] -- Up-to-date: /home/aisd/ros2_ws/install/turtlesim/include/turtlesim/msg
[6.030s] -- Up-to-date: /home/aisd/ros2_ws/install/turtlesim/include/turtlesim/msg/detail
[6.030s] -- Up-to-date: /home/aisd/ros2_ws/install/turtlesim/include/turtlesim/msg/detail/color__rosidl_typesupport_introspection_cpp.hpp
[6.031s] -- Up-to-date: /home/aisd/ros2_ws/install/turtlesim/include/turtlesim/msg/detail/color__type_support.cpp
[6.034s] -- Up-to-date: /home/aisd/ros2_ws/install/turtlesim/include/turtlesim/msg/detail/pose__rosidl_typesupport_introspection_cpp.hpp
[6.034s] -- Up-to-date: /home/aisd/ros2_ws/install/turtlesim/include/turtlesim/msg/detail/pose__type_support.cpp
[6.034s] -- Up-to-date: /home/aisd/ros2_ws/install/turtlesim/include/turtlesim/action
[6.035s] -- Up-to-date: /home/aisd/ros2_ws/install/turtlesim/include/turtlesim/action/detail
[6.035s] -- Up-to-date: /home/aisd/ros2_ws/install/turtlesim/include/turtlesim/action/detail/rotate_absolute__type_support.cpp
[6.035s] -- Up-to-date: /home/aisd/ros2_ws/install/turtlesim/include/turtlesim/action/detail/rotate_absolute__rosidl_typesupport_introspection_cpp.hpp
[6.035s] -- Up-to-date: /home/aisd/ros2_ws/install/turtlesim/include/turtlesim/srv
[6.035s] -- Up-to-date: /home/aisd/ros2_ws/install/turtlesim/include/turtlesim/srv/detail
[6.035s] -- Up-to-date: /home/aisd/ros2_ws/install/turtlesim/include/turtlesim/srv/detail/spawn__rosidl_typesupport_introspection_cpp.hpp
[6.036s] -- Up-to-date: /home/aisd/ros2_ws/install/turtlesim/include/turtlesim/srv/detail/teleport_absolute__type_support.cpp
[6.036s] -- Up-to-date: /home/aisd/ros2_ws/install/turtlesim/include/turtlesim/srv/detail/kill__rosidl_typesupport_introspection_cpp.hpp
[6.036s] -- Up-to-date: /home/aisd/ros2_ws/install/turtlesim/include/turtlesim/srv/detail/set_pen__rosidl_typesupport_introspection_cpp.hpp
[6.036s] -- Up-to-date: /home/aisd/ros2_ws/install/turtlesim/include/turtlesim/srv/detail/spawn__type_support.cpp
[6.037s] -- Up-to-date: /home/aisd/ros2_ws/install/turtlesim/include/turtlesim/srv/detail/teleport_relative__rosidl_typesupport_introspection_cpp.hpp
[6.037s] -- Up-to-date: /home/aisd/ros2_ws/install/turtlesim/include/turtlesim/srv/detail/teleport_relative__type_support.cpp
[6.037s] -- Up-to-date: /home/aisd/ros2_ws/install/turtlesim/include/turtlesim/srv/detail/kill__type_support.cpp
[6.037s] -- Up-to-date: /home/aisd/ros2_ws/install/turtlesim/include/turtlesim/srv/detail/teleport_absolute__rosidl_typesupport_introspection_cpp.hpp
[6.038s] -- Up-to-date: /home/aisd/ros2_ws/install/turtlesim/include/turtlesim/srv/detail/set_pen__type_support.cpp
[6.038s] -- Up-to-date: /home/aisd/ros2_ws/install/turtlesim/lib/libturtlesim__rosidl_typesupport_introspection_cpp.so
[6.038s] -- Up-to-date: /home/aisd/ros2_ws/install/turtlesim/lib/libturtlesim__rosidl_typesupport_cpp.so
[6.038s] -- Up-to-date: /home/aisd/ros2_ws/install/turtlesim/share/turtlesim/environment/pythonpath.sh
[6.039s] -- Up-to-date: /home/aisd/ros2_ws/install/turtlesim/share/turtlesim/environment/pythonpath.dsv
[6.039s] -- Up-to-date: /home/aisd/ros2_ws/install/turtlesim/lib/python3.8/site-packages/turtlesim/__init__.py
[6.180s] -- Up-to-date: /home/aisd/ros2_ws/install/turtlesim/lib/python3.8/site-packages/turtlesim/action
[6.180s] -- Up-to-date: /home/aisd/ros2_ws/install/turtlesim/lib/python3.8/site-packages/turtlesim/action/_rotate_absolute.py
[6.181s] -- Up-to-date: /home/aisd/ros2_ws/install/turtlesim/lib/python3.8/site-packages/turtlesim/action/__init__.py
[6.181s] -- Up-to-date: /home/aisd/ros2_ws/install/turtlesim/lib/python3.8/site-packages/turtlesim/action/_rotate_absolute_s.c
[6.182s] -- Up-to-date: /home/aisd/ros2_ws/install/turtlesim/lib/python3.8/site-packages/turtlesim/msg
[6.183s] -- Up-to-date: /home/aisd/ros2_ws/install/turtlesim/lib/python3.8/site-packages/turtlesim/msg/_color_s.c
[6.183s] -- Up-to-date: /home/aisd/ros2_ws/install/turtlesim/lib/python3.8/site-packages/turtlesim/msg/_pose.py
[6.183s] -- Up-to-date: /home/aisd/ros2_ws/install/turtlesim/lib/python3.8/site-packages/turtlesim/msg/_color.py
[6.183s] -- Up-to-date: /home/aisd/ros2_ws/install/turtlesim/lib/python3.8/site-packages/turtlesim/msg/_pose_s.c
[6.183s] -- Up-to-date: /home/aisd/ros2_ws/install/turtlesim/lib/python3.8/site-packages/turtlesim/msg/__init__.py
[6.185s] -- Up-to-date: /home/aisd/ros2_ws/install/turtlesim/lib/python3.8/site-packages/turtlesim/srv
[6.185s] -- Up-to-date: /home/aisd/ros2_ws/install/turtlesim/lib/python3.8/site-packages/turtlesim/srv/_kill_s.c
[6.185s] -- Up-to-date: /home/aisd/ros2_ws/install/turtlesim/lib/python3.8/site-packages/turtlesim/srv/_kill.py
[6.185s] -- Up-to-date: /home/aisd/ros2_ws/install/turtlesim/lib/python3.8/site-packages/turtlesim/srv/_spawn_s.c
[6.188s] -- Up-to-date: /home/aisd/ros2_ws/install/turtlesim/lib/python3.8/site-packages/turtlesim/srv/_set_pen_s.c
[6.190s] -- Up-to-date: /home/aisd/ros2_ws/install/turtlesim/lib/python3.8/site-packages/turtlesim/srv/_spawn.py
[6.191s] -- Up-to-date: /home/aisd/ros2_ws/install/turtlesim/lib/python3.8/site-packages/turtlesim/srv/__init__.py
[6.191s] -- Up-to-date: /home/aisd/ros2_ws/install/turtlesim/lib/python3.8/site-packages/turtlesim/srv/_teleport_absolute_s.c
[6.191s] -- Up-to-date: /home/aisd/ros2_ws/install/turtlesim/lib/python3.8/site-packages/turtlesim/srv/_set_pen.py
[6.191s] -- Up-to-date: /home/aisd/ros2_ws/install/turtlesim/lib/python3.8/site-packages/turtlesim/srv/_teleport_relative_s.c
[6.191s] -- Up-to-date: /home/aisd/ros2_ws/install/turtlesim/lib/python3.8/site-packages/turtlesim/srv/_teleport_relative.py
[6.191s] -- Up-to-date: /home/aisd/ros2_ws/install/turtlesim/lib/python3.8/site-packages/turtlesim/srv/_teleport_absolute.py
[6.191s] -- Up-to-date: /home/aisd/ros2_ws/install/turtlesim/lib/python3.8/site-packages/turtlesim/turtlesim_s__rosidl_typesupport_fastrtps_c.cpython-38-x86_64-linux-gnu.so
[6.194s] -- Up-to-date: /home/aisd/ros2_ws/install/turtlesim/lib/python3.8/site-packages/turtlesim/turtlesim_s__rosidl_typesupport_introspection_c.cpython-38-x86_64-linux-gnu.so
[6.203s] -- Up-to-date: /home/aisd/ros2_ws/install/turtlesim/lib/python3.8/site-packages/turtlesim/turtlesim_s__rosidl_typesupport_c.cpython-38-x86_64-linux-gnu.so
[6.205s] -- Up-to-date: /home/aisd/ros2_ws/install/turtlesim/lib/libturtlesim__python.so
[6.206s] -- Up-to-date: /home/aisd/ros2_ws/install/turtlesim/share/turtlesim/action/RotateAbsolute.idl
[6.206s] -- Up-to-date: /home/aisd/ros2_ws/install/turtlesim/share/turtlesim/msg/Color.idl
[6.207s] -- Up-to-date: /home/aisd/ros2_ws/install/turtlesim/share/turtlesim/msg/Pose.idl
[6.207s] -- Up-to-date: /home/aisd/ros2_ws/install/turtlesim/share/turtlesim/srv/Kill.idl
[6.208s] -- Up-to-date: /home/aisd/ros2_ws/install/turtlesim/share/turtlesim/srv/SetPen.idl
[6.208s] -- Up-to-date: /home/aisd/ros2_ws/install/turtlesim/share/turtlesim/srv/Spawn.idl
[6.208s] -- Up-to-date: /home/aisd/ros2_ws/install/turtlesim/share/turtlesim/srv/TeleportAbsolute.idl
[6.209s] -- Up-to-date: /home/aisd/ros2_ws/install/turtlesim/share/turtlesim/srv/TeleportRelative.idl
[6.210s] -- Up-to-date: /home/aisd/ros2_ws/install/turtlesim/share/turtlesim/action/RotateAbsolute.action
[6.210s] -- Up-to-date: /home/aisd/ros2_ws/install/turtlesim/share/turtlesim/msg/Color.msg
[6.211s] -- Up-to-date: /home/aisd/ros2_ws/install/turtlesim/share/turtlesim/msg/Pose.msg
[6.212s] -- Up-to-date: /home/aisd/ros2_ws/install/turtlesim/share/turtlesim/srv/Kill.srv
[6.213s] -- Up-to-date: /home/aisd/ros2_ws/install/turtlesim/share/turtlesim/srv/Kill_Request.msg
[6.213s] -- Up-to-date: /home/aisd/ros2_ws/install/turtlesim/share/turtlesim/srv/Kill_Response.msg
[6.213s] -- Up-to-date: /home/aisd/ros2_ws/install/turtlesim/share/turtlesim/srv/SetPen.srv
[6.214s] -- Up-to-date: /home/aisd/ros2_ws/install/turtlesim/share/turtlesim/srv/SetPen_Request.msg
[6.214s] -- Up-to-date: /home/aisd/ros2_ws/install/turtlesim/share/turtlesim/srv/SetPen_Response.msg
[6.215s] -- Up-to-date: /home/aisd/ros2_ws/install/turtlesim/share/turtlesim/srv/Spawn.srv
[6.215s] -- Up-to-date: /home/aisd/ros2_ws/install/turtlesim/share/turtlesim/srv/Spawn_Request.msg
[6.217s] -- Up-to-date: /home/aisd/ros2_ws/install/turtlesim/share/turtlesim/srv/Spawn_Response.msg
[6.220s] -- Up-to-date: /home/aisd/ros2_ws/install/turtlesim/share/turtlesim/srv/TeleportAbsolute.srv
[6.221s] -- Up-to-date: /home/aisd/ros2_ws/install/turtlesim/share/turtlesim/srv/TeleportAbsolute_Request.msg
[6.223s] -- Up-to-date: /home/aisd/ros2_ws/install/turtlesim/share/turtlesim/srv/TeleportAbsolute_Response.msg
[6.225s] -- Up-to-date: /home/aisd/ros2_ws/install/turtlesim/share/turtlesim/srv/TeleportRelative.srv
[6.226s] -- Up-to-date: /home/aisd/ros2_ws/install/turtlesim/share/turtlesim/srv/TeleportRelative_Request.msg
[6.228s] -- Up-to-date: /home/aisd/ros2_ws/install/turtlesim/share/turtlesim/srv/TeleportRelative_Response.msg
[6.230s] -- Up-to-date: /home/aisd/ros2_ws/install/turtlesim/lib/turtlesim/turtlesim_node
[6.233s] -- Up-to-date: /home/aisd/ros2_ws/install/turtlesim/lib/turtlesim/turtle_teleop_key
[6.235s] -- Up-to-date: /home/aisd/ros2_ws/install/turtlesim/lib/turtlesim/draw_square
[6.237s] -- Up-to-date: /home/aisd/ros2_ws/install/turtlesim/lib/turtlesim/mimic
[6.241s] -- Up-to-date: /home/aisd/ros2_ws/install/turtlesim/share/turtlesim/images
[6.242s] -- Up-to-date: /home/aisd/ros2_ws/install/turtlesim/share/turtlesim/images/crystal.png
[6.243s] -- Up-to-date: /home/aisd/ros2_ws/install/turtlesim/share/turtlesim/images/bouncy.png
[6.244s] -- Up-to-date: /home/aisd/ros2_ws/install/turtlesim/share/turtlesim/images/foxy.png
[6.245s] -- Up-to-date: /home/aisd/ros2_ws/install/turtlesim/share/turtlesim/images/galactic.png
[6.245s] -- Up-to-date: /home/aisd/ros2_ws/install/turtlesim/share/turtlesim/images/dashing.png
[6.246s] -- Up-to-date: /home/aisd/ros2_ws/install/turtlesim/share/turtlesim/images/ardent.png
[6.246s] -- Up-to-date: /home/aisd/ros2_ws/install/turtlesim/share/turtlesim/images/eloquent.png
[6.247s] -- Up-to-date: /home/aisd/ros2_ws/install/turtlesim/share/turtlesim/launch
[6.248s] -- Up-to-date: /home/aisd/ros2_ws/install/turtlesim/share/turtlesim/launch/multisim.launch.py
[6.249s] -- Up-to-date: /home/aisd/ros2_ws/install/turtlesim/share/ament_index/resource_index/package_run_dependencies/turtlesim
[6.251s] -- Up-to-date: /home/aisd/ros2_ws/install/turtlesim/share/ament_index/resource_index/parent_prefix_path/turtlesim
[6.251s] -- Up-to-date: /home/aisd/ros2_ws/install/turtlesim/share/turtlesim/environment/ament_prefix_path.sh
[6.252s] -- Up-to-date: /home/aisd/ros2_ws/install/turtlesim/share/turtlesim/environment/ament_prefix_path.dsv
[6.253s] -- Up-to-date: /home/aisd/ros2_ws/install/turtlesim/share/turtlesim/environment/path.sh
[6.254s] -- Up-to-date: /home/aisd/ros2_ws/install/turtlesim/share/turtlesim/environment/path.dsv
[6.254s] -- Up-to-date: /home/aisd/ros2_ws/install/turtlesim/share/turtlesim/local_setup.bash
[6.256s] -- Up-to-date: /home/aisd/ros2_ws/install/turtlesim/share/turtlesim/local_setup.sh
[6.258s] -- Up-to-date: /home/aisd/ros2_ws/install/turtlesim/share/turtlesim/local_setup.zsh
[6.258s] -- Up-to-date: /home/aisd/ros2_ws/install/turtlesim/share/turtlesim/local_setup.dsv
[6.259s] -- Installing: /home/aisd/ros2_ws/install/turtlesim/share/turtlesim/package.dsv
[6.262s] -- Up-to-date: /home/aisd/ros2_ws/install/turtlesim/share/ament_index/resource_index/packages/turtlesim
[6.265s] -- Up-to-date: /home/aisd/ros2_ws/install/turtlesim/share/turtlesim/cmake/turtlesim__rosidl_generator_cExport.cmake
[6.265s] -- Up-to-date: /home/aisd/ros2_ws/install/turtlesim/share/turtlesim/cmake/turtlesim__rosidl_generator_cExport-noconfig.cmake
[6.266s] -- Up-to-date: /home/aisd/ros2_ws/install/turtlesim/share/turtlesim/cmake/turtlesim__rosidl_typesupport_introspection_cExport.cmake
[6.266s] -- Up-to-date: /home/aisd/ros2_ws/install/turtlesim/share/turtlesim/cmake/turtlesim__rosidl_typesupport_introspection_cExport-noconfig.cmake
[6.267s] -- Up-to-date: /home/aisd/ros2_ws/install/turtlesim/share/turtlesim/cmake/turtlesim__rosidl_typesupport_cExport.cmake
[6.268s] -- Up-to-date: /home/aisd/ros2_ws/install/turtlesim/share/turtlesim/cmake/turtlesim__rosidl_typesupport_cExport-noconfig.cmake
[6.268s] -- Up-to-date: /home/aisd/ros2_ws/install/turtlesim/share/turtlesim/cmake/turtlesim__rosidl_generator_cppExport.cmake
[6.269s] -- Up-to-date: /home/aisd/ros2_ws/install/turtlesim/share/turtlesim/cmake/turtlesim__rosidl_typesupport_introspection_cppExport.cmake
[6.270s] -- Up-to-date: /home/aisd/ros2_ws/install/turtlesim/share/turtlesim/cmake/turtlesim__rosidl_typesupport_introspection_cppExport-noconfig.cmake
[6.270s] -- Up-to-date: /home/aisd/ros2_ws/install/turtlesim/share/turtlesim/cmake/turtlesim__rosidl_typesupport_cppExport.cmake
[6.271s] -- Up-to-date: /home/aisd/ros2_ws/install/turtlesim/share/turtlesim/cmake/turtlesim__rosidl_typesupport_cppExport-noconfig.cmake
[6.271s] -- Up-to-date: /home/aisd/ros2_ws/install/turtlesim/share/turtlesim/cmake/rosidl_cmake-extras.cmake
[6.272s] -- Up-to-date: /home/aisd/ros2_ws/install/turtlesim/share/turtlesim/cmake/ament_cmake_export_dependencies-extras.cmake
[6.272s] -- Up-to-date: /home/aisd/ros2_ws/install/turtlesim/share/turtlesim/cmake/ament_cmake_export_libraries-extras.cmake
[6.273s] -- Up-to-date: /home/aisd/ros2_ws/install/turtlesim/share/turtlesim/cmake/ament_cmake_export_targets-extras.cmake
[6.273s] -- Up-to-date: /home/aisd/ros2_ws/install/turtlesim/share/turtlesim/cmake/ament_cmake_export_include_directories-extras.cmake
[6.274s] -- Up-to-date: /home/aisd/ros2_ws/install/turtlesim/share/turtlesim/cmake/rosidl_cmake_export_typesupport_libraries-extras.cmake
[6.274s] -- Up-to-date: /home/aisd/ros2_ws/install/turtlesim/share/turtlesim/cmake/rosidl_cmake_export_typesupport_targets-extras.cmake
[6.275s] -- Up-to-date: /home/aisd/ros2_ws/install/turtlesim/share/turtlesim/cmake/turtlesimConfig.cmake
[6.275s] -- Up-to-date: /home/aisd/ros2_ws/install/turtlesim/share/turtlesim/cmake/turtlesimConfig-version.cmake
[6.276s] -- Up-to-date: /home/aisd/ros2_ws/install/turtlesim/share/turtlesim/package.xml
[6.308s] Invoked command in '/home/aisd/ros2_ws/build/turtlesim' returned '0': CMAKE_PREFIX_PATH=/opt/ros/galactic /usr/bin/cmake --install /home/aisd/ros2_ws/build/turtlesim
